-- Found ament_cmake: 1.3.11 (/opt/ros/humble/share/ament_cmake/cmake)
-- Found rclcpp: 16.0.11 (/opt/ros/humble/share/rclcpp/cmake)
-- Found rosidl_generator_c: 3.1.6 (/opt/ros/humble/share/rosidl_generator_c/cmake)
-- Found rosidl_adapter: 3.1.6 (/opt/ros/humble/share/rosidl_adapter/cmake)
-- Found rosidl_generator_cpp: 3.1.6 (/opt/ros/humble/share/rosidl_generator_cpp/cmake)
-- Using all available rosidl_typesupport_c: rosidl_typesupport_fastrtps_c;rosidl_typesupport_introspection_c
-- Using all available rosidl_typesupport_cpp: rosidl_typesupport_fastrtps_cpp;rosidl_typesupport_introspection_cpp
-- Found rmw_implementation_cmake: 6.1.2 (/opt/ros/humble/share/rmw_implementation_cmake/cmake)
-- Found rmw_fastrtps_cpp: 6.2.7 (/opt/ros/humble/share/rmw_fastrtps_cpp/cmake)
-- Using RMW implementation 'rmw_fastrtps_cpp' as default
-- Found gazebo_ros: 3.7.0 (/opt/ros/humble/share/gazebo_ros/cmake)
-- Found DART: /usr/include (Required is at least version "6.6") found components: dart 
-- Found Protobuf: /usr/lib/x86_64-linux-gnu/libprotobuf.so (found version "3.12.4") 
-- Looking for ignition-math6 -- found version 6.15.1
-- Searching for dependencies of ignition-math6
-- Looking for OGRE...
-- Found Ogre Ghadamon (1.9.0)
-- Found OGRE: optimized;/usr/lib/x86_64-linux-gnu/libOgreMain.so;debug;/usr/lib/x86_64-linux-gnu/libOgreMain.so
-- Looking for OGRE_Paging...
-- Found OGRE_Paging: optimized;/usr/lib/x86_64-linux-gnu/libOgrePaging.so;debug;/usr/lib/x86_64-linux-gnu/libOgrePaging.so
-- Looking for OGRE_Terrain...
-- Found OGRE_Terrain: optimized;/usr/lib/x86_64-linux-gnu/libOgreTerrain.so;debug;/usr/lib/x86_64-linux-gnu/libOgreTerrain.so
-- Looking for OGRE_Property...
-- Found OGRE_Property: optimized;/usr/lib/x86_64-linux-gnu/libOgreProperty.so;debug;/usr/lib/x86_64-linux-gnu/libOgreProperty.so
-- Looking for OGRE_RTShaderSystem...
-- Found OGRE_RTShaderSystem: optimized;/usr/lib/x86_64-linux-gnu/libOgreRTShaderSystem.so;debug;/usr/lib/x86_64-linux-gnu/libOgreRTShaderSystem.so
-- Looking for OGRE_Volume...
-- Found OGRE_Volume: optimized;/usr/lib/x86_64-linux-gnu/libOgreVolume.so;debug;/usr/lib/x86_64-linux-gnu/libOgreVolume.so
-- Looking for OGRE_Overlay...
-- Found OGRE_Overlay: optimized;/usr/lib/x86_64-linux-gnu/libOgreOverlay.so;debug;/usr/lib/x86_64-linux-gnu/libOgreOverlay.so
-- Looking for ignition-math6 -- found version 6.15.1
-- Looking for ignition-transport8 -- found version 8.2.1
-- Searching for dependencies of ignition-transport8
-- Found Protobuf: /usr/lib/x86_64-linux-gnu/libprotobuf.so (found suitable version "3.12.4", minimum required is "3") 
-- Config-file not installed for ZeroMQ -- checking for pkg-config
-- Checking for module 'libzmq >= 4'
--   Found libzmq , version 4.3.4
-- Checking for module 'uuid'
--   Found uuid, version 2.37.2
-- Looking for ignition-msgs5 -- found version 5.8.1
-- Searching for dependencies of ignition-msgs5
-- Looking for ignition-math6 -- found version 6.15.1
-- Checking for module 'tinyxml2'
--   Found tinyxml2, version 9.0.0
-- Looking for ignition-msgs5 -- found version 5.8.1
-- Looking for ignition-common3 -- found version 3.14.0
-- Searching for dependencies of ignition-common3
-- Looking for dlfcn.h - found
-- Looking for libdl - found
-- Searching for <ignition-common3> component [graphics]
-- Looking for ignition-common3-graphics -- found version 3.14.0
-- Searching for dependencies of ignition-common3-graphics
-- Looking for ignition-math6 -- found version 6.15.1
-- Looking for ignition-fuel_tools4 -- found version 4.4.0
-- Searching for dependencies of ignition-fuel_tools4
-- Checking for module 'jsoncpp'
--   Found jsoncpp, version 1.9.5
-- Checking for module 'libzip'
--   Found libzip, version 1.7.3
-- Looking for ignition-common3 -- found version 3.14.0
-- Looking for ignition-math6 -- found version 6.15.1
-- Looking for ignition-msgs5 -- found version 5.8.1
-- Gazebo version: 11.10
-- Found pluginlib: 5.1.0 (/opt/ros/humble/share/pluginlib/cmake)
-- Found geometry_msgs: 4.2.4 (/opt/ros/humble/share/geometry_msgs/cmake)
-- Found sensor_msgs: 4.2.4 (/opt/ros/humble/share/sensor_msgs/cmake)
-- Found octomap_msgs: 2.0.1 (/opt/ros/humble/share/octomap_msgs/cmake)
-- Found octomap_ros: 0.4.4 (/opt/ros/humble/share/octomap_ros/cmake)
-- Found pcl_conversions: 2.4.5 (/opt/ros/humble/share/pcl_conversions/cmake)
-- Eigen found (include: /usr/include/eigen3, version: 3.4.0)
-- FLANN found (include: /usr/include, lib: /usr/lib/x86_64-linux-gnu/libflann_cpp.so)
-- OpenNI found (version: 1.5.4.0, include: /usr/include/ni, lib: /usr/lib/libOpenNI.so;libusb::libusb)
-- OpenNI2 found (version: 2.2.0.33, include: /usr/include/openni2, lib: /usr/lib/x86_64-linux-gnu/libOpenNI2.so;libusb::libusb)
-- Eigen found (include: /usr/include/eigen3, version: 3.4.0)
-- OpenNI found (version: 1.5.4.0, include: /usr/include/ni, lib: /usr/lib/libOpenNI.so;libusb::libusb)
-- OpenNI2 found (version: 2.2.0.33, include: /usr/include/openni2, lib: /usr/lib/x86_64-linux-gnu/libOpenNI2.so;libusb::libusb)
-- Found Qhull version 8.0.2
-- OpenNI found (version: 1.5.4.0, include: /usr/include/ni, lib: /usr/lib/libOpenNI.so;libusb::libusb)
-- Found visualization_msgs: 4.2.4 (/opt/ros/humble/share/visualization_msgs/cmake)
-- Found nav_msgs: 4.2.4 (/opt/ros/humble/share/nav_msgs/cmake)
-- Found std_srvs: 4.2.4 (/opt/ros/humble/share/std_srvs/cmake)
-- Found geographic_msgs: 1.0.6 (/opt/ros/humble/share/geographic_msgs/cmake)
-- Found rosidl_default_generators: 1.2.0 (/opt/ros/humble/share/rosidl_default_generators/cmake)
-- Found tf2_ros: 0.25.11 (/opt/ros/humble/share/tf2_ros/cmake)
-- Found tf2_geometry_msgs: 0.25.11 (/opt/ros/humble/share/tf2_geometry_msgs/cmake)
-- Found eigen3_cmake_module: 0.1.1 (/opt/ros/humble/share/eigen3_cmake_module/cmake)
-- Ensuring Eigen3 include directory is part of orocos-kdl CMake target
-- Looking for ignition-math6 -- found version 6.15.1
-- Looking for ignition-common3 -- found version 3.14.0
-- Configuring done
-- Generating done
-- Build files have been written to: /home/rhobtor/reactive/Reactive-Navegation/workspace_full_conected/build/car_cpp
[35m[1mConsolidate compiler generated dependencies of target testo[0m
[35m[1mConsolidate compiler generated dependencies of target car_cpp[0m
[ 10%] Built target testo
[35m[1mConsolidate compiler generated dependencies of target check_map[0m
[ 15%] [32mBuilding CXX object CMakeFiles/car_cpp.dir/src/control_plugin.cpp.o[0m
[ 26%] Built target check_map
[35m[1mConsolidate compiler generated dependencies of target path_planner_node[0m
[ 36%] Built target path_planner_node
[35m[1mConsolidate compiler generated dependencies of target control_plugin[0m
[ 42%] [32mBuilding CXX object CMakeFiles/control_plugin.dir/src/control_plugin.cpp.o[0m
[01m[K/home/rhobtor/reactive/Reactive-Navegation/workspace_full_conected/src/car_cpp/src/control_plugin.cpp:[m[K In member function ‘[01m[Kvoid gazebo_plugins::DrivePlugin::InitJoints(sdf::v9::ElementPtr)[m[K’:
[01m[K/home/rhobtor/reactive/Reactive-Navegation/workspace_full_conected/src/car_cpp/src/control_plugin.cpp:261:13:[m[K [01;31m[Kerror: [m[K‘[01m[Kclass gazebo_plugins::DrivePlugin[m[K’ has no member named ‘[01m[Kleft_front_wheel_joint_[m[K’; did you mean ‘[01m[Kleft_front_speed_wheel_joint_[m[K’?
  261 |       this->[01;31m[Kleft_front_wheel_joint_[m[K  = model_->GetJoint("front_left_wheel_joint");
      |             [01;31m[K^~~~~~~~~~~~~~~~~~~~~~~[m[K
      |             [32m[Kleft_front_speed_wheel_joint_[m[K
[01m[K/home/rhobtor/reactive/Reactive-Navegation/workspace_full_conected/src/car_cpp/src/control_plugin.cpp:262:13:[m[K [01;31m[Kerror: [m[K‘[01m[Kclass gazebo_plugins::DrivePlugin[m[K’ has no member named ‘[01m[Kright_front_wheel_joint_[m[K’; did you mean ‘[01m[Kright_front_speed_wheel_joint_[m[K’?
  262 |       this->[01;31m[Kright_front_wheel_joint_[m[K = model_->GetJoint("front_right_wheel_joint");
      |             [01;31m[K^~~~~~~~~~~~~~~~~~~~~~~~[m[K
      |             [32m[Kright_front_speed_wheel_joint_[m[K
[01m[K/home/rhobtor/reactive/Reactive-Navegation/workspace_full_conected/src/car_cpp/src/control_plugin.cpp:263:13:[m[K [01;31m[Kerror: [m[K‘[01m[Kclass gazebo_plugins::DrivePlugin[m[K’ has no member named ‘[01m[Kleft_back_wheel_joint_[m[K’
  263 |       this->[01;31m[Kleft_back_wheel_joint_[m[K   = model_->GetJoint("back_left_wheel_joint");
      |             [01;31m[K^~~~~~~~~~~~~~~~~~~~~~[m[K
[01m[K/home/rhobtor/reactive/Reactive-Navegation/workspace_full_conected/src/car_cpp/src/control_plugin.cpp:264:13:[m[K [01;31m[Kerror: [m[K‘[01m[Kclass gazebo_plugins::DrivePlugin[m[K’ has no member named ‘[01m[Kright_back_wheel_joint_[m[K’
  264 |       this->[01;31m[Kright_back_wheel_joint_[m[K  = model_->GetJoint("back_right_wheel_joint");
      |             [01;31m[K^~~~~~~~~~~~~~~~~~~~~~~[m[K
[01m[K/home/rhobtor/reactive/Reactive-Navegation/workspace_full_conected/src/car_cpp/src/control_plugin.cpp:268:12:[m[K [01;31m[Kerror: [m[K‘[01m[Kleft_back_wheel_joint_[m[K’ was not declared in this scope
  268 |       if (![01;31m[Kleft_back_wheel_joint_[m[K || !right_back_wheel_joint_)
      |            [01;31m[K^~~~~~~~~~~~~~~~~~~~~~[m[K
[01m[K/home/rhobtor/reactive/Reactive-Navegation/workspace_full_conected/src/car_cpp/src/control_plugin.cpp:268:39:[m[K [01;31m[Kerror: [m[K‘[01m[Kright_back_wheel_joint_[m[K’ was not declared in this scope
  268 |       if (!left_back_wheel_joint_ || ![01;31m[Kright_back_wheel_joint_[m[K)
      |                                       [01;31m[K^~~~~~~~~~~~~~~~~~~~~~~[m[K
[01m[K/home/rhobtor/reactive/Reactive-Navegation/workspace_full_conected/src/car_cpp/src/control_plugin.cpp:273:12:[m[K [01;31m[Kerror: [m[K‘[01m[Kleft_front_wheel_joint_[m[K’ was not declared in this scope; did you mean ‘[01m[Kleft_front_speed_wheel_joint_[m[K’?
  273 |       if (![01;31m[Kleft_front_wheel_joint_[m[K || !right_front_wheel_joint_)
      |            [01;31m[K^~~~~~~~~~~~~~~~~~~~~~~[m[K
      |            [32m[Kleft_front_speed_wheel_joint_[m[K
[01m[K/home/rhobtor/reactive/Reactive-Navegation/workspace_full_conected/src/car_cpp/src/control_plugin.cpp:273:40:[m[K [01;31m[Kerror: [m[K‘[01m[Kright_front_wheel_joint_[m[K’ was not declared in this scope; did you mean ‘[01m[Kright_front_speed_wheel_joint_[m[K’?
  273 |       if (!left_front_wheel_joint_ || ![01;31m[Kright_front_wheel_joint_[m[K)
      |                                        [01;31m[K^~~~~~~~~~~~~~~~~~~~~~~~[m[K
      |                                        [32m[Kright_front_speed_wheel_joint_[m[K
[01m[K/home/rhobtor/reactive/Reactive-Navegation/workspace_full_conected/src/car_cpp/src/control_plugin.cpp:[m[K In member function ‘[01m[Kvoid gazebo_plugins::DrivePlugin::OnUpdate()[m[K’:
[01m[K/home/rhobtor/reactive/Reactive-Navegation/workspace_full_conected/src/car_cpp/src/control_plugin.cpp:317:7:[m[K [01;31m[Kerror: [m[K‘[01m[Kleft_front_wheel_joint_[m[K’ was not declared in this scope; did you mean ‘[01m[Kleft_front_speed_wheel_joint_[m[K’?
  317 |       [01;31m[Kleft_front_wheel_joint_[m[K->SetPosition(0, Steering_Request);
      |       [01;31m[K^~~~~~~~~~~~~~~~~~~~~~~[m[K
      |       [32m[Kleft_front_speed_wheel_joint_[m[K
[01m[K/home/rhobtor/reactive/Reactive-Navegation/workspace_full_conected/src/car_cpp/src/control_plugin.cpp:318:7:[m[K [01;31m[Kerror: [m[K‘[01m[Kright_front_wheel_joint_[m[K’ was not declared in this scope; did you mean ‘[01m[Kright_front_speed_wheel_joint_[m[K’?
  318 |       [01;31m[Kright_front_wheel_joint_[m[K->SetPosition(0, Steering_Request);
      |       [01;31m[K^~~~~~~~~~~~~~~~~~~~~~~~[m[K
      |       [32m[Kright_front_speed_wheel_joint_[m[K
[01m[K/home/rhobtor/reactive/Reactive-Navegation/workspace_full_conected/src/car_cpp/src/control_plugin.cpp:321:7:[m[K [01;31m[Kerror: [m[K‘[01m[Kleft_back_wheel_joint_[m[K’ was not declared in this scope
  321 |       [01;31m[Kleft_back_wheel_joint_[m[K->SetVelocity(0, left_wheel_omega);
      |       [01;31m[K^~~~~~~~~~~~~~~~~~~~~~[m[K
[01m[K/home/rhobtor/reactive/Reactive-Navegation/workspace_full_conected/src/car_cpp/src/control_plugin.cpp:322:7:[m[K [01;31m[Kerror: [m[K‘[01m[Kright_back_wheel_joint_[m[K’ was not declared in this scope
  322 |       [01;31m[Kright_back_wheel_joint_[m[K->SetVelocity(0, -right_wheel_omega);
      |       [01;31m[K^~~~~~~~~~~~~~~~~~~~~~~[m[K
[01m[K/home/rhobtor/reactive/Reactive-Navegation/workspace_full_conected/src/car_cpp/src/control_plugin.cpp:[m[K In member function ‘[01m[Kvoid gazebo_plugins::DrivePlugin::PublishOdometry(double)[m[K’:
[01m[K/home/rhobtor/reactive/Reactive-Navegation/workspace_full_conected/src/car_cpp/src/control_plugin.cpp:347:40:[m[K [01;31m[Kerror: [m[K‘[01m[Kclass rclcpp::Time[m[K’ has no member named ‘[01m[Kto_msg[m[K’
  347 |       odom_msg.header.stamp = rcl_time.[01;31m[Kto_msg[m[K();
      |                                        [01;31m[K^~~~~~[m[K
[01m[K/home/rhobtor/reactive/Reactive-Navegation/workspace_full_conected/src/car_cpp/src/control_plugin.cpp:355:9:[m[K [01;31m[Kerror: [m[K‘[01m[Kq[m[K’ was not declared in this scope
  355 |         [01;31m[Kq[m[K.setRPY(roll, pitch, yaw);
      |         [01;31m[K^[m[K
[01m[K/home/rhobtor/reactive/Reactive-Navegation/workspace_full_conected/src/car_cpp/src/control_plugin.cpp:374:38:[m[K [01;31m[Kerror: [m[K‘[01m[Kclass rclcpp::Time[m[K’ has no member named ‘[01m[Kto_msg[m[K’
  374 |       tf_msg.header.stamp = rcl_time.[01;31m[Kto_msg[m[K();
      |                                      [01;31m[K^~~~~~[m[K
[01m[K/home/rhobtor/reactive/Reactive-Navegation/workspace_full_conected/src/car_cpp/src/control_plugin.cpp:[m[K In member function ‘[01m[Kvoid gazebo_plugins::DrivePlugin::InitJoints(sdf::v9::ElementPtr)[m[K’:
[01m[K/home/rhobtor/reactive/Reactive-Navegation/workspace_full_conected/src/car_cpp/src/control_plugin.cpp:261:13:[m[K [01;31m[Kerror: [m[K‘[01m[Kclass gazebo_plugins::DrivePlugin[m[K’ has no member named ‘[01m[Kleft_front_wheel_joint_[m[K’; did you mean ‘[01m[Kleft_front_speed_wheel_joint_[m[K’?
  261 |       this->[01;31m[Kleft_front_wheel_joint_[m[K  = model_->GetJoint("front_left_wheel_joint");
      |             [01;31m[K^~~~~~~~~~~~~~~~~~~~~~~[m[K
      |             [32m[Kleft_front_speed_wheel_joint_[m[K
[01m[K/home/rhobtor/reactive/Reactive-Navegation/workspace_full_conected/src/car_cpp/src/control_plugin.cpp:262:13:[m[K [01;31m[Kerror: [m[K‘[01m[Kclass gazebo_plugins::DrivePlugin[m[K’ has no member named ‘[01m[Kright_front_wheel_joint_[m[K’; did you mean ‘[01m[Kright_front_speed_wheel_joint_[m[K’?
  262 |       this->[01;31m[Kright_front_wheel_joint_[m[K = model_->GetJoint("front_right_wheel_joint");
      |             [01;31m[K^~~~~~~~~~~~~~~~~~~~~~~~[m[K
      |             [32m[Kright_front_speed_wheel_joint_[m[K
[01m[K/home/rhobtor/reactive/Reactive-Navegation/workspace_full_conected/src/car_cpp/src/control_plugin.cpp:263:13:[m[K [01;31m[Kerror: [m[K‘[01m[Kclass gazebo_plugins::DrivePlugin[m[K’ has no member named ‘[01m[Kleft_back_wheel_joint_[m[K’
  263 |       this->[01;31m[Kleft_back_wheel_joint_[m[K   = model_->GetJoint("back_left_wheel_joint");
      |             [01;31m[K^~~~~~~~~~~~~~~~~~~~~~[m[K
[01m[K/home/rhobtor/reactive/Reactive-Navegation/workspace_full_conected/src/car_cpp/src/control_plugin.cpp:264:13:[m[K [01;31m[Kerror: [m[K‘[01m[Kclass gazebo_plugins::DrivePlugin[m[K’ has no member named ‘[01m[Kright_back_wheel_joint_[m[K’
  264 |       this->[01;31m[Kright_back_wheel_joint_[m[K  = model_->GetJoint("back_right_wheel_joint");
      |             [01;31m[K^~~~~~~~~~~~~~~~~~~~~~~[m[K
[01m[K/home/rhobtor/reactive/Reactive-Navegation/workspace_full_conected/src/car_cpp/src/control_plugin.cpp:268:12:[m[K [01;31m[Kerror: [m[K‘[01m[Kleft_back_wheel_joint_[m[K’ was not declared in this scope
  268 |       if (![01;31m[Kleft_back_wheel_joint_[m[K || !right_back_wheel_joint_)
      |            [01;31m[K^~~~~~~~~~~~~~~~~~~~~~[m[K
[01m[K/home/rhobtor/reactive/Reactive-Navegation/workspace_full_conected/src/car_cpp/src/control_plugin.cpp:268:39:[m[K [01;31m[Kerror: [m[K‘[01m[Kright_back_wheel_joint_[m[K’ was not declared in this scope
  268 |       if (!left_back_wheel_joint_ || ![01;31m[Kright_back_wheel_joint_[m[K)
      |                                       [01;31m[K^~~~~~~~~~~~~~~~~~~~~~~[m[K
[01m[K/home/rhobtor/reactive/Reactive-Navegation/workspace_full_conected/src/car_cpp/src/control_plugin.cpp:273:12:[m[K [01;31m[Kerror: [m[K‘[01m[Kleft_front_wheel_joint_[m[K’ was not declared in this scope; did you mean ‘[01m[Kleft_front_speed_wheel_joint_[m[K’?
  273 |       if (![01;31m[Kleft_front_wheel_joint_[m[K || !right_front_wheel_joint_)
      |            [01;31m[K^~~~~~~~~~~~~~~~~~~~~~~[m[K
      |            [32m[Kleft_front_speed_wheel_joint_[m[K
[01m[K/home/rhobtor/reactive/Reactive-Navegation/workspace_full_conected/src/car_cpp/src/control_plugin.cpp:273:40:[m[K [01;31m[Kerror: [m[K‘[01m[Kright_front_wheel_joint_[m[K’ was not declared in this scope; did you mean ‘[01m[Kright_front_speed_wheel_joint_[m[K’?
  273 |       if (!left_front_wheel_joint_ || ![01;31m[Kright_front_wheel_joint_[m[K)
      |                                        [01;31m[K^~~~~~~~~~~~~~~~~~~~~~~~[m[K
      |                                        [32m[Kright_front_speed_wheel_joint_[m[K
[01m[K/home/rhobtor/reactive/Reactive-Navegation/workspace_full_conected/src/car_cpp/src/control_plugin.cpp:[m[K In member function ‘[01m[Kvoid gazebo_plugins::DrivePlugin::OnUpdate()[m[K’:
[01m[K/home/rhobtor/reactive/Reactive-Navegation/workspace_full_conected/src/car_cpp/src/control_plugin.cpp:317:7:[m[K [01;31m[Kerror: [m[K‘[01m[Kleft_front_wheel_joint_[m[K’ was not declared in this scope; did you mean ‘[01m[Kleft_front_speed_wheel_joint_[m[K’?
  317 |       [01;31m[Kleft_front_wheel_joint_[m[K->SetPosition(0, Steering_Request);
      |       [01;31m[K^~~~~~~~~~~~~~~~~~~~~~~[m[K
      |       [32m[Kleft_front_speed_wheel_joint_[m[K
[01m[K/home/rhobtor/reactive/Reactive-Navegation/workspace_full_conected/src/car_cpp/src/control_plugin.cpp:318:7:[m[K [01;31m[Kerror: [m[K‘[01m[Kright_front_wheel_joint_[m[K’ was not declared in this scope; did you mean ‘[01m[Kright_front_speed_wheel_joint_[m[K’?
  318 |       [01;31m[Kright_front_wheel_joint_[m[K->SetPosition(0, Steering_Request);
      |       [01;31m[K^~~~~~~~~~~~~~~~~~~~~~~~[m[K
      |       [32m[Kright_front_speed_wheel_joint_[m[K
[01m[K/home/rhobtor/reactive/Reactive-Navegation/workspace_full_conected/src/car_cpp/src/control_plugin.cpp:321:7:[m[K [01;31m[Kerror: [m[K‘[01m[Kleft_back_wheel_joint_[m[K’ was not declared in this scope
  321 |       [01;31m[Kleft_back_wheel_joint_[m[K->SetVelocity(0, left_wheel_omega);
      |       [01;31m[K^~~~~~~~~~~~~~~~~~~~~~[m[K
[01m[K/home/rhobtor/reactive/Reactive-Navegation/workspace_full_conected/src/car_cpp/src/control_plugin.cpp:322:7:[m[K [01;31m[Kerror: [m[K‘[01m[Kright_back_wheel_joint_[m[K’ was not declared in this scope
  322 |       [01;31m[Kright_back_wheel_joint_[m[K->SetVelocity(0, -right_wheel_omega);
      |       [01;31m[K^~~~~~~~~~~~~~~~~~~~~~~[m[K
[01m[K/home/rhobtor/reactive/Reactive-Navegation/workspace_full_conected/src/car_cpp/src/control_plugin.cpp:[m[K In member function ‘[01m[Kvoid gazebo_plugins::DrivePlugin::PublishOdometry(double)[m[K’:
[01m[K/home/rhobtor/reactive/Reactive-Navegation/workspace_full_conected/src/car_cpp/src/control_plugin.cpp:347:40:[m[K [01;31m[Kerror: [m[K‘[01m[Kclass rclcpp::Time[m[K’ has no member named ‘[01m[Kto_msg[m[K’
  347 |       odom_msg.header.stamp = rcl_time.[01;31m[Kto_msg[m[K();
      |                                        [01;31m[K^~~~~~[m[K
[01m[K/home/rhobtor/reactive/Reactive-Navegation/workspace_full_conected/src/car_cpp/src/control_plugin.cpp:355:9:[m[K [01;31m[Kerror: [m[K‘[01m[Kq[m[K’ was not declared in this scope
  355 |         [01;31m[Kq[m[K.setRPY(roll, pitch, yaw);
      |         [01;31m[K^[m[K
[01m[K/home/rhobtor/reactive/Reactive-Navegation/workspace_full_conected/src/car_cpp/src/control_plugin.cpp:374:38:[m[K [01;31m[Kerror: [m[K‘[01m[Kclass rclcpp::Time[m[K’ has no member named ‘[01m[Kto_msg[m[K’
  374 |       tf_msg.header.stamp = rcl_time.[01;31m[Kto_msg[m[K();
      |                                      [01;31m[K^~~~~~[m[K
gmake[2]: *** [CMakeFiles/control_plugin.dir/build.make:76: CMakeFiles/control_plugin.dir/src/control_plugin.cpp.o] Error 1
gmake[1]: *** [CMakeFiles/Makefile2:251: CMakeFiles/control_plugin.dir/all] Error 2
gmake[1]: *** Waiting for unfinished jobs....
gmake[2]: *** [CMakeFiles/car_cpp.dir/build.make:104: CMakeFiles/car_cpp.dir/src/control_plugin.cpp.o] Error 1
gmake[1]: *** [CMakeFiles/Makefile2:147: CMakeFiles/car_cpp.dir/all] Error 2
gmake: *** [Makefile:146: all] Error 2
