[0.007s] Invoking command in '/home/rhobtor/reactive/Reactive-Navegation/workspace_full_conected/build/car_cpp': CMAKE_PREFIX_PATH=${CMAKE_PREFIX_PATH}:/home/rhobtor/reactive/Reactive-Navegation/workspace_full_conected/install/car:/opt/ros/humble /usr/bin/cmake --build /home/rhobtor/reactive/Reactive-Navegation/workspace_full_conected/build/car_cpp -- -j2 -l2
[0.057s] [35m[1mConsolidate compiler generated dependencies of target car_cpp[0m
[0.090s] [ 10%] Built target testo
[0.093s] [ 15%] [32mBuilding CXX object CMakeFiles/car_cpp.dir/src/control_plugin.cpp.o[0m
[0.136s] [ 26%] Built target check_map
[0.189s] [ 36%] Built target path_planner_node
[0.221s] [35m[1mConsolidate compiler generated dependencies of target control_plugin[0m
[0.256s] [ 42%] [32mBuilding CXX object CMakeFiles/control_plugin.dir/src/control_plugin.cpp.o[0m
[13.180s] [ 47%] [32m[1mLinking CXX executable car_cpp[0m
[13.205s] [ 52%] [32m[1mLinking CXX shared library libcontrol_plugin.so[0m
[13.727s] [ 52%] Built target control_plugin
[13.759s] [ 63%] Built target odometry_plugin
[14.715s] [100%] Built target car_cpp
[14.723s] Invoked command in '/home/rhobtor/reactive/Reactive-Navegation/workspace_full_conected/build/car_cpp' returned '0': CMAKE_PREFIX_PATH=${CMAKE_PREFIX_PATH}:/home/rhobtor/reactive/Reactive-Navegation/workspace_full_conected/install/car:/opt/ros/humble /usr/bin/cmake --build /home/rhobtor/reactive/Reactive-Navegation/workspace_full_conected/build/car_cpp -- -j2 -l2
[14.724s] Invoking command in '/home/rhobtor/reactive/Reactive-Navegation/workspace_full_conected/build/car_cpp': CMAKE_PREFIX_PATH=${CMAKE_PREFIX_PATH}:/home/rhobtor/reactive/Reactive-Navegation/workspace_full_conected/install/car:/opt/ros/humble /usr/bin/cmake --install /home/rhobtor/reactive/Reactive-Navegation/workspace_full_conected/build/car_cpp
[14.731s] -- Install configuration: ""
[14.733s] -- Installing: /home/rhobtor/reactive/Reactive-Navegation/workspace_full_conected/install/car_cpp/lib/car_cpp/car_cpp
[14.739s] -- Set runtime path of "/home/rhobtor/reactive/Reactive-Navegation/workspace_full_conected/install/car_cpp/lib/car_cpp/car_cpp" to ""
[14.740s] -- Up-to-date: /home/rhobtor/reactive/Reactive-Navegation/workspace_full_conected/install/car_cpp/lib/car_cpp/testo
[14.740s] -- Up-to-date: /home/rhobtor/reactive/Reactive-Navegation/workspace_full_conected/install/car_cpp/lib/car_cpp/check_map
[14.742s] -- Up-to-date: /home/rhobtor/reactive/Reactive-Navegation/workspace_full_conected/install/car_cpp/lib/car_cpp/path_planner_node
[14.744s] -- Installing: /home/rhobtor/reactive/Reactive-Navegation/workspace_full_conected/install/car_cpp/lib/libcontrol_plugin.so
[14.748s] -- Set runtime path of "/home/rhobtor/reactive/Reactive-Navegation/workspace_full_conected/install/car_cpp/lib/libcontrol_plugin.so" to ""
[14.750s] -- Up-to-date: /home/rhobtor/reactive/Reactive-Navegation/workspace_full_conected/install/car_cpp/lib/libodometry_plugin.so
[14.750s] -- Up-to-date: /home/rhobtor/reactive/Reactive-Navegation/workspace_full_conected/install/car_cpp/include/
[14.750s] -- Up-to-date: /home/rhobtor/reactive/Reactive-Navegation/workspace_full_conected/install/car_cpp/include//visualization.hpp
[14.750s] -- Up-to-date: /home/rhobtor/reactive/Reactive-Navegation/workspace_full_conected/install/car_cpp/include//utilities.hpp
[14.750s] -- Up-to-date: /home/rhobtor/reactive/Reactive-Navegation/workspace_full_conected/install/car_cpp/include//car_cpp
[14.750s] -- Up-to-date: /home/rhobtor/reactive/Reactive-Navegation/workspace_full_conected/install/car_cpp/include//move_ros.hpp
[14.750s] -- Up-to-date: /home/rhobtor/reactive/Reactive-Navegation/workspace_full_conected/install/car_cpp/include//motion.hpp
[14.750s] -- Up-to-date: /home/rhobtor/reactive/Reactive-Navegation/workspace_full_conected/install/car_cpp/include//control_plugin.hpp
[14.750s] -- Up-to-date: /home/rhobtor/reactive/Reactive-Navegation/workspace_full_conected/install/car_cpp/include//obstacle_detection.hpp
[14.750s] -- Up-to-date: /home/rhobtor/reactive/Reactive-Navegation/workspace_full_conected/install/car_cpp/include//odometria.hpp
[14.750s] -- Up-to-date: /home/rhobtor/reactive/Reactive-Navegation/workspace_full_conected/install/car_cpp/include/
[14.751s] -- Up-to-date: /home/rhobtor/reactive/Reactive-Navegation/workspace_full_conected/install/car_cpp/include//visualization.hpp
[14.751s] -- Up-to-date: /home/rhobtor/reactive/Reactive-Navegation/workspace_full_conected/install/car_cpp/include//utilities.hpp
[14.751s] -- Up-to-date: /home/rhobtor/reactive/Reactive-Navegation/workspace_full_conected/install/car_cpp/include//car_cpp
[14.751s] -- Up-to-date: /home/rhobtor/reactive/Reactive-Navegation/workspace_full_conected/install/car_cpp/include//move_ros.hpp
[14.751s] -- Up-to-date: /home/rhobtor/reactive/Reactive-Navegation/workspace_full_conected/install/car_cpp/include//motion.hpp
[14.751s] -- Up-to-date: /home/rhobtor/reactive/Reactive-Navegation/workspace_full_conected/install/car_cpp/include//control_plugin.hpp
[14.751s] -- Up-to-date: /home/rhobtor/reactive/Reactive-Navegation/workspace_full_conected/install/car_cpp/include//obstacle_detection.hpp
[14.751s] -- Up-to-date: /home/rhobtor/reactive/Reactive-Navegation/workspace_full_conected/install/car_cpp/include//odometria.hpp
[14.751s] -- Installing: /home/rhobtor/reactive/Reactive-Navegation/workspace_full_conected/install/car_cpp/share/ament_index/resource_index/package_run_dependencies/car_cpp
[14.751s] -- Up-to-date: /home/rhobtor/reactive/Reactive-Navegation/workspace_full_conected/install/car_cpp/share/ament_index/resource_index/parent_prefix_path/car_cpp
[14.751s] -- Up-to-date: /home/rhobtor/reactive/Reactive-Navegation/workspace_full_conected/install/car_cpp/share/car_cpp/environment/ament_prefix_path.sh
[14.751s] -- Installing: /home/rhobtor/reactive/Reactive-Navegation/workspace_full_conected/install/car_cpp/share/car_cpp/environment/ament_prefix_path.dsv
[14.752s] -- Up-to-date: /home/rhobtor/reactive/Reactive-Navegation/workspace_full_conected/install/car_cpp/share/car_cpp/environment/path.sh
[14.752s] -- Installing: /home/rhobtor/reactive/Reactive-Navegation/workspace_full_conected/install/car_cpp/share/car_cpp/environment/path.dsv
[14.752s] -- Up-to-date: /home/rhobtor/reactive/Reactive-Navegation/workspace_full_conected/install/car_cpp/share/car_cpp/local_setup.bash
[14.752s] -- Up-to-date: /home/rhobtor/reactive/Reactive-Navegation/workspace_full_conected/install/car_cpp/share/car_cpp/local_setup.sh
[14.752s] -- Up-to-date: /home/rhobtor/reactive/Reactive-Navegation/workspace_full_conected/install/car_cpp/share/car_cpp/local_setup.zsh
[14.752s] -- Installing: /home/rhobtor/reactive/Reactive-Navegation/workspace_full_conected/install/car_cpp/share/car_cpp/local_setup.dsv
[14.752s] -- Installing: /home/rhobtor/reactive/Reactive-Navegation/workspace_full_conected/install/car_cpp/share/car_cpp/package.dsv
[14.752s] -- Up-to-date: /home/rhobtor/reactive/Reactive-Navegation/workspace_full_conected/install/car_cpp/share/ament_index/resource_index/packages/car_cpp
[14.752s] -- Up-to-date: /home/rhobtor/reactive/Reactive-Navegation/workspace_full_conected/install/car_cpp/share/car_cpp/cmake/car_cppConfig.cmake
[14.752s] -- Up-to-date: /home/rhobtor/reactive/Reactive-Navegation/workspace_full_conected/install/car_cpp/share/car_cpp/cmake/car_cppConfig-version.cmake
[14.752s] -- Installing: /home/rhobtor/reactive/Reactive-Navegation/workspace_full_conected/install/car_cpp/share/car_cpp/package.xml
[14.755s] Invoked command in '/home/rhobtor/reactive/Reactive-Navegation/workspace_full_conected/build/car_cpp' returned '0': CMAKE_PREFIX_PATH=${CMAKE_PREFIX_PATH}:/home/rhobtor/reactive/Reactive-Navegation/workspace_full_conected/install/car:/opt/ros/humble /usr/bin/cmake --install /home/rhobtor/reactive/Reactive-Navegation/workspace_full_conected/build/car_cpp
