gmake[2]: Warning: File 'CMakeFiles/navigation_nodes_ground.dir/compiler_depend.make' has modification time 2.1 s in the future
gmake[2]: Warning: File 'CMakeFiles/create_wall.dir/compiler_depend.make' has modification time 2.2 s in the future
gmake[2]: warning:  Clock skew detected.  Your build may be incomplete.
gmake[2]: Warning: File 'CMakeFiles/map_measure.dir/compiler_depend.make' has modification time 2.1 s in the future
gmake[2]: warning:  Clock skew detected.  Your build may be incomplete.
gmake[2]: warning:  Clock skew detected.  Your build may be incomplete.
gmake[2]: Warning: File 'CMakeFiles/check_goal.dir/compiler_depend.make' has modification time 2.1 s in the future
gmake[2]: Warning: File 'CMakeFiles/navigation_nodes.dir/compiler_depend.make' has modification time 2.1 s in the future
gmake[2]: Warning: File 'CMakeFiles/2D_graph.dir/compiler_depend.make' has modification time 2.1 s in the future
gmake[2]: warning:  Clock skew detected.  Your build may be incomplete.
gmake[2]: Warning: File 'CMakeFiles/occupied_nodes_near_obstacles.dir/compiler_depend.make' has modification time 2.2 s in the future
gmake[2]: warning:  Clock skew detected.  Your build may be incomplete.
gmake[2]: warning:  Clock skew detected.  Your build may be incomplete.
gmake[2]: Warning: File 'CMakeFiles/frontiers_values.dir/compiler_depend.make' has modification time 2.1 s in the future
gmake[2]: warning:  Clock skew detected.  Your build may be incomplete.
gmake[2]: Warning: File 'CMakeFiles/check_map.dir/compiler_depend.make' has modification time 2.1 s in the future
gmake[2]: warning:  Clock skew detected.  Your build may be incomplete.
gmake[2]: Warning: File 'CMakeFiles/frontier_nodes.dir/compiler_depend.make' has modification time 2.1 s in the future
gmake[2]: warning:  Clock skew detected.  Your build may be incomplete.
gmake[2]: warning:  Clock skew detected.  Your build may be incomplete.
gmake[2]: Warning: File 'CMakeFiles/obstacles_in_2d.dir/compiler_depend.make' has modification time 2.1 s in the future
gmake[2]: warning:  Clock skew detected.  Your build may be incomplete.
gmake[2]: Warning: File 'CMakeFiles/ground_remove.dir/compiler_depend.make' has modification time 2 s in the future
gmake[2]: warning:  Clock skew detected.  Your build may be incomplete.
gmake[2]: Warning: File 'CMakeFiles/path_planner_node.dir/compiler_depend.make' has modification time 1.9 s in the future
gmake[2]: warning:  Clock skew detected.  Your build may be incomplete.
gmake[2]: Warning: File 'CMakeFiles/move_navigation_nodes_frontier.dir/compiler_depend.make' has modification time 1.8 s in the future
gmake[2]: warning:  Clock skew detected.  Your build may be incomplete.
gmake[2]: Warning: File 'CMakeFiles/filtered_navigation_nodes.dir/compiler_depend.make' has modification time 1.9 s in the future
gmake[2]: warning:  Clock skew detected.  Your build may be incomplete.
gmake[2]: Warning: File 'CMakeFiles/camera_filter.dir/compiler_depend.make' has modification time 1.8 s in the future
gmake[2]: warning:  Clock skew detected.  Your build may be incomplete.
gmake[2]: Warning: File 'CMakeFiles/driver_plugin.dir/compiler_depend.make' has modification time 1.7 s in the future
gmake[2]: warning:  Clock skew detected.  Your build may be incomplete.
gmake[2]: Warning: File 'CMakeFiles/control_plugin.dir/compiler_depend.make' has modification time 1.7 s in the future
gmake[2]: warning:  Clock skew detected.  Your build may be incomplete.
gmake[2]: Warning: File 'CMakeFiles/drive_plugin.dir/compiler_depend.make' has modification time 1.6 s in the future
gmake[2]: warning:  Clock skew detected.  Your build may be incomplete.
gmake[2]: Warning: File 'CMakeFiles/joints_plugin.dir/compiler_depend.make' has modification time 1.6 s in the future
gmake[2]: warning:  Clock skew detected.  Your build may be incomplete.
