[0.020s] Invoking command in '/home/rhobtor/reactive/Reactive-Navegation/workspace_full_conected/build/octomap_server': CMAKE_PREFIX_PATH=${CMAKE_PREFIX_PATH}:/home/rhobtor/reactive/Reactive-Navegation/workspace_full_conected/install/car:/opt/ros/humble /usr/bin/cmake --build /home/rhobtor/reactive/Reactive-Navegation/workspace_full_conected/build/octomap_server -- -j4 -l4
[0.200s] [  7%] Built target octomap_server_static
[0.200s] [ 15%] Built target octomap_server_multilayer_node
[0.200s] [ 23%] Built target tracking_octomap_server_node
[0.200s] [ 30%] Built target color_octomap_server_node
[0.200s] [ 38%] Built target octomap_saver_node
[0.200s] [ 42%] [32mBuilding CXX object CMakeFiles/octomap_server.dir/src/octomap_server.cpp.o[0m
[12.681s] [ 46%] [32m[1mLinking CXX shared library liboctomap_server.so[0m
[13.830s] [ 46%] Built target octomap_server
[13.849s] [ 53%] Built target octomap_server_node
[13.878s] [ 57%] [32mBuilding CXX object CMakeFiles/octomap_server_multilayer.dir/src/octomap_server.cpp.o[0m
[25.908s] [ 61%] [32m[1mLinking CXX shared library liboctomap_server_multilayer.so[0m
[27.294s] [ 65%] Built target octomap_server_multilayer
[27.313s] [ 73%] Built target octomap_server_static_node
[27.341s] [ 76%] [32mBuilding CXX object CMakeFiles/tracking_octomap_server.dir/src/octomap_server.cpp.o[0m
[39.268s] [ 80%] [32m[1mLinking CXX shared library libtracking_octomap_server.so[0m
[40.641s] [ 84%] Built target tracking_octomap_server
[40.668s] [ 88%] [32mBuilding CXX object CMakeFiles/color_octomap_server.dir/src/octomap_server.cpp.o[0m
[52.698s] [ 92%] [32m[1mLinking CXX shared library libcolor_octomap_server.so[0m
[53.976s] [ 92%] Built target color_octomap_server
[53.997s] [ 96%] [32m[1mLinking CXX shared library liboctomap_saver.so[0m
[54.354s] [100%] Built target octomap_saver
[54.364s] Invoked command in '/home/rhobtor/reactive/Reactive-Navegation/workspace_full_conected/build/octomap_server' returned '0': CMAKE_PREFIX_PATH=${CMAKE_PREFIX_PATH}:/home/rhobtor/reactive/Reactive-Navegation/workspace_full_conected/install/car:/opt/ros/humble /usr/bin/cmake --build /home/rhobtor/reactive/Reactive-Navegation/workspace_full_conected/build/octomap_server -- -j4 -l4
[54.366s] Invoking command in '/home/rhobtor/reactive/Reactive-Navegation/workspace_full_conected/build/octomap_server': CMAKE_PREFIX_PATH=${CMAKE_PREFIX_PATH}:/home/rhobtor/reactive/Reactive-Navegation/workspace_full_conected/install/car:/opt/ros/humble /usr/bin/cmake --install /home/rhobtor/reactive/Reactive-Navegation/workspace_full_conected/build/octomap_server
[54.371s] -- Install configuration: ""
[54.372s] -- Up-to-date: /home/rhobtor/reactive/Reactive-Navegation/workspace_full_conected/install/octomap_server/lib/octomap_server/octomap_server_static_node
[54.372s] -- Up-to-date: /home/rhobtor/reactive/Reactive-Navegation/workspace_full_conected/install/octomap_server/lib/octomap_server/octomap_server_node
[54.373s] -- Up-to-date: /home/rhobtor/reactive/Reactive-Navegation/workspace_full_conected/install/octomap_server/lib/octomap_server/octomap_server_multilayer_node
[54.373s] -- Up-to-date: /home/rhobtor/reactive/Reactive-Navegation/workspace_full_conected/install/octomap_server/lib/octomap_server/tracking_octomap_server_node
[54.373s] -- Up-to-date: /home/rhobtor/reactive/Reactive-Navegation/workspace_full_conected/install/octomap_server/lib/octomap_server/color_octomap_server_node
[54.373s] -- Up-to-date: /home/rhobtor/reactive/Reactive-Navegation/workspace_full_conected/install/octomap_server/lib/octomap_server/octomap_saver_node
[54.373s] -- Up-to-date: /home/rhobtor/reactive/Reactive-Navegation/workspace_full_conected/install/octomap_server/include
[54.374s] -- Up-to-date: /home/rhobtor/reactive/Reactive-Navegation/workspace_full_conected/install/octomap_server/include/octomap_server
[54.374s] -- Up-to-date: /home/rhobtor/reactive/Reactive-Navegation/workspace_full_conected/install/octomap_server/include/octomap_server/tracking_octomap_server.hpp
[54.374s] -- Up-to-date: /home/rhobtor/reactive/Reactive-Navegation/workspace_full_conected/install/octomap_server/include/octomap_server/octomap_server_multilayer.hpp
[54.374s] -- Up-to-date: /home/rhobtor/reactive/Reactive-Navegation/workspace_full_conected/install/octomap_server/include/octomap_server/octomap_server_static.hpp
[54.374s] -- Up-to-date: /home/rhobtor/reactive/Reactive-Navegation/workspace_full_conected/install/octomap_server/include/octomap_server/octomap_server.hpp
[54.374s] -- Up-to-date: /home/rhobtor/reactive/Reactive-Navegation/workspace_full_conected/install/octomap_server/share/octomap_server/environment/library_path.sh
[54.374s] -- Up-to-date: /home/rhobtor/reactive/Reactive-Navegation/workspace_full_conected/install/octomap_server/share/octomap_server/environment/library_path.dsv
[54.374s] -- Up-to-date: /home/rhobtor/reactive/Reactive-Navegation/workspace_full_conected/install/octomap_server/lib/liboctomap_server_static.so
[54.374s] -- Installing: /home/rhobtor/reactive/Reactive-Navegation/workspace_full_conected/install/octomap_server/lib/liboctomap_server.so
[54.385s] -- Set runtime path of "/home/rhobtor/reactive/Reactive-Navegation/workspace_full_conected/install/octomap_server/lib/liboctomap_server.so" to ""
[54.386s] -- Installing: /home/rhobtor/reactive/Reactive-Navegation/workspace_full_conected/install/octomap_server/lib/liboctomap_server_multilayer.so
[54.396s] -- Set runtime path of "/home/rhobtor/reactive/Reactive-Navegation/workspace_full_conected/install/octomap_server/lib/liboctomap_server_multilayer.so" to ""
[54.396s] -- Installing: /home/rhobtor/reactive/Reactive-Navegation/workspace_full_conected/install/octomap_server/lib/libtracking_octomap_server.so
[54.407s] -- Set runtime path of "/home/rhobtor/reactive/Reactive-Navegation/workspace_full_conected/install/octomap_server/lib/libtracking_octomap_server.so" to ""
[54.407s] -- Installing: /home/rhobtor/reactive/Reactive-Navegation/workspace_full_conected/install/octomap_server/lib/libcolor_octomap_server.so
[54.417s] -- Set runtime path of "/home/rhobtor/reactive/Reactive-Navegation/workspace_full_conected/install/octomap_server/lib/libcolor_octomap_server.so" to ""
[54.417s] -- Installing: /home/rhobtor/reactive/Reactive-Navegation/workspace_full_conected/install/octomap_server/lib/liboctomap_saver.so
[54.419s] -- Set runtime path of "/home/rhobtor/reactive/Reactive-Navegation/workspace_full_conected/install/octomap_server/lib/liboctomap_saver.so" to ""
[54.419s] -- Up-to-date: /home/rhobtor/reactive/Reactive-Navegation/workspace_full_conected/install/octomap_server/share/octomap_server/launch
[54.419s] -- Up-to-date: /home/rhobtor/reactive/Reactive-Navegation/workspace_full_conected/install/octomap_server/share/octomap_server/launch/octomap_tracking_server.launch.xml
[54.419s] -- Up-to-date: /home/rhobtor/reactive/Reactive-Navegation/workspace_full_conected/install/octomap_server/share/octomap_server/launch/octomap_mapping.launch.xml
[54.419s] -- Up-to-date: /home/rhobtor/reactive/Reactive-Navegation/workspace_full_conected/install/octomap_server/share/octomap_server/launch/octomap_tracking_client.launch.xml
[54.419s] -- Up-to-date: /home/rhobtor/reactive/Reactive-Navegation/workspace_full_conected/install/octomap_server/share/octomap_server/params
[54.419s] -- Up-to-date: /home/rhobtor/reactive/Reactive-Navegation/workspace_full_conected/install/octomap_server/share/octomap_server/params/default.yaml
[54.419s] -- Up-to-date: /home/rhobtor/reactive/Reactive-Navegation/workspace_full_conected/install/octomap_server/share/ament_index/resource_index/package_run_dependencies/octomap_server
[54.419s] -- Up-to-date: /home/rhobtor/reactive/Reactive-Navegation/workspace_full_conected/install/octomap_server/share/ament_index/resource_index/parent_prefix_path/octomap_server
[54.419s] -- Up-to-date: /home/rhobtor/reactive/Reactive-Navegation/workspace_full_conected/install/octomap_server/share/octomap_server/environment/ament_prefix_path.sh
[54.420s] -- Up-to-date: /home/rhobtor/reactive/Reactive-Navegation/workspace_full_conected/install/octomap_server/share/octomap_server/environment/ament_prefix_path.dsv
[54.420s] -- Up-to-date: /home/rhobtor/reactive/Reactive-Navegation/workspace_full_conected/install/octomap_server/share/octomap_server/environment/path.sh
[54.420s] -- Up-to-date: /home/rhobtor/reactive/Reactive-Navegation/workspace_full_conected/install/octomap_server/share/octomap_server/environment/path.dsv
[54.420s] -- Up-to-date: /home/rhobtor/reactive/Reactive-Navegation/workspace_full_conected/install/octomap_server/share/octomap_server/local_setup.bash
[54.420s] -- Up-to-date: /home/rhobtor/reactive/Reactive-Navegation/workspace_full_conected/install/octomap_server/share/octomap_server/local_setup.sh
[54.420s] -- Up-to-date: /home/rhobtor/reactive/Reactive-Navegation/workspace_full_conected/install/octomap_server/share/octomap_server/local_setup.zsh
[54.420s] -- Up-to-date: /home/rhobtor/reactive/Reactive-Navegation/workspace_full_conected/install/octomap_server/share/octomap_server/local_setup.dsv
[54.420s] -- Installing: /home/rhobtor/reactive/Reactive-Navegation/workspace_full_conected/install/octomap_server/share/octomap_server/package.dsv
[54.420s] -- Up-to-date: /home/rhobtor/reactive/Reactive-Navegation/workspace_full_conected/install/octomap_server/share/ament_index/resource_index/packages/octomap_server
[54.420s] -- Up-to-date: /home/rhobtor/reactive/Reactive-Navegation/workspace_full_conected/install/octomap_server/share/ament_index/resource_index/rclcpp_components/octomap_server
[54.420s] -- Up-to-date: /home/rhobtor/reactive/Reactive-Navegation/workspace_full_conected/install/octomap_server/share/octomap_server/cmake/ament_cmake_export_dependencies-extras.cmake
[54.420s] -- Up-to-date: /home/rhobtor/reactive/Reactive-Navegation/workspace_full_conected/install/octomap_server/share/octomap_server/cmake/ament_cmake_export_include_directories-extras.cmake
[54.420s] -- Up-to-date: /home/rhobtor/reactive/Reactive-Navegation/workspace_full_conected/install/octomap_server/share/octomap_server/cmake/ament_cmake_export_libraries-extras.cmake
[54.420s] -- Up-to-date: /home/rhobtor/reactive/Reactive-Navegation/workspace_full_conected/install/octomap_server/share/octomap_server/cmake/octomap_serverConfig.cmake
[54.420s] -- Up-to-date: /home/rhobtor/reactive/Reactive-Navegation/workspace_full_conected/install/octomap_server/share/octomap_server/cmake/octomap_serverConfig-version.cmake
[54.420s] -- Up-to-date: /home/rhobtor/reactive/Reactive-Navegation/workspace_full_conected/install/octomap_server/share/octomap_server/package.xml
[54.420s] -- Up-to-date: /home/rhobtor/reactive/Reactive-Navegation/workspace_full_conected/install/octomap_server/lib/octomap_server/octomap_eraser_cli.py
[54.421s] Invoked command in '/home/rhobtor/reactive/Reactive-Navegation/workspace_full_conected/build/octomap_server' returned '0': CMAKE_PREFIX_PATH=${CMAKE_PREFIX_PATH}:/home/rhobtor/reactive/Reactive-Navegation/workspace_full_conected/install/car:/opt/ros/humble /usr/bin/cmake --install /home/rhobtor/reactive/Reactive-Navegation/workspace_full_conected/build/octomap_server
