[2.451s] Invoking command in '/mnt/c/Users/luism/Documents/Ubuntu/Reactive-Navegation/Reactive-Navegation/workspace_full_conected/build/car_cpp': AMENT_PREFIX_PATH=/mnt/c/Users/luism/Documents/Ubuntu/Reactive-Navegation/Reactive-Navegation/workspace_full_conected/install/car_interfaces:${AMENT_PREFIX_PATH} CMAKE_PREFIX_PATH=/mnt/c/Users/luism/Documents/Ubuntu/Reactive-Navegation/Reactive-Navegation/workspace_full_conected/install/car_interfaces:/home/rhobtor/Ubuntu/Reactive-Navegation/Reactive-Navegation/workspace_full_conected/install/octomap_mapping:/home/rhobtor/Ubuntu/Reactive-Navegation/Reactive-Navegation/workspace_full_conected/install/octomap_server:/home/rhobtor/Ubuntu/Reactive-Navegation/Reactive-Navegation/workspace_full_conected/install/octomap_rviz_plugins:/home/rhobtor/Ubuntu/Reactive-Navegation/Reactive-Navegation/workspace_full_conected/install/hector_gazebo_plugins:/home/rhobtor/Ubuntu/Reactive-Navegation/Reactive-Navegation/workspace_full_conected/install/car_cpp:/home/rhobtor/Ubuntu/Reactive-Navegation/Reactive-Navegation/workspace_full_conected/install/car_interfaces:/home/rhobtor/Ubuntu/Reactive-Navegation/Reactive-Navegation/workspace_full_conected/install/car:/opt/ros/humble LD_LIBRARY_PATH=/mnt/c/Users/luism/Documents/Ubuntu/Reactive-Navegation/Reactive-Navegation/workspace_full_conected/install/car_interfaces/lib:${LD_LIBRARY_PATH} PYTHONPATH=/mnt/c/Users/luism/Documents/Ubuntu/Reactive-Navegation/Reactive-Navegation/workspace_full_conected/install/car_interfaces/local/lib/python3.10/dist-packages:${PYTHONPATH} /usr/bin/cmake --build /mnt/c/Users/luism/Documents/Ubuntu/Reactive-Navegation/Reactive-Navegation/workspace_full_conected/build/car_cpp -- -j20 -l20
[4.786s] [  5%] Built target create_wall
[4.814s] [ 10%] Built target path_planner_node
[4.858s] [ 20%] Built target navigation_nodes_ground
[4.860s] [ 20%] Built target check_map
[4.873s] [ 25%] Built target map_measure
[4.891s] [ 35%] Built target occupied_nodes_near_obstacles
[4.893s] [ 35%] Built target frontiers_values
[4.910s] [ 40%] Built target filtered_navigation_nodes
[4.937s] [ 45%] Built target obstacles_in_2d
[4.956s] [ 55%] Built target move_navigation_nodes_frontier
[4.961s] [ 60%] Built target ground_remove
[4.962s] [ 60%] Built target frontier_nodes
[4.980s] [ 65%] Built target driver_plugin
[4.996s] [ 70%] Built target 2D_graph
[5.007s] [ 75%] Built target joints_plugin
[5.026s] [ 80%] Built target control_plugin
[5.071s] [ 85%] Built target drive_plugin
[5.105s] [ 90%] Built target check_goal
[5.125s] [ 95%] Built target camera_filter
[5.213s] [100%] Built target navigation_nodes
[5.779s] Invoked command in '/mnt/c/Users/luism/Documents/Ubuntu/Reactive-Navegation/Reactive-Navegation/workspace_full_conected/build/car_cpp' returned '0': AMENT_PREFIX_PATH=/mnt/c/Users/luism/Documents/Ubuntu/Reactive-Navegation/Reactive-Navegation/workspace_full_conected/install/car_interfaces:${AMENT_PREFIX_PATH} CMAKE_PREFIX_PATH=/mnt/c/Users/luism/Documents/Ubuntu/Reactive-Navegation/Reactive-Navegation/workspace_full_conected/install/car_interfaces:/home/rhobtor/Ubuntu/Reactive-Navegation/Reactive-Navegation/workspace_full_conected/install/octomap_mapping:/home/rhobtor/Ubuntu/Reactive-Navegation/Reactive-Navegation/workspace_full_conected/install/octomap_server:/home/rhobtor/Ubuntu/Reactive-Navegation/Reactive-Navegation/workspace_full_conected/install/octomap_rviz_plugins:/home/rhobtor/Ubuntu/Reactive-Navegation/Reactive-Navegation/workspace_full_conected/install/hector_gazebo_plugins:/home/rhobtor/Ubuntu/Reactive-Navegation/Reactive-Navegation/workspace_full_conected/install/car_cpp:/home/rhobtor/Ubuntu/Reactive-Navegation/Reactive-Navegation/workspace_full_conected/install/car_interfaces:/home/rhobtor/Ubuntu/Reactive-Navegation/Reactive-Navegation/workspace_full_conected/install/car:/opt/ros/humble LD_LIBRARY_PATH=/mnt/c/Users/luism/Documents/Ubuntu/Reactive-Navegation/Reactive-Navegation/workspace_full_conected/install/car_interfaces/lib:${LD_LIBRARY_PATH} PYTHONPATH=/mnt/c/Users/luism/Documents/Ubuntu/Reactive-Navegation/Reactive-Navegation/workspace_full_conected/install/car_interfaces/local/lib/python3.10/dist-packages:${PYTHONPATH} /usr/bin/cmake --build /mnt/c/Users/luism/Documents/Ubuntu/Reactive-Navegation/Reactive-Navegation/workspace_full_conected/build/car_cpp -- -j20 -l20
[5.808s] Invoking command in '/mnt/c/Users/luism/Documents/Ubuntu/Reactive-Navegation/Reactive-Navegation/workspace_full_conected/build/car_cpp': AMENT_PREFIX_PATH=/mnt/c/Users/luism/Documents/Ubuntu/Reactive-Navegation/Reactive-Navegation/workspace_full_conected/install/car_interfaces:${AMENT_PREFIX_PATH} CMAKE_PREFIX_PATH=/mnt/c/Users/luism/Documents/Ubuntu/Reactive-Navegation/Reactive-Navegation/workspace_full_conected/install/car_interfaces:/home/rhobtor/Ubuntu/Reactive-Navegation/Reactive-Navegation/workspace_full_conected/install/octomap_mapping:/home/rhobtor/Ubuntu/Reactive-Navegation/Reactive-Navegation/workspace_full_conected/install/octomap_server:/home/rhobtor/Ubuntu/Reactive-Navegation/Reactive-Navegation/workspace_full_conected/install/octomap_rviz_plugins:/home/rhobtor/Ubuntu/Reactive-Navegation/Reactive-Navegation/workspace_full_conected/install/hector_gazebo_plugins:/home/rhobtor/Ubuntu/Reactive-Navegation/Reactive-Navegation/workspace_full_conected/install/car_cpp:/home/rhobtor/Ubuntu/Reactive-Navegation/Reactive-Navegation/workspace_full_conected/install/car_interfaces:/home/rhobtor/Ubuntu/Reactive-Navegation/Reactive-Navegation/workspace_full_conected/install/car:/opt/ros/humble LD_LIBRARY_PATH=/mnt/c/Users/luism/Documents/Ubuntu/Reactive-Navegation/Reactive-Navegation/workspace_full_conected/install/car_interfaces/lib:${LD_LIBRARY_PATH} PYTHONPATH=/mnt/c/Users/luism/Documents/Ubuntu/Reactive-Navegation/Reactive-Navegation/workspace_full_conected/install/car_interfaces/local/lib/python3.10/dist-packages:${PYTHONPATH} /usr/bin/cmake --install /mnt/c/Users/luism/Documents/Ubuntu/Reactive-Navegation/Reactive-Navegation/workspace_full_conected/build/car_cpp
[6.254s] -- Install configuration: ""
[6.323s] -- Up-to-date: /mnt/c/Users/luism/Documents/Ubuntu/Reactive-Navegation/Reactive-Navegation/workspace_full_conected/install/car_cpp/lib/car_cpp/navigation_nodes
[6.433s] -- Up-to-date: /mnt/c/Users/luism/Documents/Ubuntu/Reactive-Navegation/Reactive-Navegation/workspace_full_conected/install/car_cpp/lib/car_cpp/navigation_nodes_ground
[6.552s] -- Up-to-date: /mnt/c/Users/luism/Documents/Ubuntu/Reactive-Navegation/Reactive-Navegation/workspace_full_conected/install/car_cpp/lib/car_cpp/frontier_nodes
[6.661s] -- Up-to-date: /mnt/c/Users/luism/Documents/Ubuntu/Reactive-Navegation/Reactive-Navegation/workspace_full_conected/install/car_cpp/lib/car_cpp/ground_remove
[6.761s] -- Up-to-date: /mnt/c/Users/luism/Documents/Ubuntu/Reactive-Navegation/Reactive-Navegation/workspace_full_conected/install/car_cpp/lib/car_cpp/camera_filter
[6.875s] -- Up-to-date: /mnt/c/Users/luism/Documents/Ubuntu/Reactive-Navegation/Reactive-Navegation/workspace_full_conected/install/car_cpp/lib/car_cpp/move_navigation_nodes_frontier
[6.991s] -- Up-to-date: /mnt/c/Users/luism/Documents/Ubuntu/Reactive-Navegation/Reactive-Navegation/workspace_full_conected/install/car_cpp/lib/car_cpp/frontiers_values
[7.101s] -- Up-to-date: /mnt/c/Users/luism/Documents/Ubuntu/Reactive-Navegation/Reactive-Navegation/workspace_full_conected/install/car_cpp/lib/car_cpp/map_measure
[7.269s] -- Up-to-date: /mnt/c/Users/luism/Documents/Ubuntu/Reactive-Navegation/Reactive-Navegation/workspace_full_conected/install/car_cpp/lib/car_cpp/occupied_nodes_near_obstacles
[7.380s] -- Up-to-date: /mnt/c/Users/luism/Documents/Ubuntu/Reactive-Navegation/Reactive-Navegation/workspace_full_conected/install/car_cpp/lib/car_cpp/create_wall
[7.478s] -- Up-to-date: /mnt/c/Users/luism/Documents/Ubuntu/Reactive-Navegation/Reactive-Navegation/workspace_full_conected/install/car_cpp/lib/car_cpp/2D_graph
[7.605s] -- Up-to-date: /mnt/c/Users/luism/Documents/Ubuntu/Reactive-Navegation/Reactive-Navegation/workspace_full_conected/install/car_cpp/lib/car_cpp/obstacles_in_2d
[7.708s] -- Up-to-date: /mnt/c/Users/luism/Documents/Ubuntu/Reactive-Navegation/Reactive-Navegation/workspace_full_conected/install/car_cpp/lib/car_cpp/check_goal
[7.822s] -- Up-to-date: /mnt/c/Users/luism/Documents/Ubuntu/Reactive-Navegation/Reactive-Navegation/workspace_full_conected/install/car_cpp/lib/car_cpp/filtered_navigation_nodes
[7.948s] -- Up-to-date: /mnt/c/Users/luism/Documents/Ubuntu/Reactive-Navegation/Reactive-Navegation/workspace_full_conected/install/car_cpp/lib/car_cpp/check_map
[8.062s] -- Up-to-date: /mnt/c/Users/luism/Documents/Ubuntu/Reactive-Navegation/Reactive-Navegation/workspace_full_conected/install/car_cpp/lib/car_cpp/path_planner_node
[8.178s] -- Up-to-date: /mnt/c/Users/luism/Documents/Ubuntu/Reactive-Navegation/Reactive-Navegation/workspace_full_conected/install/car_cpp/lib/libcontrol_plugin.so
[8.262s] -- Up-to-date: /mnt/c/Users/luism/Documents/Ubuntu/Reactive-Navegation/Reactive-Navegation/workspace_full_conected/install/car_cpp/lib/libdrive_plugin.so
[8.392s] -- Up-to-date: /mnt/c/Users/luism/Documents/Ubuntu/Reactive-Navegation/Reactive-Navegation/workspace_full_conected/install/car_cpp/lib/libjoints_plugin.so
[8.490s] -- Up-to-date: /mnt/c/Users/luism/Documents/Ubuntu/Reactive-Navegation/Reactive-Navegation/workspace_full_conected/install/car_cpp/lib/libdriver_plugin.so
[8.555s] -- Up-to-date: /mnt/c/Users/luism/Documents/Ubuntu/Reactive-Navegation/Reactive-Navegation/workspace_full_conected/install/car_cpp/include/
[8.574s] -- Up-to-date: /mnt/c/Users/luism/Documents/Ubuntu/Reactive-Navegation/Reactive-Navegation/workspace_full_conected/install/car_cpp/include//control_plugin.hpp
[8.589s] -- Up-to-date: /mnt/c/Users/luism/Documents/Ubuntu/Reactive-Navegation/Reactive-Navegation/workspace_full_conected/install/car_cpp/include//motion.hpp
[8.608s] -- Up-to-date: /mnt/c/Users/luism/Documents/Ubuntu/Reactive-Navegation/Reactive-Navegation/workspace_full_conected/install/car_cpp/include//move_ros.hpp
[8.625s] -- Up-to-date: /mnt/c/Users/luism/Documents/Ubuntu/Reactive-Navegation/Reactive-Navegation/workspace_full_conected/install/car_cpp/include//obstacle_detection.hpp
[8.646s] -- Up-to-date: /mnt/c/Users/luism/Documents/Ubuntu/Reactive-Navegation/Reactive-Navegation/workspace_full_conected/install/car_cpp/include//odometria.hpp
[8.663s] -- Up-to-date: /mnt/c/Users/luism/Documents/Ubuntu/Reactive-Navegation/Reactive-Navegation/workspace_full_conected/install/car_cpp/include//utilities.hpp
[8.679s] -- Up-to-date: /mnt/c/Users/luism/Documents/Ubuntu/Reactive-Navegation/Reactive-Navegation/workspace_full_conected/install/car_cpp/include//visualization.hpp
[8.712s] -- Up-to-date: /mnt/c/Users/luism/Documents/Ubuntu/Reactive-Navegation/Reactive-Navegation/workspace_full_conected/install/car_cpp/share/ament_index/resource_index/package_run_dependencies/car_cpp
[8.743s] -- Up-to-date: /mnt/c/Users/luism/Documents/Ubuntu/Reactive-Navegation/Reactive-Navegation/workspace_full_conected/install/car_cpp/share/ament_index/resource_index/parent_prefix_path/car_cpp
[8.759s] -- Up-to-date: /mnt/c/Users/luism/Documents/Ubuntu/Reactive-Navegation/Reactive-Navegation/workspace_full_conected/install/car_cpp/share/car_cpp/environment/ament_prefix_path.sh
[8.778s] -- Up-to-date: /mnt/c/Users/luism/Documents/Ubuntu/Reactive-Navegation/Reactive-Navegation/workspace_full_conected/install/car_cpp/share/car_cpp/environment/ament_prefix_path.dsv
[8.794s] -- Up-to-date: /mnt/c/Users/luism/Documents/Ubuntu/Reactive-Navegation/Reactive-Navegation/workspace_full_conected/install/car_cpp/share/car_cpp/environment/path.sh
[8.814s] -- Up-to-date: /mnt/c/Users/luism/Documents/Ubuntu/Reactive-Navegation/Reactive-Navegation/workspace_full_conected/install/car_cpp/share/car_cpp/environment/path.dsv
[8.832s] -- Up-to-date: /mnt/c/Users/luism/Documents/Ubuntu/Reactive-Navegation/Reactive-Navegation/workspace_full_conected/install/car_cpp/share/car_cpp/local_setup.bash
[8.847s] -- Up-to-date: /mnt/c/Users/luism/Documents/Ubuntu/Reactive-Navegation/Reactive-Navegation/workspace_full_conected/install/car_cpp/share/car_cpp/local_setup.sh
[8.859s] -- Up-to-date: /mnt/c/Users/luism/Documents/Ubuntu/Reactive-Navegation/Reactive-Navegation/workspace_full_conected/install/car_cpp/share/car_cpp/local_setup.zsh
[8.872s] -- Up-to-date: /mnt/c/Users/luism/Documents/Ubuntu/Reactive-Navegation/Reactive-Navegation/workspace_full_conected/install/car_cpp/share/car_cpp/local_setup.dsv
[8.887s] -- Installing: /mnt/c/Users/luism/Documents/Ubuntu/Reactive-Navegation/Reactive-Navegation/workspace_full_conected/install/car_cpp/share/car_cpp/package.dsv
[8.965s] -- Up-to-date: /mnt/c/Users/luism/Documents/Ubuntu/Reactive-Navegation/Reactive-Navegation/workspace_full_conected/install/car_cpp/share/ament_index/resource_index/packages/car_cpp
[9.005s] -- Up-to-date: /mnt/c/Users/luism/Documents/Ubuntu/Reactive-Navegation/Reactive-Navegation/workspace_full_conected/install/car_cpp/share/car_cpp/cmake/car_cppConfig.cmake
[9.025s] -- Up-to-date: /mnt/c/Users/luism/Documents/Ubuntu/Reactive-Navegation/Reactive-Navegation/workspace_full_conected/install/car_cpp/share/car_cpp/cmake/car_cppConfig-version.cmake
[9.047s] -- Up-to-date: /mnt/c/Users/luism/Documents/Ubuntu/Reactive-Navegation/Reactive-Navegation/workspace_full_conected/install/car_cpp/share/car_cpp/package.xml
[9.057s] Invoked command in '/mnt/c/Users/luism/Documents/Ubuntu/Reactive-Navegation/Reactive-Navegation/workspace_full_conected/build/car_cpp' returned '0': AMENT_PREFIX_PATH=/mnt/c/Users/luism/Documents/Ubuntu/Reactive-Navegation/Reactive-Navegation/workspace_full_conected/install/car_interfaces:${AMENT_PREFIX_PATH} CMAKE_PREFIX_PATH=/mnt/c/Users/luism/Documents/Ubuntu/Reactive-Navegation/Reactive-Navegation/workspace_full_conected/install/car_interfaces:/home/rhobtor/Ubuntu/Reactive-Navegation/Reactive-Navegation/workspace_full_conected/install/octomap_mapping:/home/rhobtor/Ubuntu/Reactive-Navegation/Reactive-Navegation/workspace_full_conected/install/octomap_server:/home/rhobtor/Ubuntu/Reactive-Navegation/Reactive-Navegation/workspace_full_conected/install/octomap_rviz_plugins:/home/rhobtor/Ubuntu/Reactive-Navegation/Reactive-Navegation/workspace_full_conected/install/hector_gazebo_plugins:/home/rhobtor/Ubuntu/Reactive-Navegation/Reactive-Navegation/workspace_full_conected/install/car_cpp:/home/rhobtor/Ubuntu/Reactive-Navegation/Reactive-Navegation/workspace_full_conected/install/car_interfaces:/home/rhobtor/Ubuntu/Reactive-Navegation/Reactive-Navegation/workspace_full_conected/install/car:/opt/ros/humble LD_LIBRARY_PATH=/mnt/c/Users/luism/Documents/Ubuntu/Reactive-Navegation/Reactive-Navegation/workspace_full_conected/install/car_interfaces/lib:${LD_LIBRARY_PATH} PYTHONPATH=/mnt/c/Users/luism/Documents/Ubuntu/Reactive-Navegation/Reactive-Navegation/workspace_full_conected/install/car_interfaces/local/lib/python3.10/dist-packages:${PYTHONPATH} /usr/bin/cmake --install /mnt/c/Users/luism/Documents/Ubuntu/Reactive-Navegation/Reactive-Navegation/workspace_full_conected/build/car_cpp
