[0.565s] Invoking command in '/home/rhobtor/reactive/Reactive-Navegation/workspace_full_conected/src/car_python': CMAKE_PREFIX_PATH=/home/rhobtor/reactive/Reactive-Navegation/workspace_full_conected/install/car_interfaces:/home/rhobtor/reactive/Reactive-Navegation/workspace_full_conected/install/octomap_mapping:/home/rhobtor/reactive/Reactive-Navegation/workspace_full_conected/install/octomap_server:/home/rhobtor/reactive/Reactive-Navegation/workspace_full_conected/install/octomap_rviz_plugins:/home/rhobtor/reactive/Reactive-Navegation/workspace_full_conected/install/hector_gazebo_plugins:/home/rhobtor/reactive/Reactive-Navegation/workspace_full_conected/install/car_cpp LD_LIBRARY_PATH=/home/rhobtor/reactive/Reactive-Navegation/workspace_full_conected/install/car_interfaces/lib:/home/rhobtor/reactive/Reactive-Navegation/workspace_full_conected/install/octomap_server/lib:/home/rhobtor/reactive/Reactive-Navegation/workspace_full_conected/install/octomap_rviz_plugins/lib:/home/rhobtor/reactive/Reactive-Navegation/workspace_full_conected/install/hector_gazebo_plugins/lib:/home/rhobtor/reactive/Reactive-Navegation/workspace_full_conected/install/car_cpp/lib:/usr/lib/x86_64-linux-gnu/gazebo-11/plugins:/opt/ros/humble/opt/rviz_ogre_vendor/lib:/opt/ros/humble/lib/x86_64-linux-gnu:/opt/ros/humble/lib PYTHONPATH=/home/rhobtor/reactive/Reactive-Navegation/workspace_full_conected/build/car/prefix_override:/usr/lib/python3/dist-packages/colcon_core/task/python/colcon_distutils_commands:/home/rhobtor/reactive/Reactive-Navegation/workspace_full_conected/install/car/lib/python3.10/site-packages:${PYTHONPATH} /usr/bin/python3 -W ignore:setup.py install is deprecated -W ignore:easy_install command is deprecated setup.py egg_info --egg-base ../../build/car build --build-base /home/rhobtor/reactive/Reactive-Navegation/workspace_full_conected/build/car/build install --record /home/rhobtor/reactive/Reactive-Navegation/workspace_full_conected/build/car/install.log --single-version-externally-managed install_data
[0.779s] running egg_info
[0.780s] writing ../../build/car/car.egg-info/PKG-INFO
[0.780s] writing dependency_links to ../../build/car/car.egg-info/dependency_links.txt
[0.781s] writing entry points to ../../build/car/car.egg-info/entry_points.txt
[0.781s] writing requirements to ../../build/car/car.egg-info/requires.txt
[0.781s] writing top-level names to ../../build/car/car.egg-info/top_level.txt
[0.784s] reading manifest file '../../build/car/car.egg-info/SOURCES.txt'
[0.786s] writing manifest file '../../build/car/car.egg-info/SOURCES.txt'
[0.786s] running build
[0.786s] running build_py
[0.787s] copying car/path_dqn.py -> /home/rhobtor/reactive/Reactive-Navegation/workspace_full_conected/build/car/build/lib/car
[0.788s] running install
[0.788s] running install_lib
[0.789s] copying /home/rhobtor/reactive/Reactive-Navegation/workspace_full_conected/build/car/build/lib/car/path_dqn.py -> /home/rhobtor/reactive/Reactive-Navegation/workspace_full_conected/install/car/lib/python3.10/site-packages/car
[0.790s] byte-compiling /home/rhobtor/reactive/Reactive-Navegation/workspace_full_conected/install/car/lib/python3.10/site-packages/car/path_dqn.py to path_dqn.cpython-310.pyc
[0.793s] running install_data
[0.794s] running install_egg_info
[0.795s] removing '/home/rhobtor/reactive/Reactive-Navegation/workspace_full_conected/install/car/lib/python3.10/site-packages/car-0.0.0-py3.10.egg-info' (and everything under it)
[0.795s] Copying ../../build/car/car.egg-info to /home/rhobtor/reactive/Reactive-Navegation/workspace_full_conected/install/car/lib/python3.10/site-packages/car-0.0.0-py3.10.egg-info
[0.795s] running install_scripts
[0.811s] Installing camara_time_node script to /home/rhobtor/reactive/Reactive-Navegation/workspace_full_conected/install/car/lib/car
[0.811s] Installing colision_zone script to /home/rhobtor/reactive/Reactive-Navegation/workspace_full_conected/install/car/lib/car
[0.811s] Installing costmap script to /home/rhobtor/reactive/Reactive-Navegation/workspace_full_conected/install/car/lib/car
[0.811s] Installing debug_node script to /home/rhobtor/reactive/Reactive-Navegation/workspace_full_conected/install/car/lib/car
[0.811s] Installing dqn_ppo script to /home/rhobtor/reactive/Reactive-Navegation/workspace_full_conected/install/car/lib/car
[0.811s] Installing ekf_node script to /home/rhobtor/reactive/Reactive-Navegation/workspace_full_conected/install/car/lib/car
[0.811s] Installing filter_points_cloud script to /home/rhobtor/reactive/Reactive-Navegation/workspace_full_conected/install/car/lib/car
[0.812s] Installing frontier_centroid script to /home/rhobtor/reactive/Reactive-Navegation/workspace_full_conected/install/car/lib/car
[0.812s] Installing frontier_view script to /home/rhobtor/reactive/Reactive-Navegation/workspace_full_conected/install/car/lib/car
[0.812s] Installing graph script to /home/rhobtor/reactive/Reactive-Navegation/workspace_full_conected/install/car/lib/car
[0.812s] Installing imagine_ppo script to /home/rhobtor/reactive/Reactive-Navegation/workspace_full_conected/install/car/lib/car
[0.812s] Installing imagine_ppo_avoid script to /home/rhobtor/reactive/Reactive-Navegation/workspace_full_conected/install/car/lib/car
[0.812s] Installing imagine_ppo_map script to /home/rhobtor/reactive/Reactive-Navegation/workspace_full_conected/install/car/lib/car
[0.812s] Installing inference_dqn_ppo script to /home/rhobtor/reactive/Reactive-Navegation/workspace_full_conected/install/car/lib/car
[0.812s] Installing inference_ppo script to /home/rhobtor/reactive/Reactive-Navegation/workspace_full_conected/install/car/lib/car
[0.812s] Installing joystick_control script to /home/rhobtor/reactive/Reactive-Navegation/workspace_full_conected/install/car/lib/car
[0.812s] Installing keyboard_control script to /home/rhobtor/reactive/Reactive-Navegation/workspace_full_conected/install/car/lib/car
[0.812s] Installing log_joystick script to /home/rhobtor/reactive/Reactive-Navegation/workspace_full_conected/install/car/lib/car
[0.812s] Installing map script to /home/rhobtor/reactive/Reactive-Navegation/workspace_full_conected/install/car/lib/car
[0.812s] Installing map_navegation script to /home/rhobtor/reactive/Reactive-Navegation/workspace_full_conected/install/car/lib/car
[0.812s] Installing memory_map script to /home/rhobtor/reactive/Reactive-Navegation/workspace_full_conected/install/car/lib/car
[0.812s] Installing octomap_2d_display script to /home/rhobtor/reactive/Reactive-Navegation/workspace_full_conected/install/car/lib/car
[0.812s] Installing odometry_node script to /home/rhobtor/reactive/Reactive-Navegation/workspace_full_conected/install/car/lib/car
[0.812s] Installing path_dqn script to /home/rhobtor/reactive/Reactive-Navegation/workspace_full_conected/install/car/lib/car
[0.813s] Installing path_finder_ia script to /home/rhobtor/reactive/Reactive-Navegation/workspace_full_conected/install/car/lib/car
[0.813s] Installing path_sac script to /home/rhobtor/reactive/Reactive-Navegation/workspace_full_conected/install/car/lib/car
[0.813s] Installing planificador_script script to /home/rhobtor/reactive/Reactive-Navegation/workspace_full_conected/install/car/lib/car
[0.813s] Installing points_goal script to /home/rhobtor/reactive/Reactive-Navegation/workspace_full_conected/install/car/lib/car
[0.813s] Installing ppo script to /home/rhobtor/reactive/Reactive-Navegation/workspace_full_conected/install/car/lib/car
[0.813s] Installing reset_octomap script to /home/rhobtor/reactive/Reactive-Navegation/workspace_full_conected/install/car/lib/car
[0.813s] Installing scan_to_cloud script to /home/rhobtor/reactive/Reactive-Navegation/workspace_full_conected/install/car/lib/car
[0.813s] Installing supervisor_node script to /home/rhobtor/reactive/Reactive-Navegation/workspace_full_conected/install/car/lib/car
[0.813s] Installing test2 script to /home/rhobtor/reactive/Reactive-Navegation/workspace_full_conected/install/car/lib/car
[0.813s] Installing train_ppo script to /home/rhobtor/reactive/Reactive-Navegation/workspace_full_conected/install/car/lib/car
[0.813s] Installing view_point_and_click script to /home/rhobtor/reactive/Reactive-Navegation/workspace_full_conected/install/car/lib/car
[0.814s] writing list of installed files to '/home/rhobtor/reactive/Reactive-Navegation/workspace_full_conected/build/car/install.log'
[0.845s] Invoked command in '/home/rhobtor/reactive/Reactive-Navegation/workspace_full_conected/src/car_python' returned '0': CMAKE_PREFIX_PATH=/home/rhobtor/reactive/Reactive-Navegation/workspace_full_conected/install/car_interfaces:/home/rhobtor/reactive/Reactive-Navegation/workspace_full_conected/install/octomap_mapping:/home/rhobtor/reactive/Reactive-Navegation/workspace_full_conected/install/octomap_server:/home/rhobtor/reactive/Reactive-Navegation/workspace_full_conected/install/octomap_rviz_plugins:/home/rhobtor/reactive/Reactive-Navegation/workspace_full_conected/install/hector_gazebo_plugins:/home/rhobtor/reactive/Reactive-Navegation/workspace_full_conected/install/car_cpp LD_LIBRARY_PATH=/home/rhobtor/reactive/Reactive-Navegation/workspace_full_conected/install/car_interfaces/lib:/home/rhobtor/reactive/Reactive-Navegation/workspace_full_conected/install/octomap_server/lib:/home/rhobtor/reactive/Reactive-Navegation/workspace_full_conected/install/octomap_rviz_plugins/lib:/home/rhobtor/reactive/Reactive-Navegation/workspace_full_conected/install/hector_gazebo_plugins/lib:/home/rhobtor/reactive/Reactive-Navegation/workspace_full_conected/install/car_cpp/lib:/usr/lib/x86_64-linux-gnu/gazebo-11/plugins:/opt/ros/humble/opt/rviz_ogre_vendor/lib:/opt/ros/humble/lib/x86_64-linux-gnu:/opt/ros/humble/lib PYTHONPATH=/home/rhobtor/reactive/Reactive-Navegation/workspace_full_conected/build/car/prefix_override:/usr/lib/python3/dist-packages/colcon_core/task/python/colcon_distutils_commands:/home/rhobtor/reactive/Reactive-Navegation/workspace_full_conected/install/car/lib/python3.10/site-packages:${PYTHONPATH} /usr/bin/python3 -W ignore:setup.py install is deprecated -W ignore:easy_install command is deprecated setup.py egg_info --egg-base ../../build/car build --build-base /home/rhobtor/reactive/Reactive-Navegation/workspace_full_conected/build/car/build install --record /home/rhobtor/reactive/Reactive-Navegation/workspace_full_conected/build/car/install.log --single-version-externally-managed install_data
