[0.276s] Invoking command in '/home/rhobtor/reactive/Reactive-Navegation/workspace_full_conected/build/car_cpp': CMAKE_PREFIX_PATH=${CMAKE_PREFIX_PATH}:/home/rhobtor/reactive/Reactive-Navegation/workspace_full_conected/install/car:/opt/ros/humble /usr/bin/cmake --build /home/rhobtor/reactive/Reactive-Navegation/workspace_full_conected/build/car_cpp -- -j4 -l4
[0.412s] [  5%] Built target navigation_nodes
[0.429s] [ 31%] Built target car_cpp
[0.464s] [35m[1mConsolidate compiler generated dependencies of target ground_remove[0m
[0.520s] [ 34%] [32mBuilding CXX object CMakeFiles/ground_remove.dir/src/ground_remove.cpp.o[0m
[0.548s] [ 40%] Built target camera_filter
[0.677s] [ 45%] Built target map_measure
[0.758s] [ 51%] Built target testo
[0.851s] [ 57%] Built target check_map
[0.935s] [ 62%] Built target path_planner_node
[1.126s] [ 68%] Built target control_plugin
[1.276s] [ 74%] Built target joints_plugin
[1.439s] [ 80%] Built target drive_plugin
[1.628s] [ 85%] Built target driver_plugin
[1.772s] [ 91%] Built target odometry_plugin
[1.817s] [35m[1mConsolidate compiler generated dependencies of target frontier_nodes[0m
[1.877s] [ 94%] [32mBuilding CXX object CMakeFiles/frontier_nodes.dir/src/frontier_nodes.cpp.o[0m
[4.215s] [01m[K/home/rhobtor/reactive/Reactive-Navegation/workspace_full_conected/src/car_cpp/src/ground_remove.cpp:[m[K In member function ‘[01m[Kvoid OctomapToOccupancyGrid::octomapCallback(octomap_msgs::msg::Octomap_<std::allocator<void> >::SharedPtr)[m[K’:
[4.215s] [01m[K/home/rhobtor/reactive/Reactive-Navegation/workspace_full_conected/src/car_cpp/src/ground_remove.cpp:26:31:[m[K [01;31m[Kerror: [m[Ktoo many arguments to function ‘[01m[Koctomap::AbstractOcTree* octomap_msgs::fullMsgToMap(const Octomap&)[m[K’
[4.215s]    26 |     [01;31m[Koctomap_msgs::fullMsgToMap(*msg, *tree)[m[K;
[4.215s]       |     [01;31m[K~~~~~~~~~~~~~~~~~~~~~~~~~~^~~~~~~~~~~~~[m[K
[4.215s] In file included from [01m[K/home/rhobtor/reactive/Reactive-Navegation/workspace_full_conected/src/car_cpp/src/ground_remove.cpp:5[m[K:
[4.215s] [01m[K/opt/ros/humble/include/octomap_msgs/octomap_msgs/conversions.h:55:42:[m[K [01;36m[Knote: [m[Kdeclared here
[4.215s]    55 |   static inline octomap::AbstractOcTree* [01;36m[KfullMsgToMap[m[K(const octomap_msgs::msg::Octomap& msg){
[4.215s]       |                                          [01;36m[K^~~~~~~~~~~~[m[K
[4.217s] [01m[K/home/rhobtor/reactive/Reactive-Navegation/workspace_full_conected/src/car_cpp/src/ground_remove.cpp:54:15:[m[K [01;31m[Kerror: [m[K‘[01m[Koctomap::OcTreeBaseImpl<octomap::OcTreeNode, octomap::AbstractOccupancyOcTree>::NodeType[m[K’ {aka ‘[01m[Kclass octomap::OcTreeNode[m[K’} has no member named ‘[01m[KgetZ[m[K’
[4.217s]    54 |       if (it->[01;31m[KgetZ[m[K() < ground_threshold_) {
[4.217s]       |               [01;31m[K^~~~[m[K
[4.771s] [01m[K/home/rhobtor/reactive/Reactive-Navegation/workspace_full_conected/src/car_cpp/src/frontier_nodes.cpp:[m[K In member function ‘[01m[Kvoid FrontierDetectionNode::octomapCallback(octomap_msgs::msg::Octomap_<std::allocator<void> >::SharedPtr)[m[K’:
[4.771s] [01m[K/home/rhobtor/reactive/Reactive-Navegation/workspace_full_conected/src/car_cpp/src/frontier_nodes.cpp:33:53:[m[K [01;31m[Kerror: [m[Kno matching function for call to ‘[01m[Koctomap::OcTree::getMetricMin()[m[K’
[4.771s]    33 |     octomap::point3d metric_min = [01;31m[Ktree->getMetricMin()[m[K;
[4.771s]       |                                   [01;31m[K~~~~~~~~~~~~~~~~~~^~[m[K
[4.771s] In file included from [01m[K/opt/ros/humble/include/octomap/OcTreeBaseImpl.h:573[m[K,
[4.771s]                  from [01m[K/opt/ros/humble/include/octomap/OccupancyOcTreeBase.h:44[m[K,
[4.771s]                  from [01m[K/opt/ros/humble/include/octomap/OcTree.h:38[m[K,
[4.771s]                  from [01m[K/opt/ros/humble/include/octomap/octomap.h:37[m[K,
[4.771s]                  from [01m[K/opt/ros/humble/include/octomap_msgs/octomap_msgs/conversions.h:41[m[K,
[4.771s]                  from [01m[K/home/rhobtor/reactive/Reactive-Navegation/workspace_full_conected/src/car_cpp/src/frontier_nodes.cpp:3[m[K:
[4.771s] [01m[K/opt/ros/humble/include/octomap/OcTreeBaseImpl.hxx:942:8:[m[K [01;36m[Knote: [m[Kcandidate: ‘[01m[Kvoid octomap::OcTreeBaseImpl<NODE, INTERFACE>::getMetricMin(double&, double&, double&) [with NODE = octomap::OcTreeNode; INTERFACE = octomap::AbstractOccupancyOcTree][m[K’
[4.771s]   942 |   void [01;36m[KOcTreeBaseImpl<NODE,I>[m[K::getMetricMin(double& x, double& y, double& z){
[4.771s]       |        [01;36m[K^~~~~~~~~~~~~~~~~~~~~~[m[K
[4.771s] [01m[K/opt/ros/humble/include/octomap/OcTreeBaseImpl.hxx:942:8:[m[K [01;36m[Knote: [m[K  candidate expects 3 arguments, 0 provided
[4.771s] [01m[K/opt/ros/humble/include/octomap/OcTreeBaseImpl.hxx:960:8:[m[K [01;36m[Knote: [m[Kcandidate: ‘[01m[Kvoid octomap::OcTreeBaseImpl<NODE, INTERFACE>::getMetricMin(double&, double&, double&) const [with NODE = octomap::OcTreeNode; INTERFACE = octomap::AbstractOccupancyOcTree][m[K’
[4.772s]   960 |   void [01;36m[KOcTreeBaseImpl<NODE,I>[m[K::getMetricMin(double& mx, double& my, double& mz) const {
[4.773s]       |        [01;36m[K^~~~~~~~~~~~~~~~~~~~~~[m[K
[4.773s] [01m[K/opt/ros/humble/include/octomap/OcTreeBaseImpl.hxx:960:8:[m[K [01;36m[Knote: [m[K  candidate expects 3 arguments, 0 provided
[4.773s] [01m[K/home/rhobtor/reactive/Reactive-Navegation/workspace_full_conected/src/car_cpp/src/frontier_nodes.cpp:34:53:[m[K [01;31m[Kerror: [m[Kno matching function for call to ‘[01m[Koctomap::OcTree::getMetricMax()[m[K’
[4.773s]    34 |     octomap::point3d metric_max = [01;31m[Ktree->getMetricMax()[m[K;
[4.773s]       |                                   [01;31m[K~~~~~~~~~~~~~~~~~~^~[m[K
[4.774s] In file included from [01m[K/opt/ros/humble/include/octomap/OcTreeBaseImpl.h:573[m[K,
[4.774s]                  from [01m[K/opt/ros/humble/include/octomap/OccupancyOcTreeBase.h:44[m[K,
[4.774s]                  from [01m[K/opt/ros/humble/include/octomap/OcTree.h:38[m[K,
[4.774s]                  from [01m[K/opt/ros/humble/include/octomap/octomap.h:37[m[K,
[4.774s]                  from [01m[K/opt/ros/humble/include/octomap_msgs/octomap_msgs/conversions.h:41[m[K,
[4.774s]                  from [01m[K/home/rhobtor/reactive/Reactive-Navegation/workspace_full_conected/src/car_cpp/src/frontier_nodes.cpp:3[m[K:
[4.774s] [01m[K/opt/ros/humble/include/octomap/OcTreeBaseImpl.hxx:950:8:[m[K [01;36m[Knote: [m[Kcandidate: ‘[01m[Kvoid octomap::OcTreeBaseImpl<NODE, INTERFACE>::getMetricMax(double&, double&, double&) [with NODE = octomap::OcTreeNode; INTERFACE = octomap::AbstractOccupancyOcTree][m[K’
[4.774s]   950 |   void [01;36m[KOcTreeBaseImpl<NODE,I>[m[K::getMetricMax(double& x, double& y, double& z){
[4.774s]       |        [01;36m[K^~~~~~~~~~~~~~~~~~~~~~[m[K
[4.774s] [01m[K/opt/ros/humble/include/octomap/OcTreeBaseImpl.hxx:950:8:[m[K [01;36m[Knote: [m[K  candidate expects 3 arguments, 0 provided
[4.774s] [01m[K/opt/ros/humble/include/octomap/OcTreeBaseImpl.hxx:988:8:[m[K [01;36m[Knote: [m[Kcandidate: ‘[01m[Kvoid octomap::OcTreeBaseImpl<NODE, INTERFACE>::getMetricMax(double&, double&, double&) const [with NODE = octomap::OcTreeNode; INTERFACE = octomap::AbstractOccupancyOcTree][m[K’
[4.774s]   988 |   void [01;36m[KOcTreeBaseImpl<NODE,I>[m[K::getMetricMax(double& mx, double& my, double& mz) const {
[4.774s]       |        [01;36m[K^~~~~~~~~~~~~~~~~~~~~~[m[K
[4.774s] [01m[K/opt/ros/humble/include/octomap/OcTreeBaseImpl.hxx:988:8:[m[K [01;36m[Knote: [m[K  candidate expects 3 arguments, 0 provided
[6.465s] gmake[2]: *** [CMakeFiles/ground_remove.dir/build.make:76: CMakeFiles/ground_remove.dir/src/ground_remove.cpp.o] Error 1
[6.465s] gmake[1]: *** [CMakeFiles/Makefile2:241: CMakeFiles/ground_remove.dir/all] Error 2
[6.466s] gmake[1]: *** Waiting for unfinished jobs....
[6.941s] gmake[2]: *** [CMakeFiles/frontier_nodes.dir/build.make:76: CMakeFiles/frontier_nodes.dir/src/frontier_nodes.cpp.o] Error 1
[6.942s] gmake[1]: *** [CMakeFiles/Makefile2:215: CMakeFiles/frontier_nodes.dir/all] Error 2
[6.942s] gmake: *** [Makefile:146: all] Error 2
[6.946s] Invoked command in '/home/rhobtor/reactive/Reactive-Navegation/workspace_full_conected/build/car_cpp' returned '2': CMAKE_PREFIX_PATH=${CMAKE_PREFIX_PATH}:/home/rhobtor/reactive/Reactive-Navegation/workspace_full_conected/install/car:/opt/ros/humble /usr/bin/cmake --build /home/rhobtor/reactive/Reactive-Navegation/workspace_full_conected/build/car_cpp -- -j4 -l4
