[0.047s] Invoking command in '/home/rhobtor/reactive/Reactive-Navegation/workspace_full_conected/build/car_interfaces': CMAKE_PREFIX_PATH=${CMAKE_PREFIX_PATH}:/home/rhobtor/reactive/Reactive-Navegation/workspace_full_conected/install/car:/opt/ros/humble /usr/bin/cmake --build /home/rhobtor/reactive/Reactive-Navegation/workspace_full_conected/build/car_interfaces -- -j4 -l4
[0.434s] [  3%] Built target car_interfaces__cpp
[0.710s] [  3%] Built target ament_cmake_python_copy_car_interfaces
[0.865s] [ 12%] Built target car_interfaces__rosidl_typesupport_fastrtps_cpp
[0.984s] [ 22%] Built target car_interfaces__rosidl_typesupport_introspection_cpp
[1.829s] running egg_info
[1.830s] writing car_interfaces.egg-info/PKG-INFO
[1.831s] writing dependency_links to car_interfaces.egg-info/dependency_links.txt
[1.831s] writing top-level names to car_interfaces.egg-info/top_level.txt
[1.844s] reading manifest file 'car_interfaces.egg-info/SOURCES.txt'
[1.844s] writing manifest file 'car_interfaces.egg-info/SOURCES.txt'
[1.966s] [ 22%] Built target ament_cmake_python_build_car_interfaces_egg
[2.134s] [ 32%] Built target car_interfaces__rosidl_typesupport_cpp
[2.290s] [ 41%] Built target car_interfaces__rosidl_generator_c
[2.425s] [ 51%] Built target car_interfaces__rosidl_typesupport_fastrtps_c
[2.645s] [ 61%] Built target car_interfaces__rosidl_typesupport_c
[2.816s] [ 70%] Built target car_interfaces__rosidl_typesupport_introspection_c
[2.960s] [ 70%] Built target car_interfaces
[3.131s] [ 74%] Built target car_interfaces__py
[3.292s] [ 80%] Built target car_interfaces__rosidl_generator_py
[3.448s] [ 87%] Built target car_interfaces__rosidl_typesupport_fastrtps_c__pyext
[3.602s] [ 93%] Built target car_interfaces__rosidl_typesupport_c__pyext
[3.724s] [100%] Built target car_interfaces__rosidl_typesupport_introspection_c__pyext
[3.784s] Invoked command in '/home/rhobtor/reactive/Reactive-Navegation/workspace_full_conected/build/car_interfaces' returned '0': CMAKE_PREFIX_PATH=${CMAKE_PREFIX_PATH}:/home/rhobtor/reactive/Reactive-Navegation/workspace_full_conected/install/car:/opt/ros/humble /usr/bin/cmake --build /home/rhobtor/reactive/Reactive-Navegation/workspace_full_conected/build/car_interfaces -- -j4 -l4
[3.794s] Invoking command in '/home/rhobtor/reactive/Reactive-Navegation/workspace_full_conected/build/car_interfaces': CMAKE_PREFIX_PATH=${CMAKE_PREFIX_PATH}:/home/rhobtor/reactive/Reactive-Navegation/workspace_full_conected/install/car:/opt/ros/humble /usr/bin/cmake --install /home/rhobtor/reactive/Reactive-Navegation/workspace_full_conected/build/car_interfaces
[3.865s] -- Install configuration: ""
[3.866s] -- Up-to-date: /home/rhobtor/reactive/Reactive-Navegation/workspace_full_conected/install/car_interfaces/share/ament_index/resource_index/rosidl_interfaces/car_interfaces
[3.867s] -- Up-to-date: /home/rhobtor/reactive/Reactive-Navegation/workspace_full_conected/install/car_interfaces/include/car_interfaces/car_interfaces
[3.867s] -- Up-to-date: /home/rhobtor/reactive/Reactive-Navegation/workspace_full_conected/install/car_interfaces/include/car_interfaces/car_interfaces/msg
[3.867s] -- Up-to-date: /home/rhobtor/reactive/Reactive-Navegation/workspace_full_conected/install/car_interfaces/include/car_interfaces/car_interfaces/msg/detail
[3.867s] -- Up-to-date: /home/rhobtor/reactive/Reactive-Navegation/workspace_full_conected/install/car_interfaces/include/car_interfaces/car_interfaces/msg/detail/graph__functions.c
[3.867s] -- Up-to-date: /home/rhobtor/reactive/Reactive-Navegation/workspace_full_conected/install/car_interfaces/include/car_interfaces/car_interfaces/msg/detail/graph__functions.h
[3.867s] -- Up-to-date: /home/rhobtor/reactive/Reactive-Navegation/workspace_full_conected/install/car_interfaces/include/car_interfaces/car_interfaces/msg/detail/graph__type_support.h
[3.867s] -- Up-to-date: /home/rhobtor/reactive/Reactive-Navegation/workspace_full_conected/install/car_interfaces/include/car_interfaces/car_interfaces/msg/detail/graph__struct.h
[3.867s] -- Up-to-date: /home/rhobtor/reactive/Reactive-Navegation/workspace_full_conected/install/car_interfaces/include/car_interfaces/car_interfaces/msg/rosidl_generator_c__visibility_control.h
[3.867s] -- Up-to-date: /home/rhobtor/reactive/Reactive-Navegation/workspace_full_conected/install/car_interfaces/include/car_interfaces/car_interfaces/msg/graph.h
[3.867s] -- Up-to-date: /home/rhobtor/reactive/Reactive-Navegation/workspace_full_conected/install/car_interfaces/share/car_interfaces/environment/library_path.sh
[3.868s] -- Up-to-date: /home/rhobtor/reactive/Reactive-Navegation/workspace_full_conected/install/car_interfaces/share/car_interfaces/environment/library_path.dsv
[3.868s] -- Up-to-date: /home/rhobtor/reactive/Reactive-Navegation/workspace_full_conected/install/car_interfaces/lib/libcar_interfaces__rosidl_generator_c.so
[3.872s] -- Up-to-date: /home/rhobtor/reactive/Reactive-Navegation/workspace_full_conected/install/car_interfaces/include/car_interfaces/car_interfaces
[3.872s] -- Up-to-date: /home/rhobtor/reactive/Reactive-Navegation/workspace_full_conected/install/car_interfaces/include/car_interfaces/car_interfaces/msg
[3.876s] -- Up-to-date: /home/rhobtor/reactive/Reactive-Navegation/workspace_full_conected/install/car_interfaces/include/car_interfaces/car_interfaces/msg/detail
[3.877s] -- Up-to-date: /home/rhobtor/reactive/Reactive-Navegation/workspace_full_conected/install/car_interfaces/include/car_interfaces/car_interfaces/msg/detail/graph__rosidl_typesupport_fastrtps_c.h
[3.878s] -- Up-to-date: /home/rhobtor/reactive/Reactive-Navegation/workspace_full_conected/install/car_interfaces/include/car_interfaces/car_interfaces/msg/rosidl_typesupport_fastrtps_c__visibility_control.h
[3.878s] -- Up-to-date: /home/rhobtor/reactive/Reactive-Navegation/workspace_full_conected/install/car_interfaces/lib/libcar_interfaces__rosidl_typesupport_fastrtps_c.so
[3.878s] -- Up-to-date: /home/rhobtor/reactive/Reactive-Navegation/workspace_full_conected/install/car_interfaces/include/car_interfaces/car_interfaces
[3.878s] -- Up-to-date: /home/rhobtor/reactive/Reactive-Navegation/workspace_full_conected/install/car_interfaces/include/car_interfaces/car_interfaces/msg
[3.881s] -- Up-to-date: /home/rhobtor/reactive/Reactive-Navegation/workspace_full_conected/install/car_interfaces/include/car_interfaces/car_interfaces/msg/graph.hpp
[3.881s] -- Up-to-date: /home/rhobtor/reactive/Reactive-Navegation/workspace_full_conected/install/car_interfaces/include/car_interfaces/car_interfaces/msg/detail
[3.881s] -- Up-to-date: /home/rhobtor/reactive/Reactive-Navegation/workspace_full_conected/install/car_interfaces/include/car_interfaces/car_interfaces/msg/detail/graph__type_support.hpp
[3.882s] -- Up-to-date: /home/rhobtor/reactive/Reactive-Navegation/workspace_full_conected/install/car_interfaces/include/car_interfaces/car_interfaces/msg/detail/graph__struct.hpp
[3.886s] -- Up-to-date: /home/rhobtor/reactive/Reactive-Navegation/workspace_full_conected/install/car_interfaces/include/car_interfaces/car_interfaces/msg/detail/graph__traits.hpp
[3.886s] -- Up-to-date: /home/rhobtor/reactive/Reactive-Navegation/workspace_full_conected/install/car_interfaces/include/car_interfaces/car_interfaces/msg/detail/graph__builder.hpp
[3.886s] -- Up-to-date: /home/rhobtor/reactive/Reactive-Navegation/workspace_full_conected/install/car_interfaces/include/car_interfaces/car_interfaces/msg/rosidl_generator_cpp__visibility_control.hpp
[3.887s] -- Up-to-date: /home/rhobtor/reactive/Reactive-Navegation/workspace_full_conected/install/car_interfaces/include/car_interfaces/car_interfaces
[3.889s] -- Up-to-date: /home/rhobtor/reactive/Reactive-Navegation/workspace_full_conected/install/car_interfaces/include/car_interfaces/car_interfaces/msg
[3.889s] -- Up-to-date: /home/rhobtor/reactive/Reactive-Navegation/workspace_full_conected/install/car_interfaces/include/car_interfaces/car_interfaces/msg/detail
[3.889s] -- Up-to-date: /home/rhobtor/reactive/Reactive-Navegation/workspace_full_conected/install/car_interfaces/include/car_interfaces/car_interfaces/msg/detail/dds_fastrtps
[3.889s] -- Up-to-date: /home/rhobtor/reactive/Reactive-Navegation/workspace_full_conected/install/car_interfaces/include/car_interfaces/car_interfaces/msg/detail/graph__rosidl_typesupport_fastrtps_cpp.hpp
[3.889s] -- Up-to-date: /home/rhobtor/reactive/Reactive-Navegation/workspace_full_conected/install/car_interfaces/include/car_interfaces/car_interfaces/msg/rosidl_typesupport_fastrtps_cpp__visibility_control.h
[3.896s] -- Up-to-date: /home/rhobtor/reactive/Reactive-Navegation/workspace_full_conected/install/car_interfaces/lib/libcar_interfaces__rosidl_typesupport_fastrtps_cpp.so
[3.896s] -- Up-to-date: /home/rhobtor/reactive/Reactive-Navegation/workspace_full_conected/install/car_interfaces/include/car_interfaces/car_interfaces
[3.896s] -- Up-to-date: /home/rhobtor/reactive/Reactive-Navegation/workspace_full_conected/install/car_interfaces/include/car_interfaces/car_interfaces/msg
[3.896s] -- Up-to-date: /home/rhobtor/reactive/Reactive-Navegation/workspace_full_conected/install/car_interfaces/include/car_interfaces/car_interfaces/msg/rosidl_typesupport_introspection_c__visibility_control.h
[3.896s] -- Up-to-date: /home/rhobtor/reactive/Reactive-Navegation/workspace_full_conected/install/car_interfaces/include/car_interfaces/car_interfaces/msg/detail
[3.896s] -- Up-to-date: /home/rhobtor/reactive/Reactive-Navegation/workspace_full_conected/install/car_interfaces/include/car_interfaces/car_interfaces/msg/detail/graph__type_support.c
[3.897s] -- Up-to-date: /home/rhobtor/reactive/Reactive-Navegation/workspace_full_conected/install/car_interfaces/include/car_interfaces/car_interfaces/msg/detail/graph__rosidl_typesupport_introspection_c.h
[3.897s] -- Up-to-date: /home/rhobtor/reactive/Reactive-Navegation/workspace_full_conected/install/car_interfaces/lib/libcar_interfaces__rosidl_typesupport_introspection_c.so
[3.897s] -- Up-to-date: /home/rhobtor/reactive/Reactive-Navegation/workspace_full_conected/install/car_interfaces/lib/libcar_interfaces__rosidl_typesupport_c.so
[3.898s] -- Up-to-date: /home/rhobtor/reactive/Reactive-Navegation/workspace_full_conected/install/car_interfaces/include/car_interfaces/car_interfaces
[3.898s] -- Up-to-date: /home/rhobtor/reactive/Reactive-Navegation/workspace_full_conected/install/car_interfaces/include/car_interfaces/car_interfaces/msg
[3.899s] -- Up-to-date: /home/rhobtor/reactive/Reactive-Navegation/workspace_full_conected/install/car_interfaces/include/car_interfaces/car_interfaces/msg/detail
[3.901s] -- Up-to-date: /home/rhobtor/reactive/Reactive-Navegation/workspace_full_conected/install/car_interfaces/include/car_interfaces/car_interfaces/msg/detail/graph__type_support.cpp
[3.901s] -- Up-to-date: /home/rhobtor/reactive/Reactive-Navegation/workspace_full_conected/install/car_interfaces/include/car_interfaces/car_interfaces/msg/detail/graph__rosidl_typesupport_introspection_cpp.hpp
[3.901s] -- Up-to-date: /home/rhobtor/reactive/Reactive-Navegation/workspace_full_conected/install/car_interfaces/lib/libcar_interfaces__rosidl_typesupport_introspection_cpp.so
[3.901s] -- Up-to-date: /home/rhobtor/reactive/Reactive-Navegation/workspace_full_conected/install/car_interfaces/lib/libcar_interfaces__rosidl_typesupport_cpp.so
[3.901s] -- Up-to-date: /home/rhobtor/reactive/Reactive-Navegation/workspace_full_conected/install/car_interfaces/share/car_interfaces/environment/pythonpath.sh
[3.901s] -- Up-to-date: /home/rhobtor/reactive/Reactive-Navegation/workspace_full_conected/install/car_interfaces/share/car_interfaces/environment/pythonpath.dsv
[3.901s] -- Up-to-date: /home/rhobtor/reactive/Reactive-Navegation/workspace_full_conected/install/car_interfaces/local/lib/python3.10/dist-packages/car_interfaces-0.0.0-py3.10.egg-info
[3.901s] -- Installing: /home/rhobtor/reactive/Reactive-Navegation/workspace_full_conected/install/car_interfaces/local/lib/python3.10/dist-packages/car_interfaces-0.0.0-py3.10.egg-info/PKG-INFO
[3.902s] -- Installing: /home/rhobtor/reactive/Reactive-Navegation/workspace_full_conected/install/car_interfaces/local/lib/python3.10/dist-packages/car_interfaces-0.0.0-py3.10.egg-info/top_level.txt
[3.902s] -- Installing: /home/rhobtor/reactive/Reactive-Navegation/workspace_full_conected/install/car_interfaces/local/lib/python3.10/dist-packages/car_interfaces-0.0.0-py3.10.egg-info/dependency_links.txt
[3.902s] -- Installing: /home/rhobtor/reactive/Reactive-Navegation/workspace_full_conected/install/car_interfaces/local/lib/python3.10/dist-packages/car_interfaces-0.0.0-py3.10.egg-info/SOURCES.txt
[3.902s] -- Up-to-date: /home/rhobtor/reactive/Reactive-Navegation/workspace_full_conected/install/car_interfaces/local/lib/python3.10/dist-packages/car_interfaces
[3.902s] -- Up-to-date: /home/rhobtor/reactive/Reactive-Navegation/workspace_full_conected/install/car_interfaces/local/lib/python3.10/dist-packages/car_interfaces/_car_interfaces_s.ep.rosidl_typesupport_introspection_c.c
[3.902s] -- Up-to-date: /home/rhobtor/reactive/Reactive-Navegation/workspace_full_conected/install/car_interfaces/local/lib/python3.10/dist-packages/car_interfaces/car_interfaces_s__rosidl_typesupport_introspection_c.cpython-310-x86_64-linux-gnu.so
[3.902s] -- Up-to-date: /home/rhobtor/reactive/Reactive-Navegation/workspace_full_conected/install/car_interfaces/local/lib/python3.10/dist-packages/car_interfaces/car_interfaces_s__rosidl_typesupport_c.cpython-310-x86_64-linux-gnu.so
[3.902s] -- Up-to-date: /home/rhobtor/reactive/Reactive-Navegation/workspace_full_conected/install/car_interfaces/local/lib/python3.10/dist-packages/car_interfaces/_car_interfaces_s.ep.rosidl_typesupport_c.c
[3.902s] -- Up-to-date: /home/rhobtor/reactive/Reactive-Navegation/workspace_full_conected/install/car_interfaces/local/lib/python3.10/dist-packages/car_interfaces/libcar_interfaces__rosidl_generator_py.so
[3.902s] -- Up-to-date: /home/rhobtor/reactive/Reactive-Navegation/workspace_full_conected/install/car_interfaces/local/lib/python3.10/dist-packages/car_interfaces/__init__.py
[3.902s] -- Up-to-date: /home/rhobtor/reactive/Reactive-Navegation/workspace_full_conected/install/car_interfaces/local/lib/python3.10/dist-packages/car_interfaces/msg
[3.903s] -- Up-to-date: /home/rhobtor/reactive/Reactive-Navegation/workspace_full_conected/install/car_interfaces/local/lib/python3.10/dist-packages/car_interfaces/msg/_graph_s.c
[3.903s] -- Up-to-date: /home/rhobtor/reactive/Reactive-Navegation/workspace_full_conected/install/car_interfaces/local/lib/python3.10/dist-packages/car_interfaces/msg/__init__.py
[3.903s] -- Up-to-date: /home/rhobtor/reactive/Reactive-Navegation/workspace_full_conected/install/car_interfaces/local/lib/python3.10/dist-packages/car_interfaces/msg/_graph.py
[3.913s] -- Up-to-date: /home/rhobtor/reactive/Reactive-Navegation/workspace_full_conected/install/car_interfaces/local/lib/python3.10/dist-packages/car_interfaces/_car_interfaces_s.ep.rosidl_typesupport_fastrtps_c.c
[3.913s] -- Up-to-date: /home/rhobtor/reactive/Reactive-Navegation/workspace_full_conected/install/car_interfaces/local/lib/python3.10/dist-packages/car_interfaces/car_interfaces_s__rosidl_typesupport_fastrtps_c.cpython-310-x86_64-linux-gnu.so
[4.049s] Listing '/home/rhobtor/reactive/Reactive-Navegation/workspace_full_conected/install/car_interfaces/local/lib/python3.10/dist-packages/car_interfaces'...
[4.049s] Listing '/home/rhobtor/reactive/Reactive-Navegation/workspace_full_conected/install/car_interfaces/local/lib/python3.10/dist-packages/car_interfaces/msg'...
[4.055s] -- Up-to-date: /home/rhobtor/reactive/Reactive-Navegation/workspace_full_conected/install/car_interfaces/local/lib/python3.10/dist-packages/car_interfaces/car_interfaces_s__rosidl_typesupport_fastrtps_c.cpython-310-x86_64-linux-gnu.so
[4.055s] -- Up-to-date: /home/rhobtor/reactive/Reactive-Navegation/workspace_full_conected/install/car_interfaces/local/lib/python3.10/dist-packages/car_interfaces/car_interfaces_s__rosidl_typesupport_introspection_c.cpython-310-x86_64-linux-gnu.so
[4.058s] -- Up-to-date: /home/rhobtor/reactive/Reactive-Navegation/workspace_full_conected/install/car_interfaces/local/lib/python3.10/dist-packages/car_interfaces/car_interfaces_s__rosidl_typesupport_c.cpython-310-x86_64-linux-gnu.so
[4.061s] -- Up-to-date: /home/rhobtor/reactive/Reactive-Navegation/workspace_full_conected/install/car_interfaces/lib/libcar_interfaces__rosidl_generator_py.so
[4.064s] -- Up-to-date: /home/rhobtor/reactive/Reactive-Navegation/workspace_full_conected/install/car_interfaces/share/car_interfaces/msg/Graph.idl
[4.064s] -- Up-to-date: /home/rhobtor/reactive/Reactive-Navegation/workspace_full_conected/install/car_interfaces/share/car_interfaces/msg/Graph.msg
[4.064s] -- Up-to-date: /home/rhobtor/reactive/Reactive-Navegation/workspace_full_conected/install/car_interfaces/share/ament_index/resource_index/package_run_dependencies/car_interfaces
[4.064s] -- Up-to-date: /home/rhobtor/reactive/Reactive-Navegation/workspace_full_conected/install/car_interfaces/share/ament_index/resource_index/parent_prefix_path/car_interfaces
[4.064s] -- Up-to-date: /home/rhobtor/reactive/Reactive-Navegation/workspace_full_conected/install/car_interfaces/share/car_interfaces/environment/ament_prefix_path.sh
[4.064s] -- Up-to-date: /home/rhobtor/reactive/Reactive-Navegation/workspace_full_conected/install/car_interfaces/share/car_interfaces/environment/ament_prefix_path.dsv
[4.065s] -- Up-to-date: /home/rhobtor/reactive/Reactive-Navegation/workspace_full_conected/install/car_interfaces/share/car_interfaces/environment/path.sh
[4.068s] -- Up-to-date: /home/rhobtor/reactive/Reactive-Navegation/workspace_full_conected/install/car_interfaces/share/car_interfaces/environment/path.dsv
[4.068s] -- Up-to-date: /home/rhobtor/reactive/Reactive-Navegation/workspace_full_conected/install/car_interfaces/share/car_interfaces/local_setup.bash
[4.068s] -- Up-to-date: /home/rhobtor/reactive/Reactive-Navegation/workspace_full_conected/install/car_interfaces/share/car_interfaces/local_setup.sh
[4.068s] -- Up-to-date: /home/rhobtor/reactive/Reactive-Navegation/workspace_full_conected/install/car_interfaces/share/car_interfaces/local_setup.zsh
[4.068s] -- Up-to-date: /home/rhobtor/reactive/Reactive-Navegation/workspace_full_conected/install/car_interfaces/share/car_interfaces/local_setup.dsv
[4.068s] -- Installing: /home/rhobtor/reactive/Reactive-Navegation/workspace_full_conected/install/car_interfaces/share/car_interfaces/package.dsv
[4.068s] -- Up-to-date: /home/rhobtor/reactive/Reactive-Navegation/workspace_full_conected/install/car_interfaces/share/ament_index/resource_index/packages/car_interfaces
[4.068s] -- Up-to-date: /home/rhobtor/reactive/Reactive-Navegation/workspace_full_conected/install/car_interfaces/share/car_interfaces/cmake/export_car_interfaces__rosidl_generator_cExport.cmake
[4.068s] -- Up-to-date: /home/rhobtor/reactive/Reactive-Navegation/workspace_full_conected/install/car_interfaces/share/car_interfaces/cmake/export_car_interfaces__rosidl_generator_cExport-noconfig.cmake
[4.069s] -- Up-to-date: /home/rhobtor/reactive/Reactive-Navegation/workspace_full_conected/install/car_interfaces/share/car_interfaces/cmake/export_car_interfaces__rosidl_typesupport_fastrtps_cExport.cmake
[4.069s] -- Up-to-date: /home/rhobtor/reactive/Reactive-Navegation/workspace_full_conected/install/car_interfaces/share/car_interfaces/cmake/export_car_interfaces__rosidl_typesupport_fastrtps_cExport-noconfig.cmake
[4.069s] -- Up-to-date: /home/rhobtor/reactive/Reactive-Navegation/workspace_full_conected/install/car_interfaces/share/car_interfaces/cmake/export_car_interfaces__rosidl_generator_cppExport.cmake
[4.069s] -- Up-to-date: /home/rhobtor/reactive/Reactive-Navegation/workspace_full_conected/install/car_interfaces/share/car_interfaces/cmake/export_car_interfaces__rosidl_typesupport_fastrtps_cppExport.cmake
[4.069s] -- Up-to-date: /home/rhobtor/reactive/Reactive-Navegation/workspace_full_conected/install/car_interfaces/share/car_interfaces/cmake/export_car_interfaces__rosidl_typesupport_fastrtps_cppExport-noconfig.cmake
[4.069s] -- Up-to-date: /home/rhobtor/reactive/Reactive-Navegation/workspace_full_conected/install/car_interfaces/share/car_interfaces/cmake/car_interfaces__rosidl_typesupport_introspection_cExport.cmake
[4.069s] -- Up-to-date: /home/rhobtor/reactive/Reactive-Navegation/workspace_full_conected/install/car_interfaces/share/car_interfaces/cmake/car_interfaces__rosidl_typesupport_introspection_cExport-noconfig.cmake
[4.069s] -- Up-to-date: /home/rhobtor/reactive/Reactive-Navegation/workspace_full_conected/install/car_interfaces/share/car_interfaces/cmake/car_interfaces__rosidl_typesupport_cExport.cmake
[4.070s] -- Up-to-date: /home/rhobtor/reactive/Reactive-Navegation/workspace_full_conected/install/car_interfaces/share/car_interfaces/cmake/car_interfaces__rosidl_typesupport_cExport-noconfig.cmake
[4.070s] -- Up-to-date: /home/rhobtor/reactive/Reactive-Navegation/workspace_full_conected/install/car_interfaces/share/car_interfaces/cmake/car_interfaces__rosidl_typesupport_introspection_cppExport.cmake
[4.070s] -- Up-to-date: /home/rhobtor/reactive/Reactive-Navegation/workspace_full_conected/install/car_interfaces/share/car_interfaces/cmake/car_interfaces__rosidl_typesupport_introspection_cppExport-noconfig.cmake
[4.070s] -- Up-to-date: /home/rhobtor/reactive/Reactive-Navegation/workspace_full_conected/install/car_interfaces/share/car_interfaces/cmake/car_interfaces__rosidl_typesupport_cppExport.cmake
[4.071s] -- Up-to-date: /home/rhobtor/reactive/Reactive-Navegation/workspace_full_conected/install/car_interfaces/share/car_interfaces/cmake/car_interfaces__rosidl_typesupport_cppExport-noconfig.cmake
[4.071s] -- Up-to-date: /home/rhobtor/reactive/Reactive-Navegation/workspace_full_conected/install/car_interfaces/share/car_interfaces/cmake/export_car_interfaces__rosidl_generator_pyExport.cmake
[4.071s] -- Up-to-date: /home/rhobtor/reactive/Reactive-Navegation/workspace_full_conected/install/car_interfaces/share/car_interfaces/cmake/export_car_interfaces__rosidl_generator_pyExport-noconfig.cmake
[4.071s] -- Up-to-date: /home/rhobtor/reactive/Reactive-Navegation/workspace_full_conected/install/car_interfaces/share/car_interfaces/cmake/rosidl_cmake-extras.cmake
[4.071s] -- Up-to-date: /home/rhobtor/reactive/Reactive-Navegation/workspace_full_conected/install/car_interfaces/share/car_interfaces/cmake/ament_cmake_export_dependencies-extras.cmake
[4.074s] -- Up-to-date: /home/rhobtor/reactive/Reactive-Navegation/workspace_full_conected/install/car_interfaces/share/car_interfaces/cmake/ament_cmake_export_include_directories-extras.cmake
[4.074s] -- Up-to-date: /home/rhobtor/reactive/Reactive-Navegation/workspace_full_conected/install/car_interfaces/share/car_interfaces/cmake/ament_cmake_export_libraries-extras.cmake
[4.074s] -- Up-to-date: /home/rhobtor/reactive/Reactive-Navegation/workspace_full_conected/install/car_interfaces/share/car_interfaces/cmake/ament_cmake_export_targets-extras.cmake
[4.074s] -- Up-to-date: /home/rhobtor/reactive/Reactive-Navegation/workspace_full_conected/install/car_interfaces/share/car_interfaces/cmake/rosidl_cmake_export_typesupport_targets-extras.cmake
[4.075s] -- Up-to-date: /home/rhobtor/reactive/Reactive-Navegation/workspace_full_conected/install/car_interfaces/share/car_interfaces/cmake/rosidl_cmake_export_typesupport_libraries-extras.cmake
[4.080s] -- Up-to-date: /home/rhobtor/reactive/Reactive-Navegation/workspace_full_conected/install/car_interfaces/share/car_interfaces/cmake/car_interfacesConfig.cmake
[4.080s] -- Up-to-date: /home/rhobtor/reactive/Reactive-Navegation/workspace_full_conected/install/car_interfaces/share/car_interfaces/cmake/car_interfacesConfig-version.cmake
[4.080s] -- Up-to-date: /home/rhobtor/reactive/Reactive-Navegation/workspace_full_conected/install/car_interfaces/share/car_interfaces/package.xml
[4.086s] Invoked command in '/home/rhobtor/reactive/Reactive-Navegation/workspace_full_conected/build/car_interfaces' returned '0': CMAKE_PREFIX_PATH=${CMAKE_PREFIX_PATH}:/home/rhobtor/reactive/Reactive-Navegation/workspace_full_conected/install/car:/opt/ros/humble /usr/bin/cmake --install /home/rhobtor/reactive/Reactive-Navegation/workspace_full_conected/build/car_interfaces
