[0.009s] Invoking command in '/home/rhobtor/reactive/Reactive-Navegation/workspace_full_conected/build/hector_gazebo_plugins': CMAKE_PREFIX_PATH=${CMAKE_PREFIX_PATH}:/home/rhobtor/reactive/Reactive-Navegation/workspace_full_conected/install/car:/opt/ros/humble /usr/bin/cmake --build /home/rhobtor/reactive/Reactive-Navegation/workspace_full_conected/build/hector_gazebo_plugins -- -j20 -l20
[0.047s] [  2%] Built target hector_gazebo_plugins__cpp
[0.056s] [  4%] Built target ament_cmake_python_copy_hector_gazebo_plugins
[0.056s] [ 10%] Built target hector_gazebo_plugins__rosidl_generator_c
[0.063s] [ 14%] Built target hector_gazebo_reset_plugin
[0.063s] [ 18%] Built target hector_gazebo_ros_magnetic
[0.068s] [ 22%] Built target hector_gazebo_ros_sonar
[0.069s] [ 30%] Built target hector_gazebo_plugins__rosidl_typesupport_fastrtps_cpp
[0.070s] [ 38%] Built target hector_gazebo_plugins__rosidl_typesupport_cpp
[0.073s] [ 46%] Built target hector_gazebo_plugins__rosidl_typesupport_introspection_cpp
[0.074s] [ 55%] Built target hector_gazebo_plugins__rosidl_typesupport_c
[0.074s] [ 63%] Built target hector_gazebo_plugins__rosidl_typesupport_introspection_c
[0.077s] [ 71%] Built target hector_gazebo_plugins__rosidl_typesupport_fastrtps_c
[0.089s] [ 71%] Built target hector_gazebo_plugins
[0.096s] [ 75%] Built target hector_gazebo_ros_gps
[0.096s] [ 79%] Built target hector_gazebo_ros_imu
[0.103s] [ 81%] Built target hector_gazebo_plugins__py
[0.121s] [ 87%] Built target hector_gazebo_plugins__rosidl_generator_py
[0.138s] [ 97%] Built target hector_gazebo_plugins__rosidl_typesupport_introspection_c__pyext
[0.138s] [ 97%] Built target hector_gazebo_plugins__rosidl_typesupport_fastrtps_c__pyext
[0.138s] [100%] Built target hector_gazebo_plugins__rosidl_typesupport_c__pyext
[0.227s] running egg_info
[0.227s] writing hector_gazebo_plugins.egg-info/PKG-INFO
[0.227s] writing dependency_links to hector_gazebo_plugins.egg-info/dependency_links.txt
[0.227s] writing top-level names to hector_gazebo_plugins.egg-info/top_level.txt
[0.229s] reading manifest file 'hector_gazebo_plugins.egg-info/SOURCES.txt'
[0.229s] writing manifest file 'hector_gazebo_plugins.egg-info/SOURCES.txt'
[0.248s] [100%] Built target ament_cmake_python_build_hector_gazebo_plugins_egg
[0.259s] Invoked command in '/home/rhobtor/reactive/Reactive-Navegation/workspace_full_conected/build/hector_gazebo_plugins' returned '0': CMAKE_PREFIX_PATH=${CMAKE_PREFIX_PATH}:/home/rhobtor/reactive/Reactive-Navegation/workspace_full_conected/install/car:/opt/ros/humble /usr/bin/cmake --build /home/rhobtor/reactive/Reactive-Navegation/workspace_full_conected/build/hector_gazebo_plugins -- -j20 -l20
[0.260s] Invoking command in '/home/rhobtor/reactive/Reactive-Navegation/workspace_full_conected/build/hector_gazebo_plugins': CMAKE_PREFIX_PATH=${CMAKE_PREFIX_PATH}:/home/rhobtor/reactive/Reactive-Navegation/workspace_full_conected/install/car:/opt/ros/humble /usr/bin/cmake --install /home/rhobtor/reactive/Reactive-Navegation/workspace_full_conected/build/hector_gazebo_plugins
[0.266s] -- Install configuration: ""
[0.266s] -- Up-to-date: /home/rhobtor/reactive/Reactive-Navegation/workspace_full_conected/install/hector_gazebo_plugins/share/ament_index/resource_index/rosidl_interfaces/hector_gazebo_plugins
[0.266s] -- Up-to-date: /home/rhobtor/reactive/Reactive-Navegation/workspace_full_conected/install/hector_gazebo_plugins/include/hector_gazebo_plugins/hector_gazebo_plugins
[0.266s] -- Up-to-date: /home/rhobtor/reactive/Reactive-Navegation/workspace_full_conected/install/hector_gazebo_plugins/include/hector_gazebo_plugins/hector_gazebo_plugins/srv
[0.266s] -- Up-to-date: /home/rhobtor/reactive/Reactive-Navegation/workspace_full_conected/install/hector_gazebo_plugins/include/hector_gazebo_plugins/hector_gazebo_plugins/srv/set_reference_geo_pose.h
[0.266s] -- Up-to-date: /home/rhobtor/reactive/Reactive-Navegation/workspace_full_conected/install/hector_gazebo_plugins/include/hector_gazebo_plugins/hector_gazebo_plugins/srv/set_bias.h
[0.267s] -- Up-to-date: /home/rhobtor/reactive/Reactive-Navegation/workspace_full_conected/install/hector_gazebo_plugins/include/hector_gazebo_plugins/hector_gazebo_plugins/srv/detail
[0.267s] -- Up-to-date: /home/rhobtor/reactive/Reactive-Navegation/workspace_full_conected/install/hector_gazebo_plugins/include/hector_gazebo_plugins/hector_gazebo_plugins/srv/detail/set_bias__functions.h
[0.267s] -- Up-to-date: /home/rhobtor/reactive/Reactive-Navegation/workspace_full_conected/install/hector_gazebo_plugins/include/hector_gazebo_plugins/hector_gazebo_plugins/srv/detail/set_bias__struct.h
[0.267s] -- Up-to-date: /home/rhobtor/reactive/Reactive-Navegation/workspace_full_conected/install/hector_gazebo_plugins/include/hector_gazebo_plugins/hector_gazebo_plugins/srv/detail/set_reference_geo_pose__struct.h
[0.267s] -- Up-to-date: /home/rhobtor/reactive/Reactive-Navegation/workspace_full_conected/install/hector_gazebo_plugins/include/hector_gazebo_plugins/hector_gazebo_plugins/srv/detail/set_reference_geo_pose__type_support.h
[0.267s] -- Up-to-date: /home/rhobtor/reactive/Reactive-Navegation/workspace_full_conected/install/hector_gazebo_plugins/include/hector_gazebo_plugins/hector_gazebo_plugins/srv/detail/set_bias__type_support.h
[0.267s] -- Up-to-date: /home/rhobtor/reactive/Reactive-Navegation/workspace_full_conected/install/hector_gazebo_plugins/include/hector_gazebo_plugins/hector_gazebo_plugins/srv/detail/set_reference_geo_pose__functions.c
[0.267s] -- Up-to-date: /home/rhobtor/reactive/Reactive-Navegation/workspace_full_conected/install/hector_gazebo_plugins/include/hector_gazebo_plugins/hector_gazebo_plugins/srv/detail/set_reference_geo_pose__functions.h
[0.267s] -- Up-to-date: /home/rhobtor/reactive/Reactive-Navegation/workspace_full_conected/install/hector_gazebo_plugins/include/hector_gazebo_plugins/hector_gazebo_plugins/srv/detail/set_bias__functions.c
[0.267s] -- Up-to-date: /home/rhobtor/reactive/Reactive-Navegation/workspace_full_conected/install/hector_gazebo_plugins/include/hector_gazebo_plugins/hector_gazebo_plugins/msg
[0.267s] -- Up-to-date: /home/rhobtor/reactive/Reactive-Navegation/workspace_full_conected/install/hector_gazebo_plugins/include/hector_gazebo_plugins/hector_gazebo_plugins/msg/rosidl_generator_c__visibility_control.h
[0.267s] -- Up-to-date: /home/rhobtor/reactive/Reactive-Navegation/workspace_full_conected/install/hector_gazebo_plugins/share/hector_gazebo_plugins/environment/library_path.sh
[0.267s] -- Up-to-date: /home/rhobtor/reactive/Reactive-Navegation/workspace_full_conected/install/hector_gazebo_plugins/share/hector_gazebo_plugins/environment/library_path.dsv
[0.267s] -- Up-to-date: /home/rhobtor/reactive/Reactive-Navegation/workspace_full_conected/install/hector_gazebo_plugins/lib/libhector_gazebo_plugins__rosidl_generator_c.so
[0.267s] -- Up-to-date: /home/rhobtor/reactive/Reactive-Navegation/workspace_full_conected/install/hector_gazebo_plugins/include/hector_gazebo_plugins/hector_gazebo_plugins
[0.267s] -- Up-to-date: /home/rhobtor/reactive/Reactive-Navegation/workspace_full_conected/install/hector_gazebo_plugins/include/hector_gazebo_plugins/hector_gazebo_plugins/srv
[0.267s] -- Up-to-date: /home/rhobtor/reactive/Reactive-Navegation/workspace_full_conected/install/hector_gazebo_plugins/include/hector_gazebo_plugins/hector_gazebo_plugins/srv/detail
[0.267s] -- Up-to-date: /home/rhobtor/reactive/Reactive-Navegation/workspace_full_conected/install/hector_gazebo_plugins/include/hector_gazebo_plugins/hector_gazebo_plugins/srv/detail/set_reference_geo_pose__rosidl_typesupport_fastrtps_c.h
[0.267s] -- Up-to-date: /home/rhobtor/reactive/Reactive-Navegation/workspace_full_conected/install/hector_gazebo_plugins/include/hector_gazebo_plugins/hector_gazebo_plugins/srv/detail/set_bias__rosidl_typesupport_fastrtps_c.h
[0.267s] -- Up-to-date: /home/rhobtor/reactive/Reactive-Navegation/workspace_full_conected/install/hector_gazebo_plugins/include/hector_gazebo_plugins/hector_gazebo_plugins/msg
[0.267s] -- Up-to-date: /home/rhobtor/reactive/Reactive-Navegation/workspace_full_conected/install/hector_gazebo_plugins/include/hector_gazebo_plugins/hector_gazebo_plugins/msg/rosidl_typesupport_fastrtps_c__visibility_control.h
[0.267s] -- Up-to-date: /home/rhobtor/reactive/Reactive-Navegation/workspace_full_conected/install/hector_gazebo_plugins/lib/libhector_gazebo_plugins__rosidl_typesupport_fastrtps_c.so
[0.267s] -- Up-to-date: /home/rhobtor/reactive/Reactive-Navegation/workspace_full_conected/install/hector_gazebo_plugins/include/hector_gazebo_plugins/hector_gazebo_plugins
[0.267s] -- Up-to-date: /home/rhobtor/reactive/Reactive-Navegation/workspace_full_conected/install/hector_gazebo_plugins/include/hector_gazebo_plugins/hector_gazebo_plugins/srv
[0.267s] -- Up-to-date: /home/rhobtor/reactive/Reactive-Navegation/workspace_full_conected/install/hector_gazebo_plugins/include/hector_gazebo_plugins/hector_gazebo_plugins/srv/set_reference_geo_pose.hpp
[0.267s] -- Up-to-date: /home/rhobtor/reactive/Reactive-Navegation/workspace_full_conected/install/hector_gazebo_plugins/include/hector_gazebo_plugins/hector_gazebo_plugins/srv/set_bias.hpp
[0.267s] -- Up-to-date: /home/rhobtor/reactive/Reactive-Navegation/workspace_full_conected/install/hector_gazebo_plugins/include/hector_gazebo_plugins/hector_gazebo_plugins/srv/detail
[0.267s] -- Up-to-date: /home/rhobtor/reactive/Reactive-Navegation/workspace_full_conected/install/hector_gazebo_plugins/include/hector_gazebo_plugins/hector_gazebo_plugins/srv/detail/set_reference_geo_pose__type_support.hpp
[0.267s] -- Up-to-date: /home/rhobtor/reactive/Reactive-Navegation/workspace_full_conected/install/hector_gazebo_plugins/include/hector_gazebo_plugins/hector_gazebo_plugins/srv/detail/set_reference_geo_pose__builder.hpp
[0.268s] -- Up-to-date: /home/rhobtor/reactive/Reactive-Navegation/workspace_full_conected/install/hector_gazebo_plugins/include/hector_gazebo_plugins/hector_gazebo_plugins/srv/detail/set_bias__struct.hpp
[0.268s] -- Up-to-date: /home/rhobtor/reactive/Reactive-Navegation/workspace_full_conected/install/hector_gazebo_plugins/include/hector_gazebo_plugins/hector_gazebo_plugins/srv/detail/set_bias__builder.hpp
[0.268s] -- Up-to-date: /home/rhobtor/reactive/Reactive-Navegation/workspace_full_conected/install/hector_gazebo_plugins/include/hector_gazebo_plugins/hector_gazebo_plugins/srv/detail/set_reference_geo_pose__traits.hpp
[0.268s] -- Up-to-date: /home/rhobtor/reactive/Reactive-Navegation/workspace_full_conected/install/hector_gazebo_plugins/include/hector_gazebo_plugins/hector_gazebo_plugins/srv/detail/set_bias__traits.hpp
[0.268s] -- Up-to-date: /home/rhobtor/reactive/Reactive-Navegation/workspace_full_conected/install/hector_gazebo_plugins/include/hector_gazebo_plugins/hector_gazebo_plugins/srv/detail/set_bias__type_support.hpp
[0.268s] -- Up-to-date: /home/rhobtor/reactive/Reactive-Navegation/workspace_full_conected/install/hector_gazebo_plugins/include/hector_gazebo_plugins/hector_gazebo_plugins/srv/detail/set_reference_geo_pose__struct.hpp
[0.268s] -- Up-to-date: /home/rhobtor/reactive/Reactive-Navegation/workspace_full_conected/install/hector_gazebo_plugins/include/hector_gazebo_plugins/hector_gazebo_plugins/msg
[0.268s] -- Up-to-date: /home/rhobtor/reactive/Reactive-Navegation/workspace_full_conected/install/hector_gazebo_plugins/include/hector_gazebo_plugins/hector_gazebo_plugins/msg/rosidl_generator_cpp__visibility_control.hpp
[0.268s] -- Up-to-date: /home/rhobtor/reactive/Reactive-Navegation/workspace_full_conected/install/hector_gazebo_plugins/include/hector_gazebo_plugins/hector_gazebo_plugins
[0.268s] -- Up-to-date: /home/rhobtor/reactive/Reactive-Navegation/workspace_full_conected/install/hector_gazebo_plugins/include/hector_gazebo_plugins/hector_gazebo_plugins/srv
[0.268s] -- Up-to-date: /home/rhobtor/reactive/Reactive-Navegation/workspace_full_conected/install/hector_gazebo_plugins/include/hector_gazebo_plugins/hector_gazebo_plugins/srv/detail
[0.268s] -- Up-to-date: /home/rhobtor/reactive/Reactive-Navegation/workspace_full_conected/install/hector_gazebo_plugins/include/hector_gazebo_plugins/hector_gazebo_plugins/srv/detail/dds_fastrtps
[0.268s] -- Up-to-date: /home/rhobtor/reactive/Reactive-Navegation/workspace_full_conected/install/hector_gazebo_plugins/include/hector_gazebo_plugins/hector_gazebo_plugins/srv/detail/set_bias__rosidl_typesupport_fastrtps_cpp.hpp
[0.268s] -- Up-to-date: /home/rhobtor/reactive/Reactive-Navegation/workspace_full_conected/install/hector_gazebo_plugins/include/hector_gazebo_plugins/hector_gazebo_plugins/srv/detail/set_reference_geo_pose__rosidl_typesupport_fastrtps_cpp.hpp
[0.268s] -- Up-to-date: /home/rhobtor/reactive/Reactive-Navegation/workspace_full_conected/install/hector_gazebo_plugins/include/hector_gazebo_plugins/hector_gazebo_plugins/msg
[0.268s] -- Up-to-date: /home/rhobtor/reactive/Reactive-Navegation/workspace_full_conected/install/hector_gazebo_plugins/include/hector_gazebo_plugins/hector_gazebo_plugins/msg/rosidl_typesupport_fastrtps_cpp__visibility_control.h
[0.268s] -- Up-to-date: /home/rhobtor/reactive/Reactive-Navegation/workspace_full_conected/install/hector_gazebo_plugins/lib/libhector_gazebo_plugins__rosidl_typesupport_fastrtps_cpp.so
[0.268s] -- Up-to-date: /home/rhobtor/reactive/Reactive-Navegation/workspace_full_conected/install/hector_gazebo_plugins/include/hector_gazebo_plugins/hector_gazebo_plugins
[0.268s] -- Up-to-date: /home/rhobtor/reactive/Reactive-Navegation/workspace_full_conected/install/hector_gazebo_plugins/include/hector_gazebo_plugins/hector_gazebo_plugins/srv
[0.268s] -- Up-to-date: /home/rhobtor/reactive/Reactive-Navegation/workspace_full_conected/install/hector_gazebo_plugins/include/hector_gazebo_plugins/hector_gazebo_plugins/srv/detail
[0.268s] -- Up-to-date: /home/rhobtor/reactive/Reactive-Navegation/workspace_full_conected/install/hector_gazebo_plugins/include/hector_gazebo_plugins/hector_gazebo_plugins/srv/detail/set_reference_geo_pose__rosidl_typesupport_introspection_c.h
[0.268s] -- Up-to-date: /home/rhobtor/reactive/Reactive-Navegation/workspace_full_conected/install/hector_gazebo_plugins/include/hector_gazebo_plugins/hector_gazebo_plugins/srv/detail/set_bias__type_support.c
[0.268s] -- Up-to-date: /home/rhobtor/reactive/Reactive-Navegation/workspace_full_conected/install/hector_gazebo_plugins/include/hector_gazebo_plugins/hector_gazebo_plugins/srv/detail/set_reference_geo_pose__type_support.c
[0.268s] -- Up-to-date: /home/rhobtor/reactive/Reactive-Navegation/workspace_full_conected/install/hector_gazebo_plugins/include/hector_gazebo_plugins/hector_gazebo_plugins/srv/detail/set_bias__rosidl_typesupport_introspection_c.h
[0.268s] -- Up-to-date: /home/rhobtor/reactive/Reactive-Navegation/workspace_full_conected/install/hector_gazebo_plugins/include/hector_gazebo_plugins/hector_gazebo_plugins/msg
[0.268s] -- Up-to-date: /home/rhobtor/reactive/Reactive-Navegation/workspace_full_conected/install/hector_gazebo_plugins/include/hector_gazebo_plugins/hector_gazebo_plugins/msg/rosidl_typesupport_introspection_c__visibility_control.h
[0.268s] -- Up-to-date: /home/rhobtor/reactive/Reactive-Navegation/workspace_full_conected/install/hector_gazebo_plugins/lib/libhector_gazebo_plugins__rosidl_typesupport_introspection_c.so
[0.268s] -- Up-to-date: /home/rhobtor/reactive/Reactive-Navegation/workspace_full_conected/install/hector_gazebo_plugins/lib/libhector_gazebo_plugins__rosidl_typesupport_c.so
[0.268s] -- Up-to-date: /home/rhobtor/reactive/Reactive-Navegation/workspace_full_conected/install/hector_gazebo_plugins/include/hector_gazebo_plugins/hector_gazebo_plugins
[0.268s] -- Up-to-date: /home/rhobtor/reactive/Reactive-Navegation/workspace_full_conected/install/hector_gazebo_plugins/include/hector_gazebo_plugins/hector_gazebo_plugins/srv
[0.268s] -- Up-to-date: /home/rhobtor/reactive/Reactive-Navegation/workspace_full_conected/install/hector_gazebo_plugins/include/hector_gazebo_plugins/hector_gazebo_plugins/srv/detail
[0.269s] -- Up-to-date: /home/rhobtor/reactive/Reactive-Navegation/workspace_full_conected/install/hector_gazebo_plugins/include/hector_gazebo_plugins/hector_gazebo_plugins/srv/detail/set_reference_geo_pose__type_support.cpp
[0.269s] -- Up-to-date: /home/rhobtor/reactive/Reactive-Navegation/workspace_full_conected/install/hector_gazebo_plugins/include/hector_gazebo_plugins/hector_gazebo_plugins/srv/detail/set_bias__type_support.cpp
[0.269s] -- Up-to-date: /home/rhobtor/reactive/Reactive-Navegation/workspace_full_conected/install/hector_gazebo_plugins/include/hector_gazebo_plugins/hector_gazebo_plugins/srv/detail/set_reference_geo_pose__rosidl_typesupport_introspection_cpp.hpp
[0.269s] -- Up-to-date: /home/rhobtor/reactive/Reactive-Navegation/workspace_full_conected/install/hector_gazebo_plugins/include/hector_gazebo_plugins/hector_gazebo_plugins/srv/detail/set_bias__rosidl_typesupport_introspection_cpp.hpp
[0.269s] -- Up-to-date: /home/rhobtor/reactive/Reactive-Navegation/workspace_full_conected/install/hector_gazebo_plugins/lib/libhector_gazebo_plugins__rosidl_typesupport_introspection_cpp.so
[0.269s] -- Up-to-date: /home/rhobtor/reactive/Reactive-Navegation/workspace_full_conected/install/hector_gazebo_plugins/lib/libhector_gazebo_plugins__rosidl_typesupport_cpp.so
[0.269s] -- Up-to-date: /home/rhobtor/reactive/Reactive-Navegation/workspace_full_conected/install/hector_gazebo_plugins/share/hector_gazebo_plugins/environment/pythonpath.sh
[0.269s] -- Up-to-date: /home/rhobtor/reactive/Reactive-Navegation/workspace_full_conected/install/hector_gazebo_plugins/share/hector_gazebo_plugins/environment/pythonpath.dsv
[0.269s] -- Up-to-date: /home/rhobtor/reactive/Reactive-Navegation/workspace_full_conected/install/hector_gazebo_plugins/local/lib/python3.10/dist-packages/hector_gazebo_plugins-0.5.4-py3.10.egg-info
[0.269s] -- Installing: /home/rhobtor/reactive/Reactive-Navegation/workspace_full_conected/install/hector_gazebo_plugins/local/lib/python3.10/dist-packages/hector_gazebo_plugins-0.5.4-py3.10.egg-info/PKG-INFO
[0.269s] -- Installing: /home/rhobtor/reactive/Reactive-Navegation/workspace_full_conected/install/hector_gazebo_plugins/local/lib/python3.10/dist-packages/hector_gazebo_plugins-0.5.4-py3.10.egg-info/dependency_links.txt
[0.269s] -- Installing: /home/rhobtor/reactive/Reactive-Navegation/workspace_full_conected/install/hector_gazebo_plugins/local/lib/python3.10/dist-packages/hector_gazebo_plugins-0.5.4-py3.10.egg-info/SOURCES.txt
[0.269s] -- Installing: /home/rhobtor/reactive/Reactive-Navegation/workspace_full_conected/install/hector_gazebo_plugins/local/lib/python3.10/dist-packages/hector_gazebo_plugins-0.5.4-py3.10.egg-info/top_level.txt
[0.269s] -- Up-to-date: /home/rhobtor/reactive/Reactive-Navegation/workspace_full_conected/install/hector_gazebo_plugins/local/lib/python3.10/dist-packages/hector_gazebo_plugins
[0.269s] -- Up-to-date: /home/rhobtor/reactive/Reactive-Navegation/workspace_full_conected/install/hector_gazebo_plugins/local/lib/python3.10/dist-packages/hector_gazebo_plugins/hector_gazebo_plugins_s__rosidl_typesupport_c.cpython-310-x86_64-linux-gnu.so
[0.269s] -- Up-to-date: /home/rhobtor/reactive/Reactive-Navegation/workspace_full_conected/install/hector_gazebo_plugins/local/lib/python3.10/dist-packages/hector_gazebo_plugins/srv
[0.269s] -- Up-to-date: /home/rhobtor/reactive/Reactive-Navegation/workspace_full_conected/install/hector_gazebo_plugins/local/lib/python3.10/dist-packages/hector_gazebo_plugins/srv/_set_bias.py
[0.269s] -- Up-to-date: /home/rhobtor/reactive/Reactive-Navegation/workspace_full_conected/install/hector_gazebo_plugins/local/lib/python3.10/dist-packages/hector_gazebo_plugins/srv/_set_reference_geo_pose.py
[0.269s] -- Up-to-date: /home/rhobtor/reactive/Reactive-Navegation/workspace_full_conected/install/hector_gazebo_plugins/local/lib/python3.10/dist-packages/hector_gazebo_plugins/srv/_set_bias_s.c
[0.269s] -- Up-to-date: /home/rhobtor/reactive/Reactive-Navegation/workspace_full_conected/install/hector_gazebo_plugins/local/lib/python3.10/dist-packages/hector_gazebo_plugins/srv/_set_reference_geo_pose_s.c
[0.269s] -- Up-to-date: /home/rhobtor/reactive/Reactive-Navegation/workspace_full_conected/install/hector_gazebo_plugins/local/lib/python3.10/dist-packages/hector_gazebo_plugins/srv/__init__.py
[0.269s] -- Up-to-date: /home/rhobtor/reactive/Reactive-Navegation/workspace_full_conected/install/hector_gazebo_plugins/local/lib/python3.10/dist-packages/hector_gazebo_plugins/_hector_gazebo_plugins_s.ep.rosidl_typesupport_introspection_c.c
[0.269s] -- Up-to-date: /home/rhobtor/reactive/Reactive-Navegation/workspace_full_conected/install/hector_gazebo_plugins/local/lib/python3.10/dist-packages/hector_gazebo_plugins/hector_gazebo_plugins_s__rosidl_typesupport_introspection_c.cpython-310-x86_64-linux-gnu.so
[0.269s] -- Up-to-date: /home/rhobtor/reactive/Reactive-Navegation/workspace_full_conected/install/hector_gazebo_plugins/local/lib/python3.10/dist-packages/hector_gazebo_plugins/libhector_gazebo_plugins__rosidl_generator_py.so
[0.269s] -- Up-to-date: /home/rhobtor/reactive/Reactive-Navegation/workspace_full_conected/install/hector_gazebo_plugins/local/lib/python3.10/dist-packages/hector_gazebo_plugins/_hector_gazebo_plugins_s.ep.rosidl_typesupport_c.c
[0.269s] -- Up-to-date: /home/rhobtor/reactive/Reactive-Navegation/workspace_full_conected/install/hector_gazebo_plugins/local/lib/python3.10/dist-packages/hector_gazebo_plugins/_hector_gazebo_plugins_s.ep.rosidl_typesupport_fastrtps_c.c
[0.269s] -- Up-to-date: /home/rhobtor/reactive/Reactive-Navegation/workspace_full_conected/install/hector_gazebo_plugins/local/lib/python3.10/dist-packages/hector_gazebo_plugins/__init__.py
[0.269s] -- Up-to-date: /home/rhobtor/reactive/Reactive-Navegation/workspace_full_conected/install/hector_gazebo_plugins/local/lib/python3.10/dist-packages/hector_gazebo_plugins/hector_gazebo_plugins_s__rosidl_typesupport_fastrtps_c.cpython-310-x86_64-linux-gnu.so
[0.288s] Listing '/home/rhobtor/reactive/Reactive-Navegation/workspace_full_conected/install/hector_gazebo_plugins/local/lib/python3.10/dist-packages/hector_gazebo_plugins'...
[0.289s] Listing '/home/rhobtor/reactive/Reactive-Navegation/workspace_full_conected/install/hector_gazebo_plugins/local/lib/python3.10/dist-packages/hector_gazebo_plugins/srv'...
[0.291s] -- Up-to-date: /home/rhobtor/reactive/Reactive-Navegation/workspace_full_conected/install/hector_gazebo_plugins/local/lib/python3.10/dist-packages/hector_gazebo_plugins/hector_gazebo_plugins_s__rosidl_typesupport_fastrtps_c.cpython-310-x86_64-linux-gnu.so
[0.292s] -- Up-to-date: /home/rhobtor/reactive/Reactive-Navegation/workspace_full_conected/install/hector_gazebo_plugins/local/lib/python3.10/dist-packages/hector_gazebo_plugins/hector_gazebo_plugins_s__rosidl_typesupport_introspection_c.cpython-310-x86_64-linux-gnu.so
[0.292s] -- Up-to-date: /home/rhobtor/reactive/Reactive-Navegation/workspace_full_conected/install/hector_gazebo_plugins/local/lib/python3.10/dist-packages/hector_gazebo_plugins/hector_gazebo_plugins_s__rosidl_typesupport_c.cpython-310-x86_64-linux-gnu.so
[0.292s] -- Up-to-date: /home/rhobtor/reactive/Reactive-Navegation/workspace_full_conected/install/hector_gazebo_plugins/lib/libhector_gazebo_plugins__rosidl_generator_py.so
[0.292s] -- Up-to-date: /home/rhobtor/reactive/Reactive-Navegation/workspace_full_conected/install/hector_gazebo_plugins/share/hector_gazebo_plugins/srv/SetBias.idl
[0.292s] -- Up-to-date: /home/rhobtor/reactive/Reactive-Navegation/workspace_full_conected/install/hector_gazebo_plugins/share/hector_gazebo_plugins/srv/SetReferenceGeoPose.idl
[0.292s] -- Up-to-date: /home/rhobtor/reactive/Reactive-Navegation/workspace_full_conected/install/hector_gazebo_plugins/share/hector_gazebo_plugins/srv/SetBias.srv
[0.292s] -- Up-to-date: /home/rhobtor/reactive/Reactive-Navegation/workspace_full_conected/install/hector_gazebo_plugins/share/hector_gazebo_plugins/srv/SetBias_Request.msg
[0.292s] -- Up-to-date: /home/rhobtor/reactive/Reactive-Navegation/workspace_full_conected/install/hector_gazebo_plugins/share/hector_gazebo_plugins/srv/SetBias_Response.msg
[0.292s] -- Up-to-date: /home/rhobtor/reactive/Reactive-Navegation/workspace_full_conected/install/hector_gazebo_plugins/share/hector_gazebo_plugins/srv/SetReferenceGeoPose.srv
[0.292s] -- Up-to-date: /home/rhobtor/reactive/Reactive-Navegation/workspace_full_conected/install/hector_gazebo_plugins/share/hector_gazebo_plugins/srv/SetReferenceGeoPose_Request.msg
[0.293s] -- Up-to-date: /home/rhobtor/reactive/Reactive-Navegation/workspace_full_conected/install/hector_gazebo_plugins/share/hector_gazebo_plugins/srv/SetReferenceGeoPose_Response.msg
[0.293s] -- Up-to-date: /home/rhobtor/reactive/Reactive-Navegation/workspace_full_conected/install/hector_gazebo_plugins/include
[0.293s] -- Up-to-date: /home/rhobtor/reactive/Reactive-Navegation/workspace_full_conected/install/hector_gazebo_plugins/include/reset_plugin.h
[0.293s] -- Up-to-date: /home/rhobtor/reactive/Reactive-Navegation/workspace_full_conected/install/hector_gazebo_plugins/include/servo_plugin.h
[0.293s] -- Up-to-date: /home/rhobtor/reactive/Reactive-Navegation/workspace_full_conected/install/hector_gazebo_plugins/include/gazebo_ros_gps.h
[0.293s] -- Up-to-date: /home/rhobtor/reactive/Reactive-Navegation/workspace_full_conected/install/hector_gazebo_plugins/include/gazebo_ros_sonar.h
[0.293s] -- Up-to-date: /home/rhobtor/reactive/Reactive-Navegation/workspace_full_conected/install/hector_gazebo_plugins/include/gnss_config.h
[0.293s] -- Up-to-date: /home/rhobtor/reactive/Reactive-Navegation/workspace_full_conected/install/hector_gazebo_plugins/include/update_timer.h
[0.293s] -- Up-to-date: /home/rhobtor/reactive/Reactive-Navegation/workspace_full_conected/install/hector_gazebo_plugins/include/diffdrive_plugin_multi_wheel.h
[0.293s] -- Up-to-date: /home/rhobtor/reactive/Reactive-Navegation/workspace_full_conected/install/hector_gazebo_plugins/include/gazebo_ros_imu.h
[0.293s] -- Up-to-date: /home/rhobtor/reactive/Reactive-Navegation/workspace_full_conected/install/hector_gazebo_plugins/include/gazebo_ros_magnetic.h
[0.293s] -- Up-to-date: /home/rhobtor/reactive/Reactive-Navegation/workspace_full_conected/install/hector_gazebo_plugins/include/gazebo_ros_force_based_move.h
[0.293s] -- Up-to-date: /home/rhobtor/reactive/Reactive-Navegation/workspace_full_conected/install/hector_gazebo_plugins/include/diffdrive_plugin_6w.h
[0.294s] -- Up-to-date: /home/rhobtor/reactive/Reactive-Navegation/workspace_full_conected/install/hector_gazebo_plugins/include/sensor_model.h
[0.294s] -- Up-to-date: /home/rhobtor/reactive/Reactive-Navegation/workspace_full_conected/install/hector_gazebo_plugins/lib/libhector_gazebo_reset_plugin.so
[0.294s] -- Up-to-date: /home/rhobtor/reactive/Reactive-Navegation/workspace_full_conected/install/hector_gazebo_plugins/lib/libhector_gazebo_ros_imu.so
[0.294s] -- Up-to-date: /home/rhobtor/reactive/Reactive-Navegation/workspace_full_conected/install/hector_gazebo_plugins/lib/libhector_gazebo_ros_magnetic.so
[0.294s] -- Up-to-date: /home/rhobtor/reactive/Reactive-Navegation/workspace_full_conected/install/hector_gazebo_plugins/lib/libhector_gazebo_ros_gps.so
[0.294s] -- Up-to-date: /home/rhobtor/reactive/Reactive-Navegation/workspace_full_conected/install/hector_gazebo_plugins/lib/libhector_gazebo_ros_sonar.so
[0.294s] -- Up-to-date: /home/rhobtor/reactive/Reactive-Navegation/workspace_full_conected/install/hector_gazebo_plugins/share/ament_index/resource_index/package_run_dependencies/hector_gazebo_plugins
[0.294s] -- Up-to-date: /home/rhobtor/reactive/Reactive-Navegation/workspace_full_conected/install/hector_gazebo_plugins/share/ament_index/resource_index/parent_prefix_path/hector_gazebo_plugins
[0.294s] -- Up-to-date: /home/rhobtor/reactive/Reactive-Navegation/workspace_full_conected/install/hector_gazebo_plugins/share/hector_gazebo_plugins/environment/ament_prefix_path.sh
[0.294s] -- Up-to-date: /home/rhobtor/reactive/Reactive-Navegation/workspace_full_conected/install/hector_gazebo_plugins/share/hector_gazebo_plugins/environment/ament_prefix_path.dsv
[0.294s] -- Up-to-date: /home/rhobtor/reactive/Reactive-Navegation/workspace_full_conected/install/hector_gazebo_plugins/share/hector_gazebo_plugins/environment/path.sh
[0.294s] -- Up-to-date: /home/rhobtor/reactive/Reactive-Navegation/workspace_full_conected/install/hector_gazebo_plugins/share/hector_gazebo_plugins/environment/path.dsv
[0.294s] -- Up-to-date: /home/rhobtor/reactive/Reactive-Navegation/workspace_full_conected/install/hector_gazebo_plugins/share/hector_gazebo_plugins/local_setup.bash
[0.294s] -- Up-to-date: /home/rhobtor/reactive/Reactive-Navegation/workspace_full_conected/install/hector_gazebo_plugins/share/hector_gazebo_plugins/local_setup.sh
[0.295s] -- Up-to-date: /home/rhobtor/reactive/Reactive-Navegation/workspace_full_conected/install/hector_gazebo_plugins/share/hector_gazebo_plugins/local_setup.zsh
[0.295s] -- Up-to-date: /home/rhobtor/reactive/Reactive-Navegation/workspace_full_conected/install/hector_gazebo_plugins/share/hector_gazebo_plugins/local_setup.dsv
[0.295s] -- Installing: /home/rhobtor/reactive/Reactive-Navegation/workspace_full_conected/install/hector_gazebo_plugins/share/hector_gazebo_plugins/package.dsv
[0.295s] -- Up-to-date: /home/rhobtor/reactive/Reactive-Navegation/workspace_full_conected/install/hector_gazebo_plugins/share/ament_index/resource_index/packages/hector_gazebo_plugins
[0.295s] -- Up-to-date: /home/rhobtor/reactive/Reactive-Navegation/workspace_full_conected/install/hector_gazebo_plugins/share/hector_gazebo_plugins/cmake/export_hector_gazebo_plugins__rosidl_generator_cExport.cmake
[0.295s] -- Up-to-date: /home/rhobtor/reactive/Reactive-Navegation/workspace_full_conected/install/hector_gazebo_plugins/share/hector_gazebo_plugins/cmake/export_hector_gazebo_plugins__rosidl_generator_cExport-noconfig.cmake
[0.295s] -- Up-to-date: /home/rhobtor/reactive/Reactive-Navegation/workspace_full_conected/install/hector_gazebo_plugins/share/hector_gazebo_plugins/cmake/export_hector_gazebo_plugins__rosidl_typesupport_fastrtps_cExport.cmake
[0.295s] -- Up-to-date: /home/rhobtor/reactive/Reactive-Navegation/workspace_full_conected/install/hector_gazebo_plugins/share/hector_gazebo_plugins/cmake/export_hector_gazebo_plugins__rosidl_typesupport_fastrtps_cExport-noconfig.cmake
[0.295s] -- Up-to-date: /home/rhobtor/reactive/Reactive-Navegation/workspace_full_conected/install/hector_gazebo_plugins/share/hector_gazebo_plugins/cmake/export_hector_gazebo_plugins__rosidl_generator_cppExport.cmake
[0.295s] -- Up-to-date: /home/rhobtor/reactive/Reactive-Navegation/workspace_full_conected/install/hector_gazebo_plugins/share/hector_gazebo_plugins/cmake/export_hector_gazebo_plugins__rosidl_typesupport_fastrtps_cppExport.cmake
[0.295s] -- Up-to-date: /home/rhobtor/reactive/Reactive-Navegation/workspace_full_conected/install/hector_gazebo_plugins/share/hector_gazebo_plugins/cmake/export_hector_gazebo_plugins__rosidl_typesupport_fastrtps_cppExport-noconfig.cmake
[0.295s] -- Up-to-date: /home/rhobtor/reactive/Reactive-Navegation/workspace_full_conected/install/hector_gazebo_plugins/share/hector_gazebo_plugins/cmake/hector_gazebo_plugins__rosidl_typesupport_introspection_cExport.cmake
[0.295s] -- Up-to-date: /home/rhobtor/reactive/Reactive-Navegation/workspace_full_conected/install/hector_gazebo_plugins/share/hector_gazebo_plugins/cmake/hector_gazebo_plugins__rosidl_typesupport_introspection_cExport-noconfig.cmake
[0.295s] -- Up-to-date: /home/rhobtor/reactive/Reactive-Navegation/workspace_full_conected/install/hector_gazebo_plugins/share/hector_gazebo_plugins/cmake/hector_gazebo_plugins__rosidl_typesupport_cExport.cmake
[0.296s] -- Up-to-date: /home/rhobtor/reactive/Reactive-Navegation/workspace_full_conected/install/hector_gazebo_plugins/share/hector_gazebo_plugins/cmake/hector_gazebo_plugins__rosidl_typesupport_cExport-noconfig.cmake
[0.296s] -- Up-to-date: /home/rhobtor/reactive/Reactive-Navegation/workspace_full_conected/install/hector_gazebo_plugins/share/hector_gazebo_plugins/cmake/hector_gazebo_plugins__rosidl_typesupport_introspection_cppExport.cmake
[0.296s] -- Up-to-date: /home/rhobtor/reactive/Reactive-Navegation/workspace_full_conected/install/hector_gazebo_plugins/share/hector_gazebo_plugins/cmake/hector_gazebo_plugins__rosidl_typesupport_introspection_cppExport-noconfig.cmake
[0.296s] -- Up-to-date: /home/rhobtor/reactive/Reactive-Navegation/workspace_full_conected/install/hector_gazebo_plugins/share/hector_gazebo_plugins/cmake/hector_gazebo_plugins__rosidl_typesupport_cppExport.cmake
[0.297s] -- Up-to-date: /home/rhobtor/reactive/Reactive-Navegation/workspace_full_conected/install/hector_gazebo_plugins/share/hector_gazebo_plugins/cmake/hector_gazebo_plugins__rosidl_typesupport_cppExport-noconfig.cmake
[0.297s] -- Up-to-date: /home/rhobtor/reactive/Reactive-Navegation/workspace_full_conected/install/hector_gazebo_plugins/share/hector_gazebo_plugins/cmake/export_hector_gazebo_plugins__rosidl_generator_pyExport.cmake
[0.297s] -- Up-to-date: /home/rhobtor/reactive/Reactive-Navegation/workspace_full_conected/install/hector_gazebo_plugins/share/hector_gazebo_plugins/cmake/export_hector_gazebo_plugins__rosidl_generator_pyExport-noconfig.cmake
[0.297s] -- Up-to-date: /home/rhobtor/reactive/Reactive-Navegation/workspace_full_conected/install/hector_gazebo_plugins/share/hector_gazebo_plugins/cmake/rosidl_cmake-extras.cmake
[0.297s] -- Up-to-date: /home/rhobtor/reactive/Reactive-Navegation/workspace_full_conected/install/hector_gazebo_plugins/share/hector_gazebo_plugins/cmake/ament_cmake_export_dependencies-extras.cmake
[0.297s] -- Up-to-date: /home/rhobtor/reactive/Reactive-Navegation/workspace_full_conected/install/hector_gazebo_plugins/share/hector_gazebo_plugins/cmake/ament_cmake_export_include_directories-extras.cmake
[0.297s] -- Up-to-date: /home/rhobtor/reactive/Reactive-Navegation/workspace_full_conected/install/hector_gazebo_plugins/share/hector_gazebo_plugins/cmake/ament_cmake_export_libraries-extras.cmake
[0.297s] -- Up-to-date: /home/rhobtor/reactive/Reactive-Navegation/workspace_full_conected/install/hector_gazebo_plugins/share/hector_gazebo_plugins/cmake/ament_cmake_export_targets-extras.cmake
[0.298s] -- Up-to-date: /home/rhobtor/reactive/Reactive-Navegation/workspace_full_conected/install/hector_gazebo_plugins/share/hector_gazebo_plugins/cmake/rosidl_cmake_export_typesupport_targets-extras.cmake
[0.298s] -- Up-to-date: /home/rhobtor/reactive/Reactive-Navegation/workspace_full_conected/install/hector_gazebo_plugins/share/hector_gazebo_plugins/cmake/rosidl_cmake_export_typesupport_libraries-extras.cmake
[0.298s] -- Up-to-date: /home/rhobtor/reactive/Reactive-Navegation/workspace_full_conected/install/hector_gazebo_plugins/share/hector_gazebo_plugins/cmake/hector_gazebo_pluginsConfig.cmake
[0.298s] -- Up-to-date: /home/rhobtor/reactive/Reactive-Navegation/workspace_full_conected/install/hector_gazebo_plugins/share/hector_gazebo_plugins/cmake/hector_gazebo_pluginsConfig-version.cmake
[0.298s] -- Up-to-date: /home/rhobtor/reactive/Reactive-Navegation/workspace_full_conected/install/hector_gazebo_plugins/share/hector_gazebo_plugins/package.xml
[0.298s] Invoked command in '/home/rhobtor/reactive/Reactive-Navegation/workspace_full_conected/build/hector_gazebo_plugins' returned '0': CMAKE_PREFIX_PATH=${CMAKE_PREFIX_PATH}:/home/rhobtor/reactive/Reactive-Navegation/workspace_full_conected/install/car:/opt/ros/humble /usr/bin/cmake --install /home/rhobtor/reactive/Reactive-Navegation/workspace_full_conected/build/hector_gazebo_plugins
