[0.006s] Invoking command in '/home/rhobtor/reactive/Reactive-Navegation/workspace_full_conected/build/octomap_rviz_plugins': CMAKE_PREFIX_PATH=/opt/ros/humble /usr/bin/cmake /home/rhobtor/reactive/Reactive-Navegation/workspace_full_conected/src/plugin_rviz -DCMAKE_INSTALL_PREFIX=/home/rhobtor/reactive/Reactive-Navegation/workspace_full_conected/install/octomap_rviz_plugins
[0.716s] -- The C compiler identification is GNU 11.4.0
[1.159s] -- The CXX compiler identification is GNU 11.4.0
[1.163s] -- Detecting C compiler ABI info
[1.248s] -- Detecting C compiler ABI info - done
[1.252s] -- Check for working C compiler: /usr/bin/cc - skipped
[1.252s] -- Detecting C compile features
[1.252s] -- Detecting C compile features - done
[1.254s] -- Detecting CXX compiler ABI info
[1.330s] -- Detecting CXX compiler ABI info - done
[1.334s] -- Check for working CXX compiler: /usr/bin/c++ - skipped
[1.334s] -- Detecting CXX compile features
[1.334s] -- Detecting CXX compile features - done
[1.335s] -- Found ament_cmake_auto: 1.3.11 (/opt/ros/humble/share/ament_cmake_auto/cmake)
[1.445s] -- Found Python3: /usr/bin/python3 (found version "3.10.12") found components: Interpreter 
[1.565s] -- Found rosidl_generator_c: 3.1.6 (/opt/ros/humble/share/rosidl_generator_c/cmake)
[1.568s] -- Found rosidl_adapter: 3.1.6 (/opt/ros/humble/share/rosidl_adapter/cmake)
[1.572s] -- Found rosidl_generator_cpp: 3.1.6 (/opt/ros/humble/share/rosidl_generator_cpp/cmake)
[1.578s] -- Using all available rosidl_typesupport_c: rosidl_typesupport_fastrtps_c;rosidl_typesupport_introspection_c
[1.586s] -- Using all available rosidl_typesupport_cpp: rosidl_typesupport_fastrtps_cpp;rosidl_typesupport_introspection_cpp
[1.643s] -- Found rmw_implementation_cmake: 6.1.2 (/opt/ros/humble/share/rmw_implementation_cmake/cmake)
[1.645s] -- Found rmw_fastrtps_cpp: 6.2.7 (/opt/ros/humble/share/rmw_fastrtps_cpp/cmake)
[1.694s] -- Found OpenSSL: /usr/lib/x86_64-linux-gnu/libcrypto.so (found version "3.0.2")  
[1.712s] -- Found FastRTPS: /opt/ros/humble/include  
[1.740s] -- Using RMW implementation 'rmw_fastrtps_cpp' as default
[1.763s] -- Looking for pthread.h
[1.956s] -- Looking for pthread.h - found
[1.956s] -- Performing Test CMAKE_HAVE_LIBC_PTHREAD
[2.006s] -- Performing Test CMAKE_HAVE_LIBC_PTHREAD - Success
[2.007s] -- Found Threads: TRUE  
[2.036s] -- Setting assimp_DIR to: '/opt/ros/humble/share/rviz_assimp_vendor/cmake/../../../opt/rviz_assimp_vendor/lib/cmake/assimp-4.1'
[2.039s] -- Setting OGRE_DIR to: '/opt/ros/humble/share/rviz_ogre_vendor/cmake/../../../opt/rviz_ogre_vendor/lib/OGRE/cmake'
[2.040s] -- Found OGRE
[2.040s] --   static     : OFF
[2.040s] --   components : HLMS;MeshLodGenerator;Overlay;Paging;Property;RTShaderSystem;Terrain;Volume
[2.040s] --   plugins    : Plugin_BSPSceneManager;Plugin_OctreeSceneManager;Plugin_PCZSceneManager;Plugin_ParticleFX;RenderSystem_GL;RenderSystem_GL3Plus;Codec_STBI
[2.040s] --   media      : /opt/ros/humble/opt/rviz_ogre_vendor/share/OGRE/Media
[2.040s] -- OGRE_LIBRARIES: OgreHLMS;OgreMeshLodGenerator;OgreOverlay;OgrePaging;OgreProperty;OgreRTShaderSystem;OgreTerrain;OgreVolume;OgreMain
[2.040s] -- OGRE_LIBRARY_DIRS: /opt/ros/humble/opt/rviz_ogre_vendor/lib
[2.040s] -- OGRE_PLUGINS: Plugin_BSPSceneManager;Plugin_OctreeSceneManager;Plugin_PCZSceneManager;Plugin_ParticleFX;RenderSystem_GL;RenderSystem_GL3Plus;Codec_STBI
[2.040s] -- OGRE_PLUGIN_DIR: /opt/ros/humble/opt/rviz_ogre_vendor/lib/OGRE
[2.040s] -- rviz_ogre_vendor::OgreOverlay for IMPORTED_LOCATION_RELEASE: /opt/ros/humble/opt/rviz_ogre_vendor/lib/libOgreOverlay.so
[2.040s] -- rviz_ogre_vendor::OgreOverlay for IMPORTED_LOCATION_DEBUG: /opt/ros/humble/opt/rviz_ogre_vendor/lib/libOgreOverlay.so
[2.040s] -- rviz_ogre_vendor::OgreMain for IMPORTED_LOCATION_RELEASE: /opt/ros/humble/opt/rviz_ogre_vendor/lib/libOgreMain.so
[2.040s] -- rviz_ogre_vendor::OgreMain for IMPORTED_LOCATION_DEBUG: /opt/ros/humble/opt/rviz_ogre_vendor/lib/libOgreMain.so
[2.075s] -- Found ZLIB: /usr/lib/x86_64-linux-gnu/libz.so (found version "1.2.11") 
[2.078s] -- Found OpenGL: /usr/lib/x86_64-linux-gnu/libOpenGL.so   
[2.180s] -- Found X11: /usr/include   
[2.181s] -- Looking for XOpenDisplay in /usr/lib/x86_64-linux-gnu/libX11.so;/usr/lib/x86_64-linux-gnu/libXext.so
[2.318s] -- Looking for XOpenDisplay in /usr/lib/x86_64-linux-gnu/libX11.so;/usr/lib/x86_64-linux-gnu/libXext.so - found
[2.318s] -- Looking for gethostbyname
[2.359s] -- Looking for gethostbyname - found
[2.359s] -- Looking for connect
[2.402s] -- Looking for connect - found
[2.402s] -- Looking for remove
[2.457s] -- Looking for remove - found
[2.457s] -- Looking for shmat
[2.504s] -- Looking for shmat - found
[2.504s] -- Looking for IceConnectionNumber in ICE
[2.553s] -- Looking for IceConnectionNumber in ICE - found
[2.608s] -- library: /usr/lib/x86_64-linux-gnu/libcurl.so
[2.644s] -- Found Eigen3: TRUE (found version "3.4.0") 
[2.644s] -- Ensuring Eigen3 include directory is part of orocos-kdl CMake target
[2.749s] -- Found ament_lint_auto: 0.12.11 (/opt/ros/humble/share/ament_lint_auto/cmake)
[2.758s] -- Added test 'copyright' to check source files copyright and LICENSE
[2.759s] -- Added test 'cppcheck' to perform static code analysis on C / C++ code
[2.759s] -- Configured cppcheck include dirs: /home/rhobtor/reactive/Reactive-Navegation/workspace_full_conected/src/plugin_rviz/include
[2.759s] -- Configured cppcheck exclude dirs and/or files: 
[2.760s] -- Added test 'cpplint' to check C / C++ code against the Google style
[2.760s] -- Configured cpplint exclude dirs and/or files: 
[2.760s] -- Added test 'lint_cmake' to check CMake code style
[2.760s] -- Added test 'uncrustify' to check C / C++ code style
[2.761s] -- Configured uncrustify additional arguments: 
[2.761s] -- Added test 'xmllint' to check XML markup files
[2.762s] -- Configuring done
[2.779s] -- Generating done
[2.782s] -- Build files have been written to: /home/rhobtor/reactive/Reactive-Navegation/workspace_full_conected/build/octomap_rviz_plugins
