[0.544s] Invoking command in '/home/rhobtor/reactive/Reactive-Navegation/workspace_full_conected/src/car_python': PYTHONPATH=/home/rhobtor/reactive/Reactive-Navegation/workspace_full_conected/build/car/prefix_override:/usr/lib/python3/dist-packages/colcon_core/task/python/colcon_distutils_commands:/home/rhobtor/reactive/Reactive-Navegation/workspace_full_conected/install/car/lib/python3.10/site-packages:${PYTHONPATH} /usr/bin/python3 -W ignore:setup.py install is deprecated -W ignore:easy_install command is deprecated setup.py egg_info --egg-base ../../build/car build --build-base /home/rhobtor/reactive/Reactive-Navegation/workspace_full_conected/build/car/build install --record /home/rhobtor/reactive/Reactive-Navegation/workspace_full_conected/build/car/install.log --single-version-externally-managed install_data
[0.735s] running egg_info
[0.735s] writing ../../build/car/car.egg-info/PKG-INFO
[0.736s] writing dependency_links to ../../build/car/car.egg-info/dependency_links.txt
[0.737s] writing entry points to ../../build/car/car.egg-info/entry_points.txt
[0.737s] writing requirements to ../../build/car/car.egg-info/requires.txt
[0.737s] writing top-level names to ../../build/car/car.egg-info/top_level.txt
[0.739s] reading manifest file '../../build/car/car.egg-info/SOURCES.txt'
[0.741s] writing manifest file '../../build/car/car.egg-info/SOURCES.txt'
[0.741s] running build
[0.742s] running build_py
[0.742s] copying car/odometry.py -> /home/rhobtor/reactive/Reactive-Navegation/workspace_full_conected/build/car/build/lib/car
[0.743s] running install
[0.743s] running install_lib
[0.745s] copying /home/rhobtor/reactive/Reactive-Navegation/workspace_full_conected/build/car/build/lib/car/odometry.py -> /home/rhobtor/reactive/Reactive-Navegation/workspace_full_conected/install/car/lib/python3.10/site-packages/car
[0.745s] byte-compiling /home/rhobtor/reactive/Reactive-Navegation/workspace_full_conected/install/car/lib/python3.10/site-packages/car/odometry.py to odometry.cpython-310.pyc
[0.746s] running install_data
[0.747s] copying launch/gazebo.launch.py -> /home/rhobtor/reactive/Reactive-Navegation/workspace_full_conected/install/car/share/car/launch
[0.752s] running install_egg_info
[0.754s] removing '/home/rhobtor/reactive/Reactive-Navegation/workspace_full_conected/install/car/lib/python3.10/site-packages/car-0.0.0-py3.10.egg-info' (and everything under it)
[0.756s] Copying ../../build/car/car.egg-info to /home/rhobtor/reactive/Reactive-Navegation/workspace_full_conected/install/car/lib/python3.10/site-packages/car-0.0.0-py3.10.egg-info
[0.757s] running install_scripts
[0.779s] Installing debug_node script to /home/rhobtor/reactive/Reactive-Navegation/workspace_full_conected/install/car/lib/car
[0.780s] Installing ekf_node script to /home/rhobtor/reactive/Reactive-Navegation/workspace_full_conected/install/car/lib/car
[0.782s] Installing joystick_control script to /home/rhobtor/reactive/Reactive-Navegation/workspace_full_conected/install/car/lib/car
[0.782s] Installing keyboard_control script to /home/rhobtor/reactive/Reactive-Navegation/workspace_full_conected/install/car/lib/car
[0.782s] Installing log_joystick script to /home/rhobtor/reactive/Reactive-Navegation/workspace_full_conected/install/car/lib/car
[0.783s] Installing octomap_2d_display script to /home/rhobtor/reactive/Reactive-Navegation/workspace_full_conected/install/car/lib/car
[0.783s] Installing odometry_node script to /home/rhobtor/reactive/Reactive-Navegation/workspace_full_conected/install/car/lib/car
[0.783s] writing list of installed files to '/home/rhobtor/reactive/Reactive-Navegation/workspace_full_conected/build/car/install.log'
[0.800s] Invoked command in '/home/rhobtor/reactive/Reactive-Navegation/workspace_full_conected/src/car_python' returned '0': PYTHONPATH=/home/rhobtor/reactive/Reactive-Navegation/workspace_full_conected/build/car/prefix_override:/usr/lib/python3/dist-packages/colcon_core/task/python/colcon_distutils_commands:/home/rhobtor/reactive/Reactive-Navegation/workspace_full_conected/install/car/lib/python3.10/site-packages:${PYTHONPATH} /usr/bin/python3 -W ignore:setup.py install is deprecated -W ignore:easy_install command is deprecated setup.py egg_info --egg-base ../../build/car build --build-base /home/rhobtor/reactive/Reactive-Navegation/workspace_full_conected/build/car/build install --record /home/rhobtor/reactive/Reactive-Navegation/workspace_full_conected/build/car/install.log --single-version-externally-managed install_data
