running egg_info
creating ../../build/car/car.egg-info
writing ../../build/car/car.egg-info/PKG-INFO
writing dependency_links to ../../build/car/car.egg-info/dependency_links.txt
writing entry points to ../../build/car/car.egg-info/entry_points.txt
writing requirements to ../../build/car/car.egg-info/requires.txt
writing top-level names to ../../build/car/car.egg-info/top_level.txt
writing manifest file '../../build/car/car.egg-info/SOURCES.txt'
reading manifest file '../../build/car/car.egg-info/SOURCES.txt'
writing manifest file '../../build/car/car.egg-info/SOURCES.txt'
running build
running build_py
creating /home/rhobtor/reactive/Reactive-Navegation/workspace_full_conected/build/car/build
creating /home/rhobtor/reactive/Reactive-Navegation/workspace_full_conected/build/car/build/lib
creating /home/rhobtor/reactive/Reactive-Navegation/workspace_full_conected/build/car/build/lib/car
copying car/octomap_2d_display.py -> /home/rhobtor/reactive/Reactive-Navegation/workspace_full_conected/build/car/build/lib/car
copying car/keyboard_control.py -> /home/rhobtor/reactive/Reactive-Navegation/workspace_full_conected/build/car/build/lib/car
copying car/__init__.py -> /home/rhobtor/reactive/Reactive-Navegation/workspace_full_conected/build/car/build/lib/car
copying car/log_joystick.py -> /home/rhobtor/reactive/Reactive-Navegation/workspace_full_conected/build/car/build/lib/car
copying car/joystick_control.py -> /home/rhobtor/reactive/Reactive-Navegation/workspace_full_conected/build/car/build/lib/car
running install
running install_lib
creating /home/rhobtor/reactive/Reactive-Navegation/workspace_full_conected/install/car/lib/python3.10/site-packages/car
copying /home/rhobtor/reactive/Reactive-Navegation/workspace_full_conected/build/car/build/lib/car/octomap_2d_display.py -> /home/rhobtor/reactive/Reactive-Navegation/workspace_full_conected/install/car/lib/python3.10/site-packages/car
copying /home/rhobtor/reactive/Reactive-Navegation/workspace_full_conected/build/car/build/lib/car/keyboard_control.py -> /home/rhobtor/reactive/Reactive-Navegation/workspace_full_conected/install/car/lib/python3.10/site-packages/car
copying /home/rhobtor/reactive/Reactive-Navegation/workspace_full_conected/build/car/build/lib/car/__init__.py -> /home/rhobtor/reactive/Reactive-Navegation/workspace_full_conected/install/car/lib/python3.10/site-packages/car
copying /home/rhobtor/reactive/Reactive-Navegation/workspace_full_conected/build/car/build/lib/car/log_joystick.py -> /home/rhobtor/reactive/Reactive-Navegation/workspace_full_conected/install/car/lib/python3.10/site-packages/car
copying /home/rhobtor/reactive/Reactive-Navegation/workspace_full_conected/build/car/build/lib/car/joystick_control.py -> /home/rhobtor/reactive/Reactive-Navegation/workspace_full_conected/install/car/lib/python3.10/site-packages/car
byte-compiling /home/rhobtor/reactive/Reactive-Navegation/workspace_full_conected/install/car/lib/python3.10/site-packages/car/octomap_2d_display.py to octomap_2d_display.cpython-310.pyc
byte-compiling /home/rhobtor/reactive/Reactive-Navegation/workspace_full_conected/install/car/lib/python3.10/site-packages/car/keyboard_control.py to keyboard_control.cpython-310.pyc
byte-compiling /home/rhobtor/reactive/Reactive-Navegation/workspace_full_conected/install/car/lib/python3.10/site-packages/car/__init__.py to __init__.cpython-310.pyc
byte-compiling /home/rhobtor/reactive/Reactive-Navegation/workspace_full_conected/install/car/lib/python3.10/site-packages/car/log_joystick.py to log_joystick.cpython-310.pyc
byte-compiling /home/rhobtor/reactive/Reactive-Navegation/workspace_full_conected/install/car/lib/python3.10/site-packages/car/joystick_control.py to joystick_control.cpython-310.pyc
running install_data
creating /home/rhobtor/reactive/Reactive-Navegation/workspace_full_conected/install/car/share/ament_index
creating /home/rhobtor/reactive/Reactive-Navegation/workspace_full_conected/install/car/share/ament_index/resource_index
creating /home/rhobtor/reactive/Reactive-Navegation/workspace_full_conected/install/car/share/ament_index/resource_index/packages
copying resource/car -> /home/rhobtor/reactive/Reactive-Navegation/workspace_full_conected/install/car/share/ament_index/resource_index/packages
copying package.xml -> /home/rhobtor/reactive/Reactive-Navegation/workspace_full_conected/install/car/share/car
creating /home/rhobtor/reactive/Reactive-Navegation/workspace_full_conected/install/car/share/car/launch
copying launch/gazebo.launch.py -> /home/rhobtor/reactive/Reactive-Navegation/workspace_full_conected/install/car/share/car/launch
copying launch/display.launch.py -> /home/rhobtor/reactive/Reactive-Navegation/workspace_full_conected/install/car/share/car/launch
copying launch/gazebo_mountain.launch.py -> /home/rhobtor/reactive/Reactive-Navegation/workspace_full_conected/install/car/share/car/launch
copying launch/control.launch.py -> /home/rhobtor/reactive/Reactive-Navegation/workspace_full_conected/install/car/share/car/launch
copying launch/control_with_gazebo.launch.py -> /home/rhobtor/reactive/Reactive-Navegation/workspace_full_conected/install/car/share/car/launch
creating /home/rhobtor/reactive/Reactive-Navegation/workspace_full_conected/install/car/share/car/urdf
copying urdf/lidar.plugin.xacro -> /home/rhobtor/reactive/Reactive-Navegation/workspace_full_conected/install/car/share/car/urdf
copying urdf/materials.xacro -> /home/rhobtor/reactive/Reactive-Navegation/workspace_full_conected/install/car/share/car/urdf
copying urdf/car.gazebo -> /home/rhobtor/reactive/Reactive-Navegation/workspace_full_conected/install/car/share/car/urdf
copying urdf/car.trans -> /home/rhobtor/reactive/Reactive-Navegation/workspace_full_conected/install/car/share/car/urdf
copying urdf/car.xacro -> /home/rhobtor/reactive/Reactive-Navegation/workspace_full_conected/install/car/share/car/urdf
copying urdf/camara.plugin.xacro -> /home/rhobtor/reactive/Reactive-Navegation/workspace_full_conected/install/car/share/car/urdf
creating /home/rhobtor/reactive/Reactive-Navegation/workspace_full_conected/install/car/share/car/meshes
copying meshes/rim_back_right_1.stl -> /home/rhobtor/reactive/Reactive-Navegation/workspace_full_conected/install/car/share/car/meshes
copying meshes/rim_back_left_1.stl -> /home/rhobtor/reactive/Reactive-Navegation/workspace_full_conected/install/car/share/car/meshes
copying meshes/suspension_back_right_1.stl -> /home/rhobtor/reactive/Reactive-Navegation/workspace_full_conected/install/car/share/car/meshes
copying meshes/Component24_1.stl -> /home/rhobtor/reactive/Reactive-Navegation/workspace_full_conected/install/car/share/car/meshes
copying meshes/rim_front_left_1.stl -> /home/rhobtor/reactive/Reactive-Navegation/workspace_full_conected/install/car/share/car/meshes
copying meshes/direction_front_right_1.stl -> /home/rhobtor/reactive/Reactive-Navegation/workspace_full_conected/install/car/share/car/meshes
copying meshes/direction_front_left_1.stl -> /home/rhobtor/reactive/Reactive-Navegation/workspace_full_conected/install/car/share/car/meshes
copying meshes/chasis_1.stl -> /home/rhobtor/reactive/Reactive-Navegation/workspace_full_conected/install/car/share/car/meshes
copying meshes/direction_back_right_1.stl -> /home/rhobtor/reactive/Reactive-Navegation/workspace_full_conected/install/car/share/car/meshes
copying meshes/rim.stl -> /home/rhobtor/reactive/Reactive-Navegation/workspace_full_conected/install/car/share/car/meshes
copying meshes/direction_back_left_1.stl -> /home/rhobtor/reactive/Reactive-Navegation/workspace_full_conected/install/car/share/car/meshes
copying meshes/Component25_1.stl -> /home/rhobtor/reactive/Reactive-Navegation/workspace_full_conected/install/car/share/car/meshes
copying meshes/base_link.stl -> /home/rhobtor/reactive/Reactive-Navegation/workspace_full_conected/install/car/share/car/meshes
copying meshes/suspension_front_right_1.stl -> /home/rhobtor/reactive/Reactive-Navegation/workspace_full_conected/install/car/share/car/meshes
copying meshes/tire.stl -> /home/rhobtor/reactive/Reactive-Navegation/workspace_full_conected/install/car/share/car/meshes
copying meshes/rim_front_right_1.stl -> /home/rhobtor/reactive/Reactive-Navegation/workspace_full_conected/install/car/share/car/meshes
copying meshes/tire_back_right_1.stl -> /home/rhobtor/reactive/Reactive-Navegation/workspace_full_conected/install/car/share/car/meshes
copying meshes/tire_front_right_1.stl -> /home/rhobtor/reactive/Reactive-Navegation/workspace_full_conected/install/car/share/car/meshes
copying meshes/tire_back_left_1.stl -> /home/rhobtor/reactive/Reactive-Navegation/workspace_full_conected/install/car/share/car/meshes
copying meshes/suspension_front_left__1.stl -> /home/rhobtor/reactive/Reactive-Navegation/workspace_full_conected/install/car/share/car/meshes
copying meshes/tire_front_left_1.stl -> /home/rhobtor/reactive/Reactive-Navegation/workspace_full_conected/install/car/share/car/meshes
copying meshes/suspension_back_left_1.stl -> /home/rhobtor/reactive/Reactive-Navegation/workspace_full_conected/install/car/share/car/meshes
creating /home/rhobtor/reactive/Reactive-Navegation/workspace_full_conected/install/car/share/car/config
copying config/control.yaml -> /home/rhobtor/reactive/Reactive-Navegation/workspace_full_conected/install/car/share/car/config
copying config/display.rviz -> /home/rhobtor/reactive/Reactive-Navegation/workspace_full_conected/install/car/share/car/config
copying config/controllers.yaml -> /home/rhobtor/reactive/Reactive-Navegation/workspace_full_conected/install/car/share/car/config
creating /home/rhobtor/reactive/Reactive-Navegation/workspace_full_conected/install/car/lib/car
running install_egg_info
Copying ../../build/car/car.egg-info to /home/rhobtor/reactive/Reactive-Navegation/workspace_full_conected/install/car/lib/python3.10/site-packages/car-0.0.0-py3.10.egg-info
running install_scripts
Installing joystick_control script to /home/rhobtor/reactive/Reactive-Navegation/workspace_full_conected/install/car/lib/car
Installing keyboard_control script to /home/rhobtor/reactive/Reactive-Navegation/workspace_full_conected/install/car/lib/car
Installing log_joystick script to /home/rhobtor/reactive/Reactive-Navegation/workspace_full_conected/install/car/lib/car
Installing octomap_2d_display script to /home/rhobtor/reactive/Reactive-Navegation/workspace_full_conected/install/car/lib/car
writing list of installed files to '/home/rhobtor/reactive/Reactive-Navegation/workspace_full_conected/build/car/install.log'
