[0.531s] Invoking command in '/home/rhobtor/reactive/Reactive-Navegation/workspace_full_conected/src/car_python': CMAKE_PREFIX_PATH=/home/rhobtor/reactive/Reactive-Navegation/workspace_full_conected/install/car_interfaces:/home/rhobtor/reactive/Reactive-Navegation/workspace_full_conected/install/octomap_mapping:/home/rhobtor/reactive/Reactive-Navegation/workspace_full_conected/install/octomap_server:/home/rhobtor/reactive/Reactive-Navegation/workspace_full_conected/install/octomap_rviz_plugins:/home/rhobtor/reactive/Reactive-Navegation/workspace_full_conected/install/hector_gazebo_plugins:/home/rhobtor/reactive/Reactive-Navegation/workspace_full_conected/install/car_cpp LD_LIBRARY_PATH=/home/rhobtor/reactive/Reactive-Navegation/workspace_full_conected/install/car_interfaces/lib:/home/rhobtor/reactive/Reactive-Navegation/workspace_full_conected/install/octomap_server/lib:/home/rhobtor/reactive/Reactive-Navegation/workspace_full_conected/install/octomap_rviz_plugins/lib:/home/rhobtor/reactive/Reactive-Navegation/workspace_full_conected/install/hector_gazebo_plugins/lib:/home/rhobtor/reactive/Reactive-Navegation/workspace_full_conected/install/car_cpp/lib:/usr/lib/x86_64-linux-gnu/gazebo-11/plugins:/opt/ros/humble/opt/rviz_ogre_vendor/lib:/opt/ros/humble/lib/x86_64-linux-gnu:/opt/ros/humble/lib PYTHONPATH=/home/rhobtor/reactive/Reactive-Navegation/workspace_full_conected/build/car/prefix_override:/usr/lib/python3/dist-packages/colcon_core/task/python/colcon_distutils_commands:/home/rhobtor/reactive/Reactive-Navegation/workspace_full_conected/install/car/lib/python3.10/site-packages:${PYTHONPATH} /usr/bin/python3 -W ignore:setup.py install is deprecated -W ignore:easy_install command is deprecated setup.py egg_info --egg-base ../../build/car build --build-base /home/rhobtor/reactive/Reactive-Navegation/workspace_full_conected/build/car/build install --record /home/rhobtor/reactive/Reactive-Navegation/workspace_full_conected/build/car/install.log --single-version-externally-managed install_data
[0.708s] running egg_info
[0.708s] writing ../../build/car/car.egg-info/PKG-INFO
[0.709s] writing dependency_links to ../../build/car/car.egg-info/dependency_links.txt
[0.709s] writing entry points to ../../build/car/car.egg-info/entry_points.txt
[0.709s] writing requirements to ../../build/car/car.egg-info/requires.txt
[0.709s] writing top-level names to ../../build/car/car.egg-info/top_level.txt
[0.711s] reading manifest file '../../build/car/car.egg-info/SOURCES.txt'
[0.712s] writing manifest file '../../build/car/car.egg-info/SOURCES.txt'
[0.712s] running build
[0.712s] running build_py
[0.712s] copying car/path_dqn.py -> /home/rhobtor/reactive/Reactive-Navegation/workspace_full_conected/build/car/build/lib/car
[0.713s] running install
[0.713s] running install_lib
[0.714s] copying /home/rhobtor/reactive/Reactive-Navegation/workspace_full_conected/build/car/build/lib/car/path_dqn.py -> /home/rhobtor/reactive/Reactive-Navegation/workspace_full_conected/install/car/lib/python3.10/site-packages/car
[0.715s] byte-compiling /home/rhobtor/reactive/Reactive-Navegation/workspace_full_conected/install/car/lib/python3.10/site-packages/car/path_dqn.py to path_dqn.cpython-310.pyc
[0.717s] running install_data
[0.719s] running install_egg_info
[0.720s] removing '/home/rhobtor/reactive/Reactive-Navegation/workspace_full_conected/install/car/lib/python3.10/site-packages/car-0.0.0-py3.10.egg-info' (and everything under it)
[0.720s] Copying ../../build/car/car.egg-info to /home/rhobtor/reactive/Reactive-Navegation/workspace_full_conected/install/car/lib/python3.10/site-packages/car-0.0.0-py3.10.egg-info
[0.721s] running install_scripts
[0.737s] Installing camara_time_node script to /home/rhobtor/reactive/Reactive-Navegation/workspace_full_conected/install/car/lib/car
[0.737s] Installing colision_zone script to /home/rhobtor/reactive/Reactive-Navegation/workspace_full_conected/install/car/lib/car
[0.737s] Installing costmap script to /home/rhobtor/reactive/Reactive-Navegation/workspace_full_conected/install/car/lib/car
[0.737s] Installing debug_node script to /home/rhobtor/reactive/Reactive-Navegation/workspace_full_conected/install/car/lib/car
[0.737s] Installing dqn_ppo script to /home/rhobtor/reactive/Reactive-Navegation/workspace_full_conected/install/car/lib/car
[0.737s] Installing ekf_node script to /home/rhobtor/reactive/Reactive-Navegation/workspace_full_conected/install/car/lib/car
[0.737s] Installing filter_points_cloud script to /home/rhobtor/reactive/Reactive-Navegation/workspace_full_conected/install/car/lib/car
[0.738s] Installing frontier_centroid script to /home/rhobtor/reactive/Reactive-Navegation/workspace_full_conected/install/car/lib/car
[0.738s] Installing frontier_view script to /home/rhobtor/reactive/Reactive-Navegation/workspace_full_conected/install/car/lib/car
[0.738s] Installing graph script to /home/rhobtor/reactive/Reactive-Navegation/workspace_full_conected/install/car/lib/car
[0.738s] Installing imagine_ppo script to /home/rhobtor/reactive/Reactive-Navegation/workspace_full_conected/install/car/lib/car
[0.738s] Installing imagine_ppo_avoid script to /home/rhobtor/reactive/Reactive-Navegation/workspace_full_conected/install/car/lib/car
[0.738s] Installing imagine_ppo_map script to /home/rhobtor/reactive/Reactive-Navegation/workspace_full_conected/install/car/lib/car
[0.738s] Installing inference_dqn_ppo script to /home/rhobtor/reactive/Reactive-Navegation/workspace_full_conected/install/car/lib/car
[0.738s] Installing inference_ppo script to /home/rhobtor/reactive/Reactive-Navegation/workspace_full_conected/install/car/lib/car
[0.738s] Installing joystick_control script to /home/rhobtor/reactive/Reactive-Navegation/workspace_full_conected/install/car/lib/car
[0.738s] Installing keyboard_control script to /home/rhobtor/reactive/Reactive-Navegation/workspace_full_conected/install/car/lib/car
[0.738s] Installing log_joystick script to /home/rhobtor/reactive/Reactive-Navegation/workspace_full_conected/install/car/lib/car
[0.738s] Installing map script to /home/rhobtor/reactive/Reactive-Navegation/workspace_full_conected/install/car/lib/car
[0.738s] Installing map_navegation script to /home/rhobtor/reactive/Reactive-Navegation/workspace_full_conected/install/car/lib/car
[0.739s] Installing memory_map script to /home/rhobtor/reactive/Reactive-Navegation/workspace_full_conected/install/car/lib/car
[0.739s] Installing octomap_2d_display script to /home/rhobtor/reactive/Reactive-Navegation/workspace_full_conected/install/car/lib/car
[0.739s] Installing odometry_node script to /home/rhobtor/reactive/Reactive-Navegation/workspace_full_conected/install/car/lib/car
[0.739s] Installing path_dqn script to /home/rhobtor/reactive/Reactive-Navegation/workspace_full_conected/install/car/lib/car
[0.739s] Installing path_finder_ia script to /home/rhobtor/reactive/Reactive-Navegation/workspace_full_conected/install/car/lib/car
[0.739s] Installing path_sac script to /home/rhobtor/reactive/Reactive-Navegation/workspace_full_conected/install/car/lib/car
[0.739s] Installing planificador_script script to /home/rhobtor/reactive/Reactive-Navegation/workspace_full_conected/install/car/lib/car
[0.739s] Installing points_goal script to /home/rhobtor/reactive/Reactive-Navegation/workspace_full_conected/install/car/lib/car
[0.739s] Installing ppo script to /home/rhobtor/reactive/Reactive-Navegation/workspace_full_conected/install/car/lib/car
[0.739s] Installing reset_octomap script to /home/rhobtor/reactive/Reactive-Navegation/workspace_full_conected/install/car/lib/car
[0.739s] Installing scan_to_cloud script to /home/rhobtor/reactive/Reactive-Navegation/workspace_full_conected/install/car/lib/car
[0.739s] Installing supervisor_node script to /home/rhobtor/reactive/Reactive-Navegation/workspace_full_conected/install/car/lib/car
[0.739s] Installing test2 script to /home/rhobtor/reactive/Reactive-Navegation/workspace_full_conected/install/car/lib/car
[0.739s] Installing train_ppo script to /home/rhobtor/reactive/Reactive-Navegation/workspace_full_conected/install/car/lib/car
[0.740s] Installing view_point_and_click script to /home/rhobtor/reactive/Reactive-Navegation/workspace_full_conected/install/car/lib/car
[0.740s] writing list of installed files to '/home/rhobtor/reactive/Reactive-Navegation/workspace_full_conected/build/car/install.log'
[0.772s] Invoked command in '/home/rhobtor/reactive/Reactive-Navegation/workspace_full_conected/src/car_python' returned '0': CMAKE_PREFIX_PATH=/home/rhobtor/reactive/Reactive-Navegation/workspace_full_conected/install/car_interfaces:/home/rhobtor/reactive/Reactive-Navegation/workspace_full_conected/install/octomap_mapping:/home/rhobtor/reactive/Reactive-Navegation/workspace_full_conected/install/octomap_server:/home/rhobtor/reactive/Reactive-Navegation/workspace_full_conected/install/octomap_rviz_plugins:/home/rhobtor/reactive/Reactive-Navegation/workspace_full_conected/install/hector_gazebo_plugins:/home/rhobtor/reactive/Reactive-Navegation/workspace_full_conected/install/car_cpp LD_LIBRARY_PATH=/home/rhobtor/reactive/Reactive-Navegation/workspace_full_conected/install/car_interfaces/lib:/home/rhobtor/reactive/Reactive-Navegation/workspace_full_conected/install/octomap_server/lib:/home/rhobtor/reactive/Reactive-Navegation/workspace_full_conected/install/octomap_rviz_plugins/lib:/home/rhobtor/reactive/Reactive-Navegation/workspace_full_conected/install/hector_gazebo_plugins/lib:/home/rhobtor/reactive/Reactive-Navegation/workspace_full_conected/install/car_cpp/lib:/usr/lib/x86_64-linux-gnu/gazebo-11/plugins:/opt/ros/humble/opt/rviz_ogre_vendor/lib:/opt/ros/humble/lib/x86_64-linux-gnu:/opt/ros/humble/lib PYTHONPATH=/home/rhobtor/reactive/Reactive-Navegation/workspace_full_conected/build/car/prefix_override:/usr/lib/python3/dist-packages/colcon_core/task/python/colcon_distutils_commands:/home/rhobtor/reactive/Reactive-Navegation/workspace_full_conected/install/car/lib/python3.10/site-packages:${PYTHONPATH} /usr/bin/python3 -W ignore:setup.py install is deprecated -W ignore:easy_install command is deprecated setup.py egg_info --egg-base ../../build/car build --build-base /home/rhobtor/reactive/Reactive-Navegation/workspace_full_conected/build/car/build install --record /home/rhobtor/reactive/Reactive-Navegation/workspace_full_conected/build/car/install.log --single-version-externally-managed install_data
