[0.423s] Invoking command in '/home/rhobtor/reactive/Reactive-Navegation/workspace_full_conected/src/car_python': PYTHONPATH=/home/rhobtor/reactive/Reactive-Navegation/workspace_full_conected/build/car/prefix_override:/usr/lib/python3/dist-packages/colcon_core/task/python/colcon_distutils_commands:/home/rhobtor/reactive/Reactive-Navegation/workspace_full_conected/install/car/lib/python3.10/site-packages:${PYTHONPATH} /usr/bin/python3 -W ignore:setup.py install is deprecated -W ignore:easy_install command is deprecated setup.py egg_info --egg-base ../../build/car build --build-base /home/rhobtor/reactive/Reactive-Navegation/workspace_full_conected/build/car/build install --record /home/rhobtor/reactive/Reactive-Navegation/workspace_full_conected/build/car/install.log --single-version-externally-managed install_data
[0.580s] running egg_info
[0.580s] creating ../../build/car/car.egg-info
[0.580s] writing ../../build/car/car.egg-info/PKG-INFO
[0.581s] writing dependency_links to ../../build/car/car.egg-info/dependency_links.txt
[0.581s] writing entry points to ../../build/car/car.egg-info/entry_points.txt
[0.581s] writing requirements to ../../build/car/car.egg-info/requires.txt
[0.581s] writing top-level names to ../../build/car/car.egg-info/top_level.txt
[0.581s] writing manifest file '../../build/car/car.egg-info/SOURCES.txt'
[0.582s] reading manifest file '../../build/car/car.egg-info/SOURCES.txt'
[0.584s] writing manifest file '../../build/car/car.egg-info/SOURCES.txt'
[0.584s] running build
[0.584s] running build_py
[0.584s] creating /home/rhobtor/reactive/Reactive-Navegation/workspace_full_conected/build/car/build
[0.584s] creating /home/rhobtor/reactive/Reactive-Navegation/workspace_full_conected/build/car/build/lib
[0.584s] creating /home/rhobtor/reactive/Reactive-Navegation/workspace_full_conected/build/car/build/lib/car
[0.584s] copying car/odometry.py -> /home/rhobtor/reactive/Reactive-Navegation/workspace_full_conected/build/car/build/lib/car
[0.586s] copying car/octomap_2d_display.py -> /home/rhobtor/reactive/Reactive-Navegation/workspace_full_conected/build/car/build/lib/car
[0.586s] copying car/keyboard_control.py -> /home/rhobtor/reactive/Reactive-Navegation/workspace_full_conected/build/car/build/lib/car
[0.586s] copying car/__init__.py -> /home/rhobtor/reactive/Reactive-Navegation/workspace_full_conected/build/car/build/lib/car
[0.586s] copying car/ekf_node.py -> /home/rhobtor/reactive/Reactive-Navegation/workspace_full_conected/build/car/build/lib/car
[0.586s] copying car/log_joystick.py -> /home/rhobtor/reactive/Reactive-Navegation/workspace_full_conected/build/car/build/lib/car
[0.586s] copying car/joystick_control.py -> /home/rhobtor/reactive/Reactive-Navegation/workspace_full_conected/build/car/build/lib/car
[0.586s] running install
[0.586s] running install_lib
[0.586s] creating /home/rhobtor/reactive/Reactive-Navegation/workspace_full_conected/install/car/lib/python3.10/site-packages/car
[0.586s] copying /home/rhobtor/reactive/Reactive-Navegation/workspace_full_conected/build/car/build/lib/car/odometry.py -> /home/rhobtor/reactive/Reactive-Navegation/workspace_full_conected/install/car/lib/python3.10/site-packages/car
[0.586s] copying /home/rhobtor/reactive/Reactive-Navegation/workspace_full_conected/build/car/build/lib/car/octomap_2d_display.py -> /home/rhobtor/reactive/Reactive-Navegation/workspace_full_conected/install/car/lib/python3.10/site-packages/car
[0.586s] copying /home/rhobtor/reactive/Reactive-Navegation/workspace_full_conected/build/car/build/lib/car/keyboard_control.py -> /home/rhobtor/reactive/Reactive-Navegation/workspace_full_conected/install/car/lib/python3.10/site-packages/car
[0.586s] copying /home/rhobtor/reactive/Reactive-Navegation/workspace_full_conected/build/car/build/lib/car/__init__.py -> /home/rhobtor/reactive/Reactive-Navegation/workspace_full_conected/install/car/lib/python3.10/site-packages/car
[0.587s] copying /home/rhobtor/reactive/Reactive-Navegation/workspace_full_conected/build/car/build/lib/car/ekf_node.py -> /home/rhobtor/reactive/Reactive-Navegation/workspace_full_conected/install/car/lib/python3.10/site-packages/car
[0.587s] copying /home/rhobtor/reactive/Reactive-Navegation/workspace_full_conected/build/car/build/lib/car/log_joystick.py -> /home/rhobtor/reactive/Reactive-Navegation/workspace_full_conected/install/car/lib/python3.10/site-packages/car
[0.587s] copying /home/rhobtor/reactive/Reactive-Navegation/workspace_full_conected/build/car/build/lib/car/joystick_control.py -> /home/rhobtor/reactive/Reactive-Navegation/workspace_full_conected/install/car/lib/python3.10/site-packages/car
[0.587s] byte-compiling /home/rhobtor/reactive/Reactive-Navegation/workspace_full_conected/install/car/lib/python3.10/site-packages/car/odometry.py to odometry.cpython-310.pyc
[0.587s] byte-compiling /home/rhobtor/reactive/Reactive-Navegation/workspace_full_conected/install/car/lib/python3.10/site-packages/car/octomap_2d_display.py to octomap_2d_display.cpython-310.pyc
[0.587s] byte-compiling /home/rhobtor/reactive/Reactive-Navegation/workspace_full_conected/install/car/lib/python3.10/site-packages/car/keyboard_control.py to keyboard_control.cpython-310.pyc
[0.588s] byte-compiling /home/rhobtor/reactive/Reactive-Navegation/workspace_full_conected/install/car/lib/python3.10/site-packages/car/__init__.py to __init__.cpython-310.pyc
[0.588s] byte-compiling /home/rhobtor/reactive/Reactive-Navegation/workspace_full_conected/install/car/lib/python3.10/site-packages/car/ekf_node.py to ekf_node.cpython-310.pyc
[0.588s] byte-compiling /home/rhobtor/reactive/Reactive-Navegation/workspace_full_conected/install/car/lib/python3.10/site-packages/car/log_joystick.py to log_joystick.cpython-310.pyc
[0.589s] byte-compiling /home/rhobtor/reactive/Reactive-Navegation/workspace_full_conected/install/car/lib/python3.10/site-packages/car/joystick_control.py to joystick_control.cpython-310.pyc
[0.589s] running install_data
[0.589s] creating /home/rhobtor/reactive/Reactive-Navegation/workspace_full_conected/install/car/share/ament_index
[0.589s] creating /home/rhobtor/reactive/Reactive-Navegation/workspace_full_conected/install/car/share/ament_index/resource_index
[0.589s] creating /home/rhobtor/reactive/Reactive-Navegation/workspace_full_conected/install/car/share/ament_index/resource_index/packages
[0.589s] copying resource/car -> /home/rhobtor/reactive/Reactive-Navegation/workspace_full_conected/install/car/share/ament_index/resource_index/packages
[0.589s] copying package.xml -> /home/rhobtor/reactive/Reactive-Navegation/workspace_full_conected/install/car/share/car
[0.589s] creating /home/rhobtor/reactive/Reactive-Navegation/workspace_full_conected/install/car/share/car/launch
[0.589s] copying launch/gazebo_no_gui.launch.py -> /home/rhobtor/reactive/Reactive-Navegation/workspace_full_conected/install/car/share/car/launch
[0.590s] copying launch/gazebo.launch.py -> /home/rhobtor/reactive/Reactive-Navegation/workspace_full_conected/install/car/share/car/launch
[0.590s] copying launch/display.launch.py -> /home/rhobtor/reactive/Reactive-Navegation/workspace_full_conected/install/car/share/car/launch
[0.590s] copying launch/gazebo_mountain.launch.py -> /home/rhobtor/reactive/Reactive-Navegation/workspace_full_conected/install/car/share/car/launch
[0.590s] copying launch/control.launch.py -> /home/rhobtor/reactive/Reactive-Navegation/workspace_full_conected/install/car/share/car/launch
[0.590s] copying launch/control_with_gazebo.launch.py -> /home/rhobtor/reactive/Reactive-Navegation/workspace_full_conected/install/car/share/car/launch
[0.590s] copying launch/gazebo_empty_world.launch.py -> /home/rhobtor/reactive/Reactive-Navegation/workspace_full_conected/install/car/share/car/launch
[0.590s] copying launch/joystick.launch.py -> /home/rhobtor/reactive/Reactive-Navegation/workspace_full_conected/install/car/share/car/launch
[0.590s] creating /home/rhobtor/reactive/Reactive-Navegation/workspace_full_conected/install/car/share/car/urdf
[0.591s] copying urdf/lidar.plugin.xacro -> /home/rhobtor/reactive/Reactive-Navegation/workspace_full_conected/install/car/share/car/urdf
[0.591s] copying urdf/materials.xacro -> /home/rhobtor/reactive/Reactive-Navegation/workspace_full_conected/install/car/share/car/urdf
[0.591s] copying urdf/car.gazebo -> /home/rhobtor/reactive/Reactive-Navegation/workspace_full_conected/install/car/share/car/urdf
[0.591s] copying urdf/car.trans -> /home/rhobtor/reactive/Reactive-Navegation/workspace_full_conected/install/car/share/car/urdf
[0.591s] copying urdf/car.xacro -> /home/rhobtor/reactive/Reactive-Navegation/workspace_full_conected/install/car/share/car/urdf
[0.591s] copying urdf/camara.plugin.xacro -> /home/rhobtor/reactive/Reactive-Navegation/workspace_full_conected/install/car/share/car/urdf
[0.591s] creating /home/rhobtor/reactive/Reactive-Navegation/workspace_full_conected/install/car/share/car/worlds
[0.591s] copying worlds/mountain.world -> /home/rhobtor/reactive/Reactive-Navegation/workspace_full_conected/install/car/share/car/worlds
[0.591s] copying worlds/grass.world -> /home/rhobtor/reactive/Reactive-Navegation/workspace_full_conected/install/car/share/car/worlds
[0.592s] copying worlds/obstacles.world -> /home/rhobtor/reactive/Reactive-Navegation/workspace_full_conected/install/car/share/car/worlds
[0.592s] copying worlds/map1_test.world -> /home/rhobtor/reactive/Reactive-Navegation/workspace_full_conected/install/car/share/car/worlds
[0.593s] copying worlds/heightmap_world.world -> /home/rhobtor/reactive/Reactive-Navegation/workspace_full_conected/install/car/share/car/worlds
[0.593s] copying worlds/empty.world -> /home/rhobtor/reactive/Reactive-Navegation/workspace_full_conected/install/car/share/car/worlds
[0.593s] copying worlds/test.world -> /home/rhobtor/reactive/Reactive-Navegation/workspace_full_conected/install/car/share/car/worlds
[0.593s] creating /home/rhobtor/reactive/Reactive-Navegation/workspace_full_conected/install/car/share/car/meshes
[0.594s] copying meshes/rim_back_right_1.stl -> /home/rhobtor/reactive/Reactive-Navegation/workspace_full_conected/install/car/share/car/meshes
[0.596s] copying meshes/rim_back_left_1.stl -> /home/rhobtor/reactive/Reactive-Navegation/workspace_full_conected/install/car/share/car/meshes
[0.598s] copying meshes/suspension_back_right_1.stl -> /home/rhobtor/reactive/Reactive-Navegation/workspace_full_conected/install/car/share/car/meshes
[0.598s] copying meshes/Component24_1.stl -> /home/rhobtor/reactive/Reactive-Navegation/workspace_full_conected/install/car/share/car/meshes
[0.598s] copying meshes/rim_front_left_1.stl -> /home/rhobtor/reactive/Reactive-Navegation/workspace_full_conected/install/car/share/car/meshes
[0.600s] copying meshes/direction_front_right_1.stl -> /home/rhobtor/reactive/Reactive-Navegation/workspace_full_conected/install/car/share/car/meshes
[0.601s] copying meshes/direction_front_left_1.stl -> /home/rhobtor/reactive/Reactive-Navegation/workspace_full_conected/install/car/share/car/meshes
[0.601s] copying meshes/chasis_1.stl -> /home/rhobtor/reactive/Reactive-Navegation/workspace_full_conected/install/car/share/car/meshes
[0.601s] copying meshes/direction_back_right_1.stl -> /home/rhobtor/reactive/Reactive-Navegation/workspace_full_conected/install/car/share/car/meshes
[0.602s] copying meshes/rim.stl -> /home/rhobtor/reactive/Reactive-Navegation/workspace_full_conected/install/car/share/car/meshes
[0.605s] copying meshes/direction_back_left_1.stl -> /home/rhobtor/reactive/Reactive-Navegation/workspace_full_conected/install/car/share/car/meshes
[0.606s] copying meshes/Component25_1.stl -> /home/rhobtor/reactive/Reactive-Navegation/workspace_full_conected/install/car/share/car/meshes
[0.606s] copying meshes/base_link.stl -> /home/rhobtor/reactive/Reactive-Navegation/workspace_full_conected/install/car/share/car/meshes
[0.606s] copying meshes/suspension_front_right_1.stl -> /home/rhobtor/reactive/Reactive-Navegation/workspace_full_conected/install/car/share/car/meshes
[0.607s] copying meshes/tire.stl -> /home/rhobtor/reactive/Reactive-Navegation/workspace_full_conected/install/car/share/car/meshes
[0.608s] copying meshes/rim_front_right_1.stl -> /home/rhobtor/reactive/Reactive-Navegation/workspace_full_conected/install/car/share/car/meshes
[0.610s] copying meshes/tire_back_right_1.stl -> /home/rhobtor/reactive/Reactive-Navegation/workspace_full_conected/install/car/share/car/meshes
[0.612s] copying meshes/tire_front_right_1.stl -> /home/rhobtor/reactive/Reactive-Navegation/workspace_full_conected/install/car/share/car/meshes
[0.613s] copying meshes/tire_back_left_1.stl -> /home/rhobtor/reactive/Reactive-Navegation/workspace_full_conected/install/car/share/car/meshes
[0.615s] copying meshes/suspension_front_left__1.stl -> /home/rhobtor/reactive/Reactive-Navegation/workspace_full_conected/install/car/share/car/meshes
[0.615s] copying meshes/tire_front_left_1.stl -> /home/rhobtor/reactive/Reactive-Navegation/workspace_full_conected/install/car/share/car/meshes
[0.617s] copying meshes/suspension_back_left_1.stl -> /home/rhobtor/reactive/Reactive-Navegation/workspace_full_conected/install/car/share/car/meshes
[0.617s] creating /home/rhobtor/reactive/Reactive-Navegation/workspace_full_conected/install/car/share/car/config
[0.617s] copying config/mapper_params_online_async.yaml -> /home/rhobtor/reactive/Reactive-Navegation/workspace_full_conected/install/car/share/car/config
[0.617s] copying config/display.rviz -> /home/rhobtor/reactive/Reactive-Navegation/workspace_full_conected/install/car/share/car/config
[0.618s] copying config/slam.yaml -> /home/rhobtor/reactive/Reactive-Navegation/workspace_full_conected/install/car/share/car/config
[0.618s] copying config/drive_controller.yaml -> /home/rhobtor/reactive/Reactive-Navegation/workspace_full_conected/install/car/share/car/config
[0.618s] copying config/gaz_ros2_ctl_use_sim.yaml -> /home/rhobtor/reactive/Reactive-Navegation/workspace_full_conected/install/car/share/car/config
[0.620s] creating /home/rhobtor/reactive/Reactive-Navegation/workspace_full_conected/install/car/lib/car
[0.620s] running install_egg_info
[0.620s] Copying ../../build/car/car.egg-info to /home/rhobtor/reactive/Reactive-Navegation/workspace_full_conected/install/car/lib/python3.10/site-packages/car-0.0.0-py3.10.egg-info
[0.621s] running install_scripts
[0.638s] Installing ekf_node script to /home/rhobtor/reactive/Reactive-Navegation/workspace_full_conected/install/car/lib/car
[0.638s] Installing joystick_control script to /home/rhobtor/reactive/Reactive-Navegation/workspace_full_conected/install/car/lib/car
[0.638s] Installing keyboard_control script to /home/rhobtor/reactive/Reactive-Navegation/workspace_full_conected/install/car/lib/car
[0.638s] Installing log_joystick script to /home/rhobtor/reactive/Reactive-Navegation/workspace_full_conected/install/car/lib/car
[0.638s] Installing octomap_2d_display script to /home/rhobtor/reactive/Reactive-Navegation/workspace_full_conected/install/car/lib/car
[0.639s] Installing odometry_node script to /home/rhobtor/reactive/Reactive-Navegation/workspace_full_conected/install/car/lib/car
[0.640s] writing list of installed files to '/home/rhobtor/reactive/Reactive-Navegation/workspace_full_conected/build/car/install.log'
[0.658s] Invoked command in '/home/rhobtor/reactive/Reactive-Navegation/workspace_full_conected/src/car_python' returned '0': PYTHONPATH=/home/rhobtor/reactive/Reactive-Navegation/workspace_full_conected/build/car/prefix_override:/usr/lib/python3/dist-packages/colcon_core/task/python/colcon_distutils_commands:/home/rhobtor/reactive/Reactive-Navegation/workspace_full_conected/install/car/lib/python3.10/site-packages:${PYTHONPATH} /usr/bin/python3 -W ignore:setup.py install is deprecated -W ignore:easy_install command is deprecated setup.py egg_info --egg-base ../../build/car build --build-base /home/rhobtor/reactive/Reactive-Navegation/workspace_full_conected/build/car/build install --record /home/rhobtor/reactive/Reactive-Navegation/workspace_full_conected/build/car/install.log --single-version-externally-managed install_data
