[0.226s] Invoking command in '/home/rhobtor/reactive/Reactive-Navegation/workspace_full_conected/build/car_cpp': CMAKE_PREFIX_PATH=${CMAKE_PREFIX_PATH}:/home/rhobtor/reactive/Reactive-Navegation/workspace_full_conected/install/car:/opt/ros/humble /usr/bin/cmake --build /home/rhobtor/reactive/Reactive-Navegation/workspace_full_conected/build/car_cpp -- -j4 -l4
[0.265s] -- Found ament_cmake: 1.3.11 (/opt/ros/humble/share/ament_cmake/cmake)
[0.534s] -- Found rclcpp: 16.0.11 (/opt/ros/humble/share/rclcpp/cmake)
[0.627s] -- Found rosidl_generator_c: 3.1.6 (/opt/ros/humble/share/rosidl_generator_c/cmake)
[0.635s] -- Found rosidl_adapter: 3.1.6 (/opt/ros/humble/share/rosidl_adapter/cmake)
[0.648s] -- Found rosidl_generator_cpp: 3.1.6 (/opt/ros/humble/share/rosidl_generator_cpp/cmake)
[0.668s] -- Using all available rosidl_typesupport_c: rosidl_typesupport_fastrtps_c;rosidl_typesupport_introspection_c
[0.699s] -- Using all available rosidl_typesupport_cpp: rosidl_typesupport_fastrtps_cpp;rosidl_typesupport_introspection_cpp
[0.757s] -- Found rmw_implementation_cmake: 6.1.2 (/opt/ros/humble/share/rmw_implementation_cmake/cmake)
[0.762s] -- Found rmw_fastrtps_cpp: 6.2.7 (/opt/ros/humble/share/rmw_fastrtps_cpp/cmake)
[0.896s] -- Using RMW implementation 'rmw_fastrtps_cpp' as default
[0.990s] -- Found gazebo_ros: 3.7.0 (/opt/ros/humble/share/gazebo_ros/cmake)
[1.045s] -- Found DART: /usr/include (Required is at least version "6.6") found components: dart 
[1.110s] -- Found Protobuf: /usr/lib/x86_64-linux-gnu/libprotobuf.so (found version "3.12.4") 
[1.117s] -- Looking for ignition-math6 -- found version 6.15.1
[1.129s] -- Searching for dependencies of ignition-math6
[1.134s] -- Looking for OGRE...
[1.145s] -- Found Ogre Ghadamon (1.9.0)
[1.145s] -- Found OGRE: optimized;/usr/lib/x86_64-linux-gnu/libOgreMain.so;debug;/usr/lib/x86_64-linux-gnu/libOgreMain.so
[1.156s] -- Looking for OGRE_Paging...
[1.156s] -- Found OGRE_Paging: optimized;/usr/lib/x86_64-linux-gnu/libOgrePaging.so;debug;/usr/lib/x86_64-linux-gnu/libOgrePaging.so
[1.156s] -- Looking for OGRE_Terrain...
[1.156s] -- Found OGRE_Terrain: optimized;/usr/lib/x86_64-linux-gnu/libOgreTerrain.so;debug;/usr/lib/x86_64-linux-gnu/libOgreTerrain.so
[1.156s] -- Looking for OGRE_Property...
[1.156s] -- Found OGRE_Property: optimized;/usr/lib/x86_64-linux-gnu/libOgreProperty.so;debug;/usr/lib/x86_64-linux-gnu/libOgreProperty.so
[1.157s] -- Looking for OGRE_RTShaderSystem...
[1.157s] -- Found OGRE_RTShaderSystem: optimized;/usr/lib/x86_64-linux-gnu/libOgreRTShaderSystem.so;debug;/usr/lib/x86_64-linux-gnu/libOgreRTShaderSystem.so
[1.157s] -- Looking for OGRE_Volume...
[1.157s] -- Found OGRE_Volume: optimized;/usr/lib/x86_64-linux-gnu/libOgreVolume.so;debug;/usr/lib/x86_64-linux-gnu/libOgreVolume.so
[1.157s] -- Looking for OGRE_Overlay...
[1.157s] -- Found OGRE_Overlay: optimized;/usr/lib/x86_64-linux-gnu/libOgreOverlay.so;debug;/usr/lib/x86_64-linux-gnu/libOgreOverlay.so
[1.253s] -- Looking for ignition-math6 -- found version 6.15.1
[1.255s] -- Looking for ignition-transport8 -- found version 8.2.1
[1.255s] -- Searching for dependencies of ignition-transport8
[1.270s] -- Found Protobuf: /usr/lib/x86_64-linux-gnu/libprotobuf.so (found suitable version "3.12.4", minimum required is "3") 
[1.278s] -- Config-file not installed for ZeroMQ -- checking for pkg-config
[1.283s] -- Checking for module 'libzmq >= 4'
[1.300s] --   Found libzmq , version 4.3.4
[1.343s] -- Checking for module 'uuid'
[1.356s] --   Found uuid, version 2.37.2
[1.389s] -- Looking for ignition-msgs5 -- found version 5.8.1
[1.390s] -- Searching for dependencies of ignition-msgs5
[1.405s] -- Looking for ignition-math6 -- found version 6.15.1
[1.410s] -- Checking for module 'tinyxml2'
[1.424s] --   Found tinyxml2, version 9.0.0
[1.460s] -- Looking for ignition-msgs5 -- found version 5.8.1
[1.461s] -- Looking for ignition-common3 -- found version 3.14.0
[1.461s] -- Searching for dependencies of ignition-common3
[1.462s] -- Looking for dlfcn.h - found
[1.462s] -- Looking for libdl - found
[1.474s] -- Searching for <ignition-common3> component [graphics]
[1.475s] -- Looking for ignition-common3-graphics -- found version 3.14.0
[1.476s] -- Searching for dependencies of ignition-common3-graphics
[1.476s] -- Looking for ignition-math6 -- found version 6.15.1
[1.478s] -- Looking for ignition-fuel_tools4 -- found version 4.4.0
[1.479s] -- Searching for dependencies of ignition-fuel_tools4
[1.516s] -- Checking for module 'jsoncpp'
[1.530s] --   Found jsoncpp, version 1.9.5
[1.568s] -- Checking for module 'libzip'
[1.582s] --   Found libzip, version 1.7.3
[1.616s] -- Looking for ignition-common3 -- found version 3.14.0
[1.618s] -- Looking for ignition-math6 -- found version 6.15.1
[1.618s] -- Looking for ignition-msgs5 -- found version 5.8.1
[1.622s] -- Gazebo version: 11.10
[1.623s] -- Found pluginlib: 5.1.0 (/opt/ros/humble/share/pluginlib/cmake)
[1.643s] -- Found geometry_msgs: 4.2.4 (/opt/ros/humble/share/geometry_msgs/cmake)
[1.661s] -- Found sensor_msgs: 4.2.4 (/opt/ros/humble/share/sensor_msgs/cmake)
[1.682s] -- Found octomap_msgs: 2.0.1 (/opt/ros/humble/share/octomap_msgs/cmake)
[1.701s] -- Found octomap_ros: 0.4.4 (/opt/ros/humble/share/octomap_ros/cmake)
[1.708s] -- Found pcl_conversions: 2.4.5 (/opt/ros/humble/share/pcl_conversions/cmake)
[1.755s] -- Eigen found (include: /usr/include/eigen3, version: 3.4.0)
[1.782s] -- FLANN found (include: /usr/include, lib: /usr/lib/x86_64-linux-gnu/libflann_cpp.so)
[2.215s] -- OpenNI found (version: 1.5.4.0, include: /usr/include/ni, lib: /usr/lib/libOpenNI.so;libusb::libusb)
[2.221s] -- OpenNI2 found (version: 2.2.0.33, include: /usr/include/openni2, lib: /usr/lib/x86_64-linux-gnu/libOpenNI2.so;libusb::libusb)
[2.341s] -- Eigen found (include: /usr/include/eigen3, version: 3.4.0)
[2.347s] -- OpenNI found (version: 1.5.4.0, include: /usr/include/ni, lib: /usr/lib/libOpenNI.so;libusb::libusb)
[2.353s] -- OpenNI2 found (version: 2.2.0.33, include: /usr/include/openni2, lib: /usr/lib/x86_64-linux-gnu/libOpenNI2.so;libusb::libusb)
[2.464s] -- Found Qhull version 8.0.2
[2.578s] -- OpenNI found (version: 1.5.4.0, include: /usr/include/ni, lib: /usr/lib/libOpenNI.so;libusb::libusb)
[2.713s] -- Found visualization_msgs: 4.2.4 (/opt/ros/humble/share/visualization_msgs/cmake)
[2.732s] -- Found nav_msgs: 4.2.4 (/opt/ros/humble/share/nav_msgs/cmake)
[2.750s] -- Found std_srvs: 4.2.4 (/opt/ros/humble/share/std_srvs/cmake)
[2.764s] -- Found geographic_msgs: 1.0.6 (/opt/ros/humble/share/geographic_msgs/cmake)
[2.796s] -- Found rosidl_default_generators: 1.2.0 (/opt/ros/humble/share/rosidl_default_generators/cmake)
[2.805s] -- Found tf2_ros: 0.25.11 (/opt/ros/humble/share/tf2_ros/cmake)
[2.881s] -- Found tf2_geometry_msgs: 0.25.11 (/opt/ros/humble/share/tf2_geometry_msgs/cmake)
[2.887s] -- Found eigen3_cmake_module: 0.1.1 (/opt/ros/humble/share/eigen3_cmake_module/cmake)
[2.889s] -- Ensuring Eigen3 include directory is part of orocos-kdl CMake target
[2.890s] -- Looking for ignition-math6 -- found version 6.15.1
[2.891s] -- Looking for ignition-common3 -- found version 3.14.0
[3.045s] -- Configuring done
[3.431s] -- Generating done
[3.478s] -- Build files have been written to: /home/rhobtor/reactive/Reactive-Navegation/workspace_full_conected/build/car_cpp
[3.518s] [35m[1mConsolidate compiler generated dependencies of target view_nodes[0m
[3.525s] [35m[1mConsolidate compiler generated dependencies of target testo[0m
[3.531s] [35m[1mConsolidate compiler generated dependencies of target car_cpp[0m
[3.541s] [  3%] [32mBuilding CXX object CMakeFiles/map_measure.dir/src/map_measure.cpp.o[0m
[3.541s] [ 10%] Built target view_nodes
[3.553s] [ 17%] Built target testo
[3.569s] [35m[1mConsolidate compiler generated dependencies of target check_map[0m
[3.573s] [ 48%] Built target car_cpp
[3.574s] [35m[1mConsolidate compiler generated dependencies of target path_planner_node[0m
[3.591s] [35m[1mConsolidate compiler generated dependencies of target control_plugin[0m
[3.595s] [ 55%] Built target check_map
[3.595s] [ 62%] Built target path_planner_node
[3.609s] [35m[1mConsolidate compiler generated dependencies of target joints_plugin[0m
[3.611s] [35m[1mConsolidate compiler generated dependencies of target drive_plugin[0m
[3.625s] [ 68%] Built target control_plugin
[3.642s] [35m[1mConsolidate compiler generated dependencies of target driver_plugin[0m
[3.642s] [ 75%] Built target joints_plugin
[3.656s] [ 82%] Built target drive_plugin
[3.678s] [35m[1mConsolidate compiler generated dependencies of target odometry_plugin[0m
[3.685s] [ 89%] Built target driver_plugin
[3.719s] [ 96%] Built target odometry_plugin
[11.563s] [100%] [32m[1mLinking CXX executable map_measure[0m
[12.355s] [100%] Built target map_measure
[12.364s] Invoked command in '/home/rhobtor/reactive/Reactive-Navegation/workspace_full_conected/build/car_cpp' returned '0': CMAKE_PREFIX_PATH=${CMAKE_PREFIX_PATH}:/home/rhobtor/reactive/Reactive-Navegation/workspace_full_conected/install/car:/opt/ros/humble /usr/bin/cmake --build /home/rhobtor/reactive/Reactive-Navegation/workspace_full_conected/build/car_cpp -- -j4 -l4
[12.366s] Invoking command in '/home/rhobtor/reactive/Reactive-Navegation/workspace_full_conected/build/car_cpp': CMAKE_PREFIX_PATH=${CMAKE_PREFIX_PATH}:/home/rhobtor/reactive/Reactive-Navegation/workspace_full_conected/install/car:/opt/ros/humble /usr/bin/cmake --install /home/rhobtor/reactive/Reactive-Navegation/workspace_full_conected/build/car_cpp
[12.372s] -- Install configuration: ""
[12.372s] -- Up-to-date: /home/rhobtor/reactive/Reactive-Navegation/workspace_full_conected/install/car_cpp/lib/car_cpp/car_cpp
[12.374s] -- Up-to-date: /home/rhobtor/reactive/Reactive-Navegation/workspace_full_conected/install/car_cpp/lib/car_cpp/view_nodes
[12.374s] -- Installing: /home/rhobtor/reactive/Reactive-Navegation/workspace_full_conected/install/car_cpp/lib/car_cpp/map_measure
[12.377s] -- Set runtime path of "/home/rhobtor/reactive/Reactive-Navegation/workspace_full_conected/install/car_cpp/lib/car_cpp/map_measure" to ""
[12.377s] -- Up-to-date: /home/rhobtor/reactive/Reactive-Navegation/workspace_full_conected/install/car_cpp/lib/car_cpp/testo
[12.377s] -- Up-to-date: /home/rhobtor/reactive/Reactive-Navegation/workspace_full_conected/install/car_cpp/lib/car_cpp/check_map
[12.378s] -- Up-to-date: /home/rhobtor/reactive/Reactive-Navegation/workspace_full_conected/install/car_cpp/lib/car_cpp/path_planner_node
[12.378s] -- Up-to-date: /home/rhobtor/reactive/Reactive-Navegation/workspace_full_conected/install/car_cpp/lib/libcontrol_plugin.so
[12.378s] -- Up-to-date: /home/rhobtor/reactive/Reactive-Navegation/workspace_full_conected/install/car_cpp/lib/libdrive_plugin.so
[12.378s] -- Up-to-date: /home/rhobtor/reactive/Reactive-Navegation/workspace_full_conected/install/car_cpp/lib/libjoints_plugin.so
[12.379s] -- Up-to-date: /home/rhobtor/reactive/Reactive-Navegation/workspace_full_conected/install/car_cpp/lib/libdriver_plugin.so
[12.379s] -- Up-to-date: /home/rhobtor/reactive/Reactive-Navegation/workspace_full_conected/install/car_cpp/lib/libodometry_plugin.so
[12.380s] -- Up-to-date: /home/rhobtor/reactive/Reactive-Navegation/workspace_full_conected/install/car_cpp/include/
[12.380s] -- Up-to-date: /home/rhobtor/reactive/Reactive-Navegation/workspace_full_conected/install/car_cpp/include//visualization.hpp
[12.380s] -- Up-to-date: /home/rhobtor/reactive/Reactive-Navegation/workspace_full_conected/install/car_cpp/include//utilities.hpp
[12.380s] -- Up-to-date: /home/rhobtor/reactive/Reactive-Navegation/workspace_full_conected/install/car_cpp/include//move_ros.hpp
[12.380s] -- Up-to-date: /home/rhobtor/reactive/Reactive-Navegation/workspace_full_conected/install/car_cpp/include//motion.hpp
[12.380s] -- Up-to-date: /home/rhobtor/reactive/Reactive-Navegation/workspace_full_conected/install/car_cpp/include//control_plugin.hpp
[12.380s] -- Up-to-date: /home/rhobtor/reactive/Reactive-Navegation/workspace_full_conected/install/car_cpp/include//obstacle_detection.hpp
[12.380s] -- Up-to-date: /home/rhobtor/reactive/Reactive-Navegation/workspace_full_conected/install/car_cpp/include//odometria.hpp
[12.380s] -- Up-to-date: /home/rhobtor/reactive/Reactive-Navegation/workspace_full_conected/install/car_cpp/include/
[12.380s] -- Up-to-date: /home/rhobtor/reactive/Reactive-Navegation/workspace_full_conected/install/car_cpp/include//visualization.hpp
[12.380s] -- Up-to-date: /home/rhobtor/reactive/Reactive-Navegation/workspace_full_conected/install/car_cpp/include//utilities.hpp
[12.380s] -- Up-to-date: /home/rhobtor/reactive/Reactive-Navegation/workspace_full_conected/install/car_cpp/include//move_ros.hpp
[12.380s] -- Up-to-date: /home/rhobtor/reactive/Reactive-Navegation/workspace_full_conected/install/car_cpp/include//motion.hpp
[12.380s] -- Up-to-date: /home/rhobtor/reactive/Reactive-Navegation/workspace_full_conected/install/car_cpp/include//control_plugin.hpp
[12.380s] -- Up-to-date: /home/rhobtor/reactive/Reactive-Navegation/workspace_full_conected/install/car_cpp/include//obstacle_detection.hpp
[12.380s] -- Up-to-date: /home/rhobtor/reactive/Reactive-Navegation/workspace_full_conected/install/car_cpp/include//odometria.hpp
[12.381s] -- Up-to-date: /home/rhobtor/reactive/Reactive-Navegation/workspace_full_conected/install/car_cpp/share/ament_index/resource_index/package_run_dependencies/car_cpp
[12.381s] -- Installing: /home/rhobtor/reactive/Reactive-Navegation/workspace_full_conected/install/car_cpp/share/ament_index/resource_index/parent_prefix_path/car_cpp
[12.381s] -- Up-to-date: /home/rhobtor/reactive/Reactive-Navegation/workspace_full_conected/install/car_cpp/share/car_cpp/environment/ament_prefix_path.sh
[12.381s] -- Installing: /home/rhobtor/reactive/Reactive-Navegation/workspace_full_conected/install/car_cpp/share/car_cpp/environment/ament_prefix_path.dsv
[12.381s] -- Up-to-date: /home/rhobtor/reactive/Reactive-Navegation/workspace_full_conected/install/car_cpp/share/car_cpp/environment/path.sh
[12.381s] -- Installing: /home/rhobtor/reactive/Reactive-Navegation/workspace_full_conected/install/car_cpp/share/car_cpp/environment/path.dsv
[12.381s] -- Up-to-date: /home/rhobtor/reactive/Reactive-Navegation/workspace_full_conected/install/car_cpp/share/car_cpp/local_setup.bash
[12.381s] -- Up-to-date: /home/rhobtor/reactive/Reactive-Navegation/workspace_full_conected/install/car_cpp/share/car_cpp/local_setup.sh
[12.381s] -- Up-to-date: /home/rhobtor/reactive/Reactive-Navegation/workspace_full_conected/install/car_cpp/share/car_cpp/local_setup.zsh
[12.381s] -- Installing: /home/rhobtor/reactive/Reactive-Navegation/workspace_full_conected/install/car_cpp/share/car_cpp/local_setup.dsv
[12.381s] -- Installing: /home/rhobtor/reactive/Reactive-Navegation/workspace_full_conected/install/car_cpp/share/car_cpp/package.dsv
[12.381s] -- Up-to-date: /home/rhobtor/reactive/Reactive-Navegation/workspace_full_conected/install/car_cpp/share/ament_index/resource_index/packages/car_cpp
[12.381s] -- Up-to-date: /home/rhobtor/reactive/Reactive-Navegation/workspace_full_conected/install/car_cpp/share/car_cpp/cmake/car_cppConfig.cmake
[12.381s] -- Up-to-date: /home/rhobtor/reactive/Reactive-Navegation/workspace_full_conected/install/car_cpp/share/car_cpp/cmake/car_cppConfig-version.cmake
[12.381s] -- Up-to-date: /home/rhobtor/reactive/Reactive-Navegation/workspace_full_conected/install/car_cpp/share/car_cpp/package.xml
[12.383s] Invoked command in '/home/rhobtor/reactive/Reactive-Navegation/workspace_full_conected/build/car_cpp' returned '0': CMAKE_PREFIX_PATH=${CMAKE_PREFIX_PATH}:/home/rhobtor/reactive/Reactive-Navegation/workspace_full_conected/install/car:/opt/ros/humble /usr/bin/cmake --install /home/rhobtor/reactive/Reactive-Navegation/workspace_full_conected/build/car_cpp
