[31mCMake Error at CMakeLists.txt:118 (add_library):
  Target "control_plugin" links to target "gazebo_ros::gazebo_ros" but the
  target was not found.  Perhaps a find_package() call is missing for an
  IMPORTED target, or an ALIAS target is missing?

[0m
[31mCMake Error at CMakeLists.txt:118 (add_library):
  Target "control_plugin" links to target "std_msgs::std_msgs" but the target
  was not found.  Perhaps a find_package() call is missing for an IMPORTED
  target, or an ALIAS target is missing?

[0m
[31mCMake Error at CMakeLists.txt:118 (add_library):
  Target "control_plugin" links to target "geometry_msgs::geometry_msgs" but
  the target was not found.  Perhaps a find_package() call is missing for an
  IMPORTED target, or an ALIAS target is missing?

[0m
[31mCMake Error at CMakeLists.txt:118 (add_library):
  Target "control_plugin" links to target "nav_msgs::nav_msgs" but the target
  was not found.  Perhaps a find_package() call is missing for an IMPORTED
  target, or an ALIAS target is missing?

[0m
[31mCMake Error at CMakeLists.txt:118 (add_library):
  Target "control_plugin" links to target "tf2_msgs::tf2_msgs" but the target
  was not found.  Perhaps a find_package() call is missing for an IMPORTED
  target, or an ALIAS target is missing?

[0m
[0mCMake Generate step failed.  Build files cannot be regenerated correctly.[0m
gmake: *** [Makefile:637: cmake_check_build_system] Error 1
