[0.644s] Invoking command in '/home/rhobtor/reactive/Reactive-Navegation/workspace_full_conected/src/car_python': PYTHONPATH=/home/rhobtor/reactive/Reactive-Navegation/workspace_full_conected/build/car/prefix_override:/usr/lib/python3/dist-packages/colcon_core/task/python/colcon_distutils_commands:/home/rhobtor/reactive/Reactive-Navegation/workspace_full_conected/install/car/lib/python3.10/site-packages:${PYTHONPATH} /usr/bin/python3 -W ignore:setup.py install is deprecated -W ignore:easy_install command is deprecated setup.py egg_info --egg-base ../../build/car build --build-base /home/rhobtor/reactive/Reactive-Navegation/workspace_full_conected/build/car/build install --record /home/rhobtor/reactive/Reactive-Navegation/workspace_full_conected/build/car/install.log --single-version-externally-managed install_data
[0.836s] running egg_info
[0.837s] writing ../../build/car/car.egg-info/PKG-INFO
[0.837s] writing dependency_links to ../../build/car/car.egg-info/dependency_links.txt
[0.838s] writing entry points to ../../build/car/car.egg-info/entry_points.txt
[0.838s] writing requirements to ../../build/car/car.egg-info/requires.txt
[0.838s] writing top-level names to ../../build/car/car.egg-info/top_level.txt
[0.840s] reading manifest file '../../build/car/car.egg-info/SOURCES.txt'
[0.843s] writing manifest file '../../build/car/car.egg-info/SOURCES.txt'
[0.843s] running build
[0.843s] running build_py
[0.843s] running install
[0.843s] running install_lib
[0.845s] running install_data
[0.845s] running install_egg_info
[0.847s] removing '/home/rhobtor/reactive/Reactive-Navegation/workspace_full_conected/install/car/lib/python3.10/site-packages/car-0.0.0-py3.10.egg-info' (and everything under it)
[0.849s] Copying ../../build/car/car.egg-info to /home/rhobtor/reactive/Reactive-Navegation/workspace_full_conected/install/car/lib/python3.10/site-packages/car-0.0.0-py3.10.egg-info
[0.850s] running install_scripts
[0.868s] Installing debug_node script to /home/rhobtor/reactive/Reactive-Navegation/workspace_full_conected/install/car/lib/car
[0.868s] Installing ekf_node script to /home/rhobtor/reactive/Reactive-Navegation/workspace_full_conected/install/car/lib/car
[0.868s] Installing joystick_control script to /home/rhobtor/reactive/Reactive-Navegation/workspace_full_conected/install/car/lib/car
[0.868s] Installing keyboard_control script to /home/rhobtor/reactive/Reactive-Navegation/workspace_full_conected/install/car/lib/car
[0.869s] Installing log_joystick script to /home/rhobtor/reactive/Reactive-Navegation/workspace_full_conected/install/car/lib/car
[0.869s] Installing octomap_2d_display script to /home/rhobtor/reactive/Reactive-Navegation/workspace_full_conected/install/car/lib/car
[0.869s] Installing odometry_node script to /home/rhobtor/reactive/Reactive-Navegation/workspace_full_conected/install/car/lib/car
[0.869s] writing list of installed files to '/home/rhobtor/reactive/Reactive-Navegation/workspace_full_conected/build/car/install.log'
[0.886s] Invoked command in '/home/rhobtor/reactive/Reactive-Navegation/workspace_full_conected/src/car_python' returned '0': PYTHONPATH=/home/rhobtor/reactive/Reactive-Navegation/workspace_full_conected/build/car/prefix_override:/usr/lib/python3/dist-packages/colcon_core/task/python/colcon_distutils_commands:/home/rhobtor/reactive/Reactive-Navegation/workspace_full_conected/install/car/lib/python3.10/site-packages:${PYTHONPATH} /usr/bin/python3 -W ignore:setup.py install is deprecated -W ignore:easy_install command is deprecated setup.py egg_info --egg-base ../../build/car build --build-base /home/rhobtor/reactive/Reactive-Navegation/workspace_full_conected/build/car/build install --record /home/rhobtor/reactive/Reactive-Navegation/workspace_full_conected/build/car/install.log --single-version-externally-managed install_data
