[0.489s] Invoking command in '/home/rhobtor/reactive/Reactive-Navegation/workspace_full_conected/src/car_python': PYTHONPATH=/home/rhobtor/reactive/Reactive-Navegation/workspace_full_conected/build/car/prefix_override:/usr/lib/python3/dist-packages/colcon_core/task/python/colcon_distutils_commands:/home/rhobtor/reactive/Reactive-Navegation/workspace_full_conected/install/car/lib/python3.10/site-packages:${PYTHONPATH} /usr/bin/python3 -W ignore:setup.py install is deprecated -W ignore:easy_install command is deprecated setup.py egg_info --egg-base ../../build/car build --build-base /home/rhobtor/reactive/Reactive-Navegation/workspace_full_conected/build/car/build install --record /home/rhobtor/reactive/Reactive-Navegation/workspace_full_conected/build/car/install.log --single-version-externally-managed install_data
[0.680s] running egg_info
[0.680s] creating ../../build/car/car.egg-info
[0.680s] writing ../../build/car/car.egg-info/PKG-INFO
[0.680s] writing dependency_links to ../../build/car/car.egg-info/dependency_links.txt
[0.681s] writing entry points to ../../build/car/car.egg-info/entry_points.txt
[0.681s] writing requirements to ../../build/car/car.egg-info/requires.txt
[0.683s] writing top-level names to ../../build/car/car.egg-info/top_level.txt
[0.684s] writing manifest file '../../build/car/car.egg-info/SOURCES.txt'
[0.684s] reading manifest file '../../build/car/car.egg-info/SOURCES.txt'
[0.684s] writing manifest file '../../build/car/car.egg-info/SOURCES.txt'
[0.684s] running build
[0.684s] running build_py
[0.684s] creating /home/rhobtor/reactive/Reactive-Navegation/workspace_full_conected/build/car/build
[0.684s] creating /home/rhobtor/reactive/Reactive-Navegation/workspace_full_conected/build/car/build/lib
[0.684s] creating /home/rhobtor/reactive/Reactive-Navegation/workspace_full_conected/build/car/build/lib/car
[0.684s] copying car/octomap_2d_display.py -> /home/rhobtor/reactive/Reactive-Navegation/workspace_full_conected/build/car/build/lib/car
[0.684s] copying car/keyboard_control.py -> /home/rhobtor/reactive/Reactive-Navegation/workspace_full_conected/build/car/build/lib/car
[0.684s] copying car/__init__.py -> /home/rhobtor/reactive/Reactive-Navegation/workspace_full_conected/build/car/build/lib/car
[0.684s] copying car/log_joystick.py -> /home/rhobtor/reactive/Reactive-Navegation/workspace_full_conected/build/car/build/lib/car
[0.686s] copying car/joystick_control.py -> /home/rhobtor/reactive/Reactive-Navegation/workspace_full_conected/build/car/build/lib/car
[0.687s] running install
[0.687s] running install_lib
[0.687s] creating /home/rhobtor/reactive/Reactive-Navegation/workspace_full_conected/install/car/lib/python3.10/site-packages/car
[0.687s] copying /home/rhobtor/reactive/Reactive-Navegation/workspace_full_conected/build/car/build/lib/car/octomap_2d_display.py -> /home/rhobtor/reactive/Reactive-Navegation/workspace_full_conected/install/car/lib/python3.10/site-packages/car
[0.687s] copying /home/rhobtor/reactive/Reactive-Navegation/workspace_full_conected/build/car/build/lib/car/keyboard_control.py -> /home/rhobtor/reactive/Reactive-Navegation/workspace_full_conected/install/car/lib/python3.10/site-packages/car
[0.687s] copying /home/rhobtor/reactive/Reactive-Navegation/workspace_full_conected/build/car/build/lib/car/__init__.py -> /home/rhobtor/reactive/Reactive-Navegation/workspace_full_conected/install/car/lib/python3.10/site-packages/car
[0.687s] copying /home/rhobtor/reactive/Reactive-Navegation/workspace_full_conected/build/car/build/lib/car/log_joystick.py -> /home/rhobtor/reactive/Reactive-Navegation/workspace_full_conected/install/car/lib/python3.10/site-packages/car
[0.687s] copying /home/rhobtor/reactive/Reactive-Navegation/workspace_full_conected/build/car/build/lib/car/joystick_control.py -> /home/rhobtor/reactive/Reactive-Navegation/workspace_full_conected/install/car/lib/python3.10/site-packages/car
[0.687s] byte-compiling /home/rhobtor/reactive/Reactive-Navegation/workspace_full_conected/install/car/lib/python3.10/site-packages/car/octomap_2d_display.py to octomap_2d_display.cpython-310.pyc
[0.687s] byte-compiling /home/rhobtor/reactive/Reactive-Navegation/workspace_full_conected/install/car/lib/python3.10/site-packages/car/keyboard_control.py to keyboard_control.cpython-310.pyc
[0.687s] byte-compiling /home/rhobtor/reactive/Reactive-Navegation/workspace_full_conected/install/car/lib/python3.10/site-packages/car/__init__.py to __init__.cpython-310.pyc
[0.687s] byte-compiling /home/rhobtor/reactive/Reactive-Navegation/workspace_full_conected/install/car/lib/python3.10/site-packages/car/log_joystick.py to log_joystick.cpython-310.pyc
[0.687s] byte-compiling /home/rhobtor/reactive/Reactive-Navegation/workspace_full_conected/install/car/lib/python3.10/site-packages/car/joystick_control.py to joystick_control.cpython-310.pyc
[0.687s] running install_data
[0.687s] creating /home/rhobtor/reactive/Reactive-Navegation/workspace_full_conected/install/car/share/ament_index
[0.688s] creating /home/rhobtor/reactive/Reactive-Navegation/workspace_full_conected/install/car/share/ament_index/resource_index
[0.688s] creating /home/rhobtor/reactive/Reactive-Navegation/workspace_full_conected/install/car/share/ament_index/resource_index/packages
[0.688s] copying resource/car -> /home/rhobtor/reactive/Reactive-Navegation/workspace_full_conected/install/car/share/ament_index/resource_index/packages
[0.688s] copying package.xml -> /home/rhobtor/reactive/Reactive-Navegation/workspace_full_conected/install/car/share/car
[0.688s] creating /home/rhobtor/reactive/Reactive-Navegation/workspace_full_conected/install/car/share/car/launch
[0.688s] copying launch/gazebo.launch.py -> /home/rhobtor/reactive/Reactive-Navegation/workspace_full_conected/install/car/share/car/launch
[0.690s] copying launch/display.launch.py -> /home/rhobtor/reactive/Reactive-Navegation/workspace_full_conected/install/car/share/car/launch
[0.690s] copying launch/gazebo_mountain.launch.py -> /home/rhobtor/reactive/Reactive-Navegation/workspace_full_conected/install/car/share/car/launch
[0.690s] copying launch/control.launch.py -> /home/rhobtor/reactive/Reactive-Navegation/workspace_full_conected/install/car/share/car/launch
[0.691s] copying launch/control_with_gazebo.launch.py -> /home/rhobtor/reactive/Reactive-Navegation/workspace_full_conected/install/car/share/car/launch
[0.691s] creating /home/rhobtor/reactive/Reactive-Navegation/workspace_full_conected/install/car/share/car/urdf
[0.691s] copying urdf/lidar.plugin.xacro -> /home/rhobtor/reactive/Reactive-Navegation/workspace_full_conected/install/car/share/car/urdf
[0.691s] copying urdf/materials.xacro -> /home/rhobtor/reactive/Reactive-Navegation/workspace_full_conected/install/car/share/car/urdf
[0.691s] copying urdf/car.gazebo -> /home/rhobtor/reactive/Reactive-Navegation/workspace_full_conected/install/car/share/car/urdf
[0.691s] copying urdf/car.trans -> /home/rhobtor/reactive/Reactive-Navegation/workspace_full_conected/install/car/share/car/urdf
[0.691s] copying urdf/car.xacro -> /home/rhobtor/reactive/Reactive-Navegation/workspace_full_conected/install/car/share/car/urdf
[0.692s] copying urdf/camara.plugin.xacro -> /home/rhobtor/reactive/Reactive-Navegation/workspace_full_conected/install/car/share/car/urdf
[0.692s] creating /home/rhobtor/reactive/Reactive-Navegation/workspace_full_conected/install/car/share/car/meshes
[0.692s] copying meshes/rim_back_right_1.stl -> /home/rhobtor/reactive/Reactive-Navegation/workspace_full_conected/install/car/share/car/meshes
[0.693s] copying meshes/rim_back_left_1.stl -> /home/rhobtor/reactive/Reactive-Navegation/workspace_full_conected/install/car/share/car/meshes
[0.695s] copying meshes/suspension_back_right_1.stl -> /home/rhobtor/reactive/Reactive-Navegation/workspace_full_conected/install/car/share/car/meshes
[0.696s] copying meshes/Component24_1.stl -> /home/rhobtor/reactive/Reactive-Navegation/workspace_full_conected/install/car/share/car/meshes
[0.697s] copying meshes/rim_front_left_1.stl -> /home/rhobtor/reactive/Reactive-Navegation/workspace_full_conected/install/car/share/car/meshes
[0.697s] copying meshes/direction_front_right_1.stl -> /home/rhobtor/reactive/Reactive-Navegation/workspace_full_conected/install/car/share/car/meshes
[0.698s] copying meshes/direction_front_left_1.stl -> /home/rhobtor/reactive/Reactive-Navegation/workspace_full_conected/install/car/share/car/meshes
[0.698s] copying meshes/chasis_1.stl -> /home/rhobtor/reactive/Reactive-Navegation/workspace_full_conected/install/car/share/car/meshes
[0.699s] copying meshes/direction_back_right_1.stl -> /home/rhobtor/reactive/Reactive-Navegation/workspace_full_conected/install/car/share/car/meshes
[0.699s] copying meshes/rim.stl -> /home/rhobtor/reactive/Reactive-Navegation/workspace_full_conected/install/car/share/car/meshes
[0.700s] copying meshes/direction_back_left_1.stl -> /home/rhobtor/reactive/Reactive-Navegation/workspace_full_conected/install/car/share/car/meshes
[0.700s] copying meshes/Component25_1.stl -> /home/rhobtor/reactive/Reactive-Navegation/workspace_full_conected/install/car/share/car/meshes
[0.701s] copying meshes/base_link.stl -> /home/rhobtor/reactive/Reactive-Navegation/workspace_full_conected/install/car/share/car/meshes
[0.701s] copying meshes/suspension_front_right_1.stl -> /home/rhobtor/reactive/Reactive-Navegation/workspace_full_conected/install/car/share/car/meshes
[0.702s] copying meshes/tire.stl -> /home/rhobtor/reactive/Reactive-Navegation/workspace_full_conected/install/car/share/car/meshes
[0.705s] copying meshes/rim_front_right_1.stl -> /home/rhobtor/reactive/Reactive-Navegation/workspace_full_conected/install/car/share/car/meshes
[0.705s] copying meshes/tire_back_right_1.stl -> /home/rhobtor/reactive/Reactive-Navegation/workspace_full_conected/install/car/share/car/meshes
[0.705s] copying meshes/tire_front_right_1.stl -> /home/rhobtor/reactive/Reactive-Navegation/workspace_full_conected/install/car/share/car/meshes
[0.705s] copying meshes/tire_back_left_1.stl -> /home/rhobtor/reactive/Reactive-Navegation/workspace_full_conected/install/car/share/car/meshes
[0.706s] copying meshes/suspension_front_left__1.stl -> /home/rhobtor/reactive/Reactive-Navegation/workspace_full_conected/install/car/share/car/meshes
[0.707s] copying meshes/tire_front_left_1.stl -> /home/rhobtor/reactive/Reactive-Navegation/workspace_full_conected/install/car/share/car/meshes
[0.707s] copying meshes/suspension_back_left_1.stl -> /home/rhobtor/reactive/Reactive-Navegation/workspace_full_conected/install/car/share/car/meshes
[0.707s] creating /home/rhobtor/reactive/Reactive-Navegation/workspace_full_conected/install/car/share/car/config
[0.708s] copying config/control.yaml -> /home/rhobtor/reactive/Reactive-Navegation/workspace_full_conected/install/car/share/car/config
[0.708s] copying config/display.rviz -> /home/rhobtor/reactive/Reactive-Navegation/workspace_full_conected/install/car/share/car/config
[0.708s] copying config/controllers.yaml -> /home/rhobtor/reactive/Reactive-Navegation/workspace_full_conected/install/car/share/car/config
[0.708s] creating /home/rhobtor/reactive/Reactive-Navegation/workspace_full_conected/install/car/lib/car
[0.708s] running install_egg_info
[0.710s] Copying ../../build/car/car.egg-info to /home/rhobtor/reactive/Reactive-Navegation/workspace_full_conected/install/car/lib/python3.10/site-packages/car-0.0.0-py3.10.egg-info
[0.710s] running install_scripts
[0.726s] Installing joystick_control script to /home/rhobtor/reactive/Reactive-Navegation/workspace_full_conected/install/car/lib/car
[0.727s] Installing keyboard_control script to /home/rhobtor/reactive/Reactive-Navegation/workspace_full_conected/install/car/lib/car
[0.727s] Installing log_joystick script to /home/rhobtor/reactive/Reactive-Navegation/workspace_full_conected/install/car/lib/car
[0.727s] Installing octomap_2d_display script to /home/rhobtor/reactive/Reactive-Navegation/workspace_full_conected/install/car/lib/car
[0.727s] writing list of installed files to '/home/rhobtor/reactive/Reactive-Navegation/workspace_full_conected/build/car/install.log'
[0.750s] Invoked command in '/home/rhobtor/reactive/Reactive-Navegation/workspace_full_conected/src/car_python' returned '0': PYTHONPATH=/home/rhobtor/reactive/Reactive-Navegation/workspace_full_conected/build/car/prefix_override:/usr/lib/python3/dist-packages/colcon_core/task/python/colcon_distutils_commands:/home/rhobtor/reactive/Reactive-Navegation/workspace_full_conected/install/car/lib/python3.10/site-packages:${PYTHONPATH} /usr/bin/python3 -W ignore:setup.py install is deprecated -W ignore:easy_install command is deprecated setup.py egg_info --egg-base ../../build/car build --build-base /home/rhobtor/reactive/Reactive-Navegation/workspace_full_conected/build/car/build install --record /home/rhobtor/reactive/Reactive-Navegation/workspace_full_conected/build/car/install.log --single-version-externally-managed install_data
