[0.091s] Invoking command in '/home/rhobtor/reactive/Reactive-Navegation/workspace_full_conected/build/car_interfaces': CMAKE_PREFIX_PATH=${CMAKE_PREFIX_PATH}:/home/rhobtor/reactive/Reactive-Navegation/workspace_full_conected/install/car:/opt/ros/humble /usr/bin/cmake --build /home/rhobtor/reactive/Reactive-Navegation/workspace_full_conected/build/car_interfaces -- -j20 -l20
[1.233s] [  3%] Built target car_interfaces__cpp
[1.392s] [  3%] Built target ament_cmake_python_copy_car_interfaces
[1.987s] [ 12%] Built target car_interfaces__rosidl_generator_c
[2.037s] running egg_info
[2.038s] writing car_interfaces.egg-info/PKG-INFO
[2.038s] writing dependency_links to car_interfaces.egg-info/dependency_links.txt
[2.038s] writing top-level names to car_interfaces.egg-info/top_level.txt
[2.057s] reading manifest file 'car_interfaces.egg-info/SOURCES.txt'
[2.063s] [ 22%] Built target car_interfaces__rosidl_typesupport_c
[2.094s] writing manifest file 'car_interfaces.egg-info/SOURCES.txt'
[2.111s] [ 22%] Built target ament_cmake_python_build_car_interfaces_egg
[2.237s] [ 51%] Built target car_interfaces__rosidl_typesupport_cpp
[2.237s] [ 51%] Built target car_interfaces__rosidl_typesupport_introspection_c
[2.238s] [ 51%] Built target car_interfaces__rosidl_typesupport_introspection_cpp
[2.358s] [ 61%] Built target car_interfaces__rosidl_typesupport_fastrtps_cpp
[2.359s] [ 70%] Built target car_interfaces__rosidl_typesupport_fastrtps_c
[2.408s] [ 70%] Built target car_interfaces
[2.454s] [ 74%] Built target car_interfaces__py
[2.591s] [ 80%] Built target car_interfaces__rosidl_generator_py
[2.691s] [ 87%] Built target car_interfaces__rosidl_typesupport_c__pyext
[2.741s] [ 93%] Built target car_interfaces__rosidl_typesupport_fastrtps_c__pyext
[2.761s] [100%] Built target car_interfaces__rosidl_typesupport_introspection_c__pyext
[2.772s] Invoked command in '/home/rhobtor/reactive/Reactive-Navegation/workspace_full_conected/build/car_interfaces' returned '0': CMAKE_PREFIX_PATH=${CMAKE_PREFIX_PATH}:/home/rhobtor/reactive/Reactive-Navegation/workspace_full_conected/install/car:/opt/ros/humble /usr/bin/cmake --build /home/rhobtor/reactive/Reactive-Navegation/workspace_full_conected/build/car_interfaces -- -j20 -l20
[2.810s] Invoking command in '/home/rhobtor/reactive/Reactive-Navegation/workspace_full_conected/build/car_interfaces': CMAKE_PREFIX_PATH=${CMAKE_PREFIX_PATH}:/home/rhobtor/reactive/Reactive-Navegation/workspace_full_conected/install/car:/opt/ros/humble /usr/bin/cmake --install /home/rhobtor/reactive/Reactive-Navegation/workspace_full_conected/build/car_interfaces
[2.830s] -- Install configuration: ""
[2.830s] -- Up-to-date: /home/rhobtor/reactive/Reactive-Navegation/workspace_full_conected/install/car_interfaces/share/ament_index/resource_index/rosidl_interfaces/car_interfaces
[2.830s] -- Up-to-date: /home/rhobtor/reactive/Reactive-Navegation/workspace_full_conected/install/car_interfaces/include/car_interfaces/car_interfaces
[2.830s] -- Up-to-date: /home/rhobtor/reactive/Reactive-Navegation/workspace_full_conected/install/car_interfaces/include/car_interfaces/car_interfaces/msg
[2.831s] -- Up-to-date: /home/rhobtor/reactive/Reactive-Navegation/workspace_full_conected/install/car_interfaces/include/car_interfaces/car_interfaces/msg/rosidl_generator_c__visibility_control.h
[2.831s] -- Up-to-date: /home/rhobtor/reactive/Reactive-Navegation/workspace_full_conected/install/car_interfaces/include/car_interfaces/car_interfaces/msg/detail
[2.831s] -- Up-to-date: /home/rhobtor/reactive/Reactive-Navegation/workspace_full_conected/install/car_interfaces/include/car_interfaces/car_interfaces/msg/detail/graph__struct.h
[2.831s] -- Up-to-date: /home/rhobtor/reactive/Reactive-Navegation/workspace_full_conected/install/car_interfaces/include/car_interfaces/car_interfaces/msg/detail/graph__functions.h
[2.831s] -- Up-to-date: /home/rhobtor/reactive/Reactive-Navegation/workspace_full_conected/install/car_interfaces/include/car_interfaces/car_interfaces/msg/detail/graph__functions.c
[2.831s] -- Up-to-date: /home/rhobtor/reactive/Reactive-Navegation/workspace_full_conected/install/car_interfaces/include/car_interfaces/car_interfaces/msg/detail/graph__type_support.h
[2.831s] -- Up-to-date: /home/rhobtor/reactive/Reactive-Navegation/workspace_full_conected/install/car_interfaces/include/car_interfaces/car_interfaces/msg/graph.h
[2.831s] -- Up-to-date: /home/rhobtor/reactive/Reactive-Navegation/workspace_full_conected/install/car_interfaces/share/car_interfaces/environment/library_path.sh
[2.831s] -- Up-to-date: /home/rhobtor/reactive/Reactive-Navegation/workspace_full_conected/install/car_interfaces/share/car_interfaces/environment/library_path.dsv
[2.873s] -- Up-to-date: /home/rhobtor/reactive/Reactive-Navegation/workspace_full_conected/install/car_interfaces/lib/libcar_interfaces__rosidl_generator_c.so
[2.873s] -- Up-to-date: /home/rhobtor/reactive/Reactive-Navegation/workspace_full_conected/install/car_interfaces/include/car_interfaces/car_interfaces
[2.873s] -- Up-to-date: /home/rhobtor/reactive/Reactive-Navegation/workspace_full_conected/install/car_interfaces/include/car_interfaces/car_interfaces/msg
[2.873s] -- Up-to-date: /home/rhobtor/reactive/Reactive-Navegation/workspace_full_conected/install/car_interfaces/include/car_interfaces/car_interfaces/msg/rosidl_typesupport_fastrtps_c__visibility_control.h
[2.873s] -- Up-to-date: /home/rhobtor/reactive/Reactive-Navegation/workspace_full_conected/install/car_interfaces/include/car_interfaces/car_interfaces/msg/detail
[2.873s] -- Up-to-date: /home/rhobtor/reactive/Reactive-Navegation/workspace_full_conected/install/car_interfaces/include/car_interfaces/car_interfaces/msg/detail/graph__rosidl_typesupport_fastrtps_c.h
[2.899s] -- Up-to-date: /home/rhobtor/reactive/Reactive-Navegation/workspace_full_conected/install/car_interfaces/lib/libcar_interfaces__rosidl_typesupport_fastrtps_c.so
[2.899s] -- Up-to-date: /home/rhobtor/reactive/Reactive-Navegation/workspace_full_conected/install/car_interfaces/include/car_interfaces/car_interfaces
[2.899s] -- Up-to-date: /home/rhobtor/reactive/Reactive-Navegation/workspace_full_conected/install/car_interfaces/include/car_interfaces/car_interfaces/msg
[2.900s] -- Up-to-date: /home/rhobtor/reactive/Reactive-Navegation/workspace_full_conected/install/car_interfaces/include/car_interfaces/car_interfaces/msg/graph.hpp
[2.900s] -- Up-to-date: /home/rhobtor/reactive/Reactive-Navegation/workspace_full_conected/install/car_interfaces/include/car_interfaces/car_interfaces/msg/detail
[2.900s] -- Up-to-date: /home/rhobtor/reactive/Reactive-Navegation/workspace_full_conected/install/car_interfaces/include/car_interfaces/car_interfaces/msg/detail/graph__traits.hpp
[2.900s] -- Up-to-date: /home/rhobtor/reactive/Reactive-Navegation/workspace_full_conected/install/car_interfaces/include/car_interfaces/car_interfaces/msg/detail/graph__struct.hpp
[2.900s] -- Up-to-date: /home/rhobtor/reactive/Reactive-Navegation/workspace_full_conected/install/car_interfaces/include/car_interfaces/car_interfaces/msg/detail/graph__builder.hpp
[2.900s] -- Up-to-date: /home/rhobtor/reactive/Reactive-Navegation/workspace_full_conected/install/car_interfaces/include/car_interfaces/car_interfaces/msg/detail/graph__type_support.hpp
[2.900s] -- Up-to-date: /home/rhobtor/reactive/Reactive-Navegation/workspace_full_conected/install/car_interfaces/include/car_interfaces/car_interfaces/msg/rosidl_generator_cpp__visibility_control.hpp
[2.900s] -- Up-to-date: /home/rhobtor/reactive/Reactive-Navegation/workspace_full_conected/install/car_interfaces/include/car_interfaces/car_interfaces
[2.901s] -- Up-to-date: /home/rhobtor/reactive/Reactive-Navegation/workspace_full_conected/install/car_interfaces/include/car_interfaces/car_interfaces/msg
[2.901s] -- Up-to-date: /home/rhobtor/reactive/Reactive-Navegation/workspace_full_conected/install/car_interfaces/include/car_interfaces/car_interfaces/msg/rosidl_typesupport_fastrtps_cpp__visibility_control.h
[2.901s] -- Up-to-date: /home/rhobtor/reactive/Reactive-Navegation/workspace_full_conected/install/car_interfaces/include/car_interfaces/car_interfaces/msg/detail
[2.901s] -- Up-to-date: /home/rhobtor/reactive/Reactive-Navegation/workspace_full_conected/install/car_interfaces/include/car_interfaces/car_interfaces/msg/detail/dds_fastrtps
[2.901s] -- Up-to-date: /home/rhobtor/reactive/Reactive-Navegation/workspace_full_conected/install/car_interfaces/include/car_interfaces/car_interfaces/msg/detail/graph__rosidl_typesupport_fastrtps_cpp.hpp
[2.921s] -- Up-to-date: /home/rhobtor/reactive/Reactive-Navegation/workspace_full_conected/install/car_interfaces/lib/libcar_interfaces__rosidl_typesupport_fastrtps_cpp.so
[2.922s] -- Up-to-date: /home/rhobtor/reactive/Reactive-Navegation/workspace_full_conected/install/car_interfaces/include/car_interfaces/car_interfaces
[2.922s] -- Up-to-date: /home/rhobtor/reactive/Reactive-Navegation/workspace_full_conected/install/car_interfaces/include/car_interfaces/car_interfaces/msg
[2.922s] -- Up-to-date: /home/rhobtor/reactive/Reactive-Navegation/workspace_full_conected/install/car_interfaces/include/car_interfaces/car_interfaces/msg/rosidl_typesupport_introspection_c__visibility_control.h
[2.923s] -- Up-to-date: /home/rhobtor/reactive/Reactive-Navegation/workspace_full_conected/install/car_interfaces/include/car_interfaces/car_interfaces/msg/detail
[2.923s] -- Up-to-date: /home/rhobtor/reactive/Reactive-Navegation/workspace_full_conected/install/car_interfaces/include/car_interfaces/car_interfaces/msg/detail/graph__type_support.c
[2.923s] -- Up-to-date: /home/rhobtor/reactive/Reactive-Navegation/workspace_full_conected/install/car_interfaces/include/car_interfaces/car_interfaces/msg/detail/graph__rosidl_typesupport_introspection_c.h
[2.923s] -- Up-to-date: /home/rhobtor/reactive/Reactive-Navegation/workspace_full_conected/install/car_interfaces/lib/libcar_interfaces__rosidl_typesupport_introspection_c.so
[2.924s] -- Up-to-date: /home/rhobtor/reactive/Reactive-Navegation/workspace_full_conected/install/car_interfaces/lib/libcar_interfaces__rosidl_typesupport_c.so
[2.924s] -- Up-to-date: /home/rhobtor/reactive/Reactive-Navegation/workspace_full_conected/install/car_interfaces/include/car_interfaces/car_interfaces
[2.925s] -- Up-to-date: /home/rhobtor/reactive/Reactive-Navegation/workspace_full_conected/install/car_interfaces/include/car_interfaces/car_interfaces/msg
[2.925s] -- Up-to-date: /home/rhobtor/reactive/Reactive-Navegation/workspace_full_conected/install/car_interfaces/include/car_interfaces/car_interfaces/msg/detail
[2.925s] -- Up-to-date: /home/rhobtor/reactive/Reactive-Navegation/workspace_full_conected/install/car_interfaces/include/car_interfaces/car_interfaces/msg/detail/graph__type_support.cpp
[2.925s] -- Up-to-date: /home/rhobtor/reactive/Reactive-Navegation/workspace_full_conected/install/car_interfaces/include/car_interfaces/car_interfaces/msg/detail/graph__rosidl_typesupport_introspection_cpp.hpp
[2.926s] -- Up-to-date: /home/rhobtor/reactive/Reactive-Navegation/workspace_full_conected/install/car_interfaces/lib/libcar_interfaces__rosidl_typesupport_introspection_cpp.so
[2.926s] -- Up-to-date: /home/rhobtor/reactive/Reactive-Navegation/workspace_full_conected/install/car_interfaces/lib/libcar_interfaces__rosidl_typesupport_cpp.so
[2.927s] -- Up-to-date: /home/rhobtor/reactive/Reactive-Navegation/workspace_full_conected/install/car_interfaces/share/car_interfaces/environment/pythonpath.sh
[2.927s] -- Up-to-date: /home/rhobtor/reactive/Reactive-Navegation/workspace_full_conected/install/car_interfaces/share/car_interfaces/environment/pythonpath.dsv
[2.927s] -- Up-to-date: /home/rhobtor/reactive/Reactive-Navegation/workspace_full_conected/install/car_interfaces/local/lib/python3.10/dist-packages/car_interfaces-0.0.0-py3.10.egg-info
[2.927s] -- Installing: /home/rhobtor/reactive/Reactive-Navegation/workspace_full_conected/install/car_interfaces/local/lib/python3.10/dist-packages/car_interfaces-0.0.0-py3.10.egg-info/dependency_links.txt
[2.927s] -- Installing: /home/rhobtor/reactive/Reactive-Navegation/workspace_full_conected/install/car_interfaces/local/lib/python3.10/dist-packages/car_interfaces-0.0.0-py3.10.egg-info/top_level.txt
[2.928s] -- Installing: /home/rhobtor/reactive/Reactive-Navegation/workspace_full_conected/install/car_interfaces/local/lib/python3.10/dist-packages/car_interfaces-0.0.0-py3.10.egg-info/PKG-INFO
[2.928s] -- Installing: /home/rhobtor/reactive/Reactive-Navegation/workspace_full_conected/install/car_interfaces/local/lib/python3.10/dist-packages/car_interfaces-0.0.0-py3.10.egg-info/SOURCES.txt
[2.929s] -- Up-to-date: /home/rhobtor/reactive/Reactive-Navegation/workspace_full_conected/install/car_interfaces/local/lib/python3.10/dist-packages/car_interfaces
[2.929s] -- Up-to-date: /home/rhobtor/reactive/Reactive-Navegation/workspace_full_conected/install/car_interfaces/local/lib/python3.10/dist-packages/car_interfaces/__init__.py
[2.929s] -- Up-to-date: /home/rhobtor/reactive/Reactive-Navegation/workspace_full_conected/install/car_interfaces/local/lib/python3.10/dist-packages/car_interfaces/car_interfaces_s__rosidl_typesupport_fastrtps_c.cpython-310-x86_64-linux-gnu.so
[2.929s] -- Up-to-date: /home/rhobtor/reactive/Reactive-Navegation/workspace_full_conected/install/car_interfaces/local/lib/python3.10/dist-packages/car_interfaces/car_interfaces_s__rosidl_typesupport_c.cpython-310-x86_64-linux-gnu.so
[2.929s] -- Up-to-date: /home/rhobtor/reactive/Reactive-Navegation/workspace_full_conected/install/car_interfaces/local/lib/python3.10/dist-packages/car_interfaces/_car_interfaces_s.ep.rosidl_typesupport_c.c
[2.929s] -- Up-to-date: /home/rhobtor/reactive/Reactive-Navegation/workspace_full_conected/install/car_interfaces/local/lib/python3.10/dist-packages/car_interfaces/_car_interfaces_s.ep.rosidl_typesupport_introspection_c.c
[2.930s] -- Up-to-date: /home/rhobtor/reactive/Reactive-Navegation/workspace_full_conected/install/car_interfaces/local/lib/python3.10/dist-packages/car_interfaces/libcar_interfaces__rosidl_generator_py.so
[2.930s] -- Up-to-date: /home/rhobtor/reactive/Reactive-Navegation/workspace_full_conected/install/car_interfaces/local/lib/python3.10/dist-packages/car_interfaces/msg
[2.930s] -- Up-to-date: /home/rhobtor/reactive/Reactive-Navegation/workspace_full_conected/install/car_interfaces/local/lib/python3.10/dist-packages/car_interfaces/msg/__init__.py
[2.930s] -- Up-to-date: /home/rhobtor/reactive/Reactive-Navegation/workspace_full_conected/install/car_interfaces/local/lib/python3.10/dist-packages/car_interfaces/msg/_graph_s.c
[2.930s] -- Up-to-date: /home/rhobtor/reactive/Reactive-Navegation/workspace_full_conected/install/car_interfaces/local/lib/python3.10/dist-packages/car_interfaces/msg/_graph.py
[2.930s] -- Up-to-date: /home/rhobtor/reactive/Reactive-Navegation/workspace_full_conected/install/car_interfaces/local/lib/python3.10/dist-packages/car_interfaces/car_interfaces_s__rosidl_typesupport_introspection_c.cpython-310-x86_64-linux-gnu.so
[2.931s] -- Up-to-date: /home/rhobtor/reactive/Reactive-Navegation/workspace_full_conected/install/car_interfaces/local/lib/python3.10/dist-packages/car_interfaces/_car_interfaces_s.ep.rosidl_typesupport_fastrtps_c.c
[3.101s] Listing '/home/rhobtor/reactive/Reactive-Navegation/workspace_full_conected/install/car_interfaces/local/lib/python3.10/dist-packages/car_interfaces'...
[3.101s] Listing '/home/rhobtor/reactive/Reactive-Navegation/workspace_full_conected/install/car_interfaces/local/lib/python3.10/dist-packages/car_interfaces/msg'...
[3.116s] -- Up-to-date: /home/rhobtor/reactive/Reactive-Navegation/workspace_full_conected/install/car_interfaces/local/lib/python3.10/dist-packages/car_interfaces/car_interfaces_s__rosidl_typesupport_fastrtps_c.cpython-310-x86_64-linux-gnu.so
[3.117s] -- Up-to-date: /home/rhobtor/reactive/Reactive-Navegation/workspace_full_conected/install/car_interfaces/local/lib/python3.10/dist-packages/car_interfaces/car_interfaces_s__rosidl_typesupport_introspection_c.cpython-310-x86_64-linux-gnu.so
[3.120s] -- Up-to-date: /home/rhobtor/reactive/Reactive-Navegation/workspace_full_conected/install/car_interfaces/local/lib/python3.10/dist-packages/car_interfaces/car_interfaces_s__rosidl_typesupport_c.cpython-310-x86_64-linux-gnu.so
[3.122s] -- Up-to-date: /home/rhobtor/reactive/Reactive-Navegation/workspace_full_conected/install/car_interfaces/lib/libcar_interfaces__rosidl_generator_py.so
[3.123s] -- Up-to-date: /home/rhobtor/reactive/Reactive-Navegation/workspace_full_conected/install/car_interfaces/share/car_interfaces/msg/Graph.idl
[3.123s] -- Up-to-date: /home/rhobtor/reactive/Reactive-Navegation/workspace_full_conected/install/car_interfaces/share/car_interfaces/msg/Graph.msg
[3.123s] -- Up-to-date: /home/rhobtor/reactive/Reactive-Navegation/workspace_full_conected/install/car_interfaces/share/ament_index/resource_index/package_run_dependencies/car_interfaces
[3.123s] -- Up-to-date: /home/rhobtor/reactive/Reactive-Navegation/workspace_full_conected/install/car_interfaces/share/ament_index/resource_index/parent_prefix_path/car_interfaces
[3.123s] -- Up-to-date: /home/rhobtor/reactive/Reactive-Navegation/workspace_full_conected/install/car_interfaces/share/car_interfaces/environment/ament_prefix_path.sh
[3.123s] -- Up-to-date: /home/rhobtor/reactive/Reactive-Navegation/workspace_full_conected/install/car_interfaces/share/car_interfaces/environment/ament_prefix_path.dsv
[3.123s] -- Up-to-date: /home/rhobtor/reactive/Reactive-Navegation/workspace_full_conected/install/car_interfaces/share/car_interfaces/environment/path.sh
[3.123s] -- Up-to-date: /home/rhobtor/reactive/Reactive-Navegation/workspace_full_conected/install/car_interfaces/share/car_interfaces/environment/path.dsv
[3.123s] -- Up-to-date: /home/rhobtor/reactive/Reactive-Navegation/workspace_full_conected/install/car_interfaces/share/car_interfaces/local_setup.bash
[3.123s] -- Up-to-date: /home/rhobtor/reactive/Reactive-Navegation/workspace_full_conected/install/car_interfaces/share/car_interfaces/local_setup.sh
[3.123s] -- Up-to-date: /home/rhobtor/reactive/Reactive-Navegation/workspace_full_conected/install/car_interfaces/share/car_interfaces/local_setup.zsh
[3.124s] -- Up-to-date: /home/rhobtor/reactive/Reactive-Navegation/workspace_full_conected/install/car_interfaces/share/car_interfaces/local_setup.dsv
[3.124s] -- Installing: /home/rhobtor/reactive/Reactive-Navegation/workspace_full_conected/install/car_interfaces/share/car_interfaces/package.dsv
[3.143s] -- Up-to-date: /home/rhobtor/reactive/Reactive-Navegation/workspace_full_conected/install/car_interfaces/share/ament_index/resource_index/packages/car_interfaces
[3.143s] -- Up-to-date: /home/rhobtor/reactive/Reactive-Navegation/workspace_full_conected/install/car_interfaces/share/car_interfaces/cmake/export_car_interfaces__rosidl_generator_cExport.cmake
[3.143s] -- Up-to-date: /home/rhobtor/reactive/Reactive-Navegation/workspace_full_conected/install/car_interfaces/share/car_interfaces/cmake/export_car_interfaces__rosidl_generator_cExport-noconfig.cmake
[3.143s] -- Up-to-date: /home/rhobtor/reactive/Reactive-Navegation/workspace_full_conected/install/car_interfaces/share/car_interfaces/cmake/export_car_interfaces__rosidl_typesupport_fastrtps_cExport.cmake
[3.143s] -- Up-to-date: /home/rhobtor/reactive/Reactive-Navegation/workspace_full_conected/install/car_interfaces/share/car_interfaces/cmake/export_car_interfaces__rosidl_typesupport_fastrtps_cExport-noconfig.cmake
[3.143s] -- Up-to-date: /home/rhobtor/reactive/Reactive-Navegation/workspace_full_conected/install/car_interfaces/share/car_interfaces/cmake/export_car_interfaces__rosidl_generator_cppExport.cmake
[3.143s] -- Up-to-date: /home/rhobtor/reactive/Reactive-Navegation/workspace_full_conected/install/car_interfaces/share/car_interfaces/cmake/export_car_interfaces__rosidl_typesupport_fastrtps_cppExport.cmake
[3.143s] -- Up-to-date: /home/rhobtor/reactive/Reactive-Navegation/workspace_full_conected/install/car_interfaces/share/car_interfaces/cmake/export_car_interfaces__rosidl_typesupport_fastrtps_cppExport-noconfig.cmake
[3.158s] -- Up-to-date: /home/rhobtor/reactive/Reactive-Navegation/workspace_full_conected/install/car_interfaces/share/car_interfaces/cmake/car_interfaces__rosidl_typesupport_introspection_cExport.cmake
[3.158s] -- Up-to-date: /home/rhobtor/reactive/Reactive-Navegation/workspace_full_conected/install/car_interfaces/share/car_interfaces/cmake/car_interfaces__rosidl_typesupport_introspection_cExport-noconfig.cmake
[3.159s] -- Up-to-date: /home/rhobtor/reactive/Reactive-Navegation/workspace_full_conected/install/car_interfaces/share/car_interfaces/cmake/car_interfaces__rosidl_typesupport_cExport.cmake
[3.159s] -- Up-to-date: /home/rhobtor/reactive/Reactive-Navegation/workspace_full_conected/install/car_interfaces/share/car_interfaces/cmake/car_interfaces__rosidl_typesupport_cExport-noconfig.cmake
[3.159s] -- Up-to-date: /home/rhobtor/reactive/Reactive-Navegation/workspace_full_conected/install/car_interfaces/share/car_interfaces/cmake/car_interfaces__rosidl_typesupport_introspection_cppExport.cmake
[3.159s] -- Up-to-date: /home/rhobtor/reactive/Reactive-Navegation/workspace_full_conected/install/car_interfaces/share/car_interfaces/cmake/car_interfaces__rosidl_typesupport_introspection_cppExport-noconfig.cmake
[3.159s] -- Up-to-date: /home/rhobtor/reactive/Reactive-Navegation/workspace_full_conected/install/car_interfaces/share/car_interfaces/cmake/car_interfaces__rosidl_typesupport_cppExport.cmake
[3.159s] -- Up-to-date: /home/rhobtor/reactive/Reactive-Navegation/workspace_full_conected/install/car_interfaces/share/car_interfaces/cmake/car_interfaces__rosidl_typesupport_cppExport-noconfig.cmake
[3.169s] -- Up-to-date: /home/rhobtor/reactive/Reactive-Navegation/workspace_full_conected/install/car_interfaces/share/car_interfaces/cmake/export_car_interfaces__rosidl_generator_pyExport.cmake
[3.170s] -- Up-to-date: /home/rhobtor/reactive/Reactive-Navegation/workspace_full_conected/install/car_interfaces/share/car_interfaces/cmake/export_car_interfaces__rosidl_generator_pyExport-noconfig.cmake
[3.170s] -- Up-to-date: /home/rhobtor/reactive/Reactive-Navegation/workspace_full_conected/install/car_interfaces/share/car_interfaces/cmake/rosidl_cmake-extras.cmake
[3.170s] -- Up-to-date: /home/rhobtor/reactive/Reactive-Navegation/workspace_full_conected/install/car_interfaces/share/car_interfaces/cmake/ament_cmake_export_dependencies-extras.cmake
[3.170s] -- Up-to-date: /home/rhobtor/reactive/Reactive-Navegation/workspace_full_conected/install/car_interfaces/share/car_interfaces/cmake/ament_cmake_export_include_directories-extras.cmake
[3.170s] -- Up-to-date: /home/rhobtor/reactive/Reactive-Navegation/workspace_full_conected/install/car_interfaces/share/car_interfaces/cmake/ament_cmake_export_libraries-extras.cmake
[3.170s] -- Up-to-date: /home/rhobtor/reactive/Reactive-Navegation/workspace_full_conected/install/car_interfaces/share/car_interfaces/cmake/ament_cmake_export_targets-extras.cmake
[3.170s] -- Up-to-date: /home/rhobtor/reactive/Reactive-Navegation/workspace_full_conected/install/car_interfaces/share/car_interfaces/cmake/rosidl_cmake_export_typesupport_targets-extras.cmake
[3.170s] -- Up-to-date: /home/rhobtor/reactive/Reactive-Navegation/workspace_full_conected/install/car_interfaces/share/car_interfaces/cmake/rosidl_cmake_export_typesupport_libraries-extras.cmake
[3.170s] -- Up-to-date: /home/rhobtor/reactive/Reactive-Navegation/workspace_full_conected/install/car_interfaces/share/car_interfaces/cmake/car_interfacesConfig.cmake
[3.170s] -- Up-to-date: /home/rhobtor/reactive/Reactive-Navegation/workspace_full_conected/install/car_interfaces/share/car_interfaces/cmake/car_interfacesConfig-version.cmake
[3.170s] -- Up-to-date: /home/rhobtor/reactive/Reactive-Navegation/workspace_full_conected/install/car_interfaces/share/car_interfaces/package.xml
[3.255s] Invoked command in '/home/rhobtor/reactive/Reactive-Navegation/workspace_full_conected/build/car_interfaces' returned '0': CMAKE_PREFIX_PATH=${CMAKE_PREFIX_PATH}:/home/rhobtor/reactive/Reactive-Navegation/workspace_full_conected/install/car:/opt/ros/humble /usr/bin/cmake --install /home/rhobtor/reactive/Reactive-Navegation/workspace_full_conected/build/car_interfaces
