[8.021s] Invoking command in '/mnt/c/Users/luism/Documents/Ubuntu/Reactive-Navegation/Reactive-Navegation/workspace_full_conected/src/car_python': AMENT_PREFIX_PATH=/mnt/c/Users/luism/Documents/Ubuntu/Reactive-Navegation/Reactive-Navegation/workspace_full_conected/install/car_interfaces:${AMENT_PREFIX_PATH} CMAKE_PREFIX_PATH=/mnt/c/Users/luism/Documents/Ubuntu/Reactive-Navegation/Reactive-Navegation/workspace_full_conected/install/car_interfaces:${CMAKE_PREFIX_PATH} LD_LIBRARY_PATH=/mnt/c/Users/luism/Documents/Ubuntu/Reactive-Navegation/Reactive-Navegation/workspace_full_conected/install/car_interfaces/lib:${LD_LIBRARY_PATH} PYTHONPATH=/mnt/c/Users/luism/Documents/Ubuntu/Reactive-Navegation/Reactive-Navegation/workspace_full_conected/build/car/prefix_override:/usr/lib/python3/dist-packages/colcon_core/task/python/colcon_distutils_commands:/mnt/c/Users/luism/Documents/Ubuntu/Reactive-Navegation/Reactive-Navegation/workspace_full_conected/install/car/lib/python3.10/site-packages:/mnt/c/Users/luism/Documents/Ubuntu/Reactive-Navegation/Reactive-Navegation/workspace_full_conected/install/car_interfaces/local/lib/python3.10/dist-packages:${PYTHONPATH} /usr/bin/python3 -W ignore:setup.py install is deprecated -W ignore:easy_install command is deprecated setup.py egg_info --egg-base ../../build/car build --build-base /mnt/c/Users/luism/Documents/Ubuntu/Reactive-Navegation/Reactive-Navegation/workspace_full_conected/build/car/build install --record /mnt/c/Users/luism/Documents/Ubuntu/Reactive-Navegation/Reactive-Navegation/workspace_full_conected/build/car/install.log --single-version-externally-managed install_data
[9.796s] running egg_info
[9.816s] writing ../../build/car/car.egg-info/PKG-INFO
[9.817s] writing dependency_links to ../../build/car/car.egg-info/dependency_links.txt
[9.822s] writing entry points to ../../build/car/car.egg-info/entry_points.txt
[9.827s] writing requirements to ../../build/car/car.egg-info/requires.txt
[9.833s] writing top-level names to ../../build/car/car.egg-info/top_level.txt
[10.038s] reading manifest file '../../build/car/car.egg-info/SOURCES.txt'
[10.324s] writing manifest file '../../build/car/car.egg-info/SOURCES.txt'
[10.328s] running build
[10.329s] running build_py
[10.633s] copying car/train_ppo.py -> /mnt/c/Users/luism/Documents/Ubuntu/Reactive-Navegation/Reactive-Navegation/workspace_full_conected/build/car/build/lib/car
[10.683s] running install
[10.684s] running install_lib
[11.133s] copying /mnt/c/Users/luism/Documents/Ubuntu/Reactive-Navegation/Reactive-Navegation/workspace_full_conected/build/car/build/lib/car/train_ppo.py -> /mnt/c/Users/luism/Documents/Ubuntu/Reactive-Navegation/Reactive-Navegation/workspace_full_conected/install/car/lib/python3.10/site-packages/car
[11.554s] byte-compiling /mnt/c/Users/luism/Documents/Ubuntu/Reactive-Navegation/Reactive-Navegation/workspace_full_conected/install/car/lib/python3.10/site-packages/car/train_ppo.py to train_ppo.cpython-310.pyc
[11.653s] running install_data
[12.645s] running install_egg_info
[12.670s] removing '/mnt/c/Users/luism/Documents/Ubuntu/Reactive-Navegation/Reactive-Navegation/workspace_full_conected/install/car/lib/python3.10/site-packages/car-0.0.0-py3.10.egg-info' (and everything under it)
[12.744s] Copying ../../build/car/car.egg-info to /mnt/c/Users/luism/Documents/Ubuntu/Reactive-Navegation/Reactive-Navegation/workspace_full_conected/install/car/lib/python3.10/site-packages/car-0.0.0-py3.10.egg-info
[13.041s] running install_scripts
[13.236s] Installing camara_time_node script to /mnt/c/Users/luism/Documents/Ubuntu/Reactive-Navegation/Reactive-Navegation/workspace_full_conected/install/car/lib/car
[13.248s] Installing colision_zone script to /mnt/c/Users/luism/Documents/Ubuntu/Reactive-Navegation/Reactive-Navegation/workspace_full_conected/install/car/lib/car
[13.259s] Installing debug_node script to /mnt/c/Users/luism/Documents/Ubuntu/Reactive-Navegation/Reactive-Navegation/workspace_full_conected/install/car/lib/car
[13.270s] Installing dqn_ppo script to /mnt/c/Users/luism/Documents/Ubuntu/Reactive-Navegation/Reactive-Navegation/workspace_full_conected/install/car/lib/car
[13.283s] Installing ekf_node script to /mnt/c/Users/luism/Documents/Ubuntu/Reactive-Navegation/Reactive-Navegation/workspace_full_conected/install/car/lib/car
[13.295s] Installing filter_points_cloud script to /mnt/c/Users/luism/Documents/Ubuntu/Reactive-Navegation/Reactive-Navegation/workspace_full_conected/install/car/lib/car
[13.305s] Installing frontier_view script to /mnt/c/Users/luism/Documents/Ubuntu/Reactive-Navegation/Reactive-Navegation/workspace_full_conected/install/car/lib/car
[13.316s] Installing graph script to /mnt/c/Users/luism/Documents/Ubuntu/Reactive-Navegation/Reactive-Navegation/workspace_full_conected/install/car/lib/car
[13.328s] Installing inference_dqn_ppo script to /mnt/c/Users/luism/Documents/Ubuntu/Reactive-Navegation/Reactive-Navegation/workspace_full_conected/install/car/lib/car
[13.338s] Installing inference_ppo script to /mnt/c/Users/luism/Documents/Ubuntu/Reactive-Navegation/Reactive-Navegation/workspace_full_conected/install/car/lib/car
[13.349s] Installing joystick_control script to /mnt/c/Users/luism/Documents/Ubuntu/Reactive-Navegation/Reactive-Navegation/workspace_full_conected/install/car/lib/car
[13.362s] Installing keyboard_control script to /mnt/c/Users/luism/Documents/Ubuntu/Reactive-Navegation/Reactive-Navegation/workspace_full_conected/install/car/lib/car
[13.375s] Installing log_joystick script to /mnt/c/Users/luism/Documents/Ubuntu/Reactive-Navegation/Reactive-Navegation/workspace_full_conected/install/car/lib/car
[13.386s] Installing map script to /mnt/c/Users/luism/Documents/Ubuntu/Reactive-Navegation/Reactive-Navegation/workspace_full_conected/install/car/lib/car
[13.397s] Installing octomap_2d_display script to /mnt/c/Users/luism/Documents/Ubuntu/Reactive-Navegation/Reactive-Navegation/workspace_full_conected/install/car/lib/car
[13.409s] Installing odometry_node script to /mnt/c/Users/luism/Documents/Ubuntu/Reactive-Navegation/Reactive-Navegation/workspace_full_conected/install/car/lib/car
[13.419s] Installing points_goal script to /mnt/c/Users/luism/Documents/Ubuntu/Reactive-Navegation/Reactive-Navegation/workspace_full_conected/install/car/lib/car
[13.431s] Installing scan_to_cloud script to /mnt/c/Users/luism/Documents/Ubuntu/Reactive-Navegation/Reactive-Navegation/workspace_full_conected/install/car/lib/car
[13.442s] Installing supervisor_node script to /mnt/c/Users/luism/Documents/Ubuntu/Reactive-Navegation/Reactive-Navegation/workspace_full_conected/install/car/lib/car
[13.454s] Installing train_ppo script to /mnt/c/Users/luism/Documents/Ubuntu/Reactive-Navegation/Reactive-Navegation/workspace_full_conected/install/car/lib/car
[13.464s] Installing view_point_and_click script to /mnt/c/Users/luism/Documents/Ubuntu/Reactive-Navegation/Reactive-Navegation/workspace_full_conected/install/car/lib/car
[13.480s] writing list of installed files to '/mnt/c/Users/luism/Documents/Ubuntu/Reactive-Navegation/Reactive-Navegation/workspace_full_conected/build/car/install.log'
[13.519s] Invoked command in '/mnt/c/Users/luism/Documents/Ubuntu/Reactive-Navegation/Reactive-Navegation/workspace_full_conected/src/car_python' returned '0': AMENT_PREFIX_PATH=/mnt/c/Users/luism/Documents/Ubuntu/Reactive-Navegation/Reactive-Navegation/workspace_full_conected/install/car_interfaces:${AMENT_PREFIX_PATH} CMAKE_PREFIX_PATH=/mnt/c/Users/luism/Documents/Ubuntu/Reactive-Navegation/Reactive-Navegation/workspace_full_conected/install/car_interfaces:${CMAKE_PREFIX_PATH} LD_LIBRARY_PATH=/mnt/c/Users/luism/Documents/Ubuntu/Reactive-Navegation/Reactive-Navegation/workspace_full_conected/install/car_interfaces/lib:${LD_LIBRARY_PATH} PYTHONPATH=/mnt/c/Users/luism/Documents/Ubuntu/Reactive-Navegation/Reactive-Navegation/workspace_full_conected/build/car/prefix_override:/usr/lib/python3/dist-packages/colcon_core/task/python/colcon_distutils_commands:/mnt/c/Users/luism/Documents/Ubuntu/Reactive-Navegation/Reactive-Navegation/workspace_full_conected/install/car/lib/python3.10/site-packages:/mnt/c/Users/luism/Documents/Ubuntu/Reactive-Navegation/Reactive-Navegation/workspace_full_conected/install/car_interfaces/local/lib/python3.10/dist-packages:${PYTHONPATH} /usr/bin/python3 -W ignore:setup.py install is deprecated -W ignore:easy_install command is deprecated setup.py egg_info --egg-base ../../build/car build --build-base /mnt/c/Users/luism/Documents/Ubuntu/Reactive-Navegation/Reactive-Navegation/workspace_full_conected/build/car/build install --record /mnt/c/Users/luism/Documents/Ubuntu/Reactive-Navegation/Reactive-Navegation/workspace_full_conected/build/car/install.log --single-version-externally-managed install_data
