[0.487s] Invoking command in '/home/rhobtor/reactive/Reactive-Navegation/workspace_full_conected/src/car_python': PYTHONPATH=/home/rhobtor/reactive/Reactive-Navegation/workspace_full_conected/build/car/prefix_override:/usr/lib/python3/dist-packages/colcon_core/task/python/colcon_distutils_commands:/home/rhobtor/reactive/Reactive-Navegation/workspace_full_conected/install/car/lib/python3.10/site-packages:${PYTHONPATH} /usr/bin/python3 -W ignore:setup.py install is deprecated -W ignore:easy_install command is deprecated setup.py egg_info --egg-base ../../build/car build --build-base /home/rhobtor/reactive/Reactive-Navegation/workspace_full_conected/build/car/build install --record /home/rhobtor/reactive/Reactive-Navegation/workspace_full_conected/build/car/install.log --single-version-externally-managed install_data
[0.657s] running egg_info
[0.658s] creating ../../build/car/car.egg-info
[0.658s] writing ../../build/car/car.egg-info/PKG-INFO
[0.658s] writing dependency_links to ../../build/car/car.egg-info/dependency_links.txt
[0.658s] writing entry points to ../../build/car/car.egg-info/entry_points.txt
[0.658s] writing requirements to ../../build/car/car.egg-info/requires.txt
[0.658s] writing top-level names to ../../build/car/car.egg-info/top_level.txt
[0.658s] writing manifest file '../../build/car/car.egg-info/SOURCES.txt'
[0.661s] reading manifest file '../../build/car/car.egg-info/SOURCES.txt'
[0.661s] writing manifest file '../../build/car/car.egg-info/SOURCES.txt'
[0.661s] running build
[0.661s] running build_py
[0.661s] creating /home/rhobtor/reactive/Reactive-Navegation/workspace_full_conected/build/car/build
[0.661s] creating /home/rhobtor/reactive/Reactive-Navegation/workspace_full_conected/build/car/build/lib
[0.661s] creating /home/rhobtor/reactive/Reactive-Navegation/workspace_full_conected/build/car/build/lib/car
[0.661s] copying car/debugtf.py -> /home/rhobtor/reactive/Reactive-Navegation/workspace_full_conected/build/car/build/lib/car
[0.661s] copying car/odometry.py -> /home/rhobtor/reactive/Reactive-Navegation/workspace_full_conected/build/car/build/lib/car
[0.661s] copying car/octomap_2d_display.py -> /home/rhobtor/reactive/Reactive-Navegation/workspace_full_conected/build/car/build/lib/car
[0.661s] copying car/keyboard_control.py -> /home/rhobtor/reactive/Reactive-Navegation/workspace_full_conected/build/car/build/lib/car
[0.661s] copying car/__init__.py -> /home/rhobtor/reactive/Reactive-Navegation/workspace_full_conected/build/car/build/lib/car
[0.662s] copying car/ekf_node.py -> /home/rhobtor/reactive/Reactive-Navegation/workspace_full_conected/build/car/build/lib/car
[0.662s] copying car/map.py -> /home/rhobtor/reactive/Reactive-Navegation/workspace_full_conected/build/car/build/lib/car
[0.662s] copying car/log_joystick.py -> /home/rhobtor/reactive/Reactive-Navegation/workspace_full_conected/build/car/build/lib/car
[0.662s] copying car/laser_scan.py -> /home/rhobtor/reactive/Reactive-Navegation/workspace_full_conected/build/car/build/lib/car
[0.662s] copying car/camara_time.py -> /home/rhobtor/reactive/Reactive-Navegation/workspace_full_conected/build/car/build/lib/car
[0.662s] copying car/joystick_control.py -> /home/rhobtor/reactive/Reactive-Navegation/workspace_full_conected/build/car/build/lib/car
[0.662s] running install
[0.663s] running install_lib
[0.663s] creating /home/rhobtor/reactive/Reactive-Navegation/workspace_full_conected/install/car/lib/python3.10/site-packages/car
[0.663s] copying /home/rhobtor/reactive/Reactive-Navegation/workspace_full_conected/build/car/build/lib/car/debugtf.py -> /home/rhobtor/reactive/Reactive-Navegation/workspace_full_conected/install/car/lib/python3.10/site-packages/car
[0.663s] copying /home/rhobtor/reactive/Reactive-Navegation/workspace_full_conected/build/car/build/lib/car/odometry.py -> /home/rhobtor/reactive/Reactive-Navegation/workspace_full_conected/install/car/lib/python3.10/site-packages/car
[0.664s] copying /home/rhobtor/reactive/Reactive-Navegation/workspace_full_conected/build/car/build/lib/car/octomap_2d_display.py -> /home/rhobtor/reactive/Reactive-Navegation/workspace_full_conected/install/car/lib/python3.10/site-packages/car
[0.664s] copying /home/rhobtor/reactive/Reactive-Navegation/workspace_full_conected/build/car/build/lib/car/keyboard_control.py -> /home/rhobtor/reactive/Reactive-Navegation/workspace_full_conected/install/car/lib/python3.10/site-packages/car
[0.664s] copying /home/rhobtor/reactive/Reactive-Navegation/workspace_full_conected/build/car/build/lib/car/__init__.py -> /home/rhobtor/reactive/Reactive-Navegation/workspace_full_conected/install/car/lib/python3.10/site-packages/car
[0.664s] copying /home/rhobtor/reactive/Reactive-Navegation/workspace_full_conected/build/car/build/lib/car/ekf_node.py -> /home/rhobtor/reactive/Reactive-Navegation/workspace_full_conected/install/car/lib/python3.10/site-packages/car
[0.664s] copying /home/rhobtor/reactive/Reactive-Navegation/workspace_full_conected/build/car/build/lib/car/map.py -> /home/rhobtor/reactive/Reactive-Navegation/workspace_full_conected/install/car/lib/python3.10/site-packages/car
[0.664s] copying /home/rhobtor/reactive/Reactive-Navegation/workspace_full_conected/build/car/build/lib/car/log_joystick.py -> /home/rhobtor/reactive/Reactive-Navegation/workspace_full_conected/install/car/lib/python3.10/site-packages/car
[0.664s] copying /home/rhobtor/reactive/Reactive-Navegation/workspace_full_conected/build/car/build/lib/car/laser_scan.py -> /home/rhobtor/reactive/Reactive-Navegation/workspace_full_conected/install/car/lib/python3.10/site-packages/car
[0.665s] copying /home/rhobtor/reactive/Reactive-Navegation/workspace_full_conected/build/car/build/lib/car/camara_time.py -> /home/rhobtor/reactive/Reactive-Navegation/workspace_full_conected/install/car/lib/python3.10/site-packages/car
[0.665s] copying /home/rhobtor/reactive/Reactive-Navegation/workspace_full_conected/build/car/build/lib/car/joystick_control.py -> /home/rhobtor/reactive/Reactive-Navegation/workspace_full_conected/install/car/lib/python3.10/site-packages/car
[0.665s] byte-compiling /home/rhobtor/reactive/Reactive-Navegation/workspace_full_conected/install/car/lib/python3.10/site-packages/car/debugtf.py to debugtf.cpython-310.pyc
[0.665s] byte-compiling /home/rhobtor/reactive/Reactive-Navegation/workspace_full_conected/install/car/lib/python3.10/site-packages/car/odometry.py to odometry.cpython-310.pyc
[0.669s] byte-compiling /home/rhobtor/reactive/Reactive-Navegation/workspace_full_conected/install/car/lib/python3.10/site-packages/car/octomap_2d_display.py to octomap_2d_display.cpython-310.pyc
[0.669s] byte-compiling /home/rhobtor/reactive/Reactive-Navegation/workspace_full_conected/install/car/lib/python3.10/site-packages/car/keyboard_control.py to keyboard_control.cpython-310.pyc
[0.669s] byte-compiling /home/rhobtor/reactive/Reactive-Navegation/workspace_full_conected/install/car/lib/python3.10/site-packages/car/__init__.py to __init__.cpython-310.pyc
[0.669s] byte-compiling /home/rhobtor/reactive/Reactive-Navegation/workspace_full_conected/install/car/lib/python3.10/site-packages/car/ekf_node.py to ekf_node.cpython-310.pyc
[0.669s] byte-compiling /home/rhobtor/reactive/Reactive-Navegation/workspace_full_conected/install/car/lib/python3.10/site-packages/car/map.py to map.cpython-310.pyc
[0.669s] byte-compiling /home/rhobtor/reactive/Reactive-Navegation/workspace_full_conected/install/car/lib/python3.10/site-packages/car/log_joystick.py to log_joystick.cpython-310.pyc
[0.669s] byte-compiling /home/rhobtor/reactive/Reactive-Navegation/workspace_full_conected/install/car/lib/python3.10/site-packages/car/laser_scan.py to laser_scan.cpython-310.pyc
[0.669s] byte-compiling /home/rhobtor/reactive/Reactive-Navegation/workspace_full_conected/install/car/lib/python3.10/site-packages/car/camara_time.py to camara_time.cpython-310.pyc
[0.670s] byte-compiling /home/rhobtor/reactive/Reactive-Navegation/workspace_full_conected/install/car/lib/python3.10/site-packages/car/joystick_control.py to joystick_control.cpython-310.pyc
[0.670s] running install_data
[0.670s] creating /home/rhobtor/reactive/Reactive-Navegation/workspace_full_conected/install/car/share/ament_index
[0.670s] creating /home/rhobtor/reactive/Reactive-Navegation/workspace_full_conected/install/car/share/ament_index/resource_index
[0.670s] creating /home/rhobtor/reactive/Reactive-Navegation/workspace_full_conected/install/car/share/ament_index/resource_index/packages
[0.670s] copying resource/car -> /home/rhobtor/reactive/Reactive-Navegation/workspace_full_conected/install/car/share/ament_index/resource_index/packages
[0.670s] copying package.xml -> /home/rhobtor/reactive/Reactive-Navegation/workspace_full_conected/install/car/share/car
[0.670s] creating /home/rhobtor/reactive/Reactive-Navegation/workspace_full_conected/install/car/share/car/launch
[0.670s] copying launch/gazebo_no_gui.launch.py -> /home/rhobtor/reactive/Reactive-Navegation/workspace_full_conected/install/car/share/car/launch
[0.671s] copying launch/gazebo.launch.py -> /home/rhobtor/reactive/Reactive-Navegation/workspace_full_conected/install/car/share/car/launch
[0.671s] copying launch/ekf.launch.py -> /home/rhobtor/reactive/Reactive-Navegation/workspace_full_conected/install/car/share/car/launch
[0.671s] copying launch/display.launch.py -> /home/rhobtor/reactive/Reactive-Navegation/workspace_full_conected/install/car/share/car/launch
[0.671s] copying launch/gazebo_mountain.launch.py -> /home/rhobtor/reactive/Reactive-Navegation/workspace_full_conected/install/car/share/car/launch
[0.671s] copying launch/control.launch.py -> /home/rhobtor/reactive/Reactive-Navegation/workspace_full_conected/install/car/share/car/launch
[0.671s] copying launch/rtamap_test.launch.py -> /home/rhobtor/reactive/Reactive-Navegation/workspace_full_conected/install/car/share/car/launch
[0.671s] copying launch/control_with_gazebo.launch.py -> /home/rhobtor/reactive/Reactive-Navegation/workspace_full_conected/install/car/share/car/launch
[0.671s] copying launch/gazebo_empty_world.launch.py -> /home/rhobtor/reactive/Reactive-Navegation/workspace_full_conected/install/car/share/car/launch
[0.671s] copying launch/joystick.launch.py -> /home/rhobtor/reactive/Reactive-Navegation/workspace_full_conected/install/car/share/car/launch
[0.671s] creating /home/rhobtor/reactive/Reactive-Navegation/workspace_full_conected/install/car/share/car/urdf
[0.671s] copying urdf/lidar.plugin.xacro -> /home/rhobtor/reactive/Reactive-Navegation/workspace_full_conected/install/car/share/car/urdf
[0.671s] copying urdf/control.plugin.xacro -> /home/rhobtor/reactive/Reactive-Navegation/workspace_full_conected/install/car/share/car/urdf
[0.672s] copying urdf/materials.xacro -> /home/rhobtor/reactive/Reactive-Navegation/workspace_full_conected/install/car/share/car/urdf
[0.672s] copying urdf/car.gazebo -> /home/rhobtor/reactive/Reactive-Navegation/workspace_full_conected/install/car/share/car/urdf
[0.672s] copying urdf/car.trans -> /home/rhobtor/reactive/Reactive-Navegation/workspace_full_conected/install/car/share/car/urdf
[0.672s] copying urdf/car.xacro -> /home/rhobtor/reactive/Reactive-Navegation/workspace_full_conected/install/car/share/car/urdf
[0.672s] copying urdf/camara.plugin.xacro -> /home/rhobtor/reactive/Reactive-Navegation/workspace_full_conected/install/car/share/car/urdf
[0.672s] creating /home/rhobtor/reactive/Reactive-Navegation/workspace_full_conected/install/car/share/car/worlds
[0.672s] copying worlds/mountain.world -> /home/rhobtor/reactive/Reactive-Navegation/workspace_full_conected/install/car/share/car/worlds
[0.672s] copying worlds/grass.world -> /home/rhobtor/reactive/Reactive-Navegation/workspace_full_conected/install/car/share/car/worlds
[0.672s] copying worlds/obstacles.world -> /home/rhobtor/reactive/Reactive-Navegation/workspace_full_conected/install/car/share/car/worlds
[0.673s] copying worlds/map1_test.world -> /home/rhobtor/reactive/Reactive-Navegation/workspace_full_conected/install/car/share/car/worlds
[0.673s] copying worlds/heightmap_world.world -> /home/rhobtor/reactive/Reactive-Navegation/workspace_full_conected/install/car/share/car/worlds
[0.673s] copying worlds/empty.world -> /home/rhobtor/reactive/Reactive-Navegation/workspace_full_conected/install/car/share/car/worlds
[0.673s] copying worlds/test.world -> /home/rhobtor/reactive/Reactive-Navegation/workspace_full_conected/install/car/share/car/worlds
[0.673s] creating /home/rhobtor/reactive/Reactive-Navegation/workspace_full_conected/install/car/share/car/meshes
[0.673s] copying meshes/rim_back_right_1.stl -> /home/rhobtor/reactive/Reactive-Navegation/workspace_full_conected/install/car/share/car/meshes
[0.674s] copying meshes/rim_back_left_1.stl -> /home/rhobtor/reactive/Reactive-Navegation/workspace_full_conected/install/car/share/car/meshes
[0.675s] copying meshes/suspension_back_right_1.stl -> /home/rhobtor/reactive/Reactive-Navegation/workspace_full_conected/install/car/share/car/meshes
[0.675s] copying meshes/Component24_1.stl -> /home/rhobtor/reactive/Reactive-Navegation/workspace_full_conected/install/car/share/car/meshes
[0.675s] copying meshes/rim_front_left_1.stl -> /home/rhobtor/reactive/Reactive-Navegation/workspace_full_conected/install/car/share/car/meshes
[0.676s] copying meshes/direction_front_right_1.stl -> /home/rhobtor/reactive/Reactive-Navegation/workspace_full_conected/install/car/share/car/meshes
[0.676s] copying meshes/direction_front_left_1.stl -> /home/rhobtor/reactive/Reactive-Navegation/workspace_full_conected/install/car/share/car/meshes
[0.676s] copying meshes/chasis_1.stl -> /home/rhobtor/reactive/Reactive-Navegation/workspace_full_conected/install/car/share/car/meshes
[0.676s] copying meshes/direction_back_right_1.stl -> /home/rhobtor/reactive/Reactive-Navegation/workspace_full_conected/install/car/share/car/meshes
[0.676s] copying meshes/rim.stl -> /home/rhobtor/reactive/Reactive-Navegation/workspace_full_conected/install/car/share/car/meshes
[0.677s] copying meshes/direction_back_left_1.stl -> /home/rhobtor/reactive/Reactive-Navegation/workspace_full_conected/install/car/share/car/meshes
[0.677s] copying meshes/Component25_1.stl -> /home/rhobtor/reactive/Reactive-Navegation/workspace_full_conected/install/car/share/car/meshes
[0.678s] copying meshes/base_link.stl -> /home/rhobtor/reactive/Reactive-Navegation/workspace_full_conected/install/car/share/car/meshes
[0.678s] copying meshes/suspension_front_right_1.stl -> /home/rhobtor/reactive/Reactive-Navegation/workspace_full_conected/install/car/share/car/meshes
[0.678s] copying meshes/tire.stl -> /home/rhobtor/reactive/Reactive-Navegation/workspace_full_conected/install/car/share/car/meshes
[0.678s] copying meshes/rim_front_right_1.stl -> /home/rhobtor/reactive/Reactive-Navegation/workspace_full_conected/install/car/share/car/meshes
[0.679s] copying meshes/tire_back_right_1.stl -> /home/rhobtor/reactive/Reactive-Navegation/workspace_full_conected/install/car/share/car/meshes
[0.679s] copying meshes/tire_front_right_1.stl -> /home/rhobtor/reactive/Reactive-Navegation/workspace_full_conected/install/car/share/car/meshes
[0.680s] copying meshes/tire_back_left_1.stl -> /home/rhobtor/reactive/Reactive-Navegation/workspace_full_conected/install/car/share/car/meshes
[0.680s] copying meshes/suspension_front_left__1.stl -> /home/rhobtor/reactive/Reactive-Navegation/workspace_full_conected/install/car/share/car/meshes
[0.680s] copying meshes/tire_front_left_1.stl -> /home/rhobtor/reactive/Reactive-Navegation/workspace_full_conected/install/car/share/car/meshes
[0.683s] copying meshes/suspension_back_left_1.stl -> /home/rhobtor/reactive/Reactive-Navegation/workspace_full_conected/install/car/share/car/meshes
[0.683s] creating /home/rhobtor/reactive/Reactive-Navegation/workspace_full_conected/install/car/share/car/config
[0.683s] copying config/ekf_params.yaml -> /home/rhobtor/reactive/Reactive-Navegation/workspace_full_conected/install/car/share/car/config
[0.683s] copying config/diff_drive_controller.yaml -> /home/rhobtor/reactive/Reactive-Navegation/workspace_full_conected/install/car/share/car/config
[0.683s] copying config/mapper_params_online_async.yaml -> /home/rhobtor/reactive/Reactive-Navegation/workspace_full_conected/install/car/share/car/config
[0.683s] copying config/display.rviz -> /home/rhobtor/reactive/Reactive-Navegation/workspace_full_conected/install/car/share/car/config
[0.683s] copying config/slam.yaml -> /home/rhobtor/reactive/Reactive-Navegation/workspace_full_conected/install/car/share/car/config
[0.683s] copying config/drive_controller.yaml -> /home/rhobtor/reactive/Reactive-Navegation/workspace_full_conected/install/car/share/car/config
[0.683s] copying config/gaz_ros2_ctl_use_sim.yaml -> /home/rhobtor/reactive/Reactive-Navegation/workspace_full_conected/install/car/share/car/config
[0.683s] creating /home/rhobtor/reactive/Reactive-Navegation/workspace_full_conected/install/car/lib/car
[0.683s] running install_egg_info
[0.684s] Copying ../../build/car/car.egg-info to /home/rhobtor/reactive/Reactive-Navegation/workspace_full_conected/install/car/lib/python3.10/site-packages/car-0.0.0-py3.10.egg-info
[0.684s] running install_scripts
[0.699s] Installing camara_time_node script to /home/rhobtor/reactive/Reactive-Navegation/workspace_full_conected/install/car/lib/car
[0.699s] Installing debug_node script to /home/rhobtor/reactive/Reactive-Navegation/workspace_full_conected/install/car/lib/car
[0.699s] Installing ekf_node script to /home/rhobtor/reactive/Reactive-Navegation/workspace_full_conected/install/car/lib/car
[0.699s] Installing joystick_control script to /home/rhobtor/reactive/Reactive-Navegation/workspace_full_conected/install/car/lib/car
[0.699s] Installing keyboard_control script to /home/rhobtor/reactive/Reactive-Navegation/workspace_full_conected/install/car/lib/car
[0.700s] Installing log_joystick script to /home/rhobtor/reactive/Reactive-Navegation/workspace_full_conected/install/car/lib/car
[0.700s] Installing map script to /home/rhobtor/reactive/Reactive-Navegation/workspace_full_conected/install/car/lib/car
[0.700s] Installing octomap_2d_display script to /home/rhobtor/reactive/Reactive-Navegation/workspace_full_conected/install/car/lib/car
[0.700s] Installing odometry_node script to /home/rhobtor/reactive/Reactive-Navegation/workspace_full_conected/install/car/lib/car
[0.701s] Installing scan_to_cloud script to /home/rhobtor/reactive/Reactive-Navegation/workspace_full_conected/install/car/lib/car
[0.701s] writing list of installed files to '/home/rhobtor/reactive/Reactive-Navegation/workspace_full_conected/build/car/install.log'
[0.726s] Invoked command in '/home/rhobtor/reactive/Reactive-Navegation/workspace_full_conected/src/car_python' returned '0': PYTHONPATH=/home/rhobtor/reactive/Reactive-Navegation/workspace_full_conected/build/car/prefix_override:/usr/lib/python3/dist-packages/colcon_core/task/python/colcon_distutils_commands:/home/rhobtor/reactive/Reactive-Navegation/workspace_full_conected/install/car/lib/python3.10/site-packages:${PYTHONPATH} /usr/bin/python3 -W ignore:setup.py install is deprecated -W ignore:easy_install command is deprecated setup.py egg_info --egg-base ../../build/car build --build-base /home/rhobtor/reactive/Reactive-Navegation/workspace_full_conected/build/car/build install --record /home/rhobtor/reactive/Reactive-Navegation/workspace_full_conected/build/car/install.log --single-version-externally-managed install_data
