[0.199s] Invoking command in '/mnt/c/Users/luism/Documents/Ubuntu/Reactive-Navegation/Reactive-Navegation/workspace_full_conected/build/car_interfaces': CMAKE_PREFIX_PATH=${CMAKE_PREFIX_PATH}:/home/rhobtor/Ubuntu/Reactive-Navegation/Reactive-Navegation/workspace_full_conected/install/car:/opt/ros/humble /usr/bin/cmake --build /mnt/c/Users/luism/Documents/Ubuntu/Reactive-Navegation/Reactive-Navegation/workspace_full_conected/build/car_interfaces -- -j20 -l20
[1.429s] [  3%] Built target car_interfaces__cpp
[1.590s] [ 12%] Built target car_interfaces__rosidl_generator_c
[2.233s] [ 32%] Built target car_interfaces__rosidl_typesupport_fastrtps_cpp
[2.248s] [ 41%] Built target car_interfaces__rosidl_typesupport_introspection_cpp
[2.252s] [ 41%] Built target car_interfaces__rosidl_typesupport_cpp
[2.388s] [ 51%] Built target car_interfaces__rosidl_typesupport_fastrtps_c
[2.432s] [ 61%] Built target car_interfaces__rosidl_typesupport_introspection_c
[2.480s] [ 64%] Built target ament_cmake_python_copy_car_interfaces
[2.492s] [ 70%] Built target car_interfaces__rosidl_typesupport_c
[3.025s] [ 70%] Built target car_interfaces
[3.611s] [ 74%] Built target car_interfaces__py
[3.932s] running egg_info
[3.935s] writing car_interfaces.egg-info/PKG-INFO
[3.939s] writing dependency_links to car_interfaces.egg-info/dependency_links.txt
[3.946s] writing top-level names to car_interfaces.egg-info/top_level.txt
[3.974s] reading manifest file 'car_interfaces.egg-info/SOURCES.txt'
[4.007s] writing manifest file 'car_interfaces.egg-info/SOURCES.txt'
[4.250s] [ 74%] Built target ament_cmake_python_build_car_interfaces_egg
[4.275s] [ 80%] Built target car_interfaces__rosidl_generator_py
[4.822s] [ 87%] Built target car_interfaces__rosidl_typesupport_introspection_c__pyext
[4.834s] [ 93%] Built target car_interfaces__rosidl_typesupport_fastrtps_c__pyext
[4.850s] [100%] Built target car_interfaces__rosidl_typesupport_c__pyext
[5.088s] Invoked command in '/mnt/c/Users/luism/Documents/Ubuntu/Reactive-Navegation/Reactive-Navegation/workspace_full_conected/build/car_interfaces' returned '0': CMAKE_PREFIX_PATH=${CMAKE_PREFIX_PATH}:/home/rhobtor/Ubuntu/Reactive-Navegation/Reactive-Navegation/workspace_full_conected/install/car:/opt/ros/humble /usr/bin/cmake --build /mnt/c/Users/luism/Documents/Ubuntu/Reactive-Navegation/Reactive-Navegation/workspace_full_conected/build/car_interfaces -- -j20 -l20
[5.102s] Invoking command in '/mnt/c/Users/luism/Documents/Ubuntu/Reactive-Navegation/Reactive-Navegation/workspace_full_conected/build/car_interfaces': CMAKE_PREFIX_PATH=${CMAKE_PREFIX_PATH}:/home/rhobtor/Ubuntu/Reactive-Navegation/Reactive-Navegation/workspace_full_conected/install/car:/opt/ros/humble /usr/bin/cmake --install /mnt/c/Users/luism/Documents/Ubuntu/Reactive-Navegation/Reactive-Navegation/workspace_full_conected/build/car_interfaces
[5.231s] -- Install configuration: ""
[5.250s] -- Up-to-date: /mnt/c/Users/luism/Documents/Ubuntu/Reactive-Navegation/Reactive-Navegation/workspace_full_conected/install/car_interfaces/share/ament_index/resource_index/rosidl_interfaces/car_interfaces
[5.262s] -- Up-to-date: /mnt/c/Users/luism/Documents/Ubuntu/Reactive-Navegation/Reactive-Navegation/workspace_full_conected/install/car_interfaces/include/car_interfaces/car_interfaces
[5.275s] -- Up-to-date: /mnt/c/Users/luism/Documents/Ubuntu/Reactive-Navegation/Reactive-Navegation/workspace_full_conected/install/car_interfaces/include/car_interfaces/car_interfaces/msg
[5.289s] -- Up-to-date: /mnt/c/Users/luism/Documents/Ubuntu/Reactive-Navegation/Reactive-Navegation/workspace_full_conected/install/car_interfaces/include/car_interfaces/car_interfaces/msg/detail
[5.313s] -- Up-to-date: /mnt/c/Users/luism/Documents/Ubuntu/Reactive-Navegation/Reactive-Navegation/workspace_full_conected/install/car_interfaces/include/car_interfaces/car_interfaces/msg/detail/graph__functions.c
[5.332s] -- Up-to-date: /mnt/c/Users/luism/Documents/Ubuntu/Reactive-Navegation/Reactive-Navegation/workspace_full_conected/install/car_interfaces/include/car_interfaces/car_interfaces/msg/detail/graph__functions.h
[5.350s] -- Up-to-date: /mnt/c/Users/luism/Documents/Ubuntu/Reactive-Navegation/Reactive-Navegation/workspace_full_conected/install/car_interfaces/include/car_interfaces/car_interfaces/msg/detail/graph__struct.h
[5.368s] -- Up-to-date: /mnt/c/Users/luism/Documents/Ubuntu/Reactive-Navegation/Reactive-Navegation/workspace_full_conected/install/car_interfaces/include/car_interfaces/car_interfaces/msg/detail/graph__type_support.h
[5.386s] -- Up-to-date: /mnt/c/Users/luism/Documents/Ubuntu/Reactive-Navegation/Reactive-Navegation/workspace_full_conected/install/car_interfaces/include/car_interfaces/car_interfaces/msg/graph.h
[5.402s] -- Up-to-date: /mnt/c/Users/luism/Documents/Ubuntu/Reactive-Navegation/Reactive-Navegation/workspace_full_conected/install/car_interfaces/include/car_interfaces/car_interfaces/msg/rosidl_generator_c__visibility_control.h
[5.413s] -- Up-to-date: /mnt/c/Users/luism/Documents/Ubuntu/Reactive-Navegation/Reactive-Navegation/workspace_full_conected/install/car_interfaces/share/car_interfaces/environment/library_path.sh
[5.425s] -- Up-to-date: /mnt/c/Users/luism/Documents/Ubuntu/Reactive-Navegation/Reactive-Navegation/workspace_full_conected/install/car_interfaces/share/car_interfaces/environment/library_path.dsv
[5.456s] -- Up-to-date: /mnt/c/Users/luism/Documents/Ubuntu/Reactive-Navegation/Reactive-Navegation/workspace_full_conected/install/car_interfaces/lib/libcar_interfaces__rosidl_generator_c.so
[5.484s] -- Up-to-date: /mnt/c/Users/luism/Documents/Ubuntu/Reactive-Navegation/Reactive-Navegation/workspace_full_conected/install/car_interfaces/include/car_interfaces/car_interfaces
[5.497s] -- Up-to-date: /mnt/c/Users/luism/Documents/Ubuntu/Reactive-Navegation/Reactive-Navegation/workspace_full_conected/install/car_interfaces/include/car_interfaces/car_interfaces/msg
[5.514s] -- Up-to-date: /mnt/c/Users/luism/Documents/Ubuntu/Reactive-Navegation/Reactive-Navegation/workspace_full_conected/install/car_interfaces/include/car_interfaces/car_interfaces/msg/detail
[5.536s] -- Up-to-date: /mnt/c/Users/luism/Documents/Ubuntu/Reactive-Navegation/Reactive-Navegation/workspace_full_conected/install/car_interfaces/include/car_interfaces/car_interfaces/msg/detail/graph__rosidl_typesupport_fastrtps_c.h
[5.550s] -- Up-to-date: /mnt/c/Users/luism/Documents/Ubuntu/Reactive-Navegation/Reactive-Navegation/workspace_full_conected/install/car_interfaces/include/car_interfaces/car_interfaces/msg/rosidl_typesupport_fastrtps_c__visibility_control.h
[5.575s] -- Up-to-date: /mnt/c/Users/luism/Documents/Ubuntu/Reactive-Navegation/Reactive-Navegation/workspace_full_conected/install/car_interfaces/lib/libcar_interfaces__rosidl_typesupport_fastrtps_c.so
[5.631s] -- Up-to-date: /mnt/c/Users/luism/Documents/Ubuntu/Reactive-Navegation/Reactive-Navegation/workspace_full_conected/install/car_interfaces/include/car_interfaces/car_interfaces
[5.648s] -- Up-to-date: /mnt/c/Users/luism/Documents/Ubuntu/Reactive-Navegation/Reactive-Navegation/workspace_full_conected/install/car_interfaces/include/car_interfaces/car_interfaces/msg
[5.676s] -- Up-to-date: /mnt/c/Users/luism/Documents/Ubuntu/Reactive-Navegation/Reactive-Navegation/workspace_full_conected/install/car_interfaces/include/car_interfaces/car_interfaces/msg/detail
[5.714s] -- Up-to-date: /mnt/c/Users/luism/Documents/Ubuntu/Reactive-Navegation/Reactive-Navegation/workspace_full_conected/install/car_interfaces/include/car_interfaces/car_interfaces/msg/detail/graph__builder.hpp
[5.738s] -- Up-to-date: /mnt/c/Users/luism/Documents/Ubuntu/Reactive-Navegation/Reactive-Navegation/workspace_full_conected/install/car_interfaces/include/car_interfaces/car_interfaces/msg/detail/graph__struct.hpp
[5.765s] -- Up-to-date: /mnt/c/Users/luism/Documents/Ubuntu/Reactive-Navegation/Reactive-Navegation/workspace_full_conected/install/car_interfaces/include/car_interfaces/car_interfaces/msg/detail/graph__traits.hpp
[5.786s] -- Up-to-date: /mnt/c/Users/luism/Documents/Ubuntu/Reactive-Navegation/Reactive-Navegation/workspace_full_conected/install/car_interfaces/include/car_interfaces/car_interfaces/msg/detail/graph__type_support.hpp
[5.804s] -- Up-to-date: /mnt/c/Users/luism/Documents/Ubuntu/Reactive-Navegation/Reactive-Navegation/workspace_full_conected/install/car_interfaces/include/car_interfaces/car_interfaces/msg/graph.hpp
[5.821s] -- Up-to-date: /mnt/c/Users/luism/Documents/Ubuntu/Reactive-Navegation/Reactive-Navegation/workspace_full_conected/install/car_interfaces/include/car_interfaces/car_interfaces/msg/rosidl_generator_cpp__visibility_control.hpp
[5.831s] -- Up-to-date: /mnt/c/Users/luism/Documents/Ubuntu/Reactive-Navegation/Reactive-Navegation/workspace_full_conected/install/car_interfaces/include/car_interfaces/car_interfaces
[5.846s] -- Up-to-date: /mnt/c/Users/luism/Documents/Ubuntu/Reactive-Navegation/Reactive-Navegation/workspace_full_conected/install/car_interfaces/include/car_interfaces/car_interfaces/msg
[5.864s] -- Up-to-date: /mnt/c/Users/luism/Documents/Ubuntu/Reactive-Navegation/Reactive-Navegation/workspace_full_conected/install/car_interfaces/include/car_interfaces/car_interfaces/msg/detail
[5.887s] -- Up-to-date: /mnt/c/Users/luism/Documents/Ubuntu/Reactive-Navegation/Reactive-Navegation/workspace_full_conected/install/car_interfaces/include/car_interfaces/car_interfaces/msg/detail/dds_fastrtps
[5.917s] -- Up-to-date: /mnt/c/Users/luism/Documents/Ubuntu/Reactive-Navegation/Reactive-Navegation/workspace_full_conected/install/car_interfaces/include/car_interfaces/car_interfaces/msg/detail/graph__rosidl_typesupport_fastrtps_cpp.hpp
[5.935s] -- Up-to-date: /mnt/c/Users/luism/Documents/Ubuntu/Reactive-Navegation/Reactive-Navegation/workspace_full_conected/install/car_interfaces/include/car_interfaces/car_interfaces/msg/rosidl_typesupport_fastrtps_cpp__visibility_control.h
[5.969s] -- Up-to-date: /mnt/c/Users/luism/Documents/Ubuntu/Reactive-Navegation/Reactive-Navegation/workspace_full_conected/install/car_interfaces/lib/libcar_interfaces__rosidl_typesupport_fastrtps_cpp.so
[6.007s] -- Up-to-date: /mnt/c/Users/luism/Documents/Ubuntu/Reactive-Navegation/Reactive-Navegation/workspace_full_conected/install/car_interfaces/include/car_interfaces/car_interfaces
[6.030s] -- Up-to-date: /mnt/c/Users/luism/Documents/Ubuntu/Reactive-Navegation/Reactive-Navegation/workspace_full_conected/install/car_interfaces/include/car_interfaces/car_interfaces/msg
[6.051s] -- Up-to-date: /mnt/c/Users/luism/Documents/Ubuntu/Reactive-Navegation/Reactive-Navegation/workspace_full_conected/install/car_interfaces/include/car_interfaces/car_interfaces/msg/detail
[6.076s] -- Up-to-date: /mnt/c/Users/luism/Documents/Ubuntu/Reactive-Navegation/Reactive-Navegation/workspace_full_conected/install/car_interfaces/include/car_interfaces/car_interfaces/msg/detail/graph__rosidl_typesupport_introspection_c.h
[6.095s] -- Up-to-date: /mnt/c/Users/luism/Documents/Ubuntu/Reactive-Navegation/Reactive-Navegation/workspace_full_conected/install/car_interfaces/include/car_interfaces/car_interfaces/msg/detail/graph__type_support.c
[6.111s] -- Up-to-date: /mnt/c/Users/luism/Documents/Ubuntu/Reactive-Navegation/Reactive-Navegation/workspace_full_conected/install/car_interfaces/include/car_interfaces/car_interfaces/msg/rosidl_typesupport_introspection_c__visibility_control.h
[6.147s] -- Up-to-date: /mnt/c/Users/luism/Documents/Ubuntu/Reactive-Navegation/Reactive-Navegation/workspace_full_conected/install/car_interfaces/lib/libcar_interfaces__rosidl_typesupport_introspection_c.so
[6.204s] -- Up-to-date: /mnt/c/Users/luism/Documents/Ubuntu/Reactive-Navegation/Reactive-Navegation/workspace_full_conected/install/car_interfaces/lib/libcar_interfaces__rosidl_typesupport_c.so
[6.234s] -- Up-to-date: /mnt/c/Users/luism/Documents/Ubuntu/Reactive-Navegation/Reactive-Navegation/workspace_full_conected/install/car_interfaces/include/car_interfaces/car_interfaces
[6.250s] -- Up-to-date: /mnt/c/Users/luism/Documents/Ubuntu/Reactive-Navegation/Reactive-Navegation/workspace_full_conected/install/car_interfaces/include/car_interfaces/car_interfaces/msg
[6.268s] -- Up-to-date: /mnt/c/Users/luism/Documents/Ubuntu/Reactive-Navegation/Reactive-Navegation/workspace_full_conected/install/car_interfaces/include/car_interfaces/car_interfaces/msg/detail
[6.296s] -- Up-to-date: /mnt/c/Users/luism/Documents/Ubuntu/Reactive-Navegation/Reactive-Navegation/workspace_full_conected/install/car_interfaces/include/car_interfaces/car_interfaces/msg/detail/graph__rosidl_typesupport_introspection_cpp.hpp
[6.320s] -- Up-to-date: /mnt/c/Users/luism/Documents/Ubuntu/Reactive-Navegation/Reactive-Navegation/workspace_full_conected/install/car_interfaces/include/car_interfaces/car_interfaces/msg/detail/graph__type_support.cpp
[6.354s] -- Up-to-date: /mnt/c/Users/luism/Documents/Ubuntu/Reactive-Navegation/Reactive-Navegation/workspace_full_conected/install/car_interfaces/lib/libcar_interfaces__rosidl_typesupport_introspection_cpp.so
[6.414s] -- Up-to-date: /mnt/c/Users/luism/Documents/Ubuntu/Reactive-Navegation/Reactive-Navegation/workspace_full_conected/install/car_interfaces/lib/libcar_interfaces__rosidl_typesupport_cpp.so
[6.449s] -- Up-to-date: /mnt/c/Users/luism/Documents/Ubuntu/Reactive-Navegation/Reactive-Navegation/workspace_full_conected/install/car_interfaces/share/car_interfaces/environment/pythonpath.sh
[6.463s] -- Up-to-date: /mnt/c/Users/luism/Documents/Ubuntu/Reactive-Navegation/Reactive-Navegation/workspace_full_conected/install/car_interfaces/share/car_interfaces/environment/pythonpath.dsv
[6.475s] -- Up-to-date: /mnt/c/Users/luism/Documents/Ubuntu/Reactive-Navegation/Reactive-Navegation/workspace_full_conected/install/car_interfaces/local/lib/python3.10/dist-packages/car_interfaces-0.0.0-py3.10.egg-info
[6.497s] -- Installing: /mnt/c/Users/luism/Documents/Ubuntu/Reactive-Navegation/Reactive-Navegation/workspace_full_conected/install/car_interfaces/local/lib/python3.10/dist-packages/car_interfaces-0.0.0-py3.10.egg-info/dependency_links.txt
[6.564s] -- Installing: /mnt/c/Users/luism/Documents/Ubuntu/Reactive-Navegation/Reactive-Navegation/workspace_full_conected/install/car_interfaces/local/lib/python3.10/dist-packages/car_interfaces-0.0.0-py3.10.egg-info/PKG-INFO
[6.627s] -- Installing: /mnt/c/Users/luism/Documents/Ubuntu/Reactive-Navegation/Reactive-Navegation/workspace_full_conected/install/car_interfaces/local/lib/python3.10/dist-packages/car_interfaces-0.0.0-py3.10.egg-info/SOURCES.txt
[6.679s] -- Installing: /mnt/c/Users/luism/Documents/Ubuntu/Reactive-Navegation/Reactive-Navegation/workspace_full_conected/install/car_interfaces/local/lib/python3.10/dist-packages/car_interfaces-0.0.0-py3.10.egg-info/top_level.txt
[6.732s] -- Up-to-date: /mnt/c/Users/luism/Documents/Ubuntu/Reactive-Navegation/Reactive-Navegation/workspace_full_conected/install/car_interfaces/local/lib/python3.10/dist-packages/car_interfaces
[6.765s] -- Up-to-date: /mnt/c/Users/luism/Documents/Ubuntu/Reactive-Navegation/Reactive-Navegation/workspace_full_conected/install/car_interfaces/local/lib/python3.10/dist-packages/car_interfaces/car_interfaces_s__rosidl_typesupport_c.cpython-310-x86_64-linux-gnu.so
[6.788s] -- Up-to-date: /mnt/c/Users/luism/Documents/Ubuntu/Reactive-Navegation/Reactive-Navegation/workspace_full_conected/install/car_interfaces/local/lib/python3.10/dist-packages/car_interfaces/car_interfaces_s__rosidl_typesupport_fastrtps_c.cpython-310-x86_64-linux-gnu.so
[6.809s] -- Up-to-date: /mnt/c/Users/luism/Documents/Ubuntu/Reactive-Navegation/Reactive-Navegation/workspace_full_conected/install/car_interfaces/local/lib/python3.10/dist-packages/car_interfaces/car_interfaces_s__rosidl_typesupport_introspection_c.cpython-310-x86_64-linux-gnu.so
[6.826s] -- Up-to-date: /mnt/c/Users/luism/Documents/Ubuntu/Reactive-Navegation/Reactive-Navegation/workspace_full_conected/install/car_interfaces/local/lib/python3.10/dist-packages/car_interfaces/libcar_interfaces__rosidl_generator_py.so
[6.845s] -- Up-to-date: /mnt/c/Users/luism/Documents/Ubuntu/Reactive-Navegation/Reactive-Navegation/workspace_full_conected/install/car_interfaces/local/lib/python3.10/dist-packages/car_interfaces/msg
[6.880s] -- Up-to-date: /mnt/c/Users/luism/Documents/Ubuntu/Reactive-Navegation/Reactive-Navegation/workspace_full_conected/install/car_interfaces/local/lib/python3.10/dist-packages/car_interfaces/msg/_graph.py
[6.901s] -- Up-to-date: /mnt/c/Users/luism/Documents/Ubuntu/Reactive-Navegation/Reactive-Navegation/workspace_full_conected/install/car_interfaces/local/lib/python3.10/dist-packages/car_interfaces/msg/_graph_s.c
[6.922s] -- Up-to-date: /mnt/c/Users/luism/Documents/Ubuntu/Reactive-Navegation/Reactive-Navegation/workspace_full_conected/install/car_interfaces/local/lib/python3.10/dist-packages/car_interfaces/msg/__init__.py
[6.941s] -- Up-to-date: /mnt/c/Users/luism/Documents/Ubuntu/Reactive-Navegation/Reactive-Navegation/workspace_full_conected/install/car_interfaces/local/lib/python3.10/dist-packages/car_interfaces/_car_interfaces_s.ep.rosidl_typesupport_c.c
[6.959s] -- Up-to-date: /mnt/c/Users/luism/Documents/Ubuntu/Reactive-Navegation/Reactive-Navegation/workspace_full_conected/install/car_interfaces/local/lib/python3.10/dist-packages/car_interfaces/_car_interfaces_s.ep.rosidl_typesupport_fastrtps_c.c
[6.977s] -- Up-to-date: /mnt/c/Users/luism/Documents/Ubuntu/Reactive-Navegation/Reactive-Navegation/workspace_full_conected/install/car_interfaces/local/lib/python3.10/dist-packages/car_interfaces/_car_interfaces_s.ep.rosidl_typesupport_introspection_c.c
[6.996s] -- Up-to-date: /mnt/c/Users/luism/Documents/Ubuntu/Reactive-Navegation/Reactive-Navegation/workspace_full_conected/install/car_interfaces/local/lib/python3.10/dist-packages/car_interfaces/__init__.py
[7.537s] Listing '/mnt/c/Users/luism/Documents/Ubuntu/Reactive-Navegation/Reactive-Navegation/workspace_full_conected/install/car_interfaces/local/lib/python3.10/dist-packages/car_interfaces'...
[7.538s] Listing '/mnt/c/Users/luism/Documents/Ubuntu/Reactive-Navegation/Reactive-Navegation/workspace_full_conected/install/car_interfaces/local/lib/python3.10/dist-packages/car_interfaces/msg'...
[7.586s] -- Up-to-date: /mnt/c/Users/luism/Documents/Ubuntu/Reactive-Navegation/Reactive-Navegation/workspace_full_conected/install/car_interfaces/local/lib/python3.10/dist-packages/car_interfaces/car_interfaces_s__rosidl_typesupport_fastrtps_c.cpython-310-x86_64-linux-gnu.so
[7.676s] -- Up-to-date: /mnt/c/Users/luism/Documents/Ubuntu/Reactive-Navegation/Reactive-Navegation/workspace_full_conected/install/car_interfaces/local/lib/python3.10/dist-packages/car_interfaces/car_interfaces_s__rosidl_typesupport_introspection_c.cpython-310-x86_64-linux-gnu.so
[7.765s] -- Up-to-date: /mnt/c/Users/luism/Documents/Ubuntu/Reactive-Navegation/Reactive-Navegation/workspace_full_conected/install/car_interfaces/local/lib/python3.10/dist-packages/car_interfaces/car_interfaces_s__rosidl_typesupport_c.cpython-310-x86_64-linux-gnu.so
[7.847s] -- Up-to-date: /mnt/c/Users/luism/Documents/Ubuntu/Reactive-Navegation/Reactive-Navegation/workspace_full_conected/install/car_interfaces/lib/libcar_interfaces__rosidl_generator_py.so
[7.892s] -- Up-to-date: /mnt/c/Users/luism/Documents/Ubuntu/Reactive-Navegation/Reactive-Navegation/workspace_full_conected/install/car_interfaces/share/car_interfaces/msg/Graph.idl
[7.911s] -- Up-to-date: /mnt/c/Users/luism/Documents/Ubuntu/Reactive-Navegation/Reactive-Navegation/workspace_full_conected/install/car_interfaces/share/car_interfaces/msg/Graph.msg
[7.934s] -- Up-to-date: /mnt/c/Users/luism/Documents/Ubuntu/Reactive-Navegation/Reactive-Navegation/workspace_full_conected/install/car_interfaces/share/ament_index/resource_index/package_run_dependencies/car_interfaces
[7.965s] -- Up-to-date: /mnt/c/Users/luism/Documents/Ubuntu/Reactive-Navegation/Reactive-Navegation/workspace_full_conected/install/car_interfaces/share/ament_index/resource_index/parent_prefix_path/car_interfaces
[7.980s] -- Up-to-date: /mnt/c/Users/luism/Documents/Ubuntu/Reactive-Navegation/Reactive-Navegation/workspace_full_conected/install/car_interfaces/share/car_interfaces/environment/ament_prefix_path.sh
[7.996s] -- Up-to-date: /mnt/c/Users/luism/Documents/Ubuntu/Reactive-Navegation/Reactive-Navegation/workspace_full_conected/install/car_interfaces/share/car_interfaces/environment/ament_prefix_path.dsv
[8.009s] -- Up-to-date: /mnt/c/Users/luism/Documents/Ubuntu/Reactive-Navegation/Reactive-Navegation/workspace_full_conected/install/car_interfaces/share/car_interfaces/environment/path.sh
[8.025s] -- Up-to-date: /mnt/c/Users/luism/Documents/Ubuntu/Reactive-Navegation/Reactive-Navegation/workspace_full_conected/install/car_interfaces/share/car_interfaces/environment/path.dsv
[8.038s] -- Up-to-date: /mnt/c/Users/luism/Documents/Ubuntu/Reactive-Navegation/Reactive-Navegation/workspace_full_conected/install/car_interfaces/share/car_interfaces/local_setup.bash
[8.052s] -- Up-to-date: /mnt/c/Users/luism/Documents/Ubuntu/Reactive-Navegation/Reactive-Navegation/workspace_full_conected/install/car_interfaces/share/car_interfaces/local_setup.sh
[8.066s] -- Up-to-date: /mnt/c/Users/luism/Documents/Ubuntu/Reactive-Navegation/Reactive-Navegation/workspace_full_conected/install/car_interfaces/share/car_interfaces/local_setup.zsh
[8.082s] -- Up-to-date: /mnt/c/Users/luism/Documents/Ubuntu/Reactive-Navegation/Reactive-Navegation/workspace_full_conected/install/car_interfaces/share/car_interfaces/local_setup.dsv
[8.099s] -- Installing: /mnt/c/Users/luism/Documents/Ubuntu/Reactive-Navegation/Reactive-Navegation/workspace_full_conected/install/car_interfaces/share/car_interfaces/package.dsv
[8.163s] -- Up-to-date: /mnt/c/Users/luism/Documents/Ubuntu/Reactive-Navegation/Reactive-Navegation/workspace_full_conected/install/car_interfaces/share/ament_index/resource_index/packages/car_interfaces
[8.203s] -- Up-to-date: /mnt/c/Users/luism/Documents/Ubuntu/Reactive-Navegation/Reactive-Navegation/workspace_full_conected/install/car_interfaces/share/car_interfaces/cmake/export_car_interfaces__rosidl_generator_cExport.cmake
[8.226s] -- Up-to-date: /mnt/c/Users/luism/Documents/Ubuntu/Reactive-Navegation/Reactive-Navegation/workspace_full_conected/install/car_interfaces/share/car_interfaces/cmake/export_car_interfaces__rosidl_generator_cExport-noconfig.cmake
[8.328s] -- Up-to-date: /mnt/c/Users/luism/Documents/Ubuntu/Reactive-Navegation/Reactive-Navegation/workspace_full_conected/install/car_interfaces/share/car_interfaces/cmake/export_car_interfaces__rosidl_typesupport_fastrtps_cExport.cmake
[8.391s] -- Up-to-date: /mnt/c/Users/luism/Documents/Ubuntu/Reactive-Navegation/Reactive-Navegation/workspace_full_conected/install/car_interfaces/share/car_interfaces/cmake/export_car_interfaces__rosidl_typesupport_fastrtps_cExport-noconfig.cmake
[8.425s] -- Up-to-date: /mnt/c/Users/luism/Documents/Ubuntu/Reactive-Navegation/Reactive-Navegation/workspace_full_conected/install/car_interfaces/share/car_interfaces/cmake/export_car_interfaces__rosidl_generator_cppExport.cmake
[8.455s] -- Up-to-date: /mnt/c/Users/luism/Documents/Ubuntu/Reactive-Navegation/Reactive-Navegation/workspace_full_conected/install/car_interfaces/share/car_interfaces/cmake/export_car_interfaces__rosidl_typesupport_fastrtps_cppExport.cmake
[8.475s] -- Up-to-date: /mnt/c/Users/luism/Documents/Ubuntu/Reactive-Navegation/Reactive-Navegation/workspace_full_conected/install/car_interfaces/share/car_interfaces/cmake/export_car_interfaces__rosidl_typesupport_fastrtps_cppExport-noconfig.cmake
[8.516s] -- Up-to-date: /mnt/c/Users/luism/Documents/Ubuntu/Reactive-Navegation/Reactive-Navegation/workspace_full_conected/install/car_interfaces/share/car_interfaces/cmake/car_interfaces__rosidl_typesupport_introspection_cExport.cmake
[8.544s] -- Up-to-date: /mnt/c/Users/luism/Documents/Ubuntu/Reactive-Navegation/Reactive-Navegation/workspace_full_conected/install/car_interfaces/share/car_interfaces/cmake/car_interfaces__rosidl_typesupport_introspection_cExport-noconfig.cmake
[8.580s] -- Up-to-date: /mnt/c/Users/luism/Documents/Ubuntu/Reactive-Navegation/Reactive-Navegation/workspace_full_conected/install/car_interfaces/share/car_interfaces/cmake/car_interfaces__rosidl_typesupport_cExport.cmake
[8.610s] -- Up-to-date: /mnt/c/Users/luism/Documents/Ubuntu/Reactive-Navegation/Reactive-Navegation/workspace_full_conected/install/car_interfaces/share/car_interfaces/cmake/car_interfaces__rosidl_typesupport_cExport-noconfig.cmake
[8.651s] -- Up-to-date: /mnt/c/Users/luism/Documents/Ubuntu/Reactive-Navegation/Reactive-Navegation/workspace_full_conected/install/car_interfaces/share/car_interfaces/cmake/car_interfaces__rosidl_typesupport_introspection_cppExport.cmake
[8.676s] -- Up-to-date: /mnt/c/Users/luism/Documents/Ubuntu/Reactive-Navegation/Reactive-Navegation/workspace_full_conected/install/car_interfaces/share/car_interfaces/cmake/car_interfaces__rosidl_typesupport_introspection_cppExport-noconfig.cmake
[8.711s] -- Up-to-date: /mnt/c/Users/luism/Documents/Ubuntu/Reactive-Navegation/Reactive-Navegation/workspace_full_conected/install/car_interfaces/share/car_interfaces/cmake/car_interfaces__rosidl_typesupport_cppExport.cmake
[8.733s] -- Up-to-date: /mnt/c/Users/luism/Documents/Ubuntu/Reactive-Navegation/Reactive-Navegation/workspace_full_conected/install/car_interfaces/share/car_interfaces/cmake/car_interfaces__rosidl_typesupport_cppExport-noconfig.cmake
[8.768s] -- Up-to-date: /mnt/c/Users/luism/Documents/Ubuntu/Reactive-Navegation/Reactive-Navegation/workspace_full_conected/install/car_interfaces/share/car_interfaces/cmake/export_car_interfaces__rosidl_generator_pyExport.cmake
[8.791s] -- Up-to-date: /mnt/c/Users/luism/Documents/Ubuntu/Reactive-Navegation/Reactive-Navegation/workspace_full_conected/install/car_interfaces/share/car_interfaces/cmake/export_car_interfaces__rosidl_generator_pyExport-noconfig.cmake
[8.809s] -- Up-to-date: /mnt/c/Users/luism/Documents/Ubuntu/Reactive-Navegation/Reactive-Navegation/workspace_full_conected/install/car_interfaces/share/car_interfaces/cmake/rosidl_cmake-extras.cmake
[8.825s] -- Up-to-date: /mnt/c/Users/luism/Documents/Ubuntu/Reactive-Navegation/Reactive-Navegation/workspace_full_conected/install/car_interfaces/share/car_interfaces/cmake/ament_cmake_export_dependencies-extras.cmake
[8.841s] -- Up-to-date: /mnt/c/Users/luism/Documents/Ubuntu/Reactive-Navegation/Reactive-Navegation/workspace_full_conected/install/car_interfaces/share/car_interfaces/cmake/ament_cmake_export_include_directories-extras.cmake
[8.856s] -- Up-to-date: /mnt/c/Users/luism/Documents/Ubuntu/Reactive-Navegation/Reactive-Navegation/workspace_full_conected/install/car_interfaces/share/car_interfaces/cmake/ament_cmake_export_libraries-extras.cmake
[8.874s] -- Up-to-date: /mnt/c/Users/luism/Documents/Ubuntu/Reactive-Navegation/Reactive-Navegation/workspace_full_conected/install/car_interfaces/share/car_interfaces/cmake/ament_cmake_export_targets-extras.cmake
[8.892s] -- Up-to-date: /mnt/c/Users/luism/Documents/Ubuntu/Reactive-Navegation/Reactive-Navegation/workspace_full_conected/install/car_interfaces/share/car_interfaces/cmake/rosidl_cmake_export_typesupport_targets-extras.cmake
[8.908s] -- Up-to-date: /mnt/c/Users/luism/Documents/Ubuntu/Reactive-Navegation/Reactive-Navegation/workspace_full_conected/install/car_interfaces/share/car_interfaces/cmake/rosidl_cmake_export_typesupport_libraries-extras.cmake
[8.924s] -- Up-to-date: /mnt/c/Users/luism/Documents/Ubuntu/Reactive-Navegation/Reactive-Navegation/workspace_full_conected/install/car_interfaces/share/car_interfaces/cmake/car_interfacesConfig.cmake
[8.939s] -- Up-to-date: /mnt/c/Users/luism/Documents/Ubuntu/Reactive-Navegation/Reactive-Navegation/workspace_full_conected/install/car_interfaces/share/car_interfaces/cmake/car_interfacesConfig-version.cmake
[8.959s] -- Up-to-date: /mnt/c/Users/luism/Documents/Ubuntu/Reactive-Navegation/Reactive-Navegation/workspace_full_conected/install/car_interfaces/share/car_interfaces/package.xml
[8.973s] Invoked command in '/mnt/c/Users/luism/Documents/Ubuntu/Reactive-Navegation/Reactive-Navegation/workspace_full_conected/build/car_interfaces' returned '0': CMAKE_PREFIX_PATH=${CMAKE_PREFIX_PATH}:/home/rhobtor/Ubuntu/Reactive-Navegation/Reactive-Navegation/workspace_full_conected/install/car:/opt/ros/humble /usr/bin/cmake --install /mnt/c/Users/luism/Documents/Ubuntu/Reactive-Navegation/Reactive-Navegation/workspace_full_conected/build/car_interfaces
