[0.279s] Invoking command in '/mnt/c/Users/luism/Documents/Ubuntu/Reactive-Navegation/Reactive-Navegation/workspace/build/car_cpp': /usr/bin/cmake /mnt/c/Users/luism/Documents/Ubuntu/Reactive-Navegation/Reactive-Navegation/workspace/src/car_cpp -DCATKIN_INSTALL_INTO_PREFIX_ROOT=0 -DCMAKE_INSTALL_PREFIX=/mnt/c/Users/luism/Documents/Ubuntu/Reactive-Navegation/Reactive-Navegation/workspace/install/car_cpp
[0.556s] -- The C compiler identification is GNU 11.4.0
[0.989s] -- The CXX compiler identification is GNU 11.4.0
[1.299s] -- Detecting C compiler ABI info
[1.945s] -- Detecting C compiler ABI info - done
[1.964s] -- Check for working C compiler: /usr/bin/cc - skipped
[1.967s] -- Detecting C compile features
[1.976s] -- Detecting C compile features - done
[2.050s] -- Detecting CXX compiler ABI info
[2.695s] -- Detecting CXX compiler ABI info - done
[2.724s] -- Check for working CXX compiler: /usr/bin/c++ - skipped
[2.728s] -- Detecting CXX compile features
[2.730s] -- Detecting CXX compile features - done
[2.805s] -- Found ament_cmake: 1.3.11 (/opt/ros/humble/share/ament_cmake/cmake)
[2.909s] -- Found Python3: /usr/bin/python3 (found version "3.10.12") found components: Interpreter 
[3.071s] -- Found rclcpp: 16.0.11 (/opt/ros/humble/share/rclcpp/cmake)
[3.182s] -- Found rosidl_generator_c: 3.1.6 (/opt/ros/humble/share/rosidl_generator_c/cmake)
[3.188s] -- Found rosidl_adapter: 3.1.6 (/opt/ros/humble/share/rosidl_adapter/cmake)
[3.190s] -- Found rosidl_generator_cpp: 3.1.6 (/opt/ros/humble/share/rosidl_generator_cpp/cmake)
[3.196s] -- Using all available rosidl_typesupport_c: rosidl_typesupport_fastrtps_c;rosidl_typesupport_introspection_c
[3.207s] -- Using all available rosidl_typesupport_cpp: rosidl_typesupport_fastrtps_cpp;rosidl_typesupport_introspection_cpp
[3.251s] -- Found rmw_implementation_cmake: 6.1.2 (/opt/ros/humble/share/rmw_implementation_cmake/cmake)
[3.253s] -- Found rmw_fastrtps_cpp: 6.2.7 (/opt/ros/humble/share/rmw_fastrtps_cpp/cmake)
[4.205s] -- Found OpenSSL: /usr/lib/x86_64-linux-gnu/libcrypto.so (found version "3.0.2")  
[4.955s] -- Found FastRTPS: /opt/ros/humble/include  
[6.359s] -- Using RMW implementation 'rmw_fastrtps_cpp' as default
[6.402s] -- Looking for pthread.h
[6.895s] -- Looking for pthread.h - found
[6.911s] -- Performing Test CMAKE_HAVE_LIBC_PTHREAD
[7.429s] -- Performing Test CMAKE_HAVE_LIBC_PTHREAD - Success
[7.433s] -- Found Threads: TRUE  
[7.467s] -- Found gazebo_ros: 3.7.0 (/opt/ros/humble/share/gazebo_ros/cmake)
[7.473s] -- Found PkgConfig: /usr/bin/pkg-config (found version "0.29.2") 
[7.474s] -- Checking for module 'bullet>=2.82'
[7.483s] --   Found bullet, version 3.05
[7.562s] -- Found fcl: /usr/include (found suitable version "0.7.0", minimum required is "0.5.0") 
[7.586s] -- Found assimp: /usr/include (found version "5.2.0") 
[7.596s] -- Found DART: /usr/include (Required is at least version "6.6") found components: dart 
[7.610s] -- Found Boost: /usr/lib/x86_64-linux-gnu/cmake/Boost-1.74.0/BoostConfig.cmake (found suitable version "1.74.0", minimum required is "1.40.0") found components: thread system filesystem program_options regex iostreams date_time 
[7.832s] -- Found Protobuf: /usr/lib/x86_64-linux-gnu/libprotobuf.so (found version "3.12.4") 
[7.834s] -- Looking for ignition-math6 -- found version 6.15.1
[7.839s] -- Searching for dependencies of ignition-math6
[7.841s] -- Looking for OGRE...
[7.843s] -- OGRE_PREFIX_WATCH changed.
[7.845s] -- Checking for module 'OGRE'
[7.850s] --   Found OGRE, version 1.9.0
[7.865s] -- Found Ogre Ghadamon (1.9.0)
[8.064s] -- Found OGRE: optimized;/usr/lib/x86_64-linux-gnu/libOgreMain.so;debug;/usr/lib/x86_64-linux-gnu/libOgreMain.so
[8.080s] -- Looking for OGRE_Paging...
[8.465s] -- Found OGRE_Paging: optimized;/usr/lib/x86_64-linux-gnu/libOgrePaging.so;debug;/usr/lib/x86_64-linux-gnu/libOgrePaging.so
[8.465s] -- Looking for OGRE_Terrain...
[8.669s] -- Found OGRE_Terrain: optimized;/usr/lib/x86_64-linux-gnu/libOgreTerrain.so;debug;/usr/lib/x86_64-linux-gnu/libOgreTerrain.so
[8.669s] -- Looking for OGRE_Property...
[8.828s] -- Found OGRE_Property: optimized;/usr/lib/x86_64-linux-gnu/libOgreProperty.so;debug;/usr/lib/x86_64-linux-gnu/libOgreProperty.so
[8.829s] -- Looking for OGRE_RTShaderSystem...
[8.994s] -- Found OGRE_RTShaderSystem: optimized;/usr/lib/x86_64-linux-gnu/libOgreRTShaderSystem.so;debug;/usr/lib/x86_64-linux-gnu/libOgreRTShaderSystem.so
[8.995s] -- Looking for OGRE_Volume...
[9.142s] -- Found OGRE_Volume: optimized;/usr/lib/x86_64-linux-gnu/libOgreVolume.so;debug;/usr/lib/x86_64-linux-gnu/libOgreVolume.so
[9.144s] -- Looking for OGRE_Overlay...
[9.311s] -- Found OGRE_Overlay: optimized;/usr/lib/x86_64-linux-gnu/libOgreOverlay.so;debug;/usr/lib/x86_64-linux-gnu/libOgreOverlay.so
[18.655s] -- Looking for ignition-math6 -- found version 6.15.1
[18.656s] -- Looking for ignition-transport8 -- found version 8.2.1
[18.657s] -- Searching for dependencies of ignition-transport8
[19.610s] -- Found Protobuf: /usr/lib/x86_64-linux-gnu/libprotobuf.so (found suitable version "3.12.4", minimum required is "3") 
[20.132s] -- Config-file not installed for ZeroMQ -- checking for pkg-config
[20.138s] -- Checking for module 'libzmq >= 4'
[20.142s] --   Found libzmq , version 4.3.4
[20.159s] -- Found ZeroMQ: TRUE (Required is at least version "4") 
[20.180s] -- Checking for module 'uuid'
[20.188s] --   Found uuid, version 2.37.2
[20.204s] -- Found UUID: TRUE  
[20.205s] -- Looking for ignition-msgs5 -- found version 5.8.1
[20.206s] -- Searching for dependencies of ignition-msgs5
[20.765s] -- Looking for ignition-math6 -- found version 6.15.1
[20.769s] -- Checking for module 'tinyxml2'
[20.776s] --   Found tinyxml2, version 9.0.0
[20.793s] -- Looking for ignition-msgs5 -- found version 5.8.1
[20.794s] -- Looking for ignition-common3 -- found version 3.14.0
[20.794s] -- Searching for dependencies of ignition-common3
[20.816s] -- Looking for dlfcn.h - found
[20.829s] -- Looking for libdl - found
[20.830s] -- Found DL: TRUE  
[20.871s] -- Found tinyobjloader: /usr/lib/x86_64-linux-gnu/cmake/tinyobjloader/tinyobjloader-config.cmake (found version "2.0.0") 
[20.871s] -- Searching for <ignition-common3> component [graphics]
[20.872s] -- Looking for ignition-common3-graphics -- found version 3.14.0
[20.872s] -- Searching for dependencies of ignition-common3-graphics
[20.873s] -- Looking for ignition-math6 -- found version 6.15.1
[20.874s] -- Looking for ignition-fuel_tools4 -- found version 4.4.0
[20.875s] -- Searching for dependencies of ignition-fuel_tools4
[21.812s] -- Found CURL: /usr/lib/x86_64-linux-gnu/libcurl.so (found version "7.81.0")  
[21.818s] -- Checking for module 'jsoncpp'
[21.825s] --   Found jsoncpp, version 1.9.5
[21.844s] -- Found JSONCPP: TRUE  
[21.845s] -- Checking for module 'libzip'
[21.851s] --   Found libzip, version 1.7.3
[21.867s] -- Found ZIP: TRUE  
[21.868s] -- Looking for ignition-common3 -- found version 3.14.0
[21.868s] -- Looking for ignition-math6 -- found version 6.15.1
[21.869s] -- Looking for ignition-msgs5 -- found version 5.8.1
[21.869s] -- Gazebo version: 11.10
[21.870s] -- Checking for module 'tbb'
[21.877s] --   Found tbb, version 2021.5.0
[21.893s] -- Found pluginlib: 5.1.0 (/opt/ros/humble/share/pluginlib/cmake)
[22.475s] -- Found geometry_msgs: 4.2.4 (/opt/ros/humble/share/geometry_msgs/cmake)
[22.886s] -- Configuring done
[23.247s] -- Generating done
[23.307s] [33mCMake Warning:
[23.310s]   Manually-specified variables were not used by the project:
[23.314s] 
[23.315s]     CATKIN_INSTALL_INTO_PREFIX_ROOT
[23.315s] 
[23.315s] [0m
[23.487s] -- Build files have been written to: /mnt/c/Users/luism/Documents/Ubuntu/Reactive-Navegation/Reactive-Navegation/workspace/build/car_cpp
[23.496s] Invoked command in '/mnt/c/Users/luism/Documents/Ubuntu/Reactive-Navegation/Reactive-Navegation/workspace/build/car_cpp' returned '0': /usr/bin/cmake /mnt/c/Users/luism/Documents/Ubuntu/Reactive-Navegation/Reactive-Navegation/workspace/src/car_cpp -DCATKIN_INSTALL_INTO_PREFIX_ROOT=0 -DCMAKE_INSTALL_PREFIX=/mnt/c/Users/luism/Documents/Ubuntu/Reactive-Navegation/Reactive-Navegation/workspace/install/car_cpp
[23.502s] Invoking command in '/mnt/c/Users/luism/Documents/Ubuntu/Reactive-Navegation/Reactive-Navegation/workspace/build/car_cpp': /usr/bin/cmake --build /mnt/c/Users/luism/Documents/Ubuntu/Reactive-Navegation/Reactive-Navegation/workspace/build/car_cpp -- -j20 -l20
[23.518s] gmake: Warning: File 'Makefile' has modification time 51 s in the future
[23.886s] gmake[1]: Warning: File 'CMakeFiles/Makefile2' has modification time 51 s in the future
[23.924s] gmake[2]: Warning: File 'CMakeFiles/control_plugin.dir/flags.make' has modification time 50 s in the future
[23.938s] gmake[2]: warning:  Clock skew detected.  Your build may be incomplete.
[23.945s] gmake[2]: Warning: File 'CMakeFiles/control_plugin.dir/flags.make' has modification time 50 s in the future
[23.963s] [ 50%] [32mBuilding CXX object CMakeFiles/control_plugin.dir/src/control_plugin.cpp.o[0m
[38.378s] [100%] [32m[1mLinking CXX shared library libcontrol_plugin.so[0m
[41.231s] gmake[2]: warning:  Clock skew detected.  Your build may be incomplete.
[41.244s] [100%] Built target control_plugin
[41.244s] gmake[1]: warning:  Clock skew detected.  Your build may be incomplete.
[41.269s] gmake: warning:  Clock skew detected.  Your build may be incomplete.
[41.271s] Invoked command in '/mnt/c/Users/luism/Documents/Ubuntu/Reactive-Navegation/Reactive-Navegation/workspace/build/car_cpp' returned '0': /usr/bin/cmake --build /mnt/c/Users/luism/Documents/Ubuntu/Reactive-Navegation/Reactive-Navegation/workspace/build/car_cpp -- -j20 -l20
[41.314s] Invoking command in '/mnt/c/Users/luism/Documents/Ubuntu/Reactive-Navegation/Reactive-Navegation/workspace/build/car_cpp': /usr/bin/cmake --install /mnt/c/Users/luism/Documents/Ubuntu/Reactive-Navegation/Reactive-Navegation/workspace/build/car_cpp
[41.321s] -- Install configuration: ""
[41.332s] -- Installing: /mnt/c/Users/luism/Documents/Ubuntu/Reactive-Navegation/Reactive-Navegation/workspace/install/car_cpp/lib/libcontrol_plugin.so
[41.713s] -- Set runtime path of "/mnt/c/Users/luism/Documents/Ubuntu/Reactive-Navegation/Reactive-Navegation/workspace/install/car_cpp/lib/libcontrol_plugin.so" to ""
[41.747s] -- Installing: /mnt/c/Users/luism/Documents/Ubuntu/Reactive-Navegation/Reactive-Navegation/workspace/install/car_cpp/share/ament_index/resource_index/package_run_dependencies/car_cpp
[41.831s] -- Installing: /mnt/c/Users/luism/Documents/Ubuntu/Reactive-Navegation/Reactive-Navegation/workspace/install/car_cpp/share/ament_index/resource_index/parent_prefix_path/car_cpp
[41.906s] -- Installing: /mnt/c/Users/luism/Documents/Ubuntu/Reactive-Navegation/Reactive-Navegation/workspace/install/car_cpp/share/car_cpp/environment/ament_prefix_path.sh
[41.955s] -- Installing: /mnt/c/Users/luism/Documents/Ubuntu/Reactive-Navegation/Reactive-Navegation/workspace/install/car_cpp/share/car_cpp/environment/ament_prefix_path.dsv
[42.006s] -- Installing: /mnt/c/Users/luism/Documents/Ubuntu/Reactive-Navegation/Reactive-Navegation/workspace/install/car_cpp/share/car_cpp/environment/path.sh
[42.058s] -- Installing: /mnt/c/Users/luism/Documents/Ubuntu/Reactive-Navegation/Reactive-Navegation/workspace/install/car_cpp/share/car_cpp/environment/path.dsv
[42.111s] -- Installing: /mnt/c/Users/luism/Documents/Ubuntu/Reactive-Navegation/Reactive-Navegation/workspace/install/car_cpp/share/car_cpp/local_setup.bash
[42.160s] -- Installing: /mnt/c/Users/luism/Documents/Ubuntu/Reactive-Navegation/Reactive-Navegation/workspace/install/car_cpp/share/car_cpp/local_setup.sh
[42.212s] -- Installing: /mnt/c/Users/luism/Documents/Ubuntu/Reactive-Navegation/Reactive-Navegation/workspace/install/car_cpp/share/car_cpp/local_setup.zsh
[42.260s] -- Installing: /mnt/c/Users/luism/Documents/Ubuntu/Reactive-Navegation/Reactive-Navegation/workspace/install/car_cpp/share/car_cpp/local_setup.dsv
[42.315s] -- Installing: /mnt/c/Users/luism/Documents/Ubuntu/Reactive-Navegation/Reactive-Navegation/workspace/install/car_cpp/share/car_cpp/package.dsv
[42.390s] -- Installing: /mnt/c/Users/luism/Documents/Ubuntu/Reactive-Navegation/Reactive-Navegation/workspace/install/car_cpp/share/ament_index/resource_index/packages/car_cpp
[42.467s] -- Installing: /mnt/c/Users/luism/Documents/Ubuntu/Reactive-Navegation/Reactive-Navegation/workspace/install/car_cpp/share/car_cpp/cmake/car_cppConfig.cmake
[42.518s] -- Installing: /mnt/c/Users/luism/Documents/Ubuntu/Reactive-Navegation/Reactive-Navegation/workspace/install/car_cpp/share/car_cpp/cmake/car_cppConfig-version.cmake
[42.578s] -- Installing: /mnt/c/Users/luism/Documents/Ubuntu/Reactive-Navegation/Reactive-Navegation/workspace/install/car_cpp/share/car_cpp/package.xml
[42.625s] Invoked command in '/mnt/c/Users/luism/Documents/Ubuntu/Reactive-Navegation/Reactive-Navegation/workspace/build/car_cpp' returned '0': /usr/bin/cmake --install /mnt/c/Users/luism/Documents/Ubuntu/Reactive-Navegation/Reactive-Navegation/workspace/build/car_cpp
