running egg_info
writing ../../build/car/car.egg-info/PKG-INFO
writing dependency_links to ../../build/car/car.egg-info/dependency_links.txt
writing entry points to ../../build/car/car.egg-info/entry_points.txt
writing requirements to ../../build/car/car.egg-info/requires.txt
writing top-level names to ../../build/car/car.egg-info/top_level.txt
reading manifest file '../../build/car/car.egg-info/SOURCES.txt'
writing manifest file '../../build/car/car.egg-info/SOURCES.txt'
running build
running build_py
copying car/path_ppo_cnn_lstm_full_model.py -> /home/rhobtor/reactive/Reactive-Navegation/workspace_full_conected/build/car/build/lib/car
running install
running install_lib
copying /home/rhobtor/reactive/Reactive-Navegation/workspace_full_conected/build/car/build/lib/car/path_ppo_cnn_lstm_full_model.py -> /home/rhobtor/reactive/Reactive-Navegation/workspace_full_conected/install/car/lib/python3.10/site-packages/car
byte-compiling /home/rhobtor/reactive/Reactive-Navegation/workspace_full_conected/install/car/lib/python3.10/site-packages/car/path_ppo_cnn_lstm_full_model.py to path_ppo_cnn_lstm_full_model.cpython-310.pyc
running install_data
running install_egg_info
removing '/home/rhobtor/reactive/Reactive-Navegation/workspace_full_conected/install/car/lib/python3.10/site-packages/car-0.0.0-py3.10.egg-info' (and everything under it)
Copying ../../build/car/car.egg-info to /home/rhobtor/reactive/Reactive-Navegation/workspace_full_conected/install/car/lib/python3.10/site-packages/car-0.0.0-py3.10.egg-info
running install_scripts
Installing colision_zone script to /home/rhobtor/reactive/Reactive-Navegation/workspace_full_conected/install/car/lib/car
Installing filter_points_cloud script to /home/rhobtor/reactive/Reactive-Navegation/workspace_full_conected/install/car/lib/car
Installing frontier_centroid script to /home/rhobtor/reactive/Reactive-Navegation/workspace_full_conected/install/car/lib/car
Installing joystick_control script to /home/rhobtor/reactive/Reactive-Navegation/workspace_full_conected/install/car/lib/car
Installing keyboard_control script to /home/rhobtor/reactive/Reactive-Navegation/workspace_full_conected/install/car/lib/car
Installing lidar_detection script to /home/rhobtor/reactive/Reactive-Navegation/workspace_full_conected/install/car/lib/car
Installing map_navegation script to /home/rhobtor/reactive/Reactive-Navegation/workspace_full_conected/install/car/lib/car
Installing memory_map script to /home/rhobtor/reactive/Reactive-Navegation/workspace_full_conected/install/car/lib/car
Installing movement_predictive script to /home/rhobtor/reactive/Reactive-Navegation/workspace_full_conected/install/car/lib/car
Installing path_ppo_cnn_lstm_full_model script to /home/rhobtor/reactive/Reactive-Navegation/workspace_full_conected/install/car/lib/car
Installing path_ppo_cnn_lstm_training_init_mode script to /home/rhobtor/reactive/Reactive-Navegation/workspace_full_conected/install/car/lib/car
Installing path_ppo_cnn_lstm_training_init_mode_simple script to /home/rhobtor/reactive/Reactive-Navegation/workspace_full_conected/install/car/lib/car
Installing points_goal script to /home/rhobtor/reactive/Reactive-Navegation/workspace_full_conected/install/car/lib/car
Installing supervisor_node script to /home/rhobtor/reactive/Reactive-Navegation/workspace_full_conected/install/car/lib/car
writing list of installed files to '/home/rhobtor/reactive/Reactive-Navegation/workspace_full_conected/build/car/install.log'
