[01m[K/home/rhobtor/reactive/Reactive-Navegation/workspace_full_conected/src/car_cpp/src/frontier_nodes.cpp:[m[K In member function ‘[01m[Kvoid FrontierDetectionNode::octomapCallback(octomap_msgs::msg::Octomap_<std::allocator<void> >::SharedPtr)[m[K’:
[01m[K/home/rhobtor/reactive/Reactive-Navegation/workspace_full_conected/src/car_cpp/src/frontier_nodes.cpp:33:53:[m[K [01;31m[Kerror: [m[Kno matching function for call to ‘[01m[Koctomap::OcTree::getMetricMin()[m[K’
   33 |     octomap::point3d metric_min = [01;31m[Ktree->getMetricMin()[m[K;
      |                                   [01;31m[K~~~~~~~~~~~~~~~~~~^~[m[K
In file included from [01m[K/opt/ros/humble/include/octomap/OcTreeBaseImpl.h:573[m[K,
                 from [01m[K/opt/ros/humble/include/octomap/OccupancyOcTreeBase.h:44[m[K,
                 from [01m[K/opt/ros/humble/include/octomap/OcTree.h:38[m[K,
                 from [01m[K/opt/ros/humble/include/octomap/octomap.h:37[m[K,
                 from [01m[K/opt/ros/humble/include/octomap_msgs/octomap_msgs/conversions.h:41[m[K,
                 from [01m[K/home/rhobtor/reactive/Reactive-Navegation/workspace_full_conected/src/car_cpp/src/frontier_nodes.cpp:3[m[K:
[01m[K/opt/ros/humble/include/octomap/OcTreeBaseImpl.hxx:942:8:[m[K [01;36m[Knote: [m[Kcandidate: ‘[01m[Kvoid octomap::OcTreeBaseImpl<NODE, INTERFACE>::getMetricMin(double&, double&, double&) [with NODE = octomap::OcTreeNode; INTERFACE = octomap::AbstractOccupancyOcTree][m[K’
  942 |   void [01;36m[KOcTreeBaseImpl<NODE,I>[m[K::getMetricMin(double& x, double& y, double& z){
      |        [01;36m[K^~~~~~~~~~~~~~~~~~~~~~[m[K
[01m[K/opt/ros/humble/include/octomap/OcTreeBaseImpl.hxx:942:8:[m[K [01;36m[Knote: [m[K  candidate expects 3 arguments, 0 provided
[01m[K/opt/ros/humble/include/octomap/OcTreeBaseImpl.hxx:960:8:[m[K [01;36m[Knote: [m[Kcandidate: ‘[01m[Kvoid octomap::OcTreeBaseImpl<NODE, INTERFACE>::getMetricMin(double&, double&, double&) const [with NODE = octomap::OcTreeNode; INTERFACE = octomap::AbstractOccupancyOcTree][m[K’
  960 |   void [01;36m[KOcTreeBaseImpl<NODE,I>[m[K::getMetricMin(double& mx, double& my, double& mz) const {
      |        [01;36m[K^~~~~~~~~~~~~~~~~~~~~~[m[K
[01m[K/opt/ros/humble/include/octomap/OcTreeBaseImpl.hxx:960:8:[m[K [01;36m[Knote: [m[K  candidate expects 3 arguments, 0 provided
[01m[K/home/rhobtor/reactive/Reactive-Navegation/workspace_full_conected/src/car_cpp/src/frontier_nodes.cpp:34:53:[m[K [01;31m[Kerror: [m[Kno matching function for call to ‘[01m[Koctomap::OcTree::getMetricMax()[m[K’
   34 |     octomap::point3d metric_max = [01;31m[Ktree->getMetricMax()[m[K;
      |                                   [01;31m[K~~~~~~~~~~~~~~~~~~^~[m[K
In file included from [01m[K/opt/ros/humble/include/octomap/OcTreeBaseImpl.h:573[m[K,
                 from [01m[K/opt/ros/humble/include/octomap/OccupancyOcTreeBase.h:44[m[K,
                 from [01m[K/opt/ros/humble/include/octomap/OcTree.h:38[m[K,
                 from [01m[K/opt/ros/humble/include/octomap/octomap.h:37[m[K,
                 from [01m[K/opt/ros/humble/include/octomap_msgs/octomap_msgs/conversions.h:41[m[K,
                 from [01m[K/home/rhobtor/reactive/Reactive-Navegation/workspace_full_conected/src/car_cpp/src/frontier_nodes.cpp:3[m[K:
[01m[K/opt/ros/humble/include/octomap/OcTreeBaseImpl.hxx:950:8:[m[K [01;36m[Knote: [m[Kcandidate: ‘[01m[Kvoid octomap::OcTreeBaseImpl<NODE, INTERFACE>::getMetricMax(double&, double&, double&) [with NODE = octomap::OcTreeNode; INTERFACE = octomap::AbstractOccupancyOcTree][m[K’
  950 |   void [01;36m[KOcTreeBaseImpl<NODE,I>[m[K::getMetricMax(double& x, double& y, double& z){
      |        [01;36m[K^~~~~~~~~~~~~~~~~~~~~~[m[K
[01m[K/opt/ros/humble/include/octomap/OcTreeBaseImpl.hxx:950:8:[m[K [01;36m[Knote: [m[K  candidate expects 3 arguments, 0 provided
[01m[K/opt/ros/humble/include/octomap/OcTreeBaseImpl.hxx:988:8:[m[K [01;36m[Knote: [m[Kcandidate: ‘[01m[Kvoid octomap::OcTreeBaseImpl<NODE, INTERFACE>::getMetricMax(double&, double&, double&) const [with NODE = octomap::OcTreeNode; INTERFACE = octomap::AbstractOccupancyOcTree][m[K’
  988 |   void [01;36m[KOcTreeBaseImpl<NODE,I>[m[K::getMetricMax(double& mx, double& my, double& mz) const {
      |        [01;36m[K^~~~~~~~~~~~~~~~~~~~~~[m[K
[01m[K/opt/ros/humble/include/octomap/OcTreeBaseImpl.hxx:988:8:[m[K [01;36m[Knote: [m[K  candidate expects 3 arguments, 0 provided
gmake[2]: *** [CMakeFiles/frontier_nodes.dir/build.make:76: CMakeFiles/frontier_nodes.dir/src/frontier_nodes.cpp.o] Error 1
gmake[1]: *** [CMakeFiles/Makefile2:215: CMakeFiles/frontier_nodes.dir/all] Error 2
gmake: *** [Makefile:146: all] Error 2
