[0.013s] Invoking command in '/home/rhobtor/reactive/Reactive-Navegation/workspace_full_conected/build/car_cpp': CMAKE_PREFIX_PATH=${CMAKE_PREFIX_PATH}:/home/rhobtor/reactive/Reactive-Navegation/workspace_full_conected/install/car:/opt/ros/humble /usr/bin/cmake --build /home/rhobtor/reactive/Reactive-Navegation/workspace_full_conected/build/car_cpp -- -j2 -l2
[0.072s] [35m[1mConsolidate compiler generated dependencies of target car_cpp[0m
[0.096s] [ 10%] Built target testo
[0.125s] [ 15%] [32mBuilding CXX object CMakeFiles/car_cpp.dir/src/control_plugin.cpp.o[0m
[0.137s] [ 26%] Built target check_map
[0.185s] [ 36%] Built target path_planner_node
[0.216s] [35m[1mConsolidate compiler generated dependencies of target control_plugin[0m
[0.267s] [ 42%] [32mBuilding CXX object CMakeFiles/control_plugin.dir/src/control_plugin.cpp.o[0m
[14.434s] [ 47%] [32m[1mLinking CXX executable car_cpp[0m
[14.546s] [ 52%] [32m[1mLinking CXX shared library libcontrol_plugin.so[0m
[15.080s] [ 52%] Built target control_plugin
[15.114s] [ 63%] Built target odometry_plugin
[15.990s] [100%] Built target car_cpp
[15.999s] Invoked command in '/home/rhobtor/reactive/Reactive-Navegation/workspace_full_conected/build/car_cpp' returned '0': CMAKE_PREFIX_PATH=${CMAKE_PREFIX_PATH}:/home/rhobtor/reactive/Reactive-Navegation/workspace_full_conected/install/car:/opt/ros/humble /usr/bin/cmake --build /home/rhobtor/reactive/Reactive-Navegation/workspace_full_conected/build/car_cpp -- -j2 -l2
[16.001s] Invoking command in '/home/rhobtor/reactive/Reactive-Navegation/workspace_full_conected/build/car_cpp': CMAKE_PREFIX_PATH=${CMAKE_PREFIX_PATH}:/home/rhobtor/reactive/Reactive-Navegation/workspace_full_conected/install/car:/opt/ros/humble /usr/bin/cmake --install /home/rhobtor/reactive/Reactive-Navegation/workspace_full_conected/build/car_cpp
[16.006s] -- Install configuration: ""
[16.006s] -- Installing: /home/rhobtor/reactive/Reactive-Navegation/workspace_full_conected/install/car_cpp/lib/car_cpp/car_cpp
[16.013s] -- Set runtime path of "/home/rhobtor/reactive/Reactive-Navegation/workspace_full_conected/install/car_cpp/lib/car_cpp/car_cpp" to ""
[16.013s] -- Up-to-date: /home/rhobtor/reactive/Reactive-Navegation/workspace_full_conected/install/car_cpp/lib/car_cpp/testo
[16.014s] -- Up-to-date: /home/rhobtor/reactive/Reactive-Navegation/workspace_full_conected/install/car_cpp/lib/car_cpp/check_map
[16.014s] -- Up-to-date: /home/rhobtor/reactive/Reactive-Navegation/workspace_full_conected/install/car_cpp/lib/car_cpp/path_planner_node
[16.014s] -- Installing: /home/rhobtor/reactive/Reactive-Navegation/workspace_full_conected/install/car_cpp/lib/libcontrol_plugin.so
[16.020s] -- Set runtime path of "/home/rhobtor/reactive/Reactive-Navegation/workspace_full_conected/install/car_cpp/lib/libcontrol_plugin.so" to ""
[16.020s] -- Up-to-date: /home/rhobtor/reactive/Reactive-Navegation/workspace_full_conected/install/car_cpp/lib/libodometry_plugin.so
[16.020s] -- Up-to-date: /home/rhobtor/reactive/Reactive-Navegation/workspace_full_conected/install/car_cpp/include/
[16.020s] -- Up-to-date: /home/rhobtor/reactive/Reactive-Navegation/workspace_full_conected/install/car_cpp/include//visualization.hpp
[16.020s] -- Up-to-date: /home/rhobtor/reactive/Reactive-Navegation/workspace_full_conected/install/car_cpp/include//utilities.hpp
[16.020s] -- Up-to-date: /home/rhobtor/reactive/Reactive-Navegation/workspace_full_conected/install/car_cpp/include//car_cpp
[16.020s] -- Up-to-date: /home/rhobtor/reactive/Reactive-Navegation/workspace_full_conected/install/car_cpp/include//move_ros.hpp
[16.020s] -- Up-to-date: /home/rhobtor/reactive/Reactive-Navegation/workspace_full_conected/install/car_cpp/include//motion.hpp
[16.020s] -- Up-to-date: /home/rhobtor/reactive/Reactive-Navegation/workspace_full_conected/install/car_cpp/include//control_plugin.hpp
[16.020s] -- Up-to-date: /home/rhobtor/reactive/Reactive-Navegation/workspace_full_conected/install/car_cpp/include//obstacle_detection.hpp
[16.020s] -- Up-to-date: /home/rhobtor/reactive/Reactive-Navegation/workspace_full_conected/install/car_cpp/include//odometria.hpp
[16.020s] -- Up-to-date: /home/rhobtor/reactive/Reactive-Navegation/workspace_full_conected/install/car_cpp/include/
[16.020s] -- Up-to-date: /home/rhobtor/reactive/Reactive-Navegation/workspace_full_conected/install/car_cpp/include//visualization.hpp
[16.021s] -- Up-to-date: /home/rhobtor/reactive/Reactive-Navegation/workspace_full_conected/install/car_cpp/include//utilities.hpp
[16.021s] -- Up-to-date: /home/rhobtor/reactive/Reactive-Navegation/workspace_full_conected/install/car_cpp/include//car_cpp
[16.021s] -- Up-to-date: /home/rhobtor/reactive/Reactive-Navegation/workspace_full_conected/install/car_cpp/include//move_ros.hpp
[16.021s] -- Up-to-date: /home/rhobtor/reactive/Reactive-Navegation/workspace_full_conected/install/car_cpp/include//motion.hpp
[16.021s] -- Up-to-date: /home/rhobtor/reactive/Reactive-Navegation/workspace_full_conected/install/car_cpp/include//control_plugin.hpp
[16.021s] -- Up-to-date: /home/rhobtor/reactive/Reactive-Navegation/workspace_full_conected/install/car_cpp/include//obstacle_detection.hpp
[16.021s] -- Up-to-date: /home/rhobtor/reactive/Reactive-Navegation/workspace_full_conected/install/car_cpp/include//odometria.hpp
[16.021s] -- Up-to-date: /home/rhobtor/reactive/Reactive-Navegation/workspace_full_conected/install/car_cpp/share/ament_index/resource_index/package_run_dependencies/car_cpp
[16.021s] -- Up-to-date: /home/rhobtor/reactive/Reactive-Navegation/workspace_full_conected/install/car_cpp/share/ament_index/resource_index/parent_prefix_path/car_cpp
[16.021s] -- Up-to-date: /home/rhobtor/reactive/Reactive-Navegation/workspace_full_conected/install/car_cpp/share/car_cpp/environment/ament_prefix_path.sh
[16.021s] -- Up-to-date: /home/rhobtor/reactive/Reactive-Navegation/workspace_full_conected/install/car_cpp/share/car_cpp/environment/ament_prefix_path.dsv
[16.021s] -- Up-to-date: /home/rhobtor/reactive/Reactive-Navegation/workspace_full_conected/install/car_cpp/share/car_cpp/environment/path.sh
[16.021s] -- Up-to-date: /home/rhobtor/reactive/Reactive-Navegation/workspace_full_conected/install/car_cpp/share/car_cpp/environment/path.dsv
[16.021s] -- Up-to-date: /home/rhobtor/reactive/Reactive-Navegation/workspace_full_conected/install/car_cpp/share/car_cpp/local_setup.bash
[16.021s] -- Up-to-date: /home/rhobtor/reactive/Reactive-Navegation/workspace_full_conected/install/car_cpp/share/car_cpp/local_setup.sh
[16.021s] -- Up-to-date: /home/rhobtor/reactive/Reactive-Navegation/workspace_full_conected/install/car_cpp/share/car_cpp/local_setup.zsh
[16.021s] -- Up-to-date: /home/rhobtor/reactive/Reactive-Navegation/workspace_full_conected/install/car_cpp/share/car_cpp/local_setup.dsv
[16.021s] -- Installing: /home/rhobtor/reactive/Reactive-Navegation/workspace_full_conected/install/car_cpp/share/car_cpp/package.dsv
[16.021s] -- Up-to-date: /home/rhobtor/reactive/Reactive-Navegation/workspace_full_conected/install/car_cpp/share/ament_index/resource_index/packages/car_cpp
[16.021s] -- Up-to-date: /home/rhobtor/reactive/Reactive-Navegation/workspace_full_conected/install/car_cpp/share/car_cpp/cmake/car_cppConfig.cmake
[16.021s] -- Up-to-date: /home/rhobtor/reactive/Reactive-Navegation/workspace_full_conected/install/car_cpp/share/car_cpp/cmake/car_cppConfig-version.cmake
[16.021s] -- Up-to-date: /home/rhobtor/reactive/Reactive-Navegation/workspace_full_conected/install/car_cpp/share/car_cpp/package.xml
[16.023s] Invoked command in '/home/rhobtor/reactive/Reactive-Navegation/workspace_full_conected/build/car_cpp' returned '0': CMAKE_PREFIX_PATH=${CMAKE_PREFIX_PATH}:/home/rhobtor/reactive/Reactive-Navegation/workspace_full_conected/install/car:/opt/ros/humble /usr/bin/cmake --install /home/rhobtor/reactive/Reactive-Navegation/workspace_full_conected/build/car_cpp
