[0.043s] Invoking command in '/home/rhobtor/reactive/Reactive-Navegation/workspace_full_conected/build/octomap_server': CMAKE_PREFIX_PATH=/home/rhobtor/reactive/Reactive-Navegation/workspace_full_conected/install/car_interfaces:/home/rhobtor/reactive/Reactive-Navegation/workspace_full_conected/install/octomap_mapping:/home/rhobtor/reactive/Reactive-Navegation/workspace_full_conected/install/octomap_server:/home/rhobtor/reactive/Reactive-Navegation/workspace_full_conected/install/octomap_rviz_plugins:/home/rhobtor/reactive/Reactive-Navegation/workspace_full_conected/install/hector_gazebo_plugins:/home/rhobtor/reactive/Reactive-Navegation/workspace_full_conected/install/car_cpp:/home/rhobtor/reactive/Reactive-Navegation/workspace_full_conected/install/car:/opt/ros/humble LD_LIBRARY_PATH=/home/rhobtor/reactive/Reactive-Navegation/workspace_full_conected/install/car_interfaces/lib:/home/rhobtor/reactive/Reactive-Navegation/workspace_full_conected/install/octomap_server/lib:/home/rhobtor/reactive/Reactive-Navegation/workspace_full_conected/install/octomap_rviz_plugins/lib:/home/rhobtor/reactive/Reactive-Navegation/workspace_full_conected/install/hector_gazebo_plugins/lib:/home/rhobtor/reactive/Reactive-Navegation/workspace_full_conected/install/car_cpp/lib:/usr/lib/x86_64-linux-gnu/gazebo-11/plugins:/opt/ros/humble/opt/rviz_ogre_vendor/lib:/opt/ros/humble/lib/x86_64-linux-gnu:/opt/ros/humble/lib /usr/bin/cmake --build /home/rhobtor/reactive/Reactive-Navegation/workspace_full_conected/build/octomap_server -- -j20 -l20
[0.744s] [ 46%] Built target tracking_octomap_server_node
[0.744s] [ 46%] Built target octomap_server_multilayer_node
[0.745s] [ 46%] Built target color_octomap_server_node
[0.745s] [ 46%] Built target octomap_server_node
[0.745s] [ 46%] Built target octomap_server_static
[0.745s] [ 46%] Built target octomap_saver_node
[0.746s] [ 53%] Built target octomap_server_static_node
[1.386s] [ 61%] Built target octomap_server
[1.513s] [ 73%] Built target octomap_server_multilayer
[1.591s] [ 84%] Built target tracking_octomap_server
[1.638s] [ 92%] Built target color_octomap_server
[1.766s] [100%] Built target octomap_saver
[1.775s] Invoked command in '/home/rhobtor/reactive/Reactive-Navegation/workspace_full_conected/build/octomap_server' returned '0': CMAKE_PREFIX_PATH=/home/rhobtor/reactive/Reactive-Navegation/workspace_full_conected/install/car_interfaces:/home/rhobtor/reactive/Reactive-Navegation/workspace_full_conected/install/octomap_mapping:/home/rhobtor/reactive/Reactive-Navegation/workspace_full_conected/install/octomap_server:/home/rhobtor/reactive/Reactive-Navegation/workspace_full_conected/install/octomap_rviz_plugins:/home/rhobtor/reactive/Reactive-Navegation/workspace_full_conected/install/hector_gazebo_plugins:/home/rhobtor/reactive/Reactive-Navegation/workspace_full_conected/install/car_cpp:/home/rhobtor/reactive/Reactive-Navegation/workspace_full_conected/install/car:/opt/ros/humble LD_LIBRARY_PATH=/home/rhobtor/reactive/Reactive-Navegation/workspace_full_conected/install/car_interfaces/lib:/home/rhobtor/reactive/Reactive-Navegation/workspace_full_conected/install/octomap_server/lib:/home/rhobtor/reactive/Reactive-Navegation/workspace_full_conected/install/octomap_rviz_plugins/lib:/home/rhobtor/reactive/Reactive-Navegation/workspace_full_conected/install/hector_gazebo_plugins/lib:/home/rhobtor/reactive/Reactive-Navegation/workspace_full_conected/install/car_cpp/lib:/usr/lib/x86_64-linux-gnu/gazebo-11/plugins:/opt/ros/humble/opt/rviz_ogre_vendor/lib:/opt/ros/humble/lib/x86_64-linux-gnu:/opt/ros/humble/lib /usr/bin/cmake --build /home/rhobtor/reactive/Reactive-Navegation/workspace_full_conected/build/octomap_server -- -j20 -l20
[1.814s] Invoking command in '/home/rhobtor/reactive/Reactive-Navegation/workspace_full_conected/build/octomap_server': CMAKE_PREFIX_PATH=/home/rhobtor/reactive/Reactive-Navegation/workspace_full_conected/install/car_interfaces:/home/rhobtor/reactive/Reactive-Navegation/workspace_full_conected/install/octomap_mapping:/home/rhobtor/reactive/Reactive-Navegation/workspace_full_conected/install/octomap_server:/home/rhobtor/reactive/Reactive-Navegation/workspace_full_conected/install/octomap_rviz_plugins:/home/rhobtor/reactive/Reactive-Navegation/workspace_full_conected/install/hector_gazebo_plugins:/home/rhobtor/reactive/Reactive-Navegation/workspace_full_conected/install/car_cpp:/home/rhobtor/reactive/Reactive-Navegation/workspace_full_conected/install/car:/opt/ros/humble LD_LIBRARY_PATH=/home/rhobtor/reactive/Reactive-Navegation/workspace_full_conected/install/car_interfaces/lib:/home/rhobtor/reactive/Reactive-Navegation/workspace_full_conected/install/octomap_server/lib:/home/rhobtor/reactive/Reactive-Navegation/workspace_full_conected/install/octomap_rviz_plugins/lib:/home/rhobtor/reactive/Reactive-Navegation/workspace_full_conected/install/hector_gazebo_plugins/lib:/home/rhobtor/reactive/Reactive-Navegation/workspace_full_conected/install/car_cpp/lib:/usr/lib/x86_64-linux-gnu/gazebo-11/plugins:/opt/ros/humble/opt/rviz_ogre_vendor/lib:/opt/ros/humble/lib/x86_64-linux-gnu:/opt/ros/humble/lib /usr/bin/cmake --install /home/rhobtor/reactive/Reactive-Navegation/workspace_full_conected/build/octomap_server
[1.823s] -- Install configuration: ""
[1.823s] -- Up-to-date: /home/rhobtor/reactive/Reactive-Navegation/workspace_full_conected/install/octomap_server/lib/octomap_server/octomap_server_static_node
[1.823s] -- Up-to-date: /home/rhobtor/reactive/Reactive-Navegation/workspace_full_conected/install/octomap_server/lib/octomap_server/octomap_server_node
[1.823s] -- Up-to-date: /home/rhobtor/reactive/Reactive-Navegation/workspace_full_conected/install/octomap_server/lib/octomap_server/octomap_server_multilayer_node
[1.823s] -- Up-to-date: /home/rhobtor/reactive/Reactive-Navegation/workspace_full_conected/install/octomap_server/lib/octomap_server/tracking_octomap_server_node
[1.823s] -- Up-to-date: /home/rhobtor/reactive/Reactive-Navegation/workspace_full_conected/install/octomap_server/lib/octomap_server/color_octomap_server_node
[1.824s] -- Up-to-date: /home/rhobtor/reactive/Reactive-Navegation/workspace_full_conected/install/octomap_server/lib/octomap_server/octomap_saver_node
[1.824s] -- Up-to-date: /home/rhobtor/reactive/Reactive-Navegation/workspace_full_conected/install/octomap_server/include
[1.824s] -- Up-to-date: /home/rhobtor/reactive/Reactive-Navegation/workspace_full_conected/install/octomap_server/include/octomap_server
[1.824s] -- Up-to-date: /home/rhobtor/reactive/Reactive-Navegation/workspace_full_conected/install/octomap_server/include/octomap_server/tracking_octomap_server.hpp
[1.824s] -- Up-to-date: /home/rhobtor/reactive/Reactive-Navegation/workspace_full_conected/install/octomap_server/include/octomap_server/octomap_server.hpp
[1.824s] -- Up-to-date: /home/rhobtor/reactive/Reactive-Navegation/workspace_full_conected/install/octomap_server/include/octomap_server/octomap_server_multilayer.hpp
[1.824s] -- Up-to-date: /home/rhobtor/reactive/Reactive-Navegation/workspace_full_conected/install/octomap_server/include/octomap_server/octomap_server_static.hpp
[1.824s] -- Up-to-date: /home/rhobtor/reactive/Reactive-Navegation/workspace_full_conected/install/octomap_server/share/octomap_server/environment/library_path.sh
[1.824s] -- Up-to-date: /home/rhobtor/reactive/Reactive-Navegation/workspace_full_conected/install/octomap_server/share/octomap_server/environment/library_path.dsv
[1.824s] -- Up-to-date: /home/rhobtor/reactive/Reactive-Navegation/workspace_full_conected/install/octomap_server/lib/liboctomap_server_static.so
[1.824s] -- Up-to-date: /home/rhobtor/reactive/Reactive-Navegation/workspace_full_conected/install/octomap_server/lib/liboctomap_server.so
[1.824s] -- Up-to-date: /home/rhobtor/reactive/Reactive-Navegation/workspace_full_conected/install/octomap_server/lib/liboctomap_server_multilayer.so
[1.825s] -- Up-to-date: /home/rhobtor/reactive/Reactive-Navegation/workspace_full_conected/install/octomap_server/lib/libtracking_octomap_server.so
[1.825s] -- Up-to-date: /home/rhobtor/reactive/Reactive-Navegation/workspace_full_conected/install/octomap_server/lib/libcolor_octomap_server.so
[1.825s] -- Up-to-date: /home/rhobtor/reactive/Reactive-Navegation/workspace_full_conected/install/octomap_server/lib/liboctomap_saver.so
[1.825s] -- Up-to-date: /home/rhobtor/reactive/Reactive-Navegation/workspace_full_conected/install/octomap_server/share/octomap_server/launch
[1.825s] -- Up-to-date: /home/rhobtor/reactive/Reactive-Navegation/workspace_full_conected/install/octomap_server/share/octomap_server/launch/octomap_tracking_client.launch.xml
[1.825s] -- Up-to-date: /home/rhobtor/reactive/Reactive-Navegation/workspace_full_conected/install/octomap_server/share/octomap_server/launch/octomap_mapping.launch.xml
[1.825s] -- Up-to-date: /home/rhobtor/reactive/Reactive-Navegation/workspace_full_conected/install/octomap_server/share/octomap_server/launch/octomap_tracking_server.launch.xml
[1.825s] -- Up-to-date: /home/rhobtor/reactive/Reactive-Navegation/workspace_full_conected/install/octomap_server/share/octomap_server/params
[1.825s] -- Up-to-date: /home/rhobtor/reactive/Reactive-Navegation/workspace_full_conected/install/octomap_server/share/octomap_server/params/default.yaml
[1.825s] -- Up-to-date: /home/rhobtor/reactive/Reactive-Navegation/workspace_full_conected/install/octomap_server/share/ament_index/resource_index/package_run_dependencies/octomap_server
[1.825s] -- Up-to-date: /home/rhobtor/reactive/Reactive-Navegation/workspace_full_conected/install/octomap_server/share/ament_index/resource_index/parent_prefix_path/octomap_server
[1.825s] -- Up-to-date: /home/rhobtor/reactive/Reactive-Navegation/workspace_full_conected/install/octomap_server/share/octomap_server/environment/ament_prefix_path.sh
[1.825s] -- Up-to-date: /home/rhobtor/reactive/Reactive-Navegation/workspace_full_conected/install/octomap_server/share/octomap_server/environment/ament_prefix_path.dsv
[1.825s] -- Up-to-date: /home/rhobtor/reactive/Reactive-Navegation/workspace_full_conected/install/octomap_server/share/octomap_server/environment/path.sh
[1.825s] -- Up-to-date: /home/rhobtor/reactive/Reactive-Navegation/workspace_full_conected/install/octomap_server/share/octomap_server/environment/path.dsv
[1.825s] -- Up-to-date: /home/rhobtor/reactive/Reactive-Navegation/workspace_full_conected/install/octomap_server/share/octomap_server/local_setup.bash
[1.825s] -- Up-to-date: /home/rhobtor/reactive/Reactive-Navegation/workspace_full_conected/install/octomap_server/share/octomap_server/local_setup.sh
[1.825s] -- Up-to-date: /home/rhobtor/reactive/Reactive-Navegation/workspace_full_conected/install/octomap_server/share/octomap_server/local_setup.zsh
[1.825s] -- Up-to-date: /home/rhobtor/reactive/Reactive-Navegation/workspace_full_conected/install/octomap_server/share/octomap_server/local_setup.dsv
[1.825s] -- Installing: /home/rhobtor/reactive/Reactive-Navegation/workspace_full_conected/install/octomap_server/share/octomap_server/package.dsv
[1.829s] -- Up-to-date: /home/rhobtor/reactive/Reactive-Navegation/workspace_full_conected/install/octomap_server/share/ament_index/resource_index/packages/octomap_server
[1.829s] -- Up-to-date: /home/rhobtor/reactive/Reactive-Navegation/workspace_full_conected/install/octomap_server/share/ament_index/resource_index/rclcpp_components/octomap_server
[1.829s] -- Up-to-date: /home/rhobtor/reactive/Reactive-Navegation/workspace_full_conected/install/octomap_server/share/octomap_server/cmake/ament_cmake_export_dependencies-extras.cmake
[1.829s] -- Up-to-date: /home/rhobtor/reactive/Reactive-Navegation/workspace_full_conected/install/octomap_server/share/octomap_server/cmake/ament_cmake_export_include_directories-extras.cmake
[1.829s] -- Up-to-date: /home/rhobtor/reactive/Reactive-Navegation/workspace_full_conected/install/octomap_server/share/octomap_server/cmake/ament_cmake_export_libraries-extras.cmake
[1.829s] -- Up-to-date: /home/rhobtor/reactive/Reactive-Navegation/workspace_full_conected/install/octomap_server/share/octomap_server/cmake/octomap_serverConfig.cmake
[1.829s] -- Up-to-date: /home/rhobtor/reactive/Reactive-Navegation/workspace_full_conected/install/octomap_server/share/octomap_server/cmake/octomap_serverConfig-version.cmake
[1.829s] -- Up-to-date: /home/rhobtor/reactive/Reactive-Navegation/workspace_full_conected/install/octomap_server/share/octomap_server/package.xml
[1.829s] -- Up-to-date: /home/rhobtor/reactive/Reactive-Navegation/workspace_full_conected/install/octomap_server/lib/octomap_server/octomap_eraser_cli.py
[1.831s] Invoked command in '/home/rhobtor/reactive/Reactive-Navegation/workspace_full_conected/build/octomap_server' returned '0': CMAKE_PREFIX_PATH=/home/rhobtor/reactive/Reactive-Navegation/workspace_full_conected/install/car_interfaces:/home/rhobtor/reactive/Reactive-Navegation/workspace_full_conected/install/octomap_mapping:/home/rhobtor/reactive/Reactive-Navegation/workspace_full_conected/install/octomap_server:/home/rhobtor/reactive/Reactive-Navegation/workspace_full_conected/install/octomap_rviz_plugins:/home/rhobtor/reactive/Reactive-Navegation/workspace_full_conected/install/hector_gazebo_plugins:/home/rhobtor/reactive/Reactive-Navegation/workspace_full_conected/install/car_cpp:/home/rhobtor/reactive/Reactive-Navegation/workspace_full_conected/install/car:/opt/ros/humble LD_LIBRARY_PATH=/home/rhobtor/reactive/Reactive-Navegation/workspace_full_conected/install/car_interfaces/lib:/home/rhobtor/reactive/Reactive-Navegation/workspace_full_conected/install/octomap_server/lib:/home/rhobtor/reactive/Reactive-Navegation/workspace_full_conected/install/octomap_rviz_plugins/lib:/home/rhobtor/reactive/Reactive-Navegation/workspace_full_conected/install/hector_gazebo_plugins/lib:/home/rhobtor/reactive/Reactive-Navegation/workspace_full_conected/install/car_cpp/lib:/usr/lib/x86_64-linux-gnu/gazebo-11/plugins:/opt/ros/humble/opt/rviz_ogre_vendor/lib:/opt/ros/humble/lib/x86_64-linux-gnu:/opt/ros/humble/lib /usr/bin/cmake --install /home/rhobtor/reactive/Reactive-Navegation/workspace_full_conected/build/octomap_server
