[0.264s] Invoking command in '/mnt/c/Users/luism/Documents/Ubuntu/Reactive-Navegation/Reactive-Navegation/workspace_full_conected/build/car_interfaces': CMAKE_PREFIX_PATH=${CMAKE_PREFIX_PATH}:/home/rhobtor/Ubuntu/Reactive-Navegation/Reactive-Navegation/workspace_full_conected/install/car:/opt/ros/humble /usr/bin/cmake --build /mnt/c/Users/luism/Documents/Ubuntu/Reactive-Navegation/Reactive-Navegation/workspace_full_conected/build/car_interfaces -- -j20 -l20
[1.799s] [  3%] Built target car_interfaces__cpp
[1.912s] [ 12%] Built target car_interfaces__rosidl_generator_c
[2.599s] [ 22%] Built target car_interfaces__rosidl_typesupport_cpp
[2.666s] [ 32%] Built target car_interfaces__rosidl_typesupport_introspection_cpp
[2.693s] [ 41%] Built target car_interfaces__rosidl_typesupport_fastrtps_cpp
[2.752s] [ 51%] Built target car_interfaces__rosidl_typesupport_c
[2.798s] [ 61%] Built target car_interfaces__rosidl_typesupport_fastrtps_c
[2.820s] [ 61%] Built target ament_cmake_python_copy_car_interfaces
[2.885s] [ 70%] Built target car_interfaces__rosidl_typesupport_introspection_c
[3.477s] [ 70%] Built target car_interfaces
[4.204s] [ 74%] Built target car_interfaces__py
[4.494s] running egg_info
[4.497s] writing car_interfaces.egg-info/PKG-INFO
[4.502s] writing dependency_links to car_interfaces.egg-info/dependency_links.txt
[4.511s] writing top-level names to car_interfaces.egg-info/top_level.txt
[4.542s] reading manifest file 'car_interfaces.egg-info/SOURCES.txt'
[4.581s] writing manifest file 'car_interfaces.egg-info/SOURCES.txt'
[4.872s] [ 74%] Built target ament_cmake_python_build_car_interfaces_egg
[4.911s] [ 80%] Built target car_interfaces__rosidl_generator_py
[5.614s] [ 87%] Built target car_interfaces__rosidl_typesupport_fastrtps_c__pyext
[5.642s] [ 93%] Built target car_interfaces__rosidl_typesupport_c__pyext
[5.694s] [100%] Built target car_interfaces__rosidl_typesupport_introspection_c__pyext
[5.947s] Invoked command in '/mnt/c/Users/luism/Documents/Ubuntu/Reactive-Navegation/Reactive-Navegation/workspace_full_conected/build/car_interfaces' returned '0': CMAKE_PREFIX_PATH=${CMAKE_PREFIX_PATH}:/home/rhobtor/Ubuntu/Reactive-Navegation/Reactive-Navegation/workspace_full_conected/install/car:/opt/ros/humble /usr/bin/cmake --build /mnt/c/Users/luism/Documents/Ubuntu/Reactive-Navegation/Reactive-Navegation/workspace_full_conected/build/car_interfaces -- -j20 -l20
[5.958s] Invoking command in '/mnt/c/Users/luism/Documents/Ubuntu/Reactive-Navegation/Reactive-Navegation/workspace_full_conected/build/car_interfaces': CMAKE_PREFIX_PATH=${CMAKE_PREFIX_PATH}:/home/rhobtor/Ubuntu/Reactive-Navegation/Reactive-Navegation/workspace_full_conected/install/car:/opt/ros/humble /usr/bin/cmake --install /mnt/c/Users/luism/Documents/Ubuntu/Reactive-Navegation/Reactive-Navegation/workspace_full_conected/build/car_interfaces
[6.143s] -- Install configuration: ""
[6.161s] -- Up-to-date: /mnt/c/Users/luism/Documents/Ubuntu/Reactive-Navegation/Reactive-Navegation/workspace_full_conected/install/car_interfaces/share/ament_index/resource_index/rosidl_interfaces/car_interfaces
[6.170s] -- Up-to-date: /mnt/c/Users/luism/Documents/Ubuntu/Reactive-Navegation/Reactive-Navegation/workspace_full_conected/install/car_interfaces/include/car_interfaces/car_interfaces
[6.181s] -- Up-to-date: /mnt/c/Users/luism/Documents/Ubuntu/Reactive-Navegation/Reactive-Navegation/workspace_full_conected/install/car_interfaces/include/car_interfaces/car_interfaces/msg
[6.193s] -- Up-to-date: /mnt/c/Users/luism/Documents/Ubuntu/Reactive-Navegation/Reactive-Navegation/workspace_full_conected/install/car_interfaces/include/car_interfaces/car_interfaces/msg/detail
[6.234s] -- Up-to-date: /mnt/c/Users/luism/Documents/Ubuntu/Reactive-Navegation/Reactive-Navegation/workspace_full_conected/install/car_interfaces/include/car_interfaces/car_interfaces/msg/detail/graph__functions.c
[6.267s] -- Up-to-date: /mnt/c/Users/luism/Documents/Ubuntu/Reactive-Navegation/Reactive-Navegation/workspace_full_conected/install/car_interfaces/include/car_interfaces/car_interfaces/msg/detail/graph__functions.h
[6.280s] -- Up-to-date: /mnt/c/Users/luism/Documents/Ubuntu/Reactive-Navegation/Reactive-Navegation/workspace_full_conected/install/car_interfaces/include/car_interfaces/car_interfaces/msg/detail/graph__struct.h
[6.311s] -- Up-to-date: /mnt/c/Users/luism/Documents/Ubuntu/Reactive-Navegation/Reactive-Navegation/workspace_full_conected/install/car_interfaces/include/car_interfaces/car_interfaces/msg/detail/graph__type_support.h
[6.322s] -- Up-to-date: /mnt/c/Users/luism/Documents/Ubuntu/Reactive-Navegation/Reactive-Navegation/workspace_full_conected/install/car_interfaces/include/car_interfaces/car_interfaces/msg/graph.h
[6.333s] -- Up-to-date: /mnt/c/Users/luism/Documents/Ubuntu/Reactive-Navegation/Reactive-Navegation/workspace_full_conected/install/car_interfaces/include/car_interfaces/car_interfaces/msg/rosidl_generator_c__visibility_control.h
[6.341s] -- Up-to-date: /mnt/c/Users/luism/Documents/Ubuntu/Reactive-Navegation/Reactive-Navegation/workspace_full_conected/install/car_interfaces/share/car_interfaces/environment/library_path.sh
[6.353s] -- Up-to-date: /mnt/c/Users/luism/Documents/Ubuntu/Reactive-Navegation/Reactive-Navegation/workspace_full_conected/install/car_interfaces/share/car_interfaces/environment/library_path.dsv
[6.408s] -- Up-to-date: /mnt/c/Users/luism/Documents/Ubuntu/Reactive-Navegation/Reactive-Navegation/workspace_full_conected/install/car_interfaces/lib/libcar_interfaces__rosidl_generator_c.so
[6.434s] -- Up-to-date: /mnt/c/Users/luism/Documents/Ubuntu/Reactive-Navegation/Reactive-Navegation/workspace_full_conected/install/car_interfaces/include/car_interfaces/car_interfaces
[6.461s] -- Up-to-date: /mnt/c/Users/luism/Documents/Ubuntu/Reactive-Navegation/Reactive-Navegation/workspace_full_conected/install/car_interfaces/include/car_interfaces/car_interfaces/msg
[6.502s] -- Up-to-date: /mnt/c/Users/luism/Documents/Ubuntu/Reactive-Navegation/Reactive-Navegation/workspace_full_conected/install/car_interfaces/include/car_interfaces/car_interfaces/msg/detail
[6.529s] -- Up-to-date: /mnt/c/Users/luism/Documents/Ubuntu/Reactive-Navegation/Reactive-Navegation/workspace_full_conected/install/car_interfaces/include/car_interfaces/car_interfaces/msg/detail/graph__rosidl_typesupport_fastrtps_c.h
[6.561s] -- Up-to-date: /mnt/c/Users/luism/Documents/Ubuntu/Reactive-Navegation/Reactive-Navegation/workspace_full_conected/install/car_interfaces/include/car_interfaces/car_interfaces/msg/rosidl_typesupport_fastrtps_c__visibility_control.h
[6.604s] -- Up-to-date: /mnt/c/Users/luism/Documents/Ubuntu/Reactive-Navegation/Reactive-Navegation/workspace_full_conected/install/car_interfaces/lib/libcar_interfaces__rosidl_typesupport_fastrtps_c.so
[6.643s] -- Up-to-date: /mnt/c/Users/luism/Documents/Ubuntu/Reactive-Navegation/Reactive-Navegation/workspace_full_conected/install/car_interfaces/include/car_interfaces/car_interfaces
[6.664s] -- Up-to-date: /mnt/c/Users/luism/Documents/Ubuntu/Reactive-Navegation/Reactive-Navegation/workspace_full_conected/install/car_interfaces/include/car_interfaces/car_interfaces/msg
[6.686s] -- Up-to-date: /mnt/c/Users/luism/Documents/Ubuntu/Reactive-Navegation/Reactive-Navegation/workspace_full_conected/install/car_interfaces/include/car_interfaces/car_interfaces/msg/detail
[6.720s] -- Up-to-date: /mnt/c/Users/luism/Documents/Ubuntu/Reactive-Navegation/Reactive-Navegation/workspace_full_conected/install/car_interfaces/include/car_interfaces/car_interfaces/msg/detail/graph__builder.hpp
[6.738s] -- Up-to-date: /mnt/c/Users/luism/Documents/Ubuntu/Reactive-Navegation/Reactive-Navegation/workspace_full_conected/install/car_interfaces/include/car_interfaces/car_interfaces/msg/detail/graph__struct.hpp
[6.754s] -- Up-to-date: /mnt/c/Users/luism/Documents/Ubuntu/Reactive-Navegation/Reactive-Navegation/workspace_full_conected/install/car_interfaces/include/car_interfaces/car_interfaces/msg/detail/graph__traits.hpp
[6.768s] -- Up-to-date: /mnt/c/Users/luism/Documents/Ubuntu/Reactive-Navegation/Reactive-Navegation/workspace_full_conected/install/car_interfaces/include/car_interfaces/car_interfaces/msg/detail/graph__type_support.hpp
[6.783s] -- Up-to-date: /mnt/c/Users/luism/Documents/Ubuntu/Reactive-Navegation/Reactive-Navegation/workspace_full_conected/install/car_interfaces/include/car_interfaces/car_interfaces/msg/graph.hpp
[6.797s] -- Up-to-date: /mnt/c/Users/luism/Documents/Ubuntu/Reactive-Navegation/Reactive-Navegation/workspace_full_conected/install/car_interfaces/include/car_interfaces/car_interfaces/msg/rosidl_generator_cpp__visibility_control.hpp
[6.804s] -- Up-to-date: /mnt/c/Users/luism/Documents/Ubuntu/Reactive-Navegation/Reactive-Navegation/workspace_full_conected/install/car_interfaces/include/car_interfaces/car_interfaces
[6.838s] -- Up-to-date: /mnt/c/Users/luism/Documents/Ubuntu/Reactive-Navegation/Reactive-Navegation/workspace_full_conected/install/car_interfaces/include/car_interfaces/car_interfaces/msg
[6.855s] -- Up-to-date: /mnt/c/Users/luism/Documents/Ubuntu/Reactive-Navegation/Reactive-Navegation/workspace_full_conected/install/car_interfaces/include/car_interfaces/car_interfaces/msg/detail
[6.873s] -- Up-to-date: /mnt/c/Users/luism/Documents/Ubuntu/Reactive-Navegation/Reactive-Navegation/workspace_full_conected/install/car_interfaces/include/car_interfaces/car_interfaces/msg/detail/dds_fastrtps
[6.910s] -- Up-to-date: /mnt/c/Users/luism/Documents/Ubuntu/Reactive-Navegation/Reactive-Navegation/workspace_full_conected/install/car_interfaces/include/car_interfaces/car_interfaces/msg/detail/graph__rosidl_typesupport_fastrtps_cpp.hpp
[6.953s] -- Up-to-date: /mnt/c/Users/luism/Documents/Ubuntu/Reactive-Navegation/Reactive-Navegation/workspace_full_conected/install/car_interfaces/include/car_interfaces/car_interfaces/msg/rosidl_typesupport_fastrtps_cpp__visibility_control.h
[6.984s] -- Up-to-date: /mnt/c/Users/luism/Documents/Ubuntu/Reactive-Navegation/Reactive-Navegation/workspace_full_conected/install/car_interfaces/lib/libcar_interfaces__rosidl_typesupport_fastrtps_cpp.so
[7.020s] -- Up-to-date: /mnt/c/Users/luism/Documents/Ubuntu/Reactive-Navegation/Reactive-Navegation/workspace_full_conected/install/car_interfaces/include/car_interfaces/car_interfaces
[7.030s] -- Up-to-date: /mnt/c/Users/luism/Documents/Ubuntu/Reactive-Navegation/Reactive-Navegation/workspace_full_conected/install/car_interfaces/include/car_interfaces/car_interfaces/msg
[7.057s] -- Up-to-date: /mnt/c/Users/luism/Documents/Ubuntu/Reactive-Navegation/Reactive-Navegation/workspace_full_conected/install/car_interfaces/include/car_interfaces/car_interfaces/msg/detail
[7.079s] -- Up-to-date: /mnt/c/Users/luism/Documents/Ubuntu/Reactive-Navegation/Reactive-Navegation/workspace_full_conected/install/car_interfaces/include/car_interfaces/car_interfaces/msg/detail/graph__rosidl_typesupport_introspection_c.h
[7.098s] -- Up-to-date: /mnt/c/Users/luism/Documents/Ubuntu/Reactive-Navegation/Reactive-Navegation/workspace_full_conected/install/car_interfaces/include/car_interfaces/car_interfaces/msg/detail/graph__type_support.c
[7.117s] -- Up-to-date: /mnt/c/Users/luism/Documents/Ubuntu/Reactive-Navegation/Reactive-Navegation/workspace_full_conected/install/car_interfaces/include/car_interfaces/car_interfaces/msg/rosidl_typesupport_introspection_c__visibility_control.h
[7.177s] -- Up-to-date: /mnt/c/Users/luism/Documents/Ubuntu/Reactive-Navegation/Reactive-Navegation/workspace_full_conected/install/car_interfaces/lib/libcar_interfaces__rosidl_typesupport_introspection_c.so
[7.276s] -- Up-to-date: /mnt/c/Users/luism/Documents/Ubuntu/Reactive-Navegation/Reactive-Navegation/workspace_full_conected/install/car_interfaces/lib/libcar_interfaces__rosidl_typesupport_c.so
[7.324s] -- Up-to-date: /mnt/c/Users/luism/Documents/Ubuntu/Reactive-Navegation/Reactive-Navegation/workspace_full_conected/install/car_interfaces/include/car_interfaces/car_interfaces
[7.347s] -- Up-to-date: /mnt/c/Users/luism/Documents/Ubuntu/Reactive-Navegation/Reactive-Navegation/workspace_full_conected/install/car_interfaces/include/car_interfaces/car_interfaces/msg
[7.372s] -- Up-to-date: /mnt/c/Users/luism/Documents/Ubuntu/Reactive-Navegation/Reactive-Navegation/workspace_full_conected/install/car_interfaces/include/car_interfaces/car_interfaces/msg/detail
[7.396s] -- Up-to-date: /mnt/c/Users/luism/Documents/Ubuntu/Reactive-Navegation/Reactive-Navegation/workspace_full_conected/install/car_interfaces/include/car_interfaces/car_interfaces/msg/detail/graph__rosidl_typesupport_introspection_cpp.hpp
[7.426s] -- Up-to-date: /mnt/c/Users/luism/Documents/Ubuntu/Reactive-Navegation/Reactive-Navegation/workspace_full_conected/install/car_interfaces/include/car_interfaces/car_interfaces/msg/detail/graph__type_support.cpp
[7.475s] -- Up-to-date: /mnt/c/Users/luism/Documents/Ubuntu/Reactive-Navegation/Reactive-Navegation/workspace_full_conected/install/car_interfaces/lib/libcar_interfaces__rosidl_typesupport_introspection_cpp.so
[7.571s] -- Up-to-date: /mnt/c/Users/luism/Documents/Ubuntu/Reactive-Navegation/Reactive-Navegation/workspace_full_conected/install/car_interfaces/lib/libcar_interfaces__rosidl_typesupport_cpp.so
[7.613s] -- Up-to-date: /mnt/c/Users/luism/Documents/Ubuntu/Reactive-Navegation/Reactive-Navegation/workspace_full_conected/install/car_interfaces/share/car_interfaces/environment/pythonpath.sh
[7.639s] -- Up-to-date: /mnt/c/Users/luism/Documents/Ubuntu/Reactive-Navegation/Reactive-Navegation/workspace_full_conected/install/car_interfaces/share/car_interfaces/environment/pythonpath.dsv
[7.649s] -- Up-to-date: /mnt/c/Users/luism/Documents/Ubuntu/Reactive-Navegation/Reactive-Navegation/workspace_full_conected/install/car_interfaces/local/lib/python3.10/dist-packages/car_interfaces-0.0.0-py3.10.egg-info
[7.666s] -- Installing: /mnt/c/Users/luism/Documents/Ubuntu/Reactive-Navegation/Reactive-Navegation/workspace_full_conected/install/car_interfaces/local/lib/python3.10/dist-packages/car_interfaces-0.0.0-py3.10.egg-info/dependency_links.txt
[7.770s] -- Installing: /mnt/c/Users/luism/Documents/Ubuntu/Reactive-Navegation/Reactive-Navegation/workspace_full_conected/install/car_interfaces/local/lib/python3.10/dist-packages/car_interfaces-0.0.0-py3.10.egg-info/PKG-INFO
[7.887s] -- Installing: /mnt/c/Users/luism/Documents/Ubuntu/Reactive-Navegation/Reactive-Navegation/workspace_full_conected/install/car_interfaces/local/lib/python3.10/dist-packages/car_interfaces-0.0.0-py3.10.egg-info/SOURCES.txt
[7.977s] -- Installing: /mnt/c/Users/luism/Documents/Ubuntu/Reactive-Navegation/Reactive-Navegation/workspace_full_conected/install/car_interfaces/local/lib/python3.10/dist-packages/car_interfaces-0.0.0-py3.10.egg-info/top_level.txt
[8.031s] -- Up-to-date: /mnt/c/Users/luism/Documents/Ubuntu/Reactive-Navegation/Reactive-Navegation/workspace_full_conected/install/car_interfaces/local/lib/python3.10/dist-packages/car_interfaces
[8.047s] -- Up-to-date: /mnt/c/Users/luism/Documents/Ubuntu/Reactive-Navegation/Reactive-Navegation/workspace_full_conected/install/car_interfaces/local/lib/python3.10/dist-packages/car_interfaces/car_interfaces_s__rosidl_typesupport_c.cpython-310-x86_64-linux-gnu.so
[8.080s] -- Up-to-date: /mnt/c/Users/luism/Documents/Ubuntu/Reactive-Navegation/Reactive-Navegation/workspace_full_conected/install/car_interfaces/local/lib/python3.10/dist-packages/car_interfaces/car_interfaces_s__rosidl_typesupport_fastrtps_c.cpython-310-x86_64-linux-gnu.so
[8.103s] -- Up-to-date: /mnt/c/Users/luism/Documents/Ubuntu/Reactive-Navegation/Reactive-Navegation/workspace_full_conected/install/car_interfaces/local/lib/python3.10/dist-packages/car_interfaces/car_interfaces_s__rosidl_typesupport_introspection_c.cpython-310-x86_64-linux-gnu.so
[8.117s] -- Up-to-date: /mnt/c/Users/luism/Documents/Ubuntu/Reactive-Navegation/Reactive-Navegation/workspace_full_conected/install/car_interfaces/local/lib/python3.10/dist-packages/car_interfaces/libcar_interfaces__rosidl_generator_py.so
[8.126s] -- Up-to-date: /mnt/c/Users/luism/Documents/Ubuntu/Reactive-Navegation/Reactive-Navegation/workspace_full_conected/install/car_interfaces/local/lib/python3.10/dist-packages/car_interfaces/msg
[8.145s] -- Up-to-date: /mnt/c/Users/luism/Documents/Ubuntu/Reactive-Navegation/Reactive-Navegation/workspace_full_conected/install/car_interfaces/local/lib/python3.10/dist-packages/car_interfaces/msg/_graph.py
[8.182s] -- Up-to-date: /mnt/c/Users/luism/Documents/Ubuntu/Reactive-Navegation/Reactive-Navegation/workspace_full_conected/install/car_interfaces/local/lib/python3.10/dist-packages/car_interfaces/msg/_graph_s.c
[8.197s] -- Up-to-date: /mnt/c/Users/luism/Documents/Ubuntu/Reactive-Navegation/Reactive-Navegation/workspace_full_conected/install/car_interfaces/local/lib/python3.10/dist-packages/car_interfaces/msg/__init__.py
[8.214s] -- Up-to-date: /mnt/c/Users/luism/Documents/Ubuntu/Reactive-Navegation/Reactive-Navegation/workspace_full_conected/install/car_interfaces/local/lib/python3.10/dist-packages/car_interfaces/_car_interfaces_s.ep.rosidl_typesupport_c.c
[8.225s] -- Up-to-date: /mnt/c/Users/luism/Documents/Ubuntu/Reactive-Navegation/Reactive-Navegation/workspace_full_conected/install/car_interfaces/local/lib/python3.10/dist-packages/car_interfaces/_car_interfaces_s.ep.rosidl_typesupport_fastrtps_c.c
[8.237s] -- Up-to-date: /mnt/c/Users/luism/Documents/Ubuntu/Reactive-Navegation/Reactive-Navegation/workspace_full_conected/install/car_interfaces/local/lib/python3.10/dist-packages/car_interfaces/_car_interfaces_s.ep.rosidl_typesupport_introspection_c.c
[8.248s] -- Up-to-date: /mnt/c/Users/luism/Documents/Ubuntu/Reactive-Navegation/Reactive-Navegation/workspace_full_conected/install/car_interfaces/local/lib/python3.10/dist-packages/car_interfaces/__init__.py
[8.804s] Listing '/mnt/c/Users/luism/Documents/Ubuntu/Reactive-Navegation/Reactive-Navegation/workspace_full_conected/install/car_interfaces/local/lib/python3.10/dist-packages/car_interfaces'...
[8.808s] Listing '/mnt/c/Users/luism/Documents/Ubuntu/Reactive-Navegation/Reactive-Navegation/workspace_full_conected/install/car_interfaces/local/lib/python3.10/dist-packages/car_interfaces/msg'...
[8.907s] -- Up-to-date: /mnt/c/Users/luism/Documents/Ubuntu/Reactive-Navegation/Reactive-Navegation/workspace_full_conected/install/car_interfaces/local/lib/python3.10/dist-packages/car_interfaces/car_interfaces_s__rosidl_typesupport_fastrtps_c.cpython-310-x86_64-linux-gnu.so
[9.004s] -- Up-to-date: /mnt/c/Users/luism/Documents/Ubuntu/Reactive-Navegation/Reactive-Navegation/workspace_full_conected/install/car_interfaces/local/lib/python3.10/dist-packages/car_interfaces/car_interfaces_s__rosidl_typesupport_introspection_c.cpython-310-x86_64-linux-gnu.so
[9.110s] -- Up-to-date: /mnt/c/Users/luism/Documents/Ubuntu/Reactive-Navegation/Reactive-Navegation/workspace_full_conected/install/car_interfaces/local/lib/python3.10/dist-packages/car_interfaces/car_interfaces_s__rosidl_typesupport_c.cpython-310-x86_64-linux-gnu.so
[9.170s] -- Up-to-date: /mnt/c/Users/luism/Documents/Ubuntu/Reactive-Navegation/Reactive-Navegation/workspace_full_conected/install/car_interfaces/lib/libcar_interfaces__rosidl_generator_py.so
[9.212s] -- Up-to-date: /mnt/c/Users/luism/Documents/Ubuntu/Reactive-Navegation/Reactive-Navegation/workspace_full_conected/install/car_interfaces/share/car_interfaces/msg/Graph.idl
[9.239s] -- Up-to-date: /mnt/c/Users/luism/Documents/Ubuntu/Reactive-Navegation/Reactive-Navegation/workspace_full_conected/install/car_interfaces/share/car_interfaces/msg/Graph.msg
[9.263s] -- Up-to-date: /mnt/c/Users/luism/Documents/Ubuntu/Reactive-Navegation/Reactive-Navegation/workspace_full_conected/install/car_interfaces/share/ament_index/resource_index/package_run_dependencies/car_interfaces
[9.287s] -- Up-to-date: /mnt/c/Users/luism/Documents/Ubuntu/Reactive-Navegation/Reactive-Navegation/workspace_full_conected/install/car_interfaces/share/ament_index/resource_index/parent_prefix_path/car_interfaces
[9.304s] -- Up-to-date: /mnt/c/Users/luism/Documents/Ubuntu/Reactive-Navegation/Reactive-Navegation/workspace_full_conected/install/car_interfaces/share/car_interfaces/environment/ament_prefix_path.sh
[9.318s] -- Up-to-date: /mnt/c/Users/luism/Documents/Ubuntu/Reactive-Navegation/Reactive-Navegation/workspace_full_conected/install/car_interfaces/share/car_interfaces/environment/ament_prefix_path.dsv
[9.327s] -- Up-to-date: /mnt/c/Users/luism/Documents/Ubuntu/Reactive-Navegation/Reactive-Navegation/workspace_full_conected/install/car_interfaces/share/car_interfaces/environment/path.sh
[9.341s] -- Up-to-date: /mnt/c/Users/luism/Documents/Ubuntu/Reactive-Navegation/Reactive-Navegation/workspace_full_conected/install/car_interfaces/share/car_interfaces/environment/path.dsv
[9.353s] -- Up-to-date: /mnt/c/Users/luism/Documents/Ubuntu/Reactive-Navegation/Reactive-Navegation/workspace_full_conected/install/car_interfaces/share/car_interfaces/local_setup.bash
[9.364s] -- Up-to-date: /mnt/c/Users/luism/Documents/Ubuntu/Reactive-Navegation/Reactive-Navegation/workspace_full_conected/install/car_interfaces/share/car_interfaces/local_setup.sh
[9.375s] -- Up-to-date: /mnt/c/Users/luism/Documents/Ubuntu/Reactive-Navegation/Reactive-Navegation/workspace_full_conected/install/car_interfaces/share/car_interfaces/local_setup.zsh
[9.387s] -- Up-to-date: /mnt/c/Users/luism/Documents/Ubuntu/Reactive-Navegation/Reactive-Navegation/workspace_full_conected/install/car_interfaces/share/car_interfaces/local_setup.dsv
[9.397s] -- Installing: /mnt/c/Users/luism/Documents/Ubuntu/Reactive-Navegation/Reactive-Navegation/workspace_full_conected/install/car_interfaces/share/car_interfaces/package.dsv
[9.435s] -- Up-to-date: /mnt/c/Users/luism/Documents/Ubuntu/Reactive-Navegation/Reactive-Navegation/workspace_full_conected/install/car_interfaces/share/ament_index/resource_index/packages/car_interfaces
[9.462s] -- Up-to-date: /mnt/c/Users/luism/Documents/Ubuntu/Reactive-Navegation/Reactive-Navegation/workspace_full_conected/install/car_interfaces/share/car_interfaces/cmake/export_car_interfaces__rosidl_generator_cExport.cmake
[9.477s] -- Up-to-date: /mnt/c/Users/luism/Documents/Ubuntu/Reactive-Navegation/Reactive-Navegation/workspace_full_conected/install/car_interfaces/share/car_interfaces/cmake/export_car_interfaces__rosidl_generator_cExport-noconfig.cmake
[9.499s] -- Up-to-date: /mnt/c/Users/luism/Documents/Ubuntu/Reactive-Navegation/Reactive-Navegation/workspace_full_conected/install/car_interfaces/share/car_interfaces/cmake/export_car_interfaces__rosidl_typesupport_fastrtps_cExport.cmake
[9.517s] -- Up-to-date: /mnt/c/Users/luism/Documents/Ubuntu/Reactive-Navegation/Reactive-Navegation/workspace_full_conected/install/car_interfaces/share/car_interfaces/cmake/export_car_interfaces__rosidl_typesupport_fastrtps_cExport-noconfig.cmake
[9.542s] -- Up-to-date: /mnt/c/Users/luism/Documents/Ubuntu/Reactive-Navegation/Reactive-Navegation/workspace_full_conected/install/car_interfaces/share/car_interfaces/cmake/export_car_interfaces__rosidl_generator_cppExport.cmake
[9.585s] -- Up-to-date: /mnt/c/Users/luism/Documents/Ubuntu/Reactive-Navegation/Reactive-Navegation/workspace_full_conected/install/car_interfaces/share/car_interfaces/cmake/export_car_interfaces__rosidl_typesupport_fastrtps_cppExport.cmake
[9.608s] -- Up-to-date: /mnt/c/Users/luism/Documents/Ubuntu/Reactive-Navegation/Reactive-Navegation/workspace_full_conected/install/car_interfaces/share/car_interfaces/cmake/export_car_interfaces__rosidl_typesupport_fastrtps_cppExport-noconfig.cmake
[9.651s] -- Up-to-date: /mnt/c/Users/luism/Documents/Ubuntu/Reactive-Navegation/Reactive-Navegation/workspace_full_conected/install/car_interfaces/share/car_interfaces/cmake/car_interfaces__rosidl_typesupport_introspection_cExport.cmake
[9.667s] -- Up-to-date: /mnt/c/Users/luism/Documents/Ubuntu/Reactive-Navegation/Reactive-Navegation/workspace_full_conected/install/car_interfaces/share/car_interfaces/cmake/car_interfaces__rosidl_typesupport_introspection_cExport-noconfig.cmake
[9.692s] -- Up-to-date: /mnt/c/Users/luism/Documents/Ubuntu/Reactive-Navegation/Reactive-Navegation/workspace_full_conected/install/car_interfaces/share/car_interfaces/cmake/car_interfaces__rosidl_typesupport_cExport.cmake
[9.709s] -- Up-to-date: /mnt/c/Users/luism/Documents/Ubuntu/Reactive-Navegation/Reactive-Navegation/workspace_full_conected/install/car_interfaces/share/car_interfaces/cmake/car_interfaces__rosidl_typesupport_cExport-noconfig.cmake
[9.768s] -- Up-to-date: /mnt/c/Users/luism/Documents/Ubuntu/Reactive-Navegation/Reactive-Navegation/workspace_full_conected/install/car_interfaces/share/car_interfaces/cmake/car_interfaces__rosidl_typesupport_introspection_cppExport.cmake
[9.801s] -- Up-to-date: /mnt/c/Users/luism/Documents/Ubuntu/Reactive-Navegation/Reactive-Navegation/workspace_full_conected/install/car_interfaces/share/car_interfaces/cmake/car_interfaces__rosidl_typesupport_introspection_cppExport-noconfig.cmake
[9.835s] -- Up-to-date: /mnt/c/Users/luism/Documents/Ubuntu/Reactive-Navegation/Reactive-Navegation/workspace_full_conected/install/car_interfaces/share/car_interfaces/cmake/car_interfaces__rosidl_typesupport_cppExport.cmake
[9.865s] -- Up-to-date: /mnt/c/Users/luism/Documents/Ubuntu/Reactive-Navegation/Reactive-Navegation/workspace_full_conected/install/car_interfaces/share/car_interfaces/cmake/car_interfaces__rosidl_typesupport_cppExport-noconfig.cmake
[9.919s] -- Up-to-date: /mnt/c/Users/luism/Documents/Ubuntu/Reactive-Navegation/Reactive-Navegation/workspace_full_conected/install/car_interfaces/share/car_interfaces/cmake/export_car_interfaces__rosidl_generator_pyExport.cmake
[9.944s] -- Up-to-date: /mnt/c/Users/luism/Documents/Ubuntu/Reactive-Navegation/Reactive-Navegation/workspace_full_conected/install/car_interfaces/share/car_interfaces/cmake/export_car_interfaces__rosidl_generator_pyExport-noconfig.cmake
[9.972s] -- Up-to-date: /mnt/c/Users/luism/Documents/Ubuntu/Reactive-Navegation/Reactive-Navegation/workspace_full_conected/install/car_interfaces/share/car_interfaces/cmake/rosidl_cmake-extras.cmake
[9.990s] -- Up-to-date: /mnt/c/Users/luism/Documents/Ubuntu/Reactive-Navegation/Reactive-Navegation/workspace_full_conected/install/car_interfaces/share/car_interfaces/cmake/ament_cmake_export_dependencies-extras.cmake
[10.029s] -- Up-to-date: /mnt/c/Users/luism/Documents/Ubuntu/Reactive-Navegation/Reactive-Navegation/workspace_full_conected/install/car_interfaces/share/car_interfaces/cmake/ament_cmake_export_include_directories-extras.cmake
[10.049s] -- Up-to-date: /mnt/c/Users/luism/Documents/Ubuntu/Reactive-Navegation/Reactive-Navegation/workspace_full_conected/install/car_interfaces/share/car_interfaces/cmake/ament_cmake_export_libraries-extras.cmake
[10.073s] -- Up-to-date: /mnt/c/Users/luism/Documents/Ubuntu/Reactive-Navegation/Reactive-Navegation/workspace_full_conected/install/car_interfaces/share/car_interfaces/cmake/ament_cmake_export_targets-extras.cmake
[10.095s] -- Up-to-date: /mnt/c/Users/luism/Documents/Ubuntu/Reactive-Navegation/Reactive-Navegation/workspace_full_conected/install/car_interfaces/share/car_interfaces/cmake/rosidl_cmake_export_typesupport_targets-extras.cmake
[10.116s] -- Up-to-date: /mnt/c/Users/luism/Documents/Ubuntu/Reactive-Navegation/Reactive-Navegation/workspace_full_conected/install/car_interfaces/share/car_interfaces/cmake/rosidl_cmake_export_typesupport_libraries-extras.cmake
[10.143s] -- Up-to-date: /mnt/c/Users/luism/Documents/Ubuntu/Reactive-Navegation/Reactive-Navegation/workspace_full_conected/install/car_interfaces/share/car_interfaces/cmake/car_interfacesConfig.cmake
[10.158s] -- Up-to-date: /mnt/c/Users/luism/Documents/Ubuntu/Reactive-Navegation/Reactive-Navegation/workspace_full_conected/install/car_interfaces/share/car_interfaces/cmake/car_interfacesConfig-version.cmake
[10.172s] -- Up-to-date: /mnt/c/Users/luism/Documents/Ubuntu/Reactive-Navegation/Reactive-Navegation/workspace_full_conected/install/car_interfaces/share/car_interfaces/package.xml
[10.194s] Invoked command in '/mnt/c/Users/luism/Documents/Ubuntu/Reactive-Navegation/Reactive-Navegation/workspace_full_conected/build/car_interfaces' returned '0': CMAKE_PREFIX_PATH=${CMAKE_PREFIX_PATH}:/home/rhobtor/Ubuntu/Reactive-Navegation/Reactive-Navegation/workspace_full_conected/install/car:/opt/ros/humble /usr/bin/cmake --install /mnt/c/Users/luism/Documents/Ubuntu/Reactive-Navegation/Reactive-Navegation/workspace_full_conected/build/car_interfaces
