[0.495s] Invoking command in '/home/rhobtor/reactive/Reactive-Navegation/workspace_full_conected/src/car_python': PYTHONPATH=/home/rhobtor/reactive/Reactive-Navegation/workspace_full_conected/build/car/prefix_override:/usr/lib/python3/dist-packages/colcon_core/task/python/colcon_distutils_commands:/home/rhobtor/reactive/Reactive-Navegation/workspace_full_conected/install/car/lib/python3.10/site-packages:${PYTHONPATH} /usr/bin/python3 -W ignore:setup.py install is deprecated -W ignore:easy_install command is deprecated setup.py egg_info --egg-base ../../build/car build --build-base /home/rhobtor/reactive/Reactive-Navegation/workspace_full_conected/build/car/build install --record /home/rhobtor/reactive/Reactive-Navegation/workspace_full_conected/build/car/install.log --single-version-externally-managed install_data
[0.654s] running egg_info
[0.654s] creating ../../build/car/car.egg-info
[0.654s] writing ../../build/car/car.egg-info/PKG-INFO
[0.654s] writing dependency_links to ../../build/car/car.egg-info/dependency_links.txt
[0.654s] writing entry points to ../../build/car/car.egg-info/entry_points.txt
[0.654s] writing requirements to ../../build/car/car.egg-info/requires.txt
[0.654s] writing top-level names to ../../build/car/car.egg-info/top_level.txt
[0.654s] writing manifest file '../../build/car/car.egg-info/SOURCES.txt'
[0.657s] reading manifest file '../../build/car/car.egg-info/SOURCES.txt'
[0.658s] writing manifest file '../../build/car/car.egg-info/SOURCES.txt'
[0.658s] running build
[0.658s] running build_py
[0.658s] creating /home/rhobtor/reactive/Reactive-Navegation/workspace_full_conected/build/car/build
[0.658s] creating /home/rhobtor/reactive/Reactive-Navegation/workspace_full_conected/build/car/build/lib
[0.658s] creating /home/rhobtor/reactive/Reactive-Navegation/workspace_full_conected/build/car/build/lib/car
[0.661s] copying car/keyboard_control.py -> /home/rhobtor/reactive/Reactive-Navegation/workspace_full_conected/build/car/build/lib/car
[0.661s] copying car/__init__.py -> /home/rhobtor/reactive/Reactive-Navegation/workspace_full_conected/build/car/build/lib/car
[0.661s] copying car/log_joystick.py -> /home/rhobtor/reactive/Reactive-Navegation/workspace_full_conected/build/car/build/lib/car
[0.662s] copying car/joystick_control.py -> /home/rhobtor/reactive/Reactive-Navegation/workspace_full_conected/build/car/build/lib/car
[0.662s] running install
[0.662s] running install_lib
[0.662s] creating /home/rhobtor/reactive/Reactive-Navegation/workspace_full_conected/install/car/lib/python3.10/site-packages/car
[0.662s] copying /home/rhobtor/reactive/Reactive-Navegation/workspace_full_conected/build/car/build/lib/car/keyboard_control.py -> /home/rhobtor/reactive/Reactive-Navegation/workspace_full_conected/install/car/lib/python3.10/site-packages/car
[0.662s] copying /home/rhobtor/reactive/Reactive-Navegation/workspace_full_conected/build/car/build/lib/car/__init__.py -> /home/rhobtor/reactive/Reactive-Navegation/workspace_full_conected/install/car/lib/python3.10/site-packages/car
[0.662s] copying /home/rhobtor/reactive/Reactive-Navegation/workspace_full_conected/build/car/build/lib/car/log_joystick.py -> /home/rhobtor/reactive/Reactive-Navegation/workspace_full_conected/install/car/lib/python3.10/site-packages/car
[0.662s] copying /home/rhobtor/reactive/Reactive-Navegation/workspace_full_conected/build/car/build/lib/car/joystick_control.py -> /home/rhobtor/reactive/Reactive-Navegation/workspace_full_conected/install/car/lib/python3.10/site-packages/car
[0.662s] byte-compiling /home/rhobtor/reactive/Reactive-Navegation/workspace_full_conected/install/car/lib/python3.10/site-packages/car/keyboard_control.py to keyboard_control.cpython-310.pyc
[0.663s] byte-compiling /home/rhobtor/reactive/Reactive-Navegation/workspace_full_conected/install/car/lib/python3.10/site-packages/car/__init__.py to __init__.cpython-310.pyc
[0.663s] byte-compiling /home/rhobtor/reactive/Reactive-Navegation/workspace_full_conected/install/car/lib/python3.10/site-packages/car/log_joystick.py to log_joystick.cpython-310.pyc
[0.663s] byte-compiling /home/rhobtor/reactive/Reactive-Navegation/workspace_full_conected/install/car/lib/python3.10/site-packages/car/joystick_control.py to joystick_control.cpython-310.pyc
[0.663s] running install_data
[0.663s] creating /home/rhobtor/reactive/Reactive-Navegation/workspace_full_conected/install/car/share/ament_index
[0.663s] creating /home/rhobtor/reactive/Reactive-Navegation/workspace_full_conected/install/car/share/ament_index/resource_index
[0.663s] creating /home/rhobtor/reactive/Reactive-Navegation/workspace_full_conected/install/car/share/ament_index/resource_index/packages
[0.663s] copying resource/car -> /home/rhobtor/reactive/Reactive-Navegation/workspace_full_conected/install/car/share/ament_index/resource_index/packages
[0.663s] copying package.xml -> /home/rhobtor/reactive/Reactive-Navegation/workspace_full_conected/install/car/share/car
[0.663s] creating /home/rhobtor/reactive/Reactive-Navegation/workspace_full_conected/install/car/share/car/launch
[0.663s] copying launch/gazebo.launch.py -> /home/rhobtor/reactive/Reactive-Navegation/workspace_full_conected/install/car/share/car/launch
[0.663s] copying launch/display.launch.py -> /home/rhobtor/reactive/Reactive-Navegation/workspace_full_conected/install/car/share/car/launch
[0.663s] copying launch/gazebo_mountain.launch.py -> /home/rhobtor/reactive/Reactive-Navegation/workspace_full_conected/install/car/share/car/launch
[0.663s] copying launch/control.launch.py -> /home/rhobtor/reactive/Reactive-Navegation/workspace_full_conected/install/car/share/car/launch
[0.663s] copying launch/control_with_gazebo.launch.py -> /home/rhobtor/reactive/Reactive-Navegation/workspace_full_conected/install/car/share/car/launch
[0.663s] creating /home/rhobtor/reactive/Reactive-Navegation/workspace_full_conected/install/car/share/car/urdf
[0.666s] copying urdf/lidar.plugin.xacro -> /home/rhobtor/reactive/Reactive-Navegation/workspace_full_conected/install/car/share/car/urdf
[0.666s] copying urdf/materials.xacro -> /home/rhobtor/reactive/Reactive-Navegation/workspace_full_conected/install/car/share/car/urdf
[0.667s] copying urdf/car.gazebo -> /home/rhobtor/reactive/Reactive-Navegation/workspace_full_conected/install/car/share/car/urdf
[0.667s] copying urdf/car.trans -> /home/rhobtor/reactive/Reactive-Navegation/workspace_full_conected/install/car/share/car/urdf
[0.667s] copying urdf/car.xacro -> /home/rhobtor/reactive/Reactive-Navegation/workspace_full_conected/install/car/share/car/urdf
[0.667s] copying urdf/camara.plugin.xacro -> /home/rhobtor/reactive/Reactive-Navegation/workspace_full_conected/install/car/share/car/urdf
[0.667s] creating /home/rhobtor/reactive/Reactive-Navegation/workspace_full_conected/install/car/share/car/meshes
[0.667s] copying meshes/rim_back_right_1.stl -> /home/rhobtor/reactive/Reactive-Navegation/workspace_full_conected/install/car/share/car/meshes
[0.667s] copying meshes/rim_back_left_1.stl -> /home/rhobtor/reactive/Reactive-Navegation/workspace_full_conected/install/car/share/car/meshes
[0.667s] copying meshes/suspension_back_right_1.stl -> /home/rhobtor/reactive/Reactive-Navegation/workspace_full_conected/install/car/share/car/meshes
[0.667s] copying meshes/Component24_1.stl -> /home/rhobtor/reactive/Reactive-Navegation/workspace_full_conected/install/car/share/car/meshes
[0.667s] copying meshes/rim_front_left_1.stl -> /home/rhobtor/reactive/Reactive-Navegation/workspace_full_conected/install/car/share/car/meshes
[0.667s] copying meshes/direction_front_right_1.stl -> /home/rhobtor/reactive/Reactive-Navegation/workspace_full_conected/install/car/share/car/meshes
[0.667s] copying meshes/direction_front_left_1.stl -> /home/rhobtor/reactive/Reactive-Navegation/workspace_full_conected/install/car/share/car/meshes
[0.667s] copying meshes/chasis_1.stl -> /home/rhobtor/reactive/Reactive-Navegation/workspace_full_conected/install/car/share/car/meshes
[0.667s] copying meshes/direction_back_right_1.stl -> /home/rhobtor/reactive/Reactive-Navegation/workspace_full_conected/install/car/share/car/meshes
[0.667s] copying meshes/rim.stl -> /home/rhobtor/reactive/Reactive-Navegation/workspace_full_conected/install/car/share/car/meshes
[0.669s] copying meshes/direction_back_left_1.stl -> /home/rhobtor/reactive/Reactive-Navegation/workspace_full_conected/install/car/share/car/meshes
[0.669s] copying meshes/Component25_1.stl -> /home/rhobtor/reactive/Reactive-Navegation/workspace_full_conected/install/car/share/car/meshes
[0.669s] copying meshes/base_link.stl -> /home/rhobtor/reactive/Reactive-Navegation/workspace_full_conected/install/car/share/car/meshes
[0.669s] copying meshes/suspension_front_right_1.stl -> /home/rhobtor/reactive/Reactive-Navegation/workspace_full_conected/install/car/share/car/meshes
[0.669s] copying meshes/tire.stl -> /home/rhobtor/reactive/Reactive-Navegation/workspace_full_conected/install/car/share/car/meshes
[0.669s] copying meshes/rim_front_right_1.stl -> /home/rhobtor/reactive/Reactive-Navegation/workspace_full_conected/install/car/share/car/meshes
[0.669s] copying meshes/tire_back_right_1.stl -> /home/rhobtor/reactive/Reactive-Navegation/workspace_full_conected/install/car/share/car/meshes
[0.669s] copying meshes/tire_front_right_1.stl -> /home/rhobtor/reactive/Reactive-Navegation/workspace_full_conected/install/car/share/car/meshes
[0.669s] copying meshes/tire_back_left_1.stl -> /home/rhobtor/reactive/Reactive-Navegation/workspace_full_conected/install/car/share/car/meshes
[0.671s] copying meshes/suspension_front_left__1.stl -> /home/rhobtor/reactive/Reactive-Navegation/workspace_full_conected/install/car/share/car/meshes
[0.671s] copying meshes/tire_front_left_1.stl -> /home/rhobtor/reactive/Reactive-Navegation/workspace_full_conected/install/car/share/car/meshes
[0.671s] copying meshes/suspension_back_left_1.stl -> /home/rhobtor/reactive/Reactive-Navegation/workspace_full_conected/install/car/share/car/meshes
[0.671s] creating /home/rhobtor/reactive/Reactive-Navegation/workspace_full_conected/install/car/share/car/config
[0.671s] copying config/control.yaml -> /home/rhobtor/reactive/Reactive-Navegation/workspace_full_conected/install/car/share/car/config
[0.672s] copying config/display.rviz -> /home/rhobtor/reactive/Reactive-Navegation/workspace_full_conected/install/car/share/car/config
[0.672s] copying config/controllers.yaml -> /home/rhobtor/reactive/Reactive-Navegation/workspace_full_conected/install/car/share/car/config
[0.672s] creating /home/rhobtor/reactive/Reactive-Navegation/workspace_full_conected/install/car/lib/car
[0.673s] running install_egg_info
[0.673s] Copying ../../build/car/car.egg-info to /home/rhobtor/reactive/Reactive-Navegation/workspace_full_conected/install/car/lib/python3.10/site-packages/car-0.0.0-py3.10.egg-info
[0.673s] running install_scripts
[0.689s] Installing joystick_control script to /home/rhobtor/reactive/Reactive-Navegation/workspace_full_conected/install/car/lib/car
[0.689s] Installing keyboard_control script to /home/rhobtor/reactive/Reactive-Navegation/workspace_full_conected/install/car/lib/car
[0.689s] Installing log_joystick script to /home/rhobtor/reactive/Reactive-Navegation/workspace_full_conected/install/car/lib/car
[0.689s] writing list of installed files to '/home/rhobtor/reactive/Reactive-Navegation/workspace_full_conected/build/car/install.log'
[0.712s] Invoked command in '/home/rhobtor/reactive/Reactive-Navegation/workspace_full_conected/src/car_python' returned '0': PYTHONPATH=/home/rhobtor/reactive/Reactive-Navegation/workspace_full_conected/build/car/prefix_override:/usr/lib/python3/dist-packages/colcon_core/task/python/colcon_distutils_commands:/home/rhobtor/reactive/Reactive-Navegation/workspace_full_conected/install/car/lib/python3.10/site-packages:${PYTHONPATH} /usr/bin/python3 -W ignore:setup.py install is deprecated -W ignore:easy_install command is deprecated setup.py egg_info --egg-base ../../build/car build --build-base /home/rhobtor/reactive/Reactive-Navegation/workspace_full_conected/build/car/build install --record /home/rhobtor/reactive/Reactive-Navegation/workspace_full_conected/build/car/install.log --single-version-externally-managed install_data
