[0.024s] Invoking command in '/home/rhobtor/reactive/Reactive-Navegation/workspace_full_conected/build/hector_gazebo_plugins': CMAKE_PREFIX_PATH=${CMAKE_PREFIX_PATH}:/home/rhobtor/reactive/Reactive-Navegation/workspace_full_conected/install/car:/opt/ros/humble /usr/bin/cmake --build /home/rhobtor/reactive/Reactive-Navegation/workspace_full_conected/build/hector_gazebo_plugins -- -j4 -l4
[0.278s] [  2%] Built target hector_gazebo_plugins__cpp
[0.382s] [  6%] Built target hector_gazebo_reset_plugin
[0.518s] [ 10%] Built target hector_gazebo_ros_magnetic
[0.667s] [ 14%] Built target hector_gazebo_ros_sonar
[0.753s] [ 22%] Built target hector_gazebo_plugins__rosidl_typesupport_cpp
[0.825s] [ 30%] Built target hector_gazebo_plugins__rosidl_typesupport_fastrtps_cpp
[0.876s] [ 38%] Built target hector_gazebo_plugins__rosidl_typesupport_introspection_cpp
[0.961s] [ 42%] Built target hector_gazebo_ros_imu
[1.059s] [ 46%] Built target hector_gazebo_ros_gps
[1.171s] [ 46%] Built target ament_cmake_python_copy_hector_gazebo_plugins
[1.246s] [ 55%] Built target hector_gazebo_plugins__rosidl_generator_c
[1.784s] running egg_info
[1.785s] writing hector_gazebo_plugins.egg-info/PKG-INFO
[1.785s] writing dependency_links to hector_gazebo_plugins.egg-info/dependency_links.txt
[1.786s] writing top-level names to hector_gazebo_plugins.egg-info/top_level.txt
[1.788s] reading manifest file 'hector_gazebo_plugins.egg-info/SOURCES.txt'
[1.788s] writing manifest file 'hector_gazebo_plugins.egg-info/SOURCES.txt'
[1.872s] [ 55%] Built target ament_cmake_python_build_hector_gazebo_plugins_egg
[1.919s] [ 63%] Built target hector_gazebo_plugins__rosidl_typesupport_c
[1.974s] [ 71%] Built target hector_gazebo_plugins__rosidl_typesupport_introspection_c
[2.049s] [ 79%] Built target hector_gazebo_plugins__rosidl_typesupport_fastrtps_c
[2.131s] [ 79%] Built target hector_gazebo_plugins
[2.260s] [ 81%] Built target hector_gazebo_plugins__py
[2.312s] [ 87%] Built target hector_gazebo_plugins__rosidl_generator_py
[2.404s] [ 91%] Built target hector_gazebo_plugins__rosidl_typesupport_fastrtps_c__pyext
[2.503s] [ 95%] Built target hector_gazebo_plugins__rosidl_typesupport_c__pyext
[2.573s] [100%] Built target hector_gazebo_plugins__rosidl_typesupport_introspection_c__pyext
[2.911s] Invoked command in '/home/rhobtor/reactive/Reactive-Navegation/workspace_full_conected/build/hector_gazebo_plugins' returned '0': CMAKE_PREFIX_PATH=${CMAKE_PREFIX_PATH}:/home/rhobtor/reactive/Reactive-Navegation/workspace_full_conected/install/car:/opt/ros/humble /usr/bin/cmake --build /home/rhobtor/reactive/Reactive-Navegation/workspace_full_conected/build/hector_gazebo_plugins -- -j4 -l4
[2.912s] Invoking command in '/home/rhobtor/reactive/Reactive-Navegation/workspace_full_conected/build/hector_gazebo_plugins': CMAKE_PREFIX_PATH=${CMAKE_PREFIX_PATH}:/home/rhobtor/reactive/Reactive-Navegation/workspace_full_conected/install/car:/opt/ros/humble /usr/bin/cmake --install /home/rhobtor/reactive/Reactive-Navegation/workspace_full_conected/build/hector_gazebo_plugins
[2.972s] -- Install configuration: ""
[2.972s] -- Up-to-date: /home/rhobtor/reactive/Reactive-Navegation/workspace_full_conected/install/hector_gazebo_plugins/share/ament_index/resource_index/rosidl_interfaces/hector_gazebo_plugins
[2.973s] -- Up-to-date: /home/rhobtor/reactive/Reactive-Navegation/workspace_full_conected/install/hector_gazebo_plugins/include/hector_gazebo_plugins/hector_gazebo_plugins
[2.974s] -- Up-to-date: /home/rhobtor/reactive/Reactive-Navegation/workspace_full_conected/install/hector_gazebo_plugins/include/hector_gazebo_plugins/hector_gazebo_plugins/srv
[2.974s] -- Up-to-date: /home/rhobtor/reactive/Reactive-Navegation/workspace_full_conected/install/hector_gazebo_plugins/include/hector_gazebo_plugins/hector_gazebo_plugins/srv/set_bias.h
[2.974s] -- Up-to-date: /home/rhobtor/reactive/Reactive-Navegation/workspace_full_conected/install/hector_gazebo_plugins/include/hector_gazebo_plugins/hector_gazebo_plugins/srv/detail
[2.974s] -- Up-to-date: /home/rhobtor/reactive/Reactive-Navegation/workspace_full_conected/install/hector_gazebo_plugins/include/hector_gazebo_plugins/hector_gazebo_plugins/srv/detail/set_bias__type_support.h
[2.974s] -- Up-to-date: /home/rhobtor/reactive/Reactive-Navegation/workspace_full_conected/install/hector_gazebo_plugins/include/hector_gazebo_plugins/hector_gazebo_plugins/srv/detail/set_reference_geo_pose__struct.h
[2.974s] -- Up-to-date: /home/rhobtor/reactive/Reactive-Navegation/workspace_full_conected/install/hector_gazebo_plugins/include/hector_gazebo_plugins/hector_gazebo_plugins/srv/detail/set_bias__struct.h
[2.974s] -- Up-to-date: /home/rhobtor/reactive/Reactive-Navegation/workspace_full_conected/install/hector_gazebo_plugins/include/hector_gazebo_plugins/hector_gazebo_plugins/srv/detail/set_bias__functions.h
[2.974s] -- Up-to-date: /home/rhobtor/reactive/Reactive-Navegation/workspace_full_conected/install/hector_gazebo_plugins/include/hector_gazebo_plugins/hector_gazebo_plugins/srv/detail/set_reference_geo_pose__functions.h
[2.974s] -- Up-to-date: /home/rhobtor/reactive/Reactive-Navegation/workspace_full_conected/install/hector_gazebo_plugins/include/hector_gazebo_plugins/hector_gazebo_plugins/srv/detail/set_reference_geo_pose__functions.c
[2.974s] -- Up-to-date: /home/rhobtor/reactive/Reactive-Navegation/workspace_full_conected/install/hector_gazebo_plugins/include/hector_gazebo_plugins/hector_gazebo_plugins/srv/detail/set_bias__functions.c
[2.974s] -- Up-to-date: /home/rhobtor/reactive/Reactive-Navegation/workspace_full_conected/install/hector_gazebo_plugins/include/hector_gazebo_plugins/hector_gazebo_plugins/srv/detail/set_reference_geo_pose__type_support.h
[2.974s] -- Up-to-date: /home/rhobtor/reactive/Reactive-Navegation/workspace_full_conected/install/hector_gazebo_plugins/include/hector_gazebo_plugins/hector_gazebo_plugins/srv/set_reference_geo_pose.h
[2.974s] -- Up-to-date: /home/rhobtor/reactive/Reactive-Navegation/workspace_full_conected/install/hector_gazebo_plugins/include/hector_gazebo_plugins/hector_gazebo_plugins/msg
[2.975s] -- Up-to-date: /home/rhobtor/reactive/Reactive-Navegation/workspace_full_conected/install/hector_gazebo_plugins/include/hector_gazebo_plugins/hector_gazebo_plugins/msg/rosidl_generator_c__visibility_control.h
[2.975s] -- Up-to-date: /home/rhobtor/reactive/Reactive-Navegation/workspace_full_conected/install/hector_gazebo_plugins/share/hector_gazebo_plugins/environment/library_path.sh
[2.975s] -- Up-to-date: /home/rhobtor/reactive/Reactive-Navegation/workspace_full_conected/install/hector_gazebo_plugins/share/hector_gazebo_plugins/environment/library_path.dsv
[2.976s] -- Up-to-date: /home/rhobtor/reactive/Reactive-Navegation/workspace_full_conected/install/hector_gazebo_plugins/lib/libhector_gazebo_plugins__rosidl_generator_c.so
[2.976s] -- Up-to-date: /home/rhobtor/reactive/Reactive-Navegation/workspace_full_conected/install/hector_gazebo_plugins/include/hector_gazebo_plugins/hector_gazebo_plugins
[2.976s] -- Up-to-date: /home/rhobtor/reactive/Reactive-Navegation/workspace_full_conected/install/hector_gazebo_plugins/include/hector_gazebo_plugins/hector_gazebo_plugins/srv
[2.976s] -- Up-to-date: /home/rhobtor/reactive/Reactive-Navegation/workspace_full_conected/install/hector_gazebo_plugins/include/hector_gazebo_plugins/hector_gazebo_plugins/srv/detail
[2.977s] -- Up-to-date: /home/rhobtor/reactive/Reactive-Navegation/workspace_full_conected/install/hector_gazebo_plugins/include/hector_gazebo_plugins/hector_gazebo_plugins/srv/detail/set_bias__rosidl_typesupport_fastrtps_c.h
[2.977s] -- Up-to-date: /home/rhobtor/reactive/Reactive-Navegation/workspace_full_conected/install/hector_gazebo_plugins/include/hector_gazebo_plugins/hector_gazebo_plugins/srv/detail/set_reference_geo_pose__rosidl_typesupport_fastrtps_c.h
[2.977s] -- Up-to-date: /home/rhobtor/reactive/Reactive-Navegation/workspace_full_conected/install/hector_gazebo_plugins/include/hector_gazebo_plugins/hector_gazebo_plugins/msg
[2.980s] -- Up-to-date: /home/rhobtor/reactive/Reactive-Navegation/workspace_full_conected/install/hector_gazebo_plugins/include/hector_gazebo_plugins/hector_gazebo_plugins/msg/rosidl_typesupport_fastrtps_c__visibility_control.h
[2.980s] -- Up-to-date: /home/rhobtor/reactive/Reactive-Navegation/workspace_full_conected/install/hector_gazebo_plugins/lib/libhector_gazebo_plugins__rosidl_typesupport_fastrtps_c.so
[2.980s] -- Up-to-date: /home/rhobtor/reactive/Reactive-Navegation/workspace_full_conected/install/hector_gazebo_plugins/include/hector_gazebo_plugins/hector_gazebo_plugins
[2.980s] -- Up-to-date: /home/rhobtor/reactive/Reactive-Navegation/workspace_full_conected/install/hector_gazebo_plugins/include/hector_gazebo_plugins/hector_gazebo_plugins/srv
[2.980s] -- Up-to-date: /home/rhobtor/reactive/Reactive-Navegation/workspace_full_conected/install/hector_gazebo_plugins/include/hector_gazebo_plugins/hector_gazebo_plugins/srv/detail
[2.980s] -- Up-to-date: /home/rhobtor/reactive/Reactive-Navegation/workspace_full_conected/install/hector_gazebo_plugins/include/hector_gazebo_plugins/hector_gazebo_plugins/srv/detail/set_reference_geo_pose__struct.hpp
[2.980s] -- Up-to-date: /home/rhobtor/reactive/Reactive-Navegation/workspace_full_conected/install/hector_gazebo_plugins/include/hector_gazebo_plugins/hector_gazebo_plugins/srv/detail/set_reference_geo_pose__traits.hpp
[2.980s] -- Up-to-date: /home/rhobtor/reactive/Reactive-Navegation/workspace_full_conected/install/hector_gazebo_plugins/include/hector_gazebo_plugins/hector_gazebo_plugins/srv/detail/set_bias__type_support.hpp
[2.980s] -- Up-to-date: /home/rhobtor/reactive/Reactive-Navegation/workspace_full_conected/install/hector_gazebo_plugins/include/hector_gazebo_plugins/hector_gazebo_plugins/srv/detail/set_reference_geo_pose__type_support.hpp
[2.980s] -- Up-to-date: /home/rhobtor/reactive/Reactive-Navegation/workspace_full_conected/install/hector_gazebo_plugins/include/hector_gazebo_plugins/hector_gazebo_plugins/srv/detail/set_bias__traits.hpp
[2.980s] -- Up-to-date: /home/rhobtor/reactive/Reactive-Navegation/workspace_full_conected/install/hector_gazebo_plugins/include/hector_gazebo_plugins/hector_gazebo_plugins/srv/detail/set_reference_geo_pose__builder.hpp
[2.980s] -- Up-to-date: /home/rhobtor/reactive/Reactive-Navegation/workspace_full_conected/install/hector_gazebo_plugins/include/hector_gazebo_plugins/hector_gazebo_plugins/srv/detail/set_bias__builder.hpp
[2.981s] -- Up-to-date: /home/rhobtor/reactive/Reactive-Navegation/workspace_full_conected/install/hector_gazebo_plugins/include/hector_gazebo_plugins/hector_gazebo_plugins/srv/detail/set_bias__struct.hpp
[2.981s] -- Up-to-date: /home/rhobtor/reactive/Reactive-Navegation/workspace_full_conected/install/hector_gazebo_plugins/include/hector_gazebo_plugins/hector_gazebo_plugins/srv/set_reference_geo_pose.hpp
[2.981s] -- Up-to-date: /home/rhobtor/reactive/Reactive-Navegation/workspace_full_conected/install/hector_gazebo_plugins/include/hector_gazebo_plugins/hector_gazebo_plugins/srv/set_bias.hpp
[2.981s] -- Up-to-date: /home/rhobtor/reactive/Reactive-Navegation/workspace_full_conected/install/hector_gazebo_plugins/include/hector_gazebo_plugins/hector_gazebo_plugins/msg
[2.981s] -- Up-to-date: /home/rhobtor/reactive/Reactive-Navegation/workspace_full_conected/install/hector_gazebo_plugins/include/hector_gazebo_plugins/hector_gazebo_plugins/msg/rosidl_generator_cpp__visibility_control.hpp
[2.981s] -- Up-to-date: /home/rhobtor/reactive/Reactive-Navegation/workspace_full_conected/install/hector_gazebo_plugins/include/hector_gazebo_plugins/hector_gazebo_plugins
[2.981s] -- Up-to-date: /home/rhobtor/reactive/Reactive-Navegation/workspace_full_conected/install/hector_gazebo_plugins/include/hector_gazebo_plugins/hector_gazebo_plugins/srv
[2.981s] -- Up-to-date: /home/rhobtor/reactive/Reactive-Navegation/workspace_full_conected/install/hector_gazebo_plugins/include/hector_gazebo_plugins/hector_gazebo_plugins/srv/detail
[2.981s] -- Up-to-date: /home/rhobtor/reactive/Reactive-Navegation/workspace_full_conected/install/hector_gazebo_plugins/include/hector_gazebo_plugins/hector_gazebo_plugins/srv/detail/dds_fastrtps
[2.981s] -- Up-to-date: /home/rhobtor/reactive/Reactive-Navegation/workspace_full_conected/install/hector_gazebo_plugins/include/hector_gazebo_plugins/hector_gazebo_plugins/srv/detail/set_bias__rosidl_typesupport_fastrtps_cpp.hpp
[2.981s] -- Up-to-date: /home/rhobtor/reactive/Reactive-Navegation/workspace_full_conected/install/hector_gazebo_plugins/include/hector_gazebo_plugins/hector_gazebo_plugins/srv/detail/set_reference_geo_pose__rosidl_typesupport_fastrtps_cpp.hpp
[2.981s] -- Up-to-date: /home/rhobtor/reactive/Reactive-Navegation/workspace_full_conected/install/hector_gazebo_plugins/include/hector_gazebo_plugins/hector_gazebo_plugins/msg
[2.982s] -- Up-to-date: /home/rhobtor/reactive/Reactive-Navegation/workspace_full_conected/install/hector_gazebo_plugins/include/hector_gazebo_plugins/hector_gazebo_plugins/msg/rosidl_typesupport_fastrtps_cpp__visibility_control.h
[2.982s] -- Up-to-date: /home/rhobtor/reactive/Reactive-Navegation/workspace_full_conected/install/hector_gazebo_plugins/lib/libhector_gazebo_plugins__rosidl_typesupport_fastrtps_cpp.so
[2.983s] -- Up-to-date: /home/rhobtor/reactive/Reactive-Navegation/workspace_full_conected/install/hector_gazebo_plugins/include/hector_gazebo_plugins/hector_gazebo_plugins
[2.983s] -- Up-to-date: /home/rhobtor/reactive/Reactive-Navegation/workspace_full_conected/install/hector_gazebo_plugins/include/hector_gazebo_plugins/hector_gazebo_plugins/srv
[2.985s] -- Up-to-date: /home/rhobtor/reactive/Reactive-Navegation/workspace_full_conected/install/hector_gazebo_plugins/include/hector_gazebo_plugins/hector_gazebo_plugins/srv/detail
[2.985s] -- Up-to-date: /home/rhobtor/reactive/Reactive-Navegation/workspace_full_conected/install/hector_gazebo_plugins/include/hector_gazebo_plugins/hector_gazebo_plugins/srv/detail/set_reference_geo_pose__type_support.c
[2.985s] -- Up-to-date: /home/rhobtor/reactive/Reactive-Navegation/workspace_full_conected/install/hector_gazebo_plugins/include/hector_gazebo_plugins/hector_gazebo_plugins/srv/detail/set_bias__type_support.c
[2.985s] -- Up-to-date: /home/rhobtor/reactive/Reactive-Navegation/workspace_full_conected/install/hector_gazebo_plugins/include/hector_gazebo_plugins/hector_gazebo_plugins/srv/detail/set_reference_geo_pose__rosidl_typesupport_introspection_c.h
[2.985s] -- Up-to-date: /home/rhobtor/reactive/Reactive-Navegation/workspace_full_conected/install/hector_gazebo_plugins/include/hector_gazebo_plugins/hector_gazebo_plugins/srv/detail/set_bias__rosidl_typesupport_introspection_c.h
[2.985s] -- Up-to-date: /home/rhobtor/reactive/Reactive-Navegation/workspace_full_conected/install/hector_gazebo_plugins/include/hector_gazebo_plugins/hector_gazebo_plugins/msg
[2.985s] -- Up-to-date: /home/rhobtor/reactive/Reactive-Navegation/workspace_full_conected/install/hector_gazebo_plugins/include/hector_gazebo_plugins/hector_gazebo_plugins/msg/rosidl_typesupport_introspection_c__visibility_control.h
[2.985s] -- Up-to-date: /home/rhobtor/reactive/Reactive-Navegation/workspace_full_conected/install/hector_gazebo_plugins/lib/libhector_gazebo_plugins__rosidl_typesupport_introspection_c.so
[2.986s] -- Up-to-date: /home/rhobtor/reactive/Reactive-Navegation/workspace_full_conected/install/hector_gazebo_plugins/lib/libhector_gazebo_plugins__rosidl_typesupport_c.so
[2.988s] -- Up-to-date: /home/rhobtor/reactive/Reactive-Navegation/workspace_full_conected/install/hector_gazebo_plugins/include/hector_gazebo_plugins/hector_gazebo_plugins
[2.988s] -- Up-to-date: /home/rhobtor/reactive/Reactive-Navegation/workspace_full_conected/install/hector_gazebo_plugins/include/hector_gazebo_plugins/hector_gazebo_plugins/srv
[2.988s] -- Up-to-date: /home/rhobtor/reactive/Reactive-Navegation/workspace_full_conected/install/hector_gazebo_plugins/include/hector_gazebo_plugins/hector_gazebo_plugins/srv/detail
[2.988s] -- Up-to-date: /home/rhobtor/reactive/Reactive-Navegation/workspace_full_conected/install/hector_gazebo_plugins/include/hector_gazebo_plugins/hector_gazebo_plugins/srv/detail/set_bias__type_support.cpp
[2.988s] -- Up-to-date: /home/rhobtor/reactive/Reactive-Navegation/workspace_full_conected/install/hector_gazebo_plugins/include/hector_gazebo_plugins/hector_gazebo_plugins/srv/detail/set_reference_geo_pose__rosidl_typesupport_introspection_cpp.hpp
[2.988s] -- Up-to-date: /home/rhobtor/reactive/Reactive-Navegation/workspace_full_conected/install/hector_gazebo_plugins/include/hector_gazebo_plugins/hector_gazebo_plugins/srv/detail/set_bias__rosidl_typesupport_introspection_cpp.hpp
[2.989s] -- Up-to-date: /home/rhobtor/reactive/Reactive-Navegation/workspace_full_conected/install/hector_gazebo_plugins/include/hector_gazebo_plugins/hector_gazebo_plugins/srv/detail/set_reference_geo_pose__type_support.cpp
[2.989s] -- Up-to-date: /home/rhobtor/reactive/Reactive-Navegation/workspace_full_conected/install/hector_gazebo_plugins/lib/libhector_gazebo_plugins__rosidl_typesupport_introspection_cpp.so
[2.989s] -- Up-to-date: /home/rhobtor/reactive/Reactive-Navegation/workspace_full_conected/install/hector_gazebo_plugins/lib/libhector_gazebo_plugins__rosidl_typesupport_cpp.so
[2.991s] -- Up-to-date: /home/rhobtor/reactive/Reactive-Navegation/workspace_full_conected/install/hector_gazebo_plugins/share/hector_gazebo_plugins/environment/pythonpath.sh
[2.991s] -- Up-to-date: /home/rhobtor/reactive/Reactive-Navegation/workspace_full_conected/install/hector_gazebo_plugins/share/hector_gazebo_plugins/environment/pythonpath.dsv
[2.992s] -- Up-to-date: /home/rhobtor/reactive/Reactive-Navegation/workspace_full_conected/install/hector_gazebo_plugins/local/lib/python3.10/dist-packages/hector_gazebo_plugins-0.5.4-py3.10.egg-info
[2.992s] -- Installing: /home/rhobtor/reactive/Reactive-Navegation/workspace_full_conected/install/hector_gazebo_plugins/local/lib/python3.10/dist-packages/hector_gazebo_plugins-0.5.4-py3.10.egg-info/PKG-INFO
[2.992s] -- Installing: /home/rhobtor/reactive/Reactive-Navegation/workspace_full_conected/install/hector_gazebo_plugins/local/lib/python3.10/dist-packages/hector_gazebo_plugins-0.5.4-py3.10.egg-info/top_level.txt
[2.992s] -- Installing: /home/rhobtor/reactive/Reactive-Navegation/workspace_full_conected/install/hector_gazebo_plugins/local/lib/python3.10/dist-packages/hector_gazebo_plugins-0.5.4-py3.10.egg-info/dependency_links.txt
[2.992s] -- Installing: /home/rhobtor/reactive/Reactive-Navegation/workspace_full_conected/install/hector_gazebo_plugins/local/lib/python3.10/dist-packages/hector_gazebo_plugins-0.5.4-py3.10.egg-info/SOURCES.txt
[2.992s] -- Up-to-date: /home/rhobtor/reactive/Reactive-Navegation/workspace_full_conected/install/hector_gazebo_plugins/local/lib/python3.10/dist-packages/hector_gazebo_plugins
[2.992s] -- Up-to-date: /home/rhobtor/reactive/Reactive-Navegation/workspace_full_conected/install/hector_gazebo_plugins/local/lib/python3.10/dist-packages/hector_gazebo_plugins/hector_gazebo_plugins_s__rosidl_typesupport_c.cpython-310-x86_64-linux-gnu.so
[2.996s] -- Up-to-date: /home/rhobtor/reactive/Reactive-Navegation/workspace_full_conected/install/hector_gazebo_plugins/local/lib/python3.10/dist-packages/hector_gazebo_plugins/_hector_gazebo_plugins_s.ep.rosidl_typesupport_fastrtps_c.c
[2.996s] -- Up-to-date: /home/rhobtor/reactive/Reactive-Navegation/workspace_full_conected/install/hector_gazebo_plugins/local/lib/python3.10/dist-packages/hector_gazebo_plugins/hector_gazebo_plugins_s__rosidl_typesupport_introspection_c.cpython-310-x86_64-linux-gnu.so
[2.996s] -- Up-to-date: /home/rhobtor/reactive/Reactive-Navegation/workspace_full_conected/install/hector_gazebo_plugins/local/lib/python3.10/dist-packages/hector_gazebo_plugins/__init__.py
[2.996s] -- Up-to-date: /home/rhobtor/reactive/Reactive-Navegation/workspace_full_conected/install/hector_gazebo_plugins/local/lib/python3.10/dist-packages/hector_gazebo_plugins/srv
[2.996s] -- Up-to-date: /home/rhobtor/reactive/Reactive-Navegation/workspace_full_conected/install/hector_gazebo_plugins/local/lib/python3.10/dist-packages/hector_gazebo_plugins/srv/_set_bias_s.c
[2.996s] -- Up-to-date: /home/rhobtor/reactive/Reactive-Navegation/workspace_full_conected/install/hector_gazebo_plugins/local/lib/python3.10/dist-packages/hector_gazebo_plugins/srv/_set_reference_geo_pose_s.c
[2.996s] -- Up-to-date: /home/rhobtor/reactive/Reactive-Navegation/workspace_full_conected/install/hector_gazebo_plugins/local/lib/python3.10/dist-packages/hector_gazebo_plugins/srv/_set_bias.py
[2.996s] -- Up-to-date: /home/rhobtor/reactive/Reactive-Navegation/workspace_full_conected/install/hector_gazebo_plugins/local/lib/python3.10/dist-packages/hector_gazebo_plugins/srv/_set_reference_geo_pose.py
[2.996s] -- Up-to-date: /home/rhobtor/reactive/Reactive-Navegation/workspace_full_conected/install/hector_gazebo_plugins/local/lib/python3.10/dist-packages/hector_gazebo_plugins/srv/__init__.py
[2.996s] -- Up-to-date: /home/rhobtor/reactive/Reactive-Navegation/workspace_full_conected/install/hector_gazebo_plugins/local/lib/python3.10/dist-packages/hector_gazebo_plugins/_hector_gazebo_plugins_s.ep.rosidl_typesupport_introspection_c.c
[2.996s] -- Up-to-date: /home/rhobtor/reactive/Reactive-Navegation/workspace_full_conected/install/hector_gazebo_plugins/local/lib/python3.10/dist-packages/hector_gazebo_plugins/_hector_gazebo_plugins_s.ep.rosidl_typesupport_c.c
[2.996s] -- Up-to-date: /home/rhobtor/reactive/Reactive-Navegation/workspace_full_conected/install/hector_gazebo_plugins/local/lib/python3.10/dist-packages/hector_gazebo_plugins/libhector_gazebo_plugins__rosidl_generator_py.so
[2.996s] -- Up-to-date: /home/rhobtor/reactive/Reactive-Navegation/workspace_full_conected/install/hector_gazebo_plugins/local/lib/python3.10/dist-packages/hector_gazebo_plugins/hector_gazebo_plugins_s__rosidl_typesupport_fastrtps_c.cpython-310-x86_64-linux-gnu.so
[3.150s] Listing '/home/rhobtor/reactive/Reactive-Navegation/workspace_full_conected/install/hector_gazebo_plugins/local/lib/python3.10/dist-packages/hector_gazebo_plugins'...
[3.150s] Listing '/home/rhobtor/reactive/Reactive-Navegation/workspace_full_conected/install/hector_gazebo_plugins/local/lib/python3.10/dist-packages/hector_gazebo_plugins/srv'...
[3.172s] -- Up-to-date: /home/rhobtor/reactive/Reactive-Navegation/workspace_full_conected/install/hector_gazebo_plugins/local/lib/python3.10/dist-packages/hector_gazebo_plugins/hector_gazebo_plugins_s__rosidl_typesupport_fastrtps_c.cpython-310-x86_64-linux-gnu.so
[3.173s] -- Up-to-date: /home/rhobtor/reactive/Reactive-Navegation/workspace_full_conected/install/hector_gazebo_plugins/local/lib/python3.10/dist-packages/hector_gazebo_plugins/hector_gazebo_plugins_s__rosidl_typesupport_introspection_c.cpython-310-x86_64-linux-gnu.so
[3.173s] -- Up-to-date: /home/rhobtor/reactive/Reactive-Navegation/workspace_full_conected/install/hector_gazebo_plugins/local/lib/python3.10/dist-packages/hector_gazebo_plugins/hector_gazebo_plugins_s__rosidl_typesupport_c.cpython-310-x86_64-linux-gnu.so
[3.174s] -- Up-to-date: /home/rhobtor/reactive/Reactive-Navegation/workspace_full_conected/install/hector_gazebo_plugins/lib/libhector_gazebo_plugins__rosidl_generator_py.so
[3.175s] -- Up-to-date: /home/rhobtor/reactive/Reactive-Navegation/workspace_full_conected/install/hector_gazebo_plugins/share/hector_gazebo_plugins/srv/SetBias.idl
[3.176s] -- Up-to-date: /home/rhobtor/reactive/Reactive-Navegation/workspace_full_conected/install/hector_gazebo_plugins/share/hector_gazebo_plugins/srv/SetReferenceGeoPose.idl
[3.176s] -- Up-to-date: /home/rhobtor/reactive/Reactive-Navegation/workspace_full_conected/install/hector_gazebo_plugins/share/hector_gazebo_plugins/srv/SetBias.srv
[3.176s] -- Up-to-date: /home/rhobtor/reactive/Reactive-Navegation/workspace_full_conected/install/hector_gazebo_plugins/share/hector_gazebo_plugins/srv/SetBias_Request.msg
[3.176s] -- Up-to-date: /home/rhobtor/reactive/Reactive-Navegation/workspace_full_conected/install/hector_gazebo_plugins/share/hector_gazebo_plugins/srv/SetBias_Response.msg
[3.176s] -- Up-to-date: /home/rhobtor/reactive/Reactive-Navegation/workspace_full_conected/install/hector_gazebo_plugins/share/hector_gazebo_plugins/srv/SetReferenceGeoPose.srv
[3.176s] -- Up-to-date: /home/rhobtor/reactive/Reactive-Navegation/workspace_full_conected/install/hector_gazebo_plugins/share/hector_gazebo_plugins/srv/SetReferenceGeoPose_Request.msg
[3.176s] -- Up-to-date: /home/rhobtor/reactive/Reactive-Navegation/workspace_full_conected/install/hector_gazebo_plugins/share/hector_gazebo_plugins/srv/SetReferenceGeoPose_Response.msg
[3.176s] -- Up-to-date: /home/rhobtor/reactive/Reactive-Navegation/workspace_full_conected/install/hector_gazebo_plugins/include
[3.180s] -- Up-to-date: /home/rhobtor/reactive/Reactive-Navegation/workspace_full_conected/install/hector_gazebo_plugins/include/gazebo_ros_magnetic.h
[3.180s] -- Up-to-date: /home/rhobtor/reactive/Reactive-Navegation/workspace_full_conected/install/hector_gazebo_plugins/include/diffdrive_plugin_multi_wheel.h
[3.180s] -- Up-to-date: /home/rhobtor/reactive/Reactive-Navegation/workspace_full_conected/install/hector_gazebo_plugins/include/sensor_model.h
[3.180s] -- Up-to-date: /home/rhobtor/reactive/Reactive-Navegation/workspace_full_conected/install/hector_gazebo_plugins/include/gazebo_ros_imu.h
[3.180s] -- Up-to-date: /home/rhobtor/reactive/Reactive-Navegation/workspace_full_conected/install/hector_gazebo_plugins/include/diffdrive_plugin_6w.h
[3.180s] -- Up-to-date: /home/rhobtor/reactive/Reactive-Navegation/workspace_full_conected/install/hector_gazebo_plugins/include/gazebo_ros_sonar.h
[3.181s] -- Up-to-date: /home/rhobtor/reactive/Reactive-Navegation/workspace_full_conected/install/hector_gazebo_plugins/include/reset_plugin.h
[3.181s] -- Up-to-date: /home/rhobtor/reactive/Reactive-Navegation/workspace_full_conected/install/hector_gazebo_plugins/include/gazebo_ros_gps.h
[3.181s] -- Up-to-date: /home/rhobtor/reactive/Reactive-Navegation/workspace_full_conected/install/hector_gazebo_plugins/include/update_timer.h
[3.181s] -- Up-to-date: /home/rhobtor/reactive/Reactive-Navegation/workspace_full_conected/install/hector_gazebo_plugins/include/gnss_config.h
[3.181s] -- Up-to-date: /home/rhobtor/reactive/Reactive-Navegation/workspace_full_conected/install/hector_gazebo_plugins/include/gazebo_ros_force_based_move.h
[3.181s] -- Up-to-date: /home/rhobtor/reactive/Reactive-Navegation/workspace_full_conected/install/hector_gazebo_plugins/include/servo_plugin.h
[3.184s] -- Up-to-date: /home/rhobtor/reactive/Reactive-Navegation/workspace_full_conected/install/hector_gazebo_plugins/lib/libhector_gazebo_reset_plugin.so
[3.184s] -- Up-to-date: /home/rhobtor/reactive/Reactive-Navegation/workspace_full_conected/install/hector_gazebo_plugins/lib/libhector_gazebo_ros_imu.so
[3.184s] -- Up-to-date: /home/rhobtor/reactive/Reactive-Navegation/workspace_full_conected/install/hector_gazebo_plugins/lib/libhector_gazebo_ros_magnetic.so
[3.184s] -- Up-to-date: /home/rhobtor/reactive/Reactive-Navegation/workspace_full_conected/install/hector_gazebo_plugins/lib/libhector_gazebo_ros_gps.so
[3.185s] -- Up-to-date: /home/rhobtor/reactive/Reactive-Navegation/workspace_full_conected/install/hector_gazebo_plugins/lib/libhector_gazebo_ros_sonar.so
[3.185s] -- Up-to-date: /home/rhobtor/reactive/Reactive-Navegation/workspace_full_conected/install/hector_gazebo_plugins/share/ament_index/resource_index/package_run_dependencies/hector_gazebo_plugins
[3.185s] -- Up-to-date: /home/rhobtor/reactive/Reactive-Navegation/workspace_full_conected/install/hector_gazebo_plugins/share/ament_index/resource_index/parent_prefix_path/hector_gazebo_plugins
[3.185s] -- Up-to-date: /home/rhobtor/reactive/Reactive-Navegation/workspace_full_conected/install/hector_gazebo_plugins/share/hector_gazebo_plugins/environment/ament_prefix_path.sh
[3.185s] -- Up-to-date: /home/rhobtor/reactive/Reactive-Navegation/workspace_full_conected/install/hector_gazebo_plugins/share/hector_gazebo_plugins/environment/ament_prefix_path.dsv
[3.186s] -- Up-to-date: /home/rhobtor/reactive/Reactive-Navegation/workspace_full_conected/install/hector_gazebo_plugins/share/hector_gazebo_plugins/environment/path.sh
[3.186s] -- Up-to-date: /home/rhobtor/reactive/Reactive-Navegation/workspace_full_conected/install/hector_gazebo_plugins/share/hector_gazebo_plugins/environment/path.dsv
[3.186s] -- Up-to-date: /home/rhobtor/reactive/Reactive-Navegation/workspace_full_conected/install/hector_gazebo_plugins/share/hector_gazebo_plugins/local_setup.bash
[3.186s] -- Up-to-date: /home/rhobtor/reactive/Reactive-Navegation/workspace_full_conected/install/hector_gazebo_plugins/share/hector_gazebo_plugins/local_setup.sh
[3.186s] -- Up-to-date: /home/rhobtor/reactive/Reactive-Navegation/workspace_full_conected/install/hector_gazebo_plugins/share/hector_gazebo_plugins/local_setup.zsh
[3.186s] -- Up-to-date: /home/rhobtor/reactive/Reactive-Navegation/workspace_full_conected/install/hector_gazebo_plugins/share/hector_gazebo_plugins/local_setup.dsv
[3.186s] -- Installing: /home/rhobtor/reactive/Reactive-Navegation/workspace_full_conected/install/hector_gazebo_plugins/share/hector_gazebo_plugins/package.dsv
[3.186s] -- Up-to-date: /home/rhobtor/reactive/Reactive-Navegation/workspace_full_conected/install/hector_gazebo_plugins/share/ament_index/resource_index/packages/hector_gazebo_plugins
[3.187s] -- Up-to-date: /home/rhobtor/reactive/Reactive-Navegation/workspace_full_conected/install/hector_gazebo_plugins/share/hector_gazebo_plugins/cmake/export_hector_gazebo_plugins__rosidl_generator_cExport.cmake
[3.187s] -- Up-to-date: /home/rhobtor/reactive/Reactive-Navegation/workspace_full_conected/install/hector_gazebo_plugins/share/hector_gazebo_plugins/cmake/export_hector_gazebo_plugins__rosidl_generator_cExport-noconfig.cmake
[3.187s] -- Up-to-date: /home/rhobtor/reactive/Reactive-Navegation/workspace_full_conected/install/hector_gazebo_plugins/share/hector_gazebo_plugins/cmake/export_hector_gazebo_plugins__rosidl_typesupport_fastrtps_cExport.cmake
[3.187s] -- Up-to-date: /home/rhobtor/reactive/Reactive-Navegation/workspace_full_conected/install/hector_gazebo_plugins/share/hector_gazebo_plugins/cmake/export_hector_gazebo_plugins__rosidl_typesupport_fastrtps_cExport-noconfig.cmake
[3.187s] -- Up-to-date: /home/rhobtor/reactive/Reactive-Navegation/workspace_full_conected/install/hector_gazebo_plugins/share/hector_gazebo_plugins/cmake/export_hector_gazebo_plugins__rosidl_generator_cppExport.cmake
[3.187s] -- Up-to-date: /home/rhobtor/reactive/Reactive-Navegation/workspace_full_conected/install/hector_gazebo_plugins/share/hector_gazebo_plugins/cmake/export_hector_gazebo_plugins__rosidl_typesupport_fastrtps_cppExport.cmake
[3.187s] -- Up-to-date: /home/rhobtor/reactive/Reactive-Navegation/workspace_full_conected/install/hector_gazebo_plugins/share/hector_gazebo_plugins/cmake/export_hector_gazebo_plugins__rosidl_typesupport_fastrtps_cppExport-noconfig.cmake
[3.188s] -- Up-to-date: /home/rhobtor/reactive/Reactive-Navegation/workspace_full_conected/install/hector_gazebo_plugins/share/hector_gazebo_plugins/cmake/hector_gazebo_plugins__rosidl_typesupport_introspection_cExport.cmake
[3.188s] -- Up-to-date: /home/rhobtor/reactive/Reactive-Navegation/workspace_full_conected/install/hector_gazebo_plugins/share/hector_gazebo_plugins/cmake/hector_gazebo_plugins__rosidl_typesupport_introspection_cExport-noconfig.cmake
[3.188s] -- Up-to-date: /home/rhobtor/reactive/Reactive-Navegation/workspace_full_conected/install/hector_gazebo_plugins/share/hector_gazebo_plugins/cmake/hector_gazebo_plugins__rosidl_typesupport_cExport.cmake
[3.188s] -- Up-to-date: /home/rhobtor/reactive/Reactive-Navegation/workspace_full_conected/install/hector_gazebo_plugins/share/hector_gazebo_plugins/cmake/hector_gazebo_plugins__rosidl_typesupport_cExport-noconfig.cmake
[3.188s] -- Up-to-date: /home/rhobtor/reactive/Reactive-Navegation/workspace_full_conected/install/hector_gazebo_plugins/share/hector_gazebo_plugins/cmake/hector_gazebo_plugins__rosidl_typesupport_introspection_cppExport.cmake
[3.188s] -- Up-to-date: /home/rhobtor/reactive/Reactive-Navegation/workspace_full_conected/install/hector_gazebo_plugins/share/hector_gazebo_plugins/cmake/hector_gazebo_plugins__rosidl_typesupport_introspection_cppExport-noconfig.cmake
[3.188s] -- Up-to-date: /home/rhobtor/reactive/Reactive-Navegation/workspace_full_conected/install/hector_gazebo_plugins/share/hector_gazebo_plugins/cmake/hector_gazebo_plugins__rosidl_typesupport_cppExport.cmake
[3.188s] -- Up-to-date: /home/rhobtor/reactive/Reactive-Navegation/workspace_full_conected/install/hector_gazebo_plugins/share/hector_gazebo_plugins/cmake/hector_gazebo_plugins__rosidl_typesupport_cppExport-noconfig.cmake
[3.189s] -- Up-to-date: /home/rhobtor/reactive/Reactive-Navegation/workspace_full_conected/install/hector_gazebo_plugins/share/hector_gazebo_plugins/cmake/export_hector_gazebo_plugins__rosidl_generator_pyExport.cmake
[3.189s] -- Up-to-date: /home/rhobtor/reactive/Reactive-Navegation/workspace_full_conected/install/hector_gazebo_plugins/share/hector_gazebo_plugins/cmake/export_hector_gazebo_plugins__rosidl_generator_pyExport-noconfig.cmake
[3.190s] -- Up-to-date: /home/rhobtor/reactive/Reactive-Navegation/workspace_full_conected/install/hector_gazebo_plugins/share/hector_gazebo_plugins/cmake/rosidl_cmake-extras.cmake
[3.190s] -- Up-to-date: /home/rhobtor/reactive/Reactive-Navegation/workspace_full_conected/install/hector_gazebo_plugins/share/hector_gazebo_plugins/cmake/ament_cmake_export_dependencies-extras.cmake
[3.190s] -- Up-to-date: /home/rhobtor/reactive/Reactive-Navegation/workspace_full_conected/install/hector_gazebo_plugins/share/hector_gazebo_plugins/cmake/ament_cmake_export_include_directories-extras.cmake
[3.190s] -- Up-to-date: /home/rhobtor/reactive/Reactive-Navegation/workspace_full_conected/install/hector_gazebo_plugins/share/hector_gazebo_plugins/cmake/ament_cmake_export_libraries-extras.cmake
[3.190s] -- Up-to-date: /home/rhobtor/reactive/Reactive-Navegation/workspace_full_conected/install/hector_gazebo_plugins/share/hector_gazebo_plugins/cmake/ament_cmake_export_targets-extras.cmake
[3.190s] -- Up-to-date: /home/rhobtor/reactive/Reactive-Navegation/workspace_full_conected/install/hector_gazebo_plugins/share/hector_gazebo_plugins/cmake/rosidl_cmake_export_typesupport_targets-extras.cmake
[3.190s] -- Up-to-date: /home/rhobtor/reactive/Reactive-Navegation/workspace_full_conected/install/hector_gazebo_plugins/share/hector_gazebo_plugins/cmake/rosidl_cmake_export_typesupport_libraries-extras.cmake
[3.190s] -- Up-to-date: /home/rhobtor/reactive/Reactive-Navegation/workspace_full_conected/install/hector_gazebo_plugins/share/hector_gazebo_plugins/cmake/hector_gazebo_pluginsConfig.cmake
[3.190s] -- Up-to-date: /home/rhobtor/reactive/Reactive-Navegation/workspace_full_conected/install/hector_gazebo_plugins/share/hector_gazebo_plugins/cmake/hector_gazebo_pluginsConfig-version.cmake
[3.190s] -- Up-to-date: /home/rhobtor/reactive/Reactive-Navegation/workspace_full_conected/install/hector_gazebo_plugins/share/hector_gazebo_plugins/package.xml
[3.200s] Invoked command in '/home/rhobtor/reactive/Reactive-Navegation/workspace_full_conected/build/hector_gazebo_plugins' returned '0': CMAKE_PREFIX_PATH=${CMAKE_PREFIX_PATH}:/home/rhobtor/reactive/Reactive-Navegation/workspace_full_conected/install/car:/opt/ros/humble /usr/bin/cmake --install /home/rhobtor/reactive/Reactive-Navegation/workspace_full_conected/build/hector_gazebo_plugins
