[0.886s] Invoking command in '/home/rhobtor/reactive/Reactive-Navegation/workspace_full_conected/build/car_cpp': CMAKE_PREFIX_PATH=/home/rhobtor/reactive/Reactive-Navegation/workspace_full_conected/install/car_interfaces:/home/rhobtor/reactive/Reactive-Navegation/workspace_full_conected/install/octomap_mapping:/home/rhobtor/reactive/Reactive-Navegation/workspace_full_conected/install/octomap_server:/home/rhobtor/reactive/Reactive-Navegation/workspace_full_conected/install/octomap_rviz_plugins:/home/rhobtor/reactive/Reactive-Navegation/workspace_full_conected/install/hector_gazebo_plugins:/home/rhobtor/reactive/Reactive-Navegation/workspace_full_conected/install/car_cpp:/home/rhobtor/reactive/Reactive-Navegation/workspace_full_conected/install/car:/opt/ros/humble LD_LIBRARY_PATH=/home/rhobtor/reactive/Reactive-Navegation/workspace_full_conected/install/car_interfaces/lib:/home/rhobtor/reactive/Reactive-Navegation/workspace_full_conected/install/octomap_server/lib:/home/rhobtor/reactive/Reactive-Navegation/workspace_full_conected/install/octomap_rviz_plugins/lib:/home/rhobtor/reactive/Reactive-Navegation/workspace_full_conected/install/hector_gazebo_plugins/lib:/home/rhobtor/reactive/Reactive-Navegation/workspace_full_conected/install/car_cpp/lib:/usr/lib/x86_64-linux-gnu/gazebo-11/plugins:/opt/ros/humble/opt/rviz_ogre_vendor/lib:/opt/ros/humble/lib/x86_64-linux-gnu:/opt/ros/humble/lib /usr/bin/cmake --build /home/rhobtor/reactive/Reactive-Navegation/workspace_full_conected/build/car_cpp -- -j4 -l4
[1.180s] [  5%] Built target navigation_nodes
[1.311s] [ 10%] Built target ground_remove
[1.470s] [ 15%] Built target camera_filter
[1.624s] [ 17%] [32mBuilding CXX object CMakeFiles/move_navigation_nodes_frontier.dir/src/move_navigation_nodes_frontier.cpp.o[0m
[19.654s] [ 20%] [32m[1mLinking CXX executable move_navigation_nodes_frontier[0m
[21.075s] [ 20%] Built target move_navigation_nodes_frontier
[21.119s] [ 25%] Built target frontiers_values
[21.176s] [ 30%] Built target map_measure
[21.221s] [ 35%] Built target occupied_nodes_near_obstacles
[21.287s] [ 40%] Built target create_wall
[21.356s] [ 45%] Built target 2D_graph
[21.396s] [35m[1mConsolidate compiler generated dependencies of target obstacles_in_2d[0m
[21.413s] [ 50%] Built target obstacles_in_2d
[21.462s] [ 55%] Built target check_goal
[21.523s] [ 60%] Built target filtered_navigation_nodes
[21.602s] [ 65%] Built target check_map
[21.679s] [ 70%] Built target path_planner_node
[21.792s] [ 75%] Built target control_plugin
[21.902s] [ 80%] Built target joints_plugin
[21.979s] [ 85%] Built target drive_plugin
[22.067s] [ 90%] Built target driver_plugin
[22.138s] [ 95%] Built target frontier_nodes
[22.206s] [100%] Built target navigation_nodes_ground
[22.241s] Invoked command in '/home/rhobtor/reactive/Reactive-Navegation/workspace_full_conected/build/car_cpp' returned '0': CMAKE_PREFIX_PATH=/home/rhobtor/reactive/Reactive-Navegation/workspace_full_conected/install/car_interfaces:/home/rhobtor/reactive/Reactive-Navegation/workspace_full_conected/install/octomap_mapping:/home/rhobtor/reactive/Reactive-Navegation/workspace_full_conected/install/octomap_server:/home/rhobtor/reactive/Reactive-Navegation/workspace_full_conected/install/octomap_rviz_plugins:/home/rhobtor/reactive/Reactive-Navegation/workspace_full_conected/install/hector_gazebo_plugins:/home/rhobtor/reactive/Reactive-Navegation/workspace_full_conected/install/car_cpp:/home/rhobtor/reactive/Reactive-Navegation/workspace_full_conected/install/car:/opt/ros/humble LD_LIBRARY_PATH=/home/rhobtor/reactive/Reactive-Navegation/workspace_full_conected/install/car_interfaces/lib:/home/rhobtor/reactive/Reactive-Navegation/workspace_full_conected/install/octomap_server/lib:/home/rhobtor/reactive/Reactive-Navegation/workspace_full_conected/install/octomap_rviz_plugins/lib:/home/rhobtor/reactive/Reactive-Navegation/workspace_full_conected/install/hector_gazebo_plugins/lib:/home/rhobtor/reactive/Reactive-Navegation/workspace_full_conected/install/car_cpp/lib:/usr/lib/x86_64-linux-gnu/gazebo-11/plugins:/opt/ros/humble/opt/rviz_ogre_vendor/lib:/opt/ros/humble/lib/x86_64-linux-gnu:/opt/ros/humble/lib /usr/bin/cmake --build /home/rhobtor/reactive/Reactive-Navegation/workspace_full_conected/build/car_cpp -- -j4 -l4
[22.243s] Invoking command in '/home/rhobtor/reactive/Reactive-Navegation/workspace_full_conected/build/car_cpp': CMAKE_PREFIX_PATH=/home/rhobtor/reactive/Reactive-Navegation/workspace_full_conected/install/car_interfaces:/home/rhobtor/reactive/Reactive-Navegation/workspace_full_conected/install/octomap_mapping:/home/rhobtor/reactive/Reactive-Navegation/workspace_full_conected/install/octomap_server:/home/rhobtor/reactive/Reactive-Navegation/workspace_full_conected/install/octomap_rviz_plugins:/home/rhobtor/reactive/Reactive-Navegation/workspace_full_conected/install/hector_gazebo_plugins:/home/rhobtor/reactive/Reactive-Navegation/workspace_full_conected/install/car_cpp:/home/rhobtor/reactive/Reactive-Navegation/workspace_full_conected/install/car:/opt/ros/humble LD_LIBRARY_PATH=/home/rhobtor/reactive/Reactive-Navegation/workspace_full_conected/install/car_interfaces/lib:/home/rhobtor/reactive/Reactive-Navegation/workspace_full_conected/install/octomap_server/lib:/home/rhobtor/reactive/Reactive-Navegation/workspace_full_conected/install/octomap_rviz_plugins/lib:/home/rhobtor/reactive/Reactive-Navegation/workspace_full_conected/install/hector_gazebo_plugins/lib:/home/rhobtor/reactive/Reactive-Navegation/workspace_full_conected/install/car_cpp/lib:/usr/lib/x86_64-linux-gnu/gazebo-11/plugins:/opt/ros/humble/opt/rviz_ogre_vendor/lib:/opt/ros/humble/lib/x86_64-linux-gnu:/opt/ros/humble/lib /usr/bin/cmake --install /home/rhobtor/reactive/Reactive-Navegation/workspace_full_conected/build/car_cpp
[22.271s] -- Install configuration: ""
[22.271s] -- Up-to-date: /home/rhobtor/reactive/Reactive-Navegation/workspace_full_conected/install/car_cpp/lib/car_cpp/navigation_nodes
[22.271s] -- Up-to-date: /home/rhobtor/reactive/Reactive-Navegation/workspace_full_conected/install/car_cpp/lib/car_cpp/navigation_nodes_ground
[22.271s] -- Up-to-date: /home/rhobtor/reactive/Reactive-Navegation/workspace_full_conected/install/car_cpp/lib/car_cpp/frontier_nodes
[22.271s] -- Up-to-date: /home/rhobtor/reactive/Reactive-Navegation/workspace_full_conected/install/car_cpp/lib/car_cpp/ground_remove
[22.271s] -- Up-to-date: /home/rhobtor/reactive/Reactive-Navegation/workspace_full_conected/install/car_cpp/lib/car_cpp/camera_filter
[22.272s] -- Installing: /home/rhobtor/reactive/Reactive-Navegation/workspace_full_conected/install/car_cpp/lib/car_cpp/move_navigation_nodes_frontier
[22.299s] -- Set runtime path of "/home/rhobtor/reactive/Reactive-Navegation/workspace_full_conected/install/car_cpp/lib/car_cpp/move_navigation_nodes_frontier" to ""
[22.299s] -- Up-to-date: /home/rhobtor/reactive/Reactive-Navegation/workspace_full_conected/install/car_cpp/lib/car_cpp/frontiers_values
[22.299s] -- Up-to-date: /home/rhobtor/reactive/Reactive-Navegation/workspace_full_conected/install/car_cpp/lib/car_cpp/map_measure
[22.300s] -- Up-to-date: /home/rhobtor/reactive/Reactive-Navegation/workspace_full_conected/install/car_cpp/lib/car_cpp/occupied_nodes_near_obstacles
[22.301s] -- Up-to-date: /home/rhobtor/reactive/Reactive-Navegation/workspace_full_conected/install/car_cpp/lib/car_cpp/create_wall
[22.302s] -- Up-to-date: /home/rhobtor/reactive/Reactive-Navegation/workspace_full_conected/install/car_cpp/lib/car_cpp/2D_graph
[22.306s] -- Up-to-date: /home/rhobtor/reactive/Reactive-Navegation/workspace_full_conected/install/car_cpp/lib/car_cpp/obstacles_in_2d
[22.306s] -- Up-to-date: /home/rhobtor/reactive/Reactive-Navegation/workspace_full_conected/install/car_cpp/lib/car_cpp/check_goal
[22.306s] -- Up-to-date: /home/rhobtor/reactive/Reactive-Navegation/workspace_full_conected/install/car_cpp/lib/car_cpp/filtered_navigation_nodes
[22.306s] -- Up-to-date: /home/rhobtor/reactive/Reactive-Navegation/workspace_full_conected/install/car_cpp/lib/car_cpp/check_map
[22.306s] -- Up-to-date: /home/rhobtor/reactive/Reactive-Navegation/workspace_full_conected/install/car_cpp/lib/car_cpp/path_planner_node
[22.312s] -- Up-to-date: /home/rhobtor/reactive/Reactive-Navegation/workspace_full_conected/install/car_cpp/lib/libcontrol_plugin.so
[22.312s] -- Up-to-date: /home/rhobtor/reactive/Reactive-Navegation/workspace_full_conected/install/car_cpp/lib/libdrive_plugin.so
[22.312s] -- Up-to-date: /home/rhobtor/reactive/Reactive-Navegation/workspace_full_conected/install/car_cpp/lib/libjoints_plugin.so
[22.312s] -- Up-to-date: /home/rhobtor/reactive/Reactive-Navegation/workspace_full_conected/install/car_cpp/lib/libdriver_plugin.so
[22.312s] -- Up-to-date: /home/rhobtor/reactive/Reactive-Navegation/workspace_full_conected/install/car_cpp/include/
[22.312s] -- Up-to-date: /home/rhobtor/reactive/Reactive-Navegation/workspace_full_conected/install/car_cpp/include//visualization.hpp
[22.312s] -- Up-to-date: /home/rhobtor/reactive/Reactive-Navegation/workspace_full_conected/install/car_cpp/include//utilities.hpp
[22.312s] -- Up-to-date: /home/rhobtor/reactive/Reactive-Navegation/workspace_full_conected/install/car_cpp/include//move_ros.hpp
[22.312s] -- Up-to-date: /home/rhobtor/reactive/Reactive-Navegation/workspace_full_conected/install/car_cpp/include//motion.hpp
[22.312s] -- Up-to-date: /home/rhobtor/reactive/Reactive-Navegation/workspace_full_conected/install/car_cpp/include//control_plugin.hpp
[22.312s] -- Up-to-date: /home/rhobtor/reactive/Reactive-Navegation/workspace_full_conected/install/car_cpp/include//obstacle_detection.hpp
[22.312s] -- Up-to-date: /home/rhobtor/reactive/Reactive-Navegation/workspace_full_conected/install/car_cpp/include//odometria.hpp
[22.312s] -- Up-to-date: /home/rhobtor/reactive/Reactive-Navegation/workspace_full_conected/install/car_cpp/share/ament_index/resource_index/package_run_dependencies/car_cpp
[22.312s] -- Up-to-date: /home/rhobtor/reactive/Reactive-Navegation/workspace_full_conected/install/car_cpp/share/ament_index/resource_index/parent_prefix_path/car_cpp
[22.312s] -- Up-to-date: /home/rhobtor/reactive/Reactive-Navegation/workspace_full_conected/install/car_cpp/share/car_cpp/environment/ament_prefix_path.sh
[22.313s] -- Up-to-date: /home/rhobtor/reactive/Reactive-Navegation/workspace_full_conected/install/car_cpp/share/car_cpp/environment/ament_prefix_path.dsv
[22.313s] -- Up-to-date: /home/rhobtor/reactive/Reactive-Navegation/workspace_full_conected/install/car_cpp/share/car_cpp/environment/path.sh
[22.313s] -- Up-to-date: /home/rhobtor/reactive/Reactive-Navegation/workspace_full_conected/install/car_cpp/share/car_cpp/environment/path.dsv
[22.313s] -- Up-to-date: /home/rhobtor/reactive/Reactive-Navegation/workspace_full_conected/install/car_cpp/share/car_cpp/local_setup.bash
[22.313s] -- Up-to-date: /home/rhobtor/reactive/Reactive-Navegation/workspace_full_conected/install/car_cpp/share/car_cpp/local_setup.sh
[22.313s] -- Up-to-date: /home/rhobtor/reactive/Reactive-Navegation/workspace_full_conected/install/car_cpp/share/car_cpp/local_setup.zsh
[22.313s] -- Up-to-date: /home/rhobtor/reactive/Reactive-Navegation/workspace_full_conected/install/car_cpp/share/car_cpp/local_setup.dsv
[22.313s] -- Installing: /home/rhobtor/reactive/Reactive-Navegation/workspace_full_conected/install/car_cpp/share/car_cpp/package.dsv
[22.313s] -- Up-to-date: /home/rhobtor/reactive/Reactive-Navegation/workspace_full_conected/install/car_cpp/share/ament_index/resource_index/packages/car_cpp
[22.313s] -- Up-to-date: /home/rhobtor/reactive/Reactive-Navegation/workspace_full_conected/install/car_cpp/share/car_cpp/cmake/car_cppConfig.cmake
[22.313s] -- Up-to-date: /home/rhobtor/reactive/Reactive-Navegation/workspace_full_conected/install/car_cpp/share/car_cpp/cmake/car_cppConfig-version.cmake
[22.313s] -- Up-to-date: /home/rhobtor/reactive/Reactive-Navegation/workspace_full_conected/install/car_cpp/share/car_cpp/package.xml
[22.317s] Invoked command in '/home/rhobtor/reactive/Reactive-Navegation/workspace_full_conected/build/car_cpp' returned '0': CMAKE_PREFIX_PATH=/home/rhobtor/reactive/Reactive-Navegation/workspace_full_conected/install/car_interfaces:/home/rhobtor/reactive/Reactive-Navegation/workspace_full_conected/install/octomap_mapping:/home/rhobtor/reactive/Reactive-Navegation/workspace_full_conected/install/octomap_server:/home/rhobtor/reactive/Reactive-Navegation/workspace_full_conected/install/octomap_rviz_plugins:/home/rhobtor/reactive/Reactive-Navegation/workspace_full_conected/install/hector_gazebo_plugins:/home/rhobtor/reactive/Reactive-Navegation/workspace_full_conected/install/car_cpp:/home/rhobtor/reactive/Reactive-Navegation/workspace_full_conected/install/car:/opt/ros/humble LD_LIBRARY_PATH=/home/rhobtor/reactive/Reactive-Navegation/workspace_full_conected/install/car_interfaces/lib:/home/rhobtor/reactive/Reactive-Navegation/workspace_full_conected/install/octomap_server/lib:/home/rhobtor/reactive/Reactive-Navegation/workspace_full_conected/install/octomap_rviz_plugins/lib:/home/rhobtor/reactive/Reactive-Navegation/workspace_full_conected/install/hector_gazebo_plugins/lib:/home/rhobtor/reactive/Reactive-Navegation/workspace_full_conected/install/car_cpp/lib:/usr/lib/x86_64-linux-gnu/gazebo-11/plugins:/opt/ros/humble/opt/rviz_ogre_vendor/lib:/opt/ros/humble/lib/x86_64-linux-gnu:/opt/ros/humble/lib /usr/bin/cmake --install /home/rhobtor/reactive/Reactive-Navegation/workspace_full_conected/build/car_cpp
