[0.465s] Invoking command in '/home/rhobtor/reactive/Reactive-Navegation/workspace_full_conected/build/car_cpp': CMAKE_PREFIX_PATH=/home/rhobtor/reactive/Reactive-Navegation/workspace_full_conected/install/car_interfaces:/home/rhobtor/reactive/Reactive-Navegation/workspace_full_conected/install/octomap_mapping:/home/rhobtor/reactive/Reactive-Navegation/workspace_full_conected/install/octomap_server:/home/rhobtor/reactive/Reactive-Navegation/workspace_full_conected/install/octomap_rviz_plugins:/home/rhobtor/reactive/Reactive-Navegation/workspace_full_conected/install/hector_gazebo_plugins:/home/rhobtor/reactive/Reactive-Navegation/workspace_full_conected/install/car_cpp:/home/rhobtor/reactive/Reactive-Navegation/workspace_full_conected/install/car:/opt/ros/humble LD_LIBRARY_PATH=/home/rhobtor/reactive/Reactive-Navegation/workspace_full_conected/install/car_interfaces/lib:/home/rhobtor/reactive/Reactive-Navegation/workspace_full_conected/install/octomap_server/lib:/home/rhobtor/reactive/Reactive-Navegation/workspace_full_conected/install/octomap_rviz_plugins/lib:/home/rhobtor/reactive/Reactive-Navegation/workspace_full_conected/install/hector_gazebo_plugins/lib:/home/rhobtor/reactive/Reactive-Navegation/workspace_full_conected/install/car_cpp/lib:/usr/lib/x86_64-linux-gnu/gazebo-11/plugins:/opt/ros/humble/opt/rviz_ogre_vendor/lib:/opt/ros/humble/lib/x86_64-linux-gnu:/opt/ros/humble/lib /usr/bin/cmake --build /home/rhobtor/reactive/Reactive-Navegation/workspace_full_conected/build/car_cpp -- -j4 -l4
[0.587s] [35m[1mConsolidate compiler generated dependencies of target navigation_nodes_ground[0m
[0.613s] [  5%] Built target navigation_nodes
[0.613s] [ 11%] Built target frontier_nodes
[0.630s] [ 14%] [32mBuilding CXX object CMakeFiles/navigation_nodes_ground.dir/src/navigation_nodes_ground.cpp.o[0m
[0.681s] [35m[1mConsolidate compiler generated dependencies of target move_navigation_nodes_frontier[0m
[0.695s] [ 20%] Built target ground_remove
[0.718s] [ 26%] Built target camera_filter
[0.754s] [ 29%] [32mBuilding CXX object CMakeFiles/move_navigation_nodes_frontier.dir/src/move_navigation_nodes_frontier.cpp.o[0m
[0.796s] [ 35%] Built target frontiers_values
[0.838s] [ 41%] Built target map_measure
[0.885s] [ 47%] Built target testo
[0.897s] [35m[1mConsolidate compiler generated dependencies of target 2D_graph[0m
[0.934s] [35m[1mConsolidate compiler generated dependencies of target remove_graph_obstacles[0m
[0.961s] [ 52%] Built target 2D_graph
[0.996s] [ 55%] [32mBuilding CXX object CMakeFiles/remove_graph_obstacles.dir/src/remove_graph_obstacles.cpp.o[0m
[1.069s] [ 61%] Built target check_map
[1.164s] [ 67%] Built target path_planner_node
[1.281s] [ 73%] Built target control_plugin
[1.382s] [ 79%] Built target joints_plugin
[1.515s] [ 85%] Built target drive_plugin
[1.609s] [ 91%] Built target driver_plugin
[5.492s] [01m[K/home/rhobtor/reactive/Reactive-Navegation/workspace_full_conected/src/car_cpp/src/move_navigation_nodes_frontier.cpp:[m[K In member function ‘[01m[Kvoid FrontierNavigator::controlLoop()[m[K’:
[5.492s] [01m[K/home/rhobtor/reactive/Reactive-Navegation/workspace_full_conected/src/car_cpp/src/move_navigation_nodes_frontier.cpp:122:73:[m[K [01;31m[Kerror: [m[Kexpected ‘[01m[K;[m[K’ before ‘[01m[K)[m[K’ token
[5.492s]   122 |                 distance_error, angle_error, linear_speed, angular_speed[01;31m[K)[m[K;
[5.492s]       |                                                                         [01;31m[K^[m[K
[6.290s] [01m[K/home/rhobtor/reactive/Reactive-Navegation/workspace_full_conected/src/car_cpp/src/remove_graph_obstacles.cpp:[m[K In constructor ‘[01m[KGroundFilterNode::GroundFilterNode()[m[K’:
[6.291s] [01m[K/home/rhobtor/reactive/Reactive-Navegation/workspace_full_conected/src/car_cpp/src/remove_graph_obstacles.cpp:50:63:[m[K [01;31m[Kerror: [m[Kexpected ‘[01m[K;[m[K’ before ‘[01m[K)[m[K’ token
[6.291s]    50 |                 obstacle_filter_radius_, clustering_threshold_[01;31m[K)[m[K;
[6.291s]       |                                                               [01;31m[K^[m[K
[10.552s] gmake[2]: *** [CMakeFiles/move_navigation_nodes_frontier.dir/build.make:76: CMakeFiles/move_navigation_nodes_frontier.dir/src/move_navigation_nodes_frontier.cpp.o] Error 1
[10.552s] gmake[1]: *** [CMakeFiles/Makefile2:299: CMakeFiles/move_navigation_nodes_frontier.dir/all] Error 2
[10.552s] gmake[1]: *** Waiting for unfinished jobs....
[11.080s] gmake[2]: *** [CMakeFiles/remove_graph_obstacles.dir/build.make:76: CMakeFiles/remove_graph_obstacles.dir/src/remove_graph_obstacles.cpp.o] Error 1
[11.080s] gmake[1]: *** [CMakeFiles/Makefile2:429: CMakeFiles/remove_graph_obstacles.dir/all] Error 2
[13.230s] [ 94%] [32m[1mLinking CXX executable navigation_nodes_ground[0m
[13.978s] [ 94%] Built target navigation_nodes_ground
[13.980s] gmake: *** [Makefile:146: all] Error 2
[13.983s] Invoked command in '/home/rhobtor/reactive/Reactive-Navegation/workspace_full_conected/build/car_cpp' returned '2': CMAKE_PREFIX_PATH=/home/rhobtor/reactive/Reactive-Navegation/workspace_full_conected/install/car_interfaces:/home/rhobtor/reactive/Reactive-Navegation/workspace_full_conected/install/octomap_mapping:/home/rhobtor/reactive/Reactive-Navegation/workspace_full_conected/install/octomap_server:/home/rhobtor/reactive/Reactive-Navegation/workspace_full_conected/install/octomap_rviz_plugins:/home/rhobtor/reactive/Reactive-Navegation/workspace_full_conected/install/hector_gazebo_plugins:/home/rhobtor/reactive/Reactive-Navegation/workspace_full_conected/install/car_cpp:/home/rhobtor/reactive/Reactive-Navegation/workspace_full_conected/install/car:/opt/ros/humble LD_LIBRARY_PATH=/home/rhobtor/reactive/Reactive-Navegation/workspace_full_conected/install/car_interfaces/lib:/home/rhobtor/reactive/Reactive-Navegation/workspace_full_conected/install/octomap_server/lib:/home/rhobtor/reactive/Reactive-Navegation/workspace_full_conected/install/octomap_rviz_plugins/lib:/home/rhobtor/reactive/Reactive-Navegation/workspace_full_conected/install/hector_gazebo_plugins/lib:/home/rhobtor/reactive/Reactive-Navegation/workspace_full_conected/install/car_cpp/lib:/usr/lib/x86_64-linux-gnu/gazebo-11/plugins:/opt/ros/humble/opt/rviz_ogre_vendor/lib:/opt/ros/humble/lib/x86_64-linux-gnu:/opt/ros/humble/lib /usr/bin/cmake --build /home/rhobtor/reactive/Reactive-Navegation/workspace_full_conected/build/car_cpp -- -j4 -l4
