[0.007s] Invoking command in '/home/rhobtor/reactive/Reactive-Navegation/workspace_full_conected/build/octomap_server': AMENT_PREFIX_PATH=/home/rhobtor/reactive/Reactive-Navegation/workspace_full_conected/install/car_interfaces:${AMENT_PREFIX_PATH} CMAKE_PREFIX_PATH=/home/rhobtor/reactive/Reactive-Navegation/workspace_full_conected/install/car_interfaces:/opt/ros/humble LD_LIBRARY_PATH=/home/rhobtor/reactive/Reactive-Navegation/workspace_full_conected/install/car_interfaces/lib:${LD_LIBRARY_PATH} PYTHONPATH=/home/rhobtor/reactive/Reactive-Navegation/workspace_full_conected/install/car_interfaces/local/lib/python3.10/dist-packages:${PYTHONPATH} /usr/bin/cmake /home/rhobtor/reactive/Reactive-Navegation/workspace_full_conected/src/octomap/octomap_server -DCMAKE_INSTALL_PREFIX=/home/rhobtor/reactive/Reactive-Navegation/workspace_full_conected/install/octomap_server
[0.044s] -- The C compiler identification is GNU 11.4.0
[0.080s] -- The CXX compiler identification is GNU 11.4.0
[0.084s] -- Detecting C compiler ABI info
[0.127s] -- Detecting C compiler ABI info - done
[0.132s] -- Check for working C compiler: /usr/bin/cc - skipped
[0.132s] -- Detecting C compile features
[0.132s] -- Detecting C compile features - done
[0.134s] -- Detecting CXX compiler ABI info
[0.184s] -- Detecting CXX compiler ABI info - done
[0.188s] -- Check for working CXX compiler: /usr/bin/c++ - skipped
[0.188s] -- Detecting CXX compile features
[0.188s] -- Detecting CXX compile features - done
[0.196s] -- Checking for module 'eigen3'
[0.203s] --   Found eigen3, version 3.4.0
[0.223s] -- Found Eigen: /usr/include/eigen3 (Required is at least version "3.1") 
[0.223s] -- Eigen found (include: /usr/include/eigen3, version: 3.4.0)
[0.235s] -- Found Boost: /usr/lib/x86_64-linux-gnu/cmake/Boost-1.74.0/BoostConfig.cmake (found suitable version "1.74.0", minimum required is "1.65.0") found components: system filesystem date_time iostreams serialization 
[0.243s] -- Checking for module 'flann'
[0.251s] --   Found flann, version 1.9.1
[0.281s] -- Found FLANN: /usr/lib/x86_64-linux-gnu/libflann_cpp.so  
[0.281s] -- FLANN found (include: /usr/include, lib: /usr/lib/x86_64-linux-gnu/libflann_cpp.so)
[0.301s] -- Looking for pthread.h
[0.360s] -- Looking for pthread.h - found
[0.360s] -- Performing Test CMAKE_HAVE_LIBC_PTHREAD
[0.415s] -- Performing Test CMAKE_HAVE_LIBC_PTHREAD - Success
[0.416s] -- Found Threads: TRUE  
[0.418s] -- Found GLEW: /usr/lib/x86_64-linux-gnu/libGLEW.so  
[0.423s] -- Found OpenGL: /usr/lib/x86_64-linux-gnu/libOpenGL.so  found components: OpenGL GLX 
[0.620s] -- Found MPI_C: /usr/lib/x86_64-linux-gnu/libmpi.so (found version "3.1") 
[0.620s] -- Found MPI: TRUE (found version "3.1") found components: C 
[0.622s] -- Found JsonCpp: /usr/lib/x86_64-linux-gnu/libjsoncpp.so (found suitable version "1.9.5", minimum required is "0.7.0") 
[0.629s] -- Found ZLIB: /usr/lib/x86_64-linux-gnu/libz.so (found version "1.2.11") 
[0.639s] -- Found PNG: /usr/lib/x86_64-linux-gnu/libpng.so (found version "1.6.37") 
[0.645s] -- Found Eigen3: /usr/include/eigen3 (found version "3.4.0") 
[0.702s] -- Found X11: /usr/include   
[0.702s] -- Looking for XOpenDisplay in /usr/lib/x86_64-linux-gnu/libX11.so;/usr/lib/x86_64-linux-gnu/libXext.so
[0.765s] -- Looking for XOpenDisplay in /usr/lib/x86_64-linux-gnu/libX11.so;/usr/lib/x86_64-linux-gnu/libXext.so - found
[0.766s] -- Looking for gethostbyname
[0.814s] -- Looking for gethostbyname - found
[0.814s] -- Looking for connect
[0.867s] -- Looking for connect - found
[0.867s] -- Looking for remove
[0.929s] -- Looking for remove - found
[0.929s] -- Looking for shmat
[0.976s] -- Looking for shmat - found
[0.977s] -- Looking for IceConnectionNumber in ICE
[1.025s] -- Looking for IceConnectionNumber in ICE - found
[1.123s] -- Found EXPAT: /usr/lib/x86_64-linux-gnu/libexpat.so (found version "2.4.7") 
[1.125s] -- Found double-conversion: /usr/lib/x86_64-linux-gnu/libdouble-conversion.so  
[1.127s] -- Found LZ4: /usr/lib/x86_64-linux-gnu/liblz4.so (found version "1.9.3") 
[1.128s] -- Found LZMA: /usr/lib/x86_64-linux-gnu/liblzma.so (found version "5.2.5") 
[1.156s] -- Found JPEG: /usr/lib/x86_64-linux-gnu/libjpeg.so (found version "80") 
[1.163s] -- Found TIFF: /usr/lib/x86_64-linux-gnu/libtiff.so (found version "4.3.0")  
[1.166s] -- Found Freetype: /usr/lib/x86_64-linux-gnu/libfreetype.so (found version "2.11.1") 
[1.171s] -- Found utf8cpp: /usr/include/utf8cpp  
[1.239s] -- Checking for module 'libusb-1.0'
[1.252s] --   Found libusb-1.0, version 1.0.25
[1.271s] -- Found libusb: /usr/lib/x86_64-linux-gnu/libusb-1.0.so  
[1.272s] -- Found OpenNI: /usr/lib/libOpenNI.so;libusb::libusb (found version "1.5.4.0") 
[1.272s] -- OpenNI found (version: 1.5.4.0, include: /usr/include/ni, lib: /usr/lib/libOpenNI.so;libusb::libusb)
[1.306s] -- Found OpenNI2: /usr/lib/x86_64-linux-gnu/libOpenNI2.so;libusb::libusb (found version "2.2.0.33") 
[1.306s] -- OpenNI2 found (version: 2.2.0.33, include: /usr/include/openni2, lib: /usr/lib/x86_64-linux-gnu/libOpenNI2.so;libusb::libusb)
[1.307s] [0m** WARNING ** io features related to pcap will be disabled[0m
[1.406s] -- Eigen found (include: /usr/include/eigen3, version: 3.4.0)
[1.414s] -- OpenNI found (version: 1.5.4.0, include: /usr/include/ni, lib: /usr/lib/libOpenNI.so;libusb::libusb)
[1.418s] -- OpenNI2 found (version: 2.2.0.33, include: /usr/include/openni2, lib: /usr/lib/x86_64-linux-gnu/libOpenNI2.so;libusb::libusb)
[1.545s] -- Found Qhull version 8.0.2
[1.694s] -- OpenNI found (version: 1.5.4.0, include: /usr/include/ni, lib: /usr/lib/libOpenNI.so;libusb::libusb)
[1.838s] -- looking for PCL_COMMON
[1.840s] -- Found PCL_COMMON: /usr/lib/x86_64-linux-gnu/libpcl_common.so  
[1.840s] -- looking for PCL_KDTREE
[1.841s] -- Found PCL_KDTREE: /usr/lib/x86_64-linux-gnu/libpcl_kdtree.so  
[1.841s] -- looking for PCL_OCTREE
[1.842s] -- Found PCL_OCTREE: /usr/lib/x86_64-linux-gnu/libpcl_octree.so  
[1.842s] -- looking for PCL_SEARCH
[1.843s] -- Found PCL_SEARCH: /usr/lib/x86_64-linux-gnu/libpcl_search.so  
[1.843s] -- looking for PCL_SAMPLE_CONSENSUS
[1.843s] -- Found PCL_SAMPLE_CONSENSUS: /usr/lib/x86_64-linux-gnu/libpcl_sample_consensus.so  
[1.844s] -- looking for PCL_FILTERS
[1.844s] -- Found PCL_FILTERS: /usr/lib/x86_64-linux-gnu/libpcl_filters.so  
[1.844s] -- looking for PCL_2D
[1.845s] -- Found PCL_2D: /usr/include/pcl-1.12  
[1.845s] -- looking for PCL_GEOMETRY
[1.845s] -- Found PCL_GEOMETRY: /usr/include/pcl-1.12  
[1.845s] -- looking for PCL_IO
[1.846s] -- Found PCL_IO: /usr/lib/x86_64-linux-gnu/libpcl_io.so  
[1.846s] -- looking for PCL_FEATURES
[1.847s] -- Found PCL_FEATURES: /usr/lib/x86_64-linux-gnu/libpcl_features.so  
[1.847s] -- looking for PCL_ML
[1.848s] -- Found PCL_ML: /usr/lib/x86_64-linux-gnu/libpcl_ml.so  
[1.848s] -- looking for PCL_SEGMENTATION
[1.849s] -- Found PCL_SEGMENTATION: /usr/lib/x86_64-linux-gnu/libpcl_segmentation.so  
[1.849s] -- looking for PCL_VISUALIZATION
[1.850s] -- Found PCL_VISUALIZATION: /usr/lib/x86_64-linux-gnu/libpcl_visualization.so  
[1.850s] -- looking for PCL_SURFACE
[1.851s] -- Found PCL_SURFACE: /usr/lib/x86_64-linux-gnu/libpcl_surface.so  
[1.851s] -- looking for PCL_REGISTRATION
[1.852s] -- Found PCL_REGISTRATION: /usr/lib/x86_64-linux-gnu/libpcl_registration.so  
[1.852s] -- looking for PCL_KEYPOINTS
[1.853s] -- Found PCL_KEYPOINTS: /usr/lib/x86_64-linux-gnu/libpcl_keypoints.so  
[1.853s] -- looking for PCL_TRACKING
[1.854s] -- Found PCL_TRACKING: /usr/lib/x86_64-linux-gnu/libpcl_tracking.so  
[1.854s] -- looking for PCL_RECOGNITION
[1.856s] -- Found PCL_RECOGNITION: /usr/lib/x86_64-linux-gnu/libpcl_recognition.so  
[1.856s] -- looking for PCL_STEREO
[1.856s] -- Found PCL_STEREO: /usr/lib/x86_64-linux-gnu/libpcl_stereo.so  
[1.860s] -- looking for PCL_APPS
[1.860s] -- Found PCL_APPS: /usr/lib/x86_64-linux-gnu/libpcl_apps.so  
[1.860s] -- looking for PCL_IN_HAND_SCANNER
[1.860s] -- Found PCL_IN_HAND_SCANNER: /usr/include/pcl-1.12  
[1.860s] -- looking for PCL_MODELER
[1.860s] -- Found PCL_MODELER: /usr/include/pcl-1.12  
[1.860s] -- looking for PCL_POINT_CLOUD_EDITOR
[1.860s] -- Found PCL_POINT_CLOUD_EDITOR: /usr/include/pcl-1.12  
[1.860s] -- looking for PCL_OUTOFCORE
[1.860s] -- Found PCL_OUTOFCORE: /usr/lib/x86_64-linux-gnu/libpcl_outofcore.so  
[1.860s] -- looking for PCL_PEOPLE
[1.861s] -- Found PCL_PEOPLE: /usr/lib/x86_64-linux-gnu/libpcl_people.so  
[1.862s] -- Found PCL: pcl_common;pcl_kdtree;pcl_octree;pcl_search;pcl_sample_consensus;pcl_filters;pcl_io;pcl_features;pcl_ml;pcl_segmentation;pcl_visualization;pcl_surface;pcl_registration;pcl_keypoints;pcl_tracking;pcl_recognition;pcl_stereo;pcl_apps;pcl_outofcore;pcl_people;Boost::system;Boost::filesystem;Boost::date_time;Boost::iostreams;Boost::serialization;/usr/lib/libOpenNI.so;libusb::libusb;/usr/lib/x86_64-linux-gnu/libOpenNI2.so;libusb::libusb;VTK::ChartsCore;VTK::CommonColor;VTK::CommonComputationalGeometry;VTK::CommonCore;VTK::CommonDataModel;VTK::CommonExecutionModel;VTK::CommonMath;VTK::CommonMisc;VTK::CommonTransforms;VTK::FiltersCore;VTK::FiltersExtraction;VTK::FiltersGeneral;VTK::FiltersGeometry;VTK::FiltersModeling;VTK::FiltersSources;VTK::ImagingCore;VTK::ImagingSources;VTK::InteractionImage;VTK::InteractionStyle;VTK::InteractionWidgets;VTK::IOCore;VTK::IOGeometry;VTK::IOImage;VTK::IOLegacy;VTK::IOPLY;VTK::RenderingAnnotation;VTK::RenderingCore;VTK::RenderingContext2D;VTK::RenderingLOD;VTK::RenderingFreeType;VTK::ViewsCore;VTK::ViewsContext2D;VTK::RenderingOpenGL2;VTK::GUISupportQt;FLANN::FLANN;QHULL::QHULL  
[1.864s] -- Found ament_cmake_auto: 1.3.11 (/opt/ros/humble/share/ament_cmake_auto/cmake)
[2.013s] -- Found Python3: /usr/bin/python3 (found version "3.10.12") found components: Interpreter 
[2.147s] -- Found rosidl_generator_c: 3.1.6 (/opt/ros/humble/share/rosidl_generator_c/cmake)
[2.149s] -- Found rosidl_adapter: 3.1.6 (/opt/ros/humble/share/rosidl_adapter/cmake)
[2.155s] -- Found rosidl_generator_cpp: 3.1.6 (/opt/ros/humble/share/rosidl_generator_cpp/cmake)
[2.163s] -- Using all available rosidl_typesupport_c: rosidl_typesupport_fastrtps_c;rosidl_typesupport_introspection_c
[2.174s] -- Using all available rosidl_typesupport_cpp: rosidl_typesupport_fastrtps_cpp;rosidl_typesupport_introspection_cpp
[2.235s] -- Found rmw_implementation_cmake: 6.1.2 (/opt/ros/humble/share/rmw_implementation_cmake/cmake)
[2.236s] -- Found rmw_fastrtps_cpp: 6.2.7 (/opt/ros/humble/share/rmw_fastrtps_cpp/cmake)
[2.296s] -- Found OpenSSL: /usr/lib/x86_64-linux-gnu/libcrypto.so (found version "3.0.2")  
[2.316s] -- Found FastRTPS: /opt/ros/humble/include  
[2.347s] -- Using RMW implementation 'rmw_fastrtps_cpp' as default
[2.446s] -- Found eigen3_cmake_module: 0.1.1 (/opt/ros/humble/share/eigen3_cmake_module/cmake)
[2.447s] -- Found Eigen3: TRUE (found version "3.4.0") 
[2.447s] -- Ensuring Eigen3 include directory is part of orocos-kdl CMake target
[2.601s] -- Found ament_lint_auto: 0.12.11 (/opt/ros/humble/share/ament_lint_auto/cmake)
[2.613s] -- Added test 'copyright' to check source files copyright and LICENSE
[2.614s] -- Added test 'cppcheck' to perform static code analysis on C / C++ code
[2.615s] -- Configured cppcheck include dirs: /home/rhobtor/reactive/Reactive-Navegation/workspace_full_conected/src/octomap/octomap_server/include
[2.615s] -- Configured cppcheck exclude dirs and/or files: 
[2.616s] -- Added test 'cpplint' to check C / C++ code against the Google style
[2.616s] -- Configured cpplint exclude dirs and/or files: 
[2.616s] -- Added test 'flake8' to check Python code syntax and style conventions
[2.617s] -- Added test 'lint_cmake' to check CMake code style
[2.617s] -- Added test 'pep257' to check Python code against some of the docstring style conventions in PEP 257
[2.618s] -- Added test 'uncrustify' to check C / C++ code style
[2.618s] -- Configured uncrustify additional arguments: 
[2.618s] -- Added test 'xmllint' to check XML markup files
[2.619s] -- Configuring done
[2.795s] -- Generating done
[2.838s] -- Build files have been written to: /home/rhobtor/reactive/Reactive-Navegation/workspace_full_conected/build/octomap_server
[2.862s] Invoked command in '/home/rhobtor/reactive/Reactive-Navegation/workspace_full_conected/build/octomap_server' returned '0': AMENT_PREFIX_PATH=/home/rhobtor/reactive/Reactive-Navegation/workspace_full_conected/install/car_interfaces:${AMENT_PREFIX_PATH} CMAKE_PREFIX_PATH=/home/rhobtor/reactive/Reactive-Navegation/workspace_full_conected/install/car_interfaces:/opt/ros/humble LD_LIBRARY_PATH=/home/rhobtor/reactive/Reactive-Navegation/workspace_full_conected/install/car_interfaces/lib:${LD_LIBRARY_PATH} PYTHONPATH=/home/rhobtor/reactive/Reactive-Navegation/workspace_full_conected/install/car_interfaces/local/lib/python3.10/dist-packages:${PYTHONPATH} /usr/bin/cmake /home/rhobtor/reactive/Reactive-Navegation/workspace_full_conected/src/octomap/octomap_server -DCMAKE_INSTALL_PREFIX=/home/rhobtor/reactive/Reactive-Navegation/workspace_full_conected/install/octomap_server
[2.864s] Invoking command in '/home/rhobtor/reactive/Reactive-Navegation/workspace_full_conected/build/octomap_server': AMENT_PREFIX_PATH=/home/rhobtor/reactive/Reactive-Navegation/workspace_full_conected/install/car_interfaces:${AMENT_PREFIX_PATH} CMAKE_PREFIX_PATH=/home/rhobtor/reactive/Reactive-Navegation/workspace_full_conected/install/car_interfaces:/opt/ros/humble LD_LIBRARY_PATH=/home/rhobtor/reactive/Reactive-Navegation/workspace_full_conected/install/car_interfaces/lib:${LD_LIBRARY_PATH} PYTHONPATH=/home/rhobtor/reactive/Reactive-Navegation/workspace_full_conected/install/car_interfaces/local/lib/python3.10/dist-packages:${PYTHONPATH} /usr/bin/cmake --build /home/rhobtor/reactive/Reactive-Navegation/workspace_full_conected/build/octomap_server -- -j20 -l20
[2.914s] [ 23%] [32mBuilding CXX object CMakeFiles/octomap_server_static.dir/src/octomap_server_static.cpp.o[0m
[2.914s] [ 23%] [32mBuilding CXX object CMakeFiles/color_octomap_server_node.dir/rclcpp_components/node_main_color_octomap_server_node.cpp.o[0m
[2.914s] [ 23%] [32mBuilding CXX object CMakeFiles/octomap_server_static_node.dir/rclcpp_components/node_main_octomap_server_static_node.cpp.o[0m
[2.914s] [ 23%] [32mBuilding CXX object CMakeFiles/octomap_server_node.dir/rclcpp_components/node_main_octomap_server_node.cpp.o[0m
[2.914s] [ 23%] [32mBuilding CXX object CMakeFiles/octomap_server_multilayer_node.dir/rclcpp_components/node_main_octomap_server_multilayer_node.cpp.o[0m
[2.914s] [ 23%] [32mBuilding CXX object CMakeFiles/tracking_octomap_server_node.dir/rclcpp_components/node_main_tracking_octomap_server_node.cpp.o[0m
[2.914s] [ 26%] [32mBuilding CXX object CMakeFiles/octomap_saver_node.dir/rclcpp_components/node_main_octomap_saver_node.cpp.o[0m
[7.258s] [ 30%] [32m[1mLinking CXX executable color_octomap_server_node[0m
[7.290s] [ 34%] [32m[1mLinking CXX executable octomap_saver_node[0m
[7.304s] [ 38%] [32m[1mLinking CXX executable octomap_server_static_node[0m
[7.355s] [ 42%] [32m[1mLinking CXX executable octomap_server_node[0m
[7.517s] [ 42%] Built target color_octomap_server_node
[7.594s] [ 42%] Built target octomap_server_static_node
[7.640s] [ 46%] [32m[1mLinking CXX executable octomap_server_multilayer_node[0m
[7.690s] [ 46%] Built target octomap_saver_node
[7.694s] [ 46%] Built target octomap_server_node
[7.877s] [ 46%] Built target octomap_server_multilayer_node
[8.580s] [ 50%] [32m[1mLinking CXX executable tracking_octomap_server_node[0m
[8.956s] [ 50%] Built target tracking_octomap_server_node
[9.393s] [ 53%] [32m[1mLinking CXX shared library liboctomap_server_static.so[0m
[10.436s] [ 53%] Built target octomap_server_static
[10.494s] [ 57%] [32mBuilding CXX object CMakeFiles/octomap_server.dir/src/octomap_server.cpp.o[0m
[31.188s] [ 61%] [32m[1mLinking CXX shared library liboctomap_server.so[0m
[32.139s] [ 61%] Built target octomap_server
[32.174s] [ 69%] [32mBuilding CXX object CMakeFiles/octomap_server_multilayer.dir/src/octomap_server.cpp.o[0m
[32.174s] [ 69%] [32mBuilding CXX object CMakeFiles/octomap_server_multilayer.dir/src/octomap_server_multilayer.cpp.o[0m
[42.839s] [ 73%] [32m[1mLinking CXX shared library liboctomap_server_multilayer.so[0m
[43.949s] [ 73%] Built target octomap_server_multilayer
[43.963s] [ 76%] [32mBuilding CXX object CMakeFiles/tracking_octomap_server.dir/src/octomap_server.cpp.o[0m
[43.965s] [ 80%] [32mBuilding CXX object CMakeFiles/tracking_octomap_server.dir/src/tracking_octomap_server.cpp.o[0m
[54.199s] [ 84%] [32m[1mLinking CXX shared library libtracking_octomap_server.so[0m
[55.317s] [ 84%] Built target tracking_octomap_server
[55.333s] [ 88%] [32mBuilding CXX object CMakeFiles/color_octomap_server.dir/src/octomap_server.cpp.o[0m
[65.057s] [ 92%] [32m[1mLinking CXX shared library libcolor_octomap_server.so[0m
[66.099s] [ 92%] Built target color_octomap_server
[66.114s] [ 96%] [32mBuilding CXX object CMakeFiles/octomap_saver.dir/src/octomap_saver.cpp.o[0m
[68.092s] [100%] [32m[1mLinking CXX shared library liboctomap_saver.so[0m
[68.389s] [100%] Built target octomap_saver
