[0.170s] Invoking command in '/home/rhobtor/reactive/Reactive-Navegation/workspace_full_conected/build/car_cpp': /usr/bin/cmake /home/rhobtor/reactive/Reactive-Navegation/workspace_full_conected/src/car_cpp -DCATKIN_INSTALL_INTO_PREFIX_ROOT=0 -DCMAKE_INSTALL_PREFIX=/home/rhobtor/reactive/Reactive-Navegation/workspace_full_conected/install/car_cpp
[0.253s] -- The C compiler identification is GNU 11.4.0
[0.302s] -- The CXX compiler identification is GNU 11.4.0
[0.311s] -- Detecting C compiler ABI info
[0.392s] -- Detecting C compiler ABI info - done
[0.395s] -- Check for working C compiler: /usr/bin/cc - skipped
[0.396s] -- Detecting C compile features
[0.397s] -- Detecting C compile features - done
[0.400s] -- Detecting CXX compiler ABI info
[0.480s] -- Detecting CXX compiler ABI info - done
[0.490s] -- Check for working CXX compiler: /usr/bin/c++ - skipped
[0.490s] -- Detecting CXX compile features
[0.490s] -- Detecting CXX compile features - done
[0.492s] -- Found ament_cmake: 1.3.11 (/opt/ros/humble/share/ament_cmake/cmake)
[0.609s] -- Found Python3: /usr/bin/python3 (found version "3.10.12") found components: Interpreter 
[0.738s] -- Found rclcpp: 16.0.11 (/opt/ros/humble/share/rclcpp/cmake)
[0.772s] -- Found rosidl_generator_c: 3.1.6 (/opt/ros/humble/share/rosidl_generator_c/cmake)
[0.776s] -- Found rosidl_adapter: 3.1.6 (/opt/ros/humble/share/rosidl_adapter/cmake)
[0.783s] -- Found rosidl_generator_cpp: 3.1.6 (/opt/ros/humble/share/rosidl_generator_cpp/cmake)
[0.795s] -- Using all available rosidl_typesupport_c: rosidl_typesupport_fastrtps_c;rosidl_typesupport_introspection_c
[0.807s] -- Using all available rosidl_typesupport_cpp: rosidl_typesupport_fastrtps_cpp;rosidl_typesupport_introspection_cpp
[0.843s] -- Found rmw_implementation_cmake: 6.1.2 (/opt/ros/humble/share/rmw_implementation_cmake/cmake)
[0.846s] -- Found rmw_fastrtps_cpp: 6.2.7 (/opt/ros/humble/share/rmw_fastrtps_cpp/cmake)
[0.916s] -- Found OpenSSL: /usr/lib/x86_64-linux-gnu/libcrypto.so (found version "3.0.2")  
[0.931s] -- Found FastRTPS: /opt/ros/humble/include  
[0.958s] -- Using RMW implementation 'rmw_fastrtps_cpp' as default
[0.965s] -- Looking for pthread.h
[1.031s] -- Looking for pthread.h - found
[1.032s] -- Performing Test CMAKE_HAVE_LIBC_PTHREAD
[1.091s] -- Performing Test CMAKE_HAVE_LIBC_PTHREAD - Success
[1.091s] -- Found Threads: TRUE  
[1.133s] -- Found gazebo_ros: 3.7.0 (/opt/ros/humble/share/gazebo_ros/cmake)
[1.144s] -- Found PkgConfig: /usr/bin/pkg-config (found version "0.29.2") 
[1.144s] -- Checking for module 'bullet>=2.82'
[1.155s] --   Found bullet, version 3.05
[1.243s] -- Found fcl: /usr/include (found suitable version "0.7.0", minimum required is "0.5.0") 
[1.286s] -- Found assimp: /usr/include (found version "5.2.0") 
[1.298s] -- Found DART: /usr/include (Required is at least version "6.6") found components: dart 
[1.318s] -- Found Boost: /usr/lib/x86_64-linux-gnu/cmake/Boost-1.74.0/BoostConfig.cmake (found suitable version "1.74.0", minimum required is "1.40.0") found components: thread system filesystem program_options regex iostreams date_time 
[1.331s] -- Found Protobuf: /usr/lib/x86_64-linux-gnu/libprotobuf.so (found version "3.12.4") 
[1.333s] -- Looking for ignition-math6 -- found version 6.15.1
[1.340s] -- Searching for dependencies of ignition-math6
[1.342s] -- Looking for OGRE...
[1.343s] -- OGRE_PREFIX_WATCH changed.
[1.348s] -- Checking for module 'OGRE'
[1.359s] --   Found OGRE, version 1.9.0
[1.386s] -- Found Ogre Ghadamon (1.9.0)
[1.392s] -- Found OGRE: optimized;/usr/lib/x86_64-linux-gnu/libOgreMain.so;debug;/usr/lib/x86_64-linux-gnu/libOgreMain.so
[1.399s] -- Looking for OGRE_Paging...
[1.402s] -- Found OGRE_Paging: optimized;/usr/lib/x86_64-linux-gnu/libOgrePaging.so;debug;/usr/lib/x86_64-linux-gnu/libOgrePaging.so
[1.402s] -- Looking for OGRE_Terrain...
[1.404s] -- Found OGRE_Terrain: optimized;/usr/lib/x86_64-linux-gnu/libOgreTerrain.so;debug;/usr/lib/x86_64-linux-gnu/libOgreTerrain.so
[1.405s] -- Looking for OGRE_Property...
[1.407s] -- Found OGRE_Property: optimized;/usr/lib/x86_64-linux-gnu/libOgreProperty.so;debug;/usr/lib/x86_64-linux-gnu/libOgreProperty.so
[1.407s] -- Looking for OGRE_RTShaderSystem...
[1.409s] -- Found OGRE_RTShaderSystem: optimized;/usr/lib/x86_64-linux-gnu/libOgreRTShaderSystem.so;debug;/usr/lib/x86_64-linux-gnu/libOgreRTShaderSystem.so
[1.410s] -- Looking for OGRE_Volume...
[1.412s] -- Found OGRE_Volume: optimized;/usr/lib/x86_64-linux-gnu/libOgreVolume.so;debug;/usr/lib/x86_64-linux-gnu/libOgreVolume.so
[1.412s] -- Looking for OGRE_Overlay...
[1.416s] -- Found OGRE_Overlay: optimized;/usr/lib/x86_64-linux-gnu/libOgreOverlay.so;debug;/usr/lib/x86_64-linux-gnu/libOgreOverlay.so
[1.470s] -- Looking for ignition-math6 -- found version 6.15.1
[1.471s] -- Looking for ignition-transport8 -- found version 8.2.1
[1.472s] -- Searching for dependencies of ignition-transport8
[1.486s] -- Found Protobuf: /usr/lib/x86_64-linux-gnu/libprotobuf.so (found suitable version "3.12.4", minimum required is "3") 
[1.492s] -- Config-file not installed for ZeroMQ -- checking for pkg-config
[1.496s] -- Checking for module 'libzmq >= 4'
[1.508s] --   Found libzmq , version 4.3.4
[1.540s] -- Found ZeroMQ: TRUE (Required is at least version "4") 
[1.545s] -- Checking for module 'uuid'
[1.555s] --   Found uuid, version 2.37.2
[1.583s] -- Found UUID: TRUE  
[1.584s] -- Looking for ignition-msgs5 -- found version 5.8.1
[1.584s] -- Searching for dependencies of ignition-msgs5
[1.600s] -- Looking for ignition-math6 -- found version 6.15.1
[1.606s] -- Checking for module 'tinyxml2'
[1.618s] --   Found tinyxml2, version 9.0.0
[1.650s] -- Looking for ignition-msgs5 -- found version 5.8.1
[1.651s] -- Looking for ignition-common3 -- found version 3.14.0
[1.651s] -- Searching for dependencies of ignition-common3
[1.651s] -- Looking for dlfcn.h - found
[1.652s] -- Looking for libdl - found
[1.653s] -- Found DL: TRUE  
[1.662s] -- Found tinyobjloader: /usr/lib/x86_64-linux-gnu/cmake/tinyobjloader/tinyobjloader-config.cmake (found version "2.0.0") 
[1.664s] -- Searching for <ignition-common3> component [graphics]
[1.665s] -- Looking for ignition-common3-graphics -- found version 3.14.0
[1.665s] -- Searching for dependencies of ignition-common3-graphics
[1.665s] -- Looking for ignition-math6 -- found version 6.15.1
[1.668s] -- Looking for ignition-fuel_tools4 -- found version 4.4.0
[1.668s] -- Searching for dependencies of ignition-fuel_tools4
[1.736s] -- Found CURL: /usr/lib/x86_64-linux-gnu/libcurl.so (found version "7.81.0")  
[1.743s] -- Checking for module 'jsoncpp'
[1.754s] --   Found jsoncpp, version 1.9.5
[1.784s] -- Found JSONCPP: TRUE  
[1.790s] -- Checking for module 'libzip'
[1.802s] --   Found libzip, version 1.7.3
[1.831s] -- Found ZIP: TRUE  
[1.832s] -- Looking for ignition-common3 -- found version 3.14.0
[1.832s] -- Looking for ignition-math6 -- found version 6.15.1
[1.832s] -- Looking for ignition-msgs5 -- found version 5.8.1
[1.836s] -- Gazebo version: 11.10
[1.836s] -- Checking for module 'tbb'
[1.849s] --   Found tbb, version 2021.5.0
[1.882s] -- Found pluginlib: 5.1.0 (/opt/ros/humble/share/pluginlib/cmake)
[1.903s] -- Found geometry_msgs: 4.2.4 (/opt/ros/humble/share/geometry_msgs/cmake)
[1.970s] -- Configuring done
[1.990s] -- Generating done
[1.991s] [33mCMake Warning:
[1.991s]   Manually-specified variables were not used by the project:
[1.991s] 
[1.991s]     CATKIN_INSTALL_INTO_PREFIX_ROOT
[1.991s] 
[1.991s] [0m
[1.995s] -- Build files have been written to: /home/rhobtor/reactive/Reactive-Navegation/workspace_full_conected/build/car_cpp
[2.007s] Invoked command in '/home/rhobtor/reactive/Reactive-Navegation/workspace_full_conected/build/car_cpp' returned '0': /usr/bin/cmake /home/rhobtor/reactive/Reactive-Navegation/workspace_full_conected/src/car_cpp -DCATKIN_INSTALL_INTO_PREFIX_ROOT=0 -DCMAKE_INSTALL_PREFIX=/home/rhobtor/reactive/Reactive-Navegation/workspace_full_conected/install/car_cpp
[2.007s] Invoking command in '/home/rhobtor/reactive/Reactive-Navegation/workspace_full_conected/build/car_cpp': /usr/bin/cmake --build /home/rhobtor/reactive/Reactive-Navegation/workspace_full_conected/build/car_cpp -- -j2 -l2
[2.057s] [ 50%] [32mBuilding CXX object CMakeFiles/control_plugin.dir/src/control_plugin.cpp.o[0m
[14.880s] [100%] [32m[1mLinking CXX shared library libcontrol_plugin.so[0m
[15.424s] [100%] Built target control_plugin
[15.436s] Invoked command in '/home/rhobtor/reactive/Reactive-Navegation/workspace_full_conected/build/car_cpp' returned '0': /usr/bin/cmake --build /home/rhobtor/reactive/Reactive-Navegation/workspace_full_conected/build/car_cpp -- -j2 -l2
[15.446s] Invoking command in '/home/rhobtor/reactive/Reactive-Navegation/workspace_full_conected/build/car_cpp': /usr/bin/cmake --install /home/rhobtor/reactive/Reactive-Navegation/workspace_full_conected/build/car_cpp
[15.454s] -- Install configuration: ""
[15.455s] -- Installing: /home/rhobtor/reactive/Reactive-Navegation/workspace_full_conected/install/car_cpp/lib/libcontrol_plugin.so
[15.461s] -- Set runtime path of "/home/rhobtor/reactive/Reactive-Navegation/workspace_full_conected/install/car_cpp/lib/libcontrol_plugin.so" to ""
[15.462s] -- Installing: /home/rhobtor/reactive/Reactive-Navegation/workspace_full_conected/install/car_cpp/share/ament_index/resource_index/package_run_dependencies/car_cpp
[15.462s] -- Installing: /home/rhobtor/reactive/Reactive-Navegation/workspace_full_conected/install/car_cpp/share/ament_index/resource_index/parent_prefix_path/car_cpp
[15.463s] -- Installing: /home/rhobtor/reactive/Reactive-Navegation/workspace_full_conected/install/car_cpp/share/car_cpp/environment/ament_prefix_path.sh
[15.463s] -- Installing: /home/rhobtor/reactive/Reactive-Navegation/workspace_full_conected/install/car_cpp/share/car_cpp/environment/ament_prefix_path.dsv
[15.463s] -- Installing: /home/rhobtor/reactive/Reactive-Navegation/workspace_full_conected/install/car_cpp/share/car_cpp/environment/path.sh
[15.463s] -- Installing: /home/rhobtor/reactive/Reactive-Navegation/workspace_full_conected/install/car_cpp/share/car_cpp/environment/path.dsv
[15.463s] -- Installing: /home/rhobtor/reactive/Reactive-Navegation/workspace_full_conected/install/car_cpp/share/car_cpp/local_setup.bash
[15.463s] -- Installing: /home/rhobtor/reactive/Reactive-Navegation/workspace_full_conected/install/car_cpp/share/car_cpp/local_setup.sh
[15.463s] -- Installing: /home/rhobtor/reactive/Reactive-Navegation/workspace_full_conected/install/car_cpp/share/car_cpp/local_setup.zsh
[15.463s] -- Installing: /home/rhobtor/reactive/Reactive-Navegation/workspace_full_conected/install/car_cpp/share/car_cpp/local_setup.dsv
[15.463s] -- Installing: /home/rhobtor/reactive/Reactive-Navegation/workspace_full_conected/install/car_cpp/share/car_cpp/package.dsv
[15.465s] -- Installing: /home/rhobtor/reactive/Reactive-Navegation/workspace_full_conected/install/car_cpp/share/ament_index/resource_index/packages/car_cpp
[15.465s] -- Installing: /home/rhobtor/reactive/Reactive-Navegation/workspace_full_conected/install/car_cpp/share/car_cpp/cmake/car_cppConfig.cmake
[15.465s] -- Installing: /home/rhobtor/reactive/Reactive-Navegation/workspace_full_conected/install/car_cpp/share/car_cpp/cmake/car_cppConfig-version.cmake
[15.465s] -- Installing: /home/rhobtor/reactive/Reactive-Navegation/workspace_full_conected/install/car_cpp/share/car_cpp/package.xml
[15.468s] Invoked command in '/home/rhobtor/reactive/Reactive-Navegation/workspace_full_conected/build/car_cpp' returned '0': /usr/bin/cmake --install /home/rhobtor/reactive/Reactive-Navegation/workspace_full_conected/build/car_cpp
