[0.076s] Invoking command in '/home/rhobtor/reactive/Reactive-Navegation/workspace_full_conected/build/octomap_server': CMAKE_PREFIX_PATH=/home/rhobtor/reactive/Reactive-Navegation/workspace_full_conected/install/car_interfaces:/home/rhobtor/reactive/Reactive-Navegation/workspace_full_conected/install/octomap_mapping:/home/rhobtor/reactive/Reactive-Navegation/workspace_full_conected/install/octomap_server:/home/rhobtor/reactive/Reactive-Navegation/workspace_full_conected/install/octomap_rviz_plugins:/home/rhobtor/reactive/Reactive-Navegation/workspace_full_conected/install/hector_gazebo_plugins:/home/rhobtor/reactive/Reactive-Navegation/workspace_full_conected/install/car_cpp:/home/rhobtor/reactive/Reactive-Navegation/workspace_full_conected/install/car:/opt/ros/humble LD_LIBRARY_PATH=/home/rhobtor/reactive/Reactive-Navegation/workspace_full_conected/install/car_interfaces/lib:/home/rhobtor/reactive/Reactive-Navegation/workspace_full_conected/install/octomap_server/lib:/home/rhobtor/reactive/Reactive-Navegation/workspace_full_conected/install/octomap_rviz_plugins/lib:/home/rhobtor/reactive/Reactive-Navegation/workspace_full_conected/install/hector_gazebo_plugins/lib:/home/rhobtor/reactive/Reactive-Navegation/workspace_full_conected/install/car_cpp/lib:/usr/lib/x86_64-linux-gnu/gazebo-11/plugins:/opt/ros/humble/opt/rviz_ogre_vendor/lib:/opt/ros/humble/lib/x86_64-linux-gnu:/opt/ros/humble/lib /usr/bin/cmake --build /home/rhobtor/reactive/Reactive-Navegation/workspace_full_conected/build/octomap_server -- -j20 -l20
[0.527s] [ 15%] Built target color_octomap_server_node
[0.527s] [ 15%] Built target octomap_server_static_node
[0.529s] [ 23%] Built target octomap_saver_node
[0.530s] [ 38%] Built target tracking_octomap_server_node
[0.531s] [ 38%] Built target octomap_server_node
[0.564s] [ 46%] Built target octomap_server_static
[0.741s] [ 53%] Built target octomap_server_multilayer_node
[1.406s] [ 61%] Built target octomap_server
[1.474s] [ 73%] Built target octomap_server_multilayer
[1.589s] [ 84%] Built target tracking_octomap_server
[1.689s] [ 92%] Built target color_octomap_server
[1.737s] [100%] Built target octomap_saver
[1.747s] Invoked command in '/home/rhobtor/reactive/Reactive-Navegation/workspace_full_conected/build/octomap_server' returned '0': CMAKE_PREFIX_PATH=/home/rhobtor/reactive/Reactive-Navegation/workspace_full_conected/install/car_interfaces:/home/rhobtor/reactive/Reactive-Navegation/workspace_full_conected/install/octomap_mapping:/home/rhobtor/reactive/Reactive-Navegation/workspace_full_conected/install/octomap_server:/home/rhobtor/reactive/Reactive-Navegation/workspace_full_conected/install/octomap_rviz_plugins:/home/rhobtor/reactive/Reactive-Navegation/workspace_full_conected/install/hector_gazebo_plugins:/home/rhobtor/reactive/Reactive-Navegation/workspace_full_conected/install/car_cpp:/home/rhobtor/reactive/Reactive-Navegation/workspace_full_conected/install/car:/opt/ros/humble LD_LIBRARY_PATH=/home/rhobtor/reactive/Reactive-Navegation/workspace_full_conected/install/car_interfaces/lib:/home/rhobtor/reactive/Reactive-Navegation/workspace_full_conected/install/octomap_server/lib:/home/rhobtor/reactive/Reactive-Navegation/workspace_full_conected/install/octomap_rviz_plugins/lib:/home/rhobtor/reactive/Reactive-Navegation/workspace_full_conected/install/hector_gazebo_plugins/lib:/home/rhobtor/reactive/Reactive-Navegation/workspace_full_conected/install/car_cpp/lib:/usr/lib/x86_64-linux-gnu/gazebo-11/plugins:/opt/ros/humble/opt/rviz_ogre_vendor/lib:/opt/ros/humble/lib/x86_64-linux-gnu:/opt/ros/humble/lib /usr/bin/cmake --build /home/rhobtor/reactive/Reactive-Navegation/workspace_full_conected/build/octomap_server -- -j20 -l20
[1.756s] Invoking command in '/home/rhobtor/reactive/Reactive-Navegation/workspace_full_conected/build/octomap_server': CMAKE_PREFIX_PATH=/home/rhobtor/reactive/Reactive-Navegation/workspace_full_conected/install/car_interfaces:/home/rhobtor/reactive/Reactive-Navegation/workspace_full_conected/install/octomap_mapping:/home/rhobtor/reactive/Reactive-Navegation/workspace_full_conected/install/octomap_server:/home/rhobtor/reactive/Reactive-Navegation/workspace_full_conected/install/octomap_rviz_plugins:/home/rhobtor/reactive/Reactive-Navegation/workspace_full_conected/install/hector_gazebo_plugins:/home/rhobtor/reactive/Reactive-Navegation/workspace_full_conected/install/car_cpp:/home/rhobtor/reactive/Reactive-Navegation/workspace_full_conected/install/car:/opt/ros/humble LD_LIBRARY_PATH=/home/rhobtor/reactive/Reactive-Navegation/workspace_full_conected/install/car_interfaces/lib:/home/rhobtor/reactive/Reactive-Navegation/workspace_full_conected/install/octomap_server/lib:/home/rhobtor/reactive/Reactive-Navegation/workspace_full_conected/install/octomap_rviz_plugins/lib:/home/rhobtor/reactive/Reactive-Navegation/workspace_full_conected/install/hector_gazebo_plugins/lib:/home/rhobtor/reactive/Reactive-Navegation/workspace_full_conected/install/car_cpp/lib:/usr/lib/x86_64-linux-gnu/gazebo-11/plugins:/opt/ros/humble/opt/rviz_ogre_vendor/lib:/opt/ros/humble/lib/x86_64-linux-gnu:/opt/ros/humble/lib /usr/bin/cmake --install /home/rhobtor/reactive/Reactive-Navegation/workspace_full_conected/build/octomap_server
[1.770s] -- Install configuration: ""
[1.808s] -- Up-to-date: /home/rhobtor/reactive/Reactive-Navegation/workspace_full_conected/install/octomap_server/lib/octomap_server/octomap_server_static_node
[1.830s] -- Up-to-date: /home/rhobtor/reactive/Reactive-Navegation/workspace_full_conected/install/octomap_server/lib/octomap_server/octomap_server_node
[1.843s] -- Up-to-date: /home/rhobtor/reactive/Reactive-Navegation/workspace_full_conected/install/octomap_server/lib/octomap_server/octomap_server_multilayer_node
[1.845s] -- Up-to-date: /home/rhobtor/reactive/Reactive-Navegation/workspace_full_conected/install/octomap_server/lib/octomap_server/tracking_octomap_server_node
[1.846s] -- Up-to-date: /home/rhobtor/reactive/Reactive-Navegation/workspace_full_conected/install/octomap_server/lib/octomap_server/color_octomap_server_node
[1.855s] -- Up-to-date: /home/rhobtor/reactive/Reactive-Navegation/workspace_full_conected/install/octomap_server/lib/octomap_server/octomap_saver_node
[1.856s] -- Up-to-date: /home/rhobtor/reactive/Reactive-Navegation/workspace_full_conected/install/octomap_server/include
[1.856s] -- Up-to-date: /home/rhobtor/reactive/Reactive-Navegation/workspace_full_conected/install/octomap_server/include/octomap_server
[1.856s] -- Up-to-date: /home/rhobtor/reactive/Reactive-Navegation/workspace_full_conected/install/octomap_server/include/octomap_server/octomap_server_multilayer.hpp
[1.856s] -- Up-to-date: /home/rhobtor/reactive/Reactive-Navegation/workspace_full_conected/install/octomap_server/include/octomap_server/octomap_server.hpp
[1.856s] -- Up-to-date: /home/rhobtor/reactive/Reactive-Navegation/workspace_full_conected/install/octomap_server/include/octomap_server/octomap_server_static.hpp
[1.856s] -- Up-to-date: /home/rhobtor/reactive/Reactive-Navegation/workspace_full_conected/install/octomap_server/include/octomap_server/tracking_octomap_server.hpp
[1.856s] -- Up-to-date: /home/rhobtor/reactive/Reactive-Navegation/workspace_full_conected/install/octomap_server/share/octomap_server/environment/library_path.sh
[1.856s] -- Up-to-date: /home/rhobtor/reactive/Reactive-Navegation/workspace_full_conected/install/octomap_server/share/octomap_server/environment/library_path.dsv
[1.928s] -- Up-to-date: /home/rhobtor/reactive/Reactive-Navegation/workspace_full_conected/install/octomap_server/lib/liboctomap_server_static.so
[1.977s] -- Up-to-date: /home/rhobtor/reactive/Reactive-Navegation/workspace_full_conected/install/octomap_server/lib/liboctomap_server.so
[2.063s] -- Up-to-date: /home/rhobtor/reactive/Reactive-Navegation/workspace_full_conected/install/octomap_server/lib/liboctomap_server_multilayer.so
[2.176s] -- Up-to-date: /home/rhobtor/reactive/Reactive-Navegation/workspace_full_conected/install/octomap_server/lib/libtracking_octomap_server.so
[2.330s] -- Up-to-date: /home/rhobtor/reactive/Reactive-Navegation/workspace_full_conected/install/octomap_server/lib/libcolor_octomap_server.so
[2.413s] -- Up-to-date: /home/rhobtor/reactive/Reactive-Navegation/workspace_full_conected/install/octomap_server/lib/liboctomap_saver.so
[2.413s] -- Up-to-date: /home/rhobtor/reactive/Reactive-Navegation/workspace_full_conected/install/octomap_server/share/octomap_server/launch
[2.413s] -- Up-to-date: /home/rhobtor/reactive/Reactive-Navegation/workspace_full_conected/install/octomap_server/share/octomap_server/launch/octomap_tracking_server.launch.xml
[2.413s] -- Up-to-date: /home/rhobtor/reactive/Reactive-Navegation/workspace_full_conected/install/octomap_server/share/octomap_server/launch/octomap_mapping.launch.xml
[2.413s] -- Up-to-date: /home/rhobtor/reactive/Reactive-Navegation/workspace_full_conected/install/octomap_server/share/octomap_server/launch/octomap_tracking_client.launch.xml
[2.413s] -- Up-to-date: /home/rhobtor/reactive/Reactive-Navegation/workspace_full_conected/install/octomap_server/share/octomap_server/params
[2.413s] -- Up-to-date: /home/rhobtor/reactive/Reactive-Navegation/workspace_full_conected/install/octomap_server/share/octomap_server/params/default.yaml
[2.413s] -- Up-to-date: /home/rhobtor/reactive/Reactive-Navegation/workspace_full_conected/install/octomap_server/share/ament_index/resource_index/package_run_dependencies/octomap_server
[2.413s] -- Up-to-date: /home/rhobtor/reactive/Reactive-Navegation/workspace_full_conected/install/octomap_server/share/ament_index/resource_index/parent_prefix_path/octomap_server
[2.413s] -- Up-to-date: /home/rhobtor/reactive/Reactive-Navegation/workspace_full_conected/install/octomap_server/share/octomap_server/environment/ament_prefix_path.sh
[2.414s] -- Up-to-date: /home/rhobtor/reactive/Reactive-Navegation/workspace_full_conected/install/octomap_server/share/octomap_server/environment/ament_prefix_path.dsv
[2.414s] -- Up-to-date: /home/rhobtor/reactive/Reactive-Navegation/workspace_full_conected/install/octomap_server/share/octomap_server/environment/path.sh
[2.414s] -- Up-to-date: /home/rhobtor/reactive/Reactive-Navegation/workspace_full_conected/install/octomap_server/share/octomap_server/environment/path.dsv
[2.414s] -- Up-to-date: /home/rhobtor/reactive/Reactive-Navegation/workspace_full_conected/install/octomap_server/share/octomap_server/local_setup.bash
[2.414s] -- Up-to-date: /home/rhobtor/reactive/Reactive-Navegation/workspace_full_conected/install/octomap_server/share/octomap_server/local_setup.sh
[2.414s] -- Up-to-date: /home/rhobtor/reactive/Reactive-Navegation/workspace_full_conected/install/octomap_server/share/octomap_server/local_setup.zsh
[2.414s] -- Up-to-date: /home/rhobtor/reactive/Reactive-Navegation/workspace_full_conected/install/octomap_server/share/octomap_server/local_setup.dsv
[2.414s] -- Installing: /home/rhobtor/reactive/Reactive-Navegation/workspace_full_conected/install/octomap_server/share/octomap_server/package.dsv
[2.437s] -- Up-to-date: /home/rhobtor/reactive/Reactive-Navegation/workspace_full_conected/install/octomap_server/share/ament_index/resource_index/packages/octomap_server
[2.437s] -- Up-to-date: /home/rhobtor/reactive/Reactive-Navegation/workspace_full_conected/install/octomap_server/share/ament_index/resource_index/rclcpp_components/octomap_server
[2.437s] -- Up-to-date: /home/rhobtor/reactive/Reactive-Navegation/workspace_full_conected/install/octomap_server/share/octomap_server/cmake/ament_cmake_export_dependencies-extras.cmake
[2.437s] -- Up-to-date: /home/rhobtor/reactive/Reactive-Navegation/workspace_full_conected/install/octomap_server/share/octomap_server/cmake/ament_cmake_export_include_directories-extras.cmake
[2.437s] -- Up-to-date: /home/rhobtor/reactive/Reactive-Navegation/workspace_full_conected/install/octomap_server/share/octomap_server/cmake/ament_cmake_export_libraries-extras.cmake
[2.437s] -- Up-to-date: /home/rhobtor/reactive/Reactive-Navegation/workspace_full_conected/install/octomap_server/share/octomap_server/cmake/octomap_serverConfig.cmake
[2.437s] -- Up-to-date: /home/rhobtor/reactive/Reactive-Navegation/workspace_full_conected/install/octomap_server/share/octomap_server/cmake/octomap_serverConfig-version.cmake
[2.437s] -- Up-to-date: /home/rhobtor/reactive/Reactive-Navegation/workspace_full_conected/install/octomap_server/share/octomap_server/package.xml
[2.437s] -- Up-to-date: /home/rhobtor/reactive/Reactive-Navegation/workspace_full_conected/install/octomap_server/lib/octomap_server/octomap_eraser_cli.py
[2.438s] Invoked command in '/home/rhobtor/reactive/Reactive-Navegation/workspace_full_conected/build/octomap_server' returned '0': CMAKE_PREFIX_PATH=/home/rhobtor/reactive/Reactive-Navegation/workspace_full_conected/install/car_interfaces:/home/rhobtor/reactive/Reactive-Navegation/workspace_full_conected/install/octomap_mapping:/home/rhobtor/reactive/Reactive-Navegation/workspace_full_conected/install/octomap_server:/home/rhobtor/reactive/Reactive-Navegation/workspace_full_conected/install/octomap_rviz_plugins:/home/rhobtor/reactive/Reactive-Navegation/workspace_full_conected/install/hector_gazebo_plugins:/home/rhobtor/reactive/Reactive-Navegation/workspace_full_conected/install/car_cpp:/home/rhobtor/reactive/Reactive-Navegation/workspace_full_conected/install/car:/opt/ros/humble LD_LIBRARY_PATH=/home/rhobtor/reactive/Reactive-Navegation/workspace_full_conected/install/car_interfaces/lib:/home/rhobtor/reactive/Reactive-Navegation/workspace_full_conected/install/octomap_server/lib:/home/rhobtor/reactive/Reactive-Navegation/workspace_full_conected/install/octomap_rviz_plugins/lib:/home/rhobtor/reactive/Reactive-Navegation/workspace_full_conected/install/hector_gazebo_plugins/lib:/home/rhobtor/reactive/Reactive-Navegation/workspace_full_conected/install/car_cpp/lib:/usr/lib/x86_64-linux-gnu/gazebo-11/plugins:/opt/ros/humble/opt/rviz_ogre_vendor/lib:/opt/ros/humble/lib/x86_64-linux-gnu:/opt/ros/humble/lib /usr/bin/cmake --install /home/rhobtor/reactive/Reactive-Navegation/workspace_full_conected/build/octomap_server
