[0.069s] DEBUG:colcon:Command line arguments: ['/usr/bin/colcon', 'build']
[0.070s] DEBUG:colcon:Parsed command line arguments: Namespace(log_base=None, log_level=None, verb_name='build', build_base='build', install_base='install', merge_install=False, symlink_install=False, test_result_base=None, continue_on_error=False, executor='parallel', parallel_workers=4, event_handlers=None, ignore_user_meta=False, metas=['./colcon.meta'], base_paths=['.'], packages_ignore=None, packages_ignore_regex=None, paths=None, packages_up_to=None, packages_up_to_regex=None, packages_above=None, packages_above_and_dependencies=None, packages_above_depth=None, packages_select_by_dep=None, packages_skip_by_dep=None, packages_skip_up_to=None, packages_select_build_failed=False, packages_skip_build_finished=False, packages_select_test_failures=False, packages_skip_test_passed=False, packages_select=None, packages_skip=None, packages_select_regex=None, packages_skip_regex=None, packages_start=None, packages_end=None, allow_overriding=[], cmake_args=None, cmake_target=None, cmake_target_skip_unavailable=False, cmake_clean_cache=False, cmake_clean_first=False, cmake_force_configure=False, ament_cmake_args=None, catkin_cmake_args=None, catkin_skip_building_tests=False, mixin_files=None, mixin=None, verb_parser=<colcon_mixin.mixin.mixin_argument.MixinArgumentDecorator object at 0x7dbc62752cb0>, verb_extension=<colcon_core.verb.build.BuildVerb object at 0x7dbc62751e40>, main=<bound method BuildVerb.main of <colcon_core.verb.build.BuildVerb object at 0x7dbc62751e40>>, mixin_verb=('build',))
[0.174s] Level 1:colcon.colcon_core.package_discovery:discover_packages(colcon_meta) check parameters
[0.174s] Level 1:colcon.colcon_core.package_discovery:discover_packages(recursive) check parameters
[0.174s] Level 1:colcon.colcon_core.package_discovery:discover_packages(ignore) check parameters
[0.174s] Level 1:colcon.colcon_core.package_discovery:discover_packages(path) check parameters
[0.174s] Level 1:colcon.colcon_core.package_discovery:discover_packages(colcon_meta) discover
[0.174s] Level 1:colcon.colcon_core.package_discovery:discover_packages(recursive) discover
[0.174s] INFO:colcon.colcon_core.package_discovery:Crawling recursively for packages in '/home/rhobtor/reactive/Reactive-Navegation/workspace_full_conected'
[0.174s] Level 1:colcon.colcon_core.package_identification:_identify(.) by extensions ['ignore', 'ignore_ament_install']
[0.174s] Level 1:colcon.colcon_core.package_identification:_identify(.) by extension 'ignore'
[0.174s] Level 1:colcon.colcon_core.package_identification:_identify(.) by extension 'ignore_ament_install'
[0.174s] Level 1:colcon.colcon_core.package_identification:_identify(.) by extensions ['colcon_pkg']
[0.174s] Level 1:colcon.colcon_core.package_identification:_identify(.) by extension 'colcon_pkg'
[0.174s] Level 1:colcon.colcon_core.package_identification:_identify(.) by extensions ['colcon_meta']
[0.174s] Level 1:colcon.colcon_core.package_identification:_identify(.) by extension 'colcon_meta'
[0.174s] Level 1:colcon.colcon_core.package_identification:_identify(.) by extensions ['ros']
[0.175s] Level 1:colcon.colcon_core.package_identification:_identify(.) by extension 'ros'
[0.181s] Level 1:colcon.colcon_core.package_identification:_identify(.) by extensions ['cmake', 'python']
[0.181s] Level 1:colcon.colcon_core.package_identification:_identify(.) by extension 'cmake'
[0.181s] Level 1:colcon.colcon_core.package_identification:_identify(.) by extension 'python'
[0.181s] Level 1:colcon.colcon_core.package_identification:_identify(.) by extensions ['python_setup_py']
[0.181s] Level 1:colcon.colcon_core.package_identification:_identify(.) by extension 'python_setup_py'
[0.181s] Level 1:colcon.colcon_core.package_identification:_identify(build) by extensions ['ignore', 'ignore_ament_install']
[0.182s] Level 1:colcon.colcon_core.package_identification:_identify(build) by extension 'ignore'
[0.182s] Level 1:colcon.colcon_core.package_identification:_identify(build) ignored
[0.182s] Level 1:colcon.colcon_core.package_identification:_identify(install) by extensions ['ignore', 'ignore_ament_install']
[0.182s] Level 1:colcon.colcon_core.package_identification:_identify(install) by extension 'ignore'
[0.182s] Level 1:colcon.colcon_core.package_identification:_identify(install) ignored
[0.182s] Level 1:colcon.colcon_core.package_identification:_identify(log) by extensions ['ignore', 'ignore_ament_install']
[0.182s] Level 1:colcon.colcon_core.package_identification:_identify(log) by extension 'ignore'
[0.182s] Level 1:colcon.colcon_core.package_identification:_identify(log) ignored
[0.182s] Level 1:colcon.colcon_core.package_identification:_identify(src) by extensions ['ignore', 'ignore_ament_install']
[0.182s] Level 1:colcon.colcon_core.package_identification:_identify(src) by extension 'ignore'
[0.182s] Level 1:colcon.colcon_core.package_identification:_identify(src) by extension 'ignore_ament_install'
[0.182s] Level 1:colcon.colcon_core.package_identification:_identify(src) by extensions ['colcon_pkg']
[0.182s] Level 1:colcon.colcon_core.package_identification:_identify(src) by extension 'colcon_pkg'
[0.182s] Level 1:colcon.colcon_core.package_identification:_identify(src) by extensions ['colcon_meta']
[0.182s] Level 1:colcon.colcon_core.package_identification:_identify(src) by extension 'colcon_meta'
[0.182s] Level 1:colcon.colcon_core.package_identification:_identify(src) by extensions ['ros']
[0.182s] Level 1:colcon.colcon_core.package_identification:_identify(src) by extension 'ros'
[0.182s] Level 1:colcon.colcon_core.package_identification:_identify(src) by extensions ['cmake', 'python']
[0.182s] Level 1:colcon.colcon_core.package_identification:_identify(src) by extension 'cmake'
[0.182s] Level 1:colcon.colcon_core.package_identification:_identify(src) by extension 'python'
[0.182s] Level 1:colcon.colcon_core.package_identification:_identify(src) by extensions ['python_setup_py']
[0.182s] Level 1:colcon.colcon_core.package_identification:_identify(src) by extension 'python_setup_py'
[0.182s] Level 1:colcon.colcon_core.package_identification:_identify(src/car_cpp) by extensions ['ignore', 'ignore_ament_install']
[0.182s] Level 1:colcon.colcon_core.package_identification:_identify(src/car_cpp) by extension 'ignore'
[0.182s] Level 1:colcon.colcon_core.package_identification:_identify(src/car_cpp) by extension 'ignore_ament_install'
[0.183s] Level 1:colcon.colcon_core.package_identification:_identify(src/car_cpp) by extensions ['colcon_pkg']
[0.183s] Level 1:colcon.colcon_core.package_identification:_identify(src/car_cpp) by extension 'colcon_pkg'
[0.183s] Level 1:colcon.colcon_core.package_identification:_identify(src/car_cpp) by extensions ['colcon_meta']
[0.183s] Level 1:colcon.colcon_core.package_identification:_identify(src/car_cpp) by extension 'colcon_meta'
[0.183s] Level 1:colcon.colcon_core.package_identification:_identify(src/car_cpp) by extensions ['ros']
[0.183s] Level 1:colcon.colcon_core.package_identification:_identify(src/car_cpp) by extension 'ros'
[0.185s] DEBUG:colcon.colcon_core.package_identification:Package 'src/car_cpp' with type 'ros.ament_cmake' and name 'car_cpp'
[0.185s] Level 1:colcon.colcon_core.package_identification:_identify(src/car_python) by extensions ['ignore', 'ignore_ament_install']
[0.186s] Level 1:colcon.colcon_core.package_identification:_identify(src/car_python) by extension 'ignore'
[0.186s] Level 1:colcon.colcon_core.package_identification:_identify(src/car_python) by extension 'ignore_ament_install'
[0.186s] Level 1:colcon.colcon_core.package_identification:_identify(src/car_python) by extensions ['colcon_pkg']
[0.186s] Level 1:colcon.colcon_core.package_identification:_identify(src/car_python) by extension 'colcon_pkg'
[0.186s] Level 1:colcon.colcon_core.package_identification:_identify(src/car_python) by extensions ['colcon_meta']
[0.186s] Level 1:colcon.colcon_core.package_identification:_identify(src/car_python) by extension 'colcon_meta'
[0.186s] Level 1:colcon.colcon_core.package_identification:_identify(src/car_python) by extensions ['ros']
[0.186s] Level 1:colcon.colcon_core.package_identification:_identify(src/car_python) by extension 'ros'
[0.187s] DEBUG:colcon.colcon_core.package_identification:Package 'src/car_python' with type 'ros.ament_python' and name 'car'
[0.187s] Level 1:colcon.colcon_core.package_identification:_identify(src/hector_gazebo) by extensions ['ignore', 'ignore_ament_install']
[0.187s] Level 1:colcon.colcon_core.package_identification:_identify(src/hector_gazebo) by extension 'ignore'
[0.187s] Level 1:colcon.colcon_core.package_identification:_identify(src/hector_gazebo) by extension 'ignore_ament_install'
[0.187s] Level 1:colcon.colcon_core.package_identification:_identify(src/hector_gazebo) by extensions ['colcon_pkg']
[0.187s] Level 1:colcon.colcon_core.package_identification:_identify(src/hector_gazebo) by extension 'colcon_pkg'
[0.187s] Level 1:colcon.colcon_core.package_identification:_identify(src/hector_gazebo) by extensions ['colcon_meta']
[0.187s] Level 1:colcon.colcon_core.package_identification:_identify(src/hector_gazebo) by extension 'colcon_meta'
[0.187s] Level 1:colcon.colcon_core.package_identification:_identify(src/hector_gazebo) by extensions ['ros']
[0.187s] Level 1:colcon.colcon_core.package_identification:_identify(src/hector_gazebo) by extension 'ros'
[0.188s] DEBUG:colcon.colcon_core.package_identification:Package 'src/hector_gazebo' with type 'ros.ament_cmake' and name 'hector_gazebo_plugins'
[0.188s] Level 1:colcon.colcon_core.package_identification:_identify(src/octomap) by extensions ['ignore', 'ignore_ament_install']
[0.188s] Level 1:colcon.colcon_core.package_identification:_identify(src/octomap) by extension 'ignore'
[0.188s] Level 1:colcon.colcon_core.package_identification:_identify(src/octomap) by extension 'ignore_ament_install'
[0.188s] Level 1:colcon.colcon_core.package_identification:_identify(src/octomap) by extensions ['colcon_pkg']
[0.188s] Level 1:colcon.colcon_core.package_identification:_identify(src/octomap) by extension 'colcon_pkg'
[0.188s] Level 1:colcon.colcon_core.package_identification:_identify(src/octomap) by extensions ['colcon_meta']
[0.188s] Level 1:colcon.colcon_core.package_identification:_identify(src/octomap) by extension 'colcon_meta'
[0.188s] Level 1:colcon.colcon_core.package_identification:_identify(src/octomap) by extensions ['ros']
[0.188s] Level 1:colcon.colcon_core.package_identification:_identify(src/octomap) by extension 'ros'
[0.188s] Level 1:colcon.colcon_core.package_identification:_identify(src/octomap) by extensions ['cmake', 'python']
[0.188s] Level 1:colcon.colcon_core.package_identification:_identify(src/octomap) by extension 'cmake'
[0.188s] Level 1:colcon.colcon_core.package_identification:_identify(src/octomap) by extension 'python'
[0.188s] Level 1:colcon.colcon_core.package_identification:_identify(src/octomap) by extensions ['python_setup_py']
[0.188s] Level 1:colcon.colcon_core.package_identification:_identify(src/octomap) by extension 'python_setup_py'
[0.188s] Level 1:colcon.colcon_core.package_identification:_identify(src/octomap/octomap_mapping) by extensions ['ignore', 'ignore_ament_install']
[0.188s] Level 1:colcon.colcon_core.package_identification:_identify(src/octomap/octomap_mapping) by extension 'ignore'
[0.188s] Level 1:colcon.colcon_core.package_identification:_identify(src/octomap/octomap_mapping) by extension 'ignore_ament_install'
[0.188s] Level 1:colcon.colcon_core.package_identification:_identify(src/octomap/octomap_mapping) by extensions ['colcon_pkg']
[0.189s] Level 1:colcon.colcon_core.package_identification:_identify(src/octomap/octomap_mapping) by extension 'colcon_pkg'
[0.189s] Level 1:colcon.colcon_core.package_identification:_identify(src/octomap/octomap_mapping) by extensions ['colcon_meta']
[0.189s] Level 1:colcon.colcon_core.package_identification:_identify(src/octomap/octomap_mapping) by extension 'colcon_meta'
[0.189s] Level 1:colcon.colcon_core.package_identification:_identify(src/octomap/octomap_mapping) by extensions ['ros']
[0.189s] Level 1:colcon.colcon_core.package_identification:_identify(src/octomap/octomap_mapping) by extension 'ros'
[0.195s] DEBUG:colcon.colcon_core.package_identification:Package 'src/octomap/octomap_mapping' with type 'ros.ament_cmake' and name 'octomap_mapping'
[0.195s] Level 1:colcon.colcon_core.package_identification:_identify(src/octomap/octomap_server) by extensions ['ignore', 'ignore_ament_install']
[0.195s] Level 1:colcon.colcon_core.package_identification:_identify(src/octomap/octomap_server) by extension 'ignore'
[0.195s] Level 1:colcon.colcon_core.package_identification:_identify(src/octomap/octomap_server) by extension 'ignore_ament_install'
[0.195s] Level 1:colcon.colcon_core.package_identification:_identify(src/octomap/octomap_server) by extensions ['colcon_pkg']
[0.195s] Level 1:colcon.colcon_core.package_identification:_identify(src/octomap/octomap_server) by extension 'colcon_pkg'
[0.195s] Level 1:colcon.colcon_core.package_identification:_identify(src/octomap/octomap_server) by extensions ['colcon_meta']
[0.195s] Level 1:colcon.colcon_core.package_identification:_identify(src/octomap/octomap_server) by extension 'colcon_meta'
[0.195s] Level 1:colcon.colcon_core.package_identification:_identify(src/octomap/octomap_server) by extensions ['ros']
[0.196s] Level 1:colcon.colcon_core.package_identification:_identify(src/octomap/octomap_server) by extension 'ros'
[0.196s] DEBUG:colcon.colcon_core.package_identification:Package 'src/octomap/octomap_server' with type 'ros.ament_cmake' and name 'octomap_server'
[0.197s] Level 1:colcon.colcon_core.package_identification:_identify(src/plugin_rviz) by extensions ['ignore', 'ignore_ament_install']
[0.197s] Level 1:colcon.colcon_core.package_identification:_identify(src/plugin_rviz) by extension 'ignore'
[0.197s] Level 1:colcon.colcon_core.package_identification:_identify(src/plugin_rviz) by extension 'ignore_ament_install'
[0.197s] Level 1:colcon.colcon_core.package_identification:_identify(src/plugin_rviz) by extensions ['colcon_pkg']
[0.197s] Level 1:colcon.colcon_core.package_identification:_identify(src/plugin_rviz) by extension 'colcon_pkg'
[0.197s] Level 1:colcon.colcon_core.package_identification:_identify(src/plugin_rviz) by extensions ['colcon_meta']
[0.197s] Level 1:colcon.colcon_core.package_identification:_identify(src/plugin_rviz) by extension 'colcon_meta'
[0.197s] Level 1:colcon.colcon_core.package_identification:_identify(src/plugin_rviz) by extensions ['ros']
[0.197s] Level 1:colcon.colcon_core.package_identification:_identify(src/plugin_rviz) by extension 'ros'
[0.197s] DEBUG:colcon.colcon_core.package_identification:Package 'src/plugin_rviz' with type 'ros.ament_cmake' and name 'octomap_rviz_plugins'
[0.197s] Level 1:colcon.colcon_core.package_discovery:discover_packages(recursive) using defaults
[0.198s] Level 1:colcon.colcon_core.package_discovery:discover_packages(ignore) discover
[0.198s] Level 1:colcon.colcon_core.package_discovery:discover_packages(ignore) using defaults
[0.198s] Level 1:colcon.colcon_core.package_discovery:discover_packages(path) discover
[0.198s] Level 1:colcon.colcon_core.package_discovery:discover_packages(path) using defaults
[0.211s] Level 1:colcon.colcon_core.package_discovery:discover_packages(prefix_path) check parameters
[0.211s] Level 1:colcon.colcon_core.package_discovery:discover_packages(prefix_path) discover
[0.212s] DEBUG:colcon.colcon_installed_package_information.package_discovery:Found 6 installed packages in /home/rhobtor/reactive/Reactive-Navegation/workspace_full_conected/install
[0.213s] DEBUG:colcon.colcon_installed_package_information.package_discovery:Found 364 installed packages in /opt/ros/humble
[0.214s] Level 1:colcon.colcon_core.package_discovery:discover_packages(prefix_path) using defaults
[0.241s] Level 5:colcon.colcon_core.verb:set package 'car' build argument 'cmake_args' from command line to 'None'
[0.242s] Level 5:colcon.colcon_core.verb:set package 'car' build argument 'cmake_target' from command line to 'None'
[0.242s] Level 5:colcon.colcon_core.verb:set package 'car' build argument 'cmake_target_skip_unavailable' from command line to 'False'
[0.242s] Level 5:colcon.colcon_core.verb:set package 'car' build argument 'cmake_clean_cache' from command line to 'False'
[0.242s] Level 5:colcon.colcon_core.verb:set package 'car' build argument 'cmake_clean_first' from command line to 'False'
[0.242s] Level 5:colcon.colcon_core.verb:set package 'car' build argument 'cmake_force_configure' from command line to 'False'
[0.242s] Level 5:colcon.colcon_core.verb:set package 'car' build argument 'ament_cmake_args' from command line to 'None'
[0.242s] Level 5:colcon.colcon_core.verb:set package 'car' build argument 'catkin_cmake_args' from command line to 'None'
[0.242s] Level 5:colcon.colcon_core.verb:set package 'car' build argument 'catkin_skip_building_tests' from command line to 'False'
[0.242s] DEBUG:colcon.colcon_core.verb:Building package 'car' with the following arguments: {'ament_cmake_args': None, 'build_base': '/home/rhobtor/reactive/Reactive-Navegation/workspace_full_conected/build/car', 'catkin_cmake_args': None, 'catkin_skip_building_tests': False, 'cmake_args': None, 'cmake_clean_cache': False, 'cmake_clean_first': False, 'cmake_force_configure': False, 'cmake_target': None, 'cmake_target_skip_unavailable': False, 'install_base': '/home/rhobtor/reactive/Reactive-Navegation/workspace_full_conected/install/car', 'merge_install': False, 'path': '/home/rhobtor/reactive/Reactive-Navegation/workspace_full_conected/src/car_python', 'symlink_install': False, 'test_result_base': None}
[0.242s] Level 5:colcon.colcon_core.verb:set package 'car_cpp' build argument 'cmake_args' from command line to 'None'
[0.242s] Level 5:colcon.colcon_core.verb:set package 'car_cpp' build argument 'cmake_target' from command line to 'None'
[0.242s] Level 5:colcon.colcon_core.verb:set package 'car_cpp' build argument 'cmake_target_skip_unavailable' from command line to 'False'
[0.242s] Level 5:colcon.colcon_core.verb:set package 'car_cpp' build argument 'cmake_clean_cache' from command line to 'False'
[0.242s] Level 5:colcon.colcon_core.verb:set package 'car_cpp' build argument 'cmake_clean_first' from command line to 'False'
[0.242s] Level 5:colcon.colcon_core.verb:set package 'car_cpp' build argument 'cmake_force_configure' from command line to 'False'
[0.242s] Level 5:colcon.colcon_core.verb:set package 'car_cpp' build argument 'ament_cmake_args' from command line to 'None'
[0.242s] Level 5:colcon.colcon_core.verb:set package 'car_cpp' build argument 'catkin_cmake_args' from command line to 'None'
[0.242s] Level 5:colcon.colcon_core.verb:set package 'car_cpp' build argument 'catkin_skip_building_tests' from command line to 'False'
[0.242s] DEBUG:colcon.colcon_core.verb:Building package 'car_cpp' with the following arguments: {'ament_cmake_args': None, 'build_base': '/home/rhobtor/reactive/Reactive-Navegation/workspace_full_conected/build/car_cpp', 'catkin_cmake_args': None, 'catkin_skip_building_tests': False, 'cmake_args': None, 'cmake_clean_cache': False, 'cmake_clean_first': False, 'cmake_force_configure': False, 'cmake_target': None, 'cmake_target_skip_unavailable': False, 'install_base': '/home/rhobtor/reactive/Reactive-Navegation/workspace_full_conected/install/car_cpp', 'merge_install': False, 'path': '/home/rhobtor/reactive/Reactive-Navegation/workspace_full_conected/src/car_cpp', 'symlink_install': False, 'test_result_base': None}
[0.242s] Level 5:colcon.colcon_core.verb:set package 'hector_gazebo_plugins' build argument 'cmake_args' from command line to 'None'
[0.242s] Level 5:colcon.colcon_core.verb:set package 'hector_gazebo_plugins' build argument 'cmake_target' from command line to 'None'
[0.242s] Level 5:colcon.colcon_core.verb:set package 'hector_gazebo_plugins' build argument 'cmake_target_skip_unavailable' from command line to 'False'
[0.242s] Level 5:colcon.colcon_core.verb:set package 'hector_gazebo_plugins' build argument 'cmake_clean_cache' from command line to 'False'
[0.242s] Level 5:colcon.colcon_core.verb:set package 'hector_gazebo_plugins' build argument 'cmake_clean_first' from command line to 'False'
[0.242s] Level 5:colcon.colcon_core.verb:set package 'hector_gazebo_plugins' build argument 'cmake_force_configure' from command line to 'False'
[0.242s] Level 5:colcon.colcon_core.verb:set package 'hector_gazebo_plugins' build argument 'ament_cmake_args' from command line to 'None'
[0.242s] Level 5:colcon.colcon_core.verb:set package 'hector_gazebo_plugins' build argument 'catkin_cmake_args' from command line to 'None'
[0.242s] Level 5:colcon.colcon_core.verb:set package 'hector_gazebo_plugins' build argument 'catkin_skip_building_tests' from command line to 'False'
[0.242s] DEBUG:colcon.colcon_core.verb:Building package 'hector_gazebo_plugins' with the following arguments: {'ament_cmake_args': None, 'build_base': '/home/rhobtor/reactive/Reactive-Navegation/workspace_full_conected/build/hector_gazebo_plugins', 'catkin_cmake_args': None, 'catkin_skip_building_tests': False, 'cmake_args': None, 'cmake_clean_cache': False, 'cmake_clean_first': False, 'cmake_force_configure': False, 'cmake_target': None, 'cmake_target_skip_unavailable': False, 'install_base': '/home/rhobtor/reactive/Reactive-Navegation/workspace_full_conected/install/hector_gazebo_plugins', 'merge_install': False, 'path': '/home/rhobtor/reactive/Reactive-Navegation/workspace_full_conected/src/hector_gazebo', 'symlink_install': False, 'test_result_base': None}
[0.243s] Level 5:colcon.colcon_core.verb:set package 'octomap_rviz_plugins' build argument 'cmake_args' from command line to 'None'
[0.243s] Level 5:colcon.colcon_core.verb:set package 'octomap_rviz_plugins' build argument 'cmake_target' from command line to 'None'
[0.243s] Level 5:colcon.colcon_core.verb:set package 'octomap_rviz_plugins' build argument 'cmake_target_skip_unavailable' from command line to 'False'
[0.243s] Level 5:colcon.colcon_core.verb:set package 'octomap_rviz_plugins' build argument 'cmake_clean_cache' from command line to 'False'
[0.243s] Level 5:colcon.colcon_core.verb:set package 'octomap_rviz_plugins' build argument 'cmake_clean_first' from command line to 'False'
[0.243s] Level 5:colcon.colcon_core.verb:set package 'octomap_rviz_plugins' build argument 'cmake_force_configure' from command line to 'False'
[0.243s] Level 5:colcon.colcon_core.verb:set package 'octomap_rviz_plugins' build argument 'ament_cmake_args' from command line to 'None'
[0.243s] Level 5:colcon.colcon_core.verb:set package 'octomap_rviz_plugins' build argument 'catkin_cmake_args' from command line to 'None'
[0.243s] Level 5:colcon.colcon_core.verb:set package 'octomap_rviz_plugins' build argument 'catkin_skip_building_tests' from command line to 'False'
[0.243s] DEBUG:colcon.colcon_core.verb:Building package 'octomap_rviz_plugins' with the following arguments: {'ament_cmake_args': None, 'build_base': '/home/rhobtor/reactive/Reactive-Navegation/workspace_full_conected/build/octomap_rviz_plugins', 'catkin_cmake_args': None, 'catkin_skip_building_tests': False, 'cmake_args': None, 'cmake_clean_cache': False, 'cmake_clean_first': False, 'cmake_force_configure': False, 'cmake_target': None, 'cmake_target_skip_unavailable': False, 'install_base': '/home/rhobtor/reactive/Reactive-Navegation/workspace_full_conected/install/octomap_rviz_plugins', 'merge_install': False, 'path': '/home/rhobtor/reactive/Reactive-Navegation/workspace_full_conected/src/plugin_rviz', 'symlink_install': False, 'test_result_base': None}
[0.243s] Level 5:colcon.colcon_core.verb:set package 'octomap_server' build argument 'cmake_args' from command line to 'None'
[0.243s] Level 5:colcon.colcon_core.verb:set package 'octomap_server' build argument 'cmake_target' from command line to 'None'
[0.243s] Level 5:colcon.colcon_core.verb:set package 'octomap_server' build argument 'cmake_target_skip_unavailable' from command line to 'False'
[0.243s] Level 5:colcon.colcon_core.verb:set package 'octomap_server' build argument 'cmake_clean_cache' from command line to 'False'
[0.243s] Level 5:colcon.colcon_core.verb:set package 'octomap_server' build argument 'cmake_clean_first' from command line to 'False'
[0.243s] Level 5:colcon.colcon_core.verb:set package 'octomap_server' build argument 'cmake_force_configure' from command line to 'False'
[0.243s] Level 5:colcon.colcon_core.verb:set package 'octomap_server' build argument 'ament_cmake_args' from command line to 'None'
[0.243s] Level 5:colcon.colcon_core.verb:set package 'octomap_server' build argument 'catkin_cmake_args' from command line to 'None'
[0.243s] Level 5:colcon.colcon_core.verb:set package 'octomap_server' build argument 'catkin_skip_building_tests' from command line to 'False'
[0.243s] DEBUG:colcon.colcon_core.verb:Building package 'octomap_server' with the following arguments: {'ament_cmake_args': None, 'build_base': '/home/rhobtor/reactive/Reactive-Navegation/workspace_full_conected/build/octomap_server', 'catkin_cmake_args': None, 'catkin_skip_building_tests': False, 'cmake_args': None, 'cmake_clean_cache': False, 'cmake_clean_first': False, 'cmake_force_configure': False, 'cmake_target': None, 'cmake_target_skip_unavailable': False, 'install_base': '/home/rhobtor/reactive/Reactive-Navegation/workspace_full_conected/install/octomap_server', 'merge_install': False, 'path': '/home/rhobtor/reactive/Reactive-Navegation/workspace_full_conected/src/octomap/octomap_server', 'symlink_install': False, 'test_result_base': None}
[0.243s] Level 5:colcon.colcon_core.verb:set package 'octomap_mapping' build argument 'cmake_args' from command line to 'None'
[0.243s] Level 5:colcon.colcon_core.verb:set package 'octomap_mapping' build argument 'cmake_target' from command line to 'None'
[0.243s] Level 5:colcon.colcon_core.verb:set package 'octomap_mapping' build argument 'cmake_target_skip_unavailable' from command line to 'False'
[0.243s] Level 5:colcon.colcon_core.verb:set package 'octomap_mapping' build argument 'cmake_clean_cache' from command line to 'False'
[0.243s] Level 5:colcon.colcon_core.verb:set package 'octomap_mapping' build argument 'cmake_clean_first' from command line to 'False'
[0.243s] Level 5:colcon.colcon_core.verb:set package 'octomap_mapping' build argument 'cmake_force_configure' from command line to 'False'
[0.243s] Level 5:colcon.colcon_core.verb:set package 'octomap_mapping' build argument 'ament_cmake_args' from command line to 'None'
[0.243s] Level 5:colcon.colcon_core.verb:set package 'octomap_mapping' build argument 'catkin_cmake_args' from command line to 'None'
[0.243s] Level 5:colcon.colcon_core.verb:set package 'octomap_mapping' build argument 'catkin_skip_building_tests' from command line to 'False'
[0.243s] DEBUG:colcon.colcon_core.verb:Building package 'octomap_mapping' with the following arguments: {'ament_cmake_args': None, 'build_base': '/home/rhobtor/reactive/Reactive-Navegation/workspace_full_conected/build/octomap_mapping', 'catkin_cmake_args': None, 'catkin_skip_building_tests': False, 'cmake_args': None, 'cmake_clean_cache': False, 'cmake_clean_first': False, 'cmake_force_configure': False, 'cmake_target': None, 'cmake_target_skip_unavailable': False, 'install_base': '/home/rhobtor/reactive/Reactive-Navegation/workspace_full_conected/install/octomap_mapping', 'merge_install': False, 'path': '/home/rhobtor/reactive/Reactive-Navegation/workspace_full_conected/src/octomap/octomap_mapping', 'symlink_install': False, 'test_result_base': None}
[0.244s] INFO:colcon.colcon_core.executor:Executing jobs using 'parallel' executor
[0.244s] DEBUG:colcon.colcon_parallel_executor.executor.parallel:run_until_complete
[0.245s] INFO:colcon.colcon_ros.task.ament_cmake.build:Building ROS package in '/home/rhobtor/reactive/Reactive-Navegation/workspace_full_conected/src/octomap/octomap_server' with build type 'ament_cmake'
[0.245s] INFO:colcon.colcon_cmake.task.cmake.build:Building CMake package in '/home/rhobtor/reactive/Reactive-Navegation/workspace_full_conected/src/octomap/octomap_server'
[0.246s] INFO:colcon.colcon_core.plugin_system:Skipping extension 'colcon_core.shell.bat': Not used on non-Windows systems
[0.247s] INFO:colcon.colcon_core.shell:Skip shell extension 'powershell' for command environment: Not usable outside of PowerShell
[0.247s] DEBUG:colcon.colcon_core.shell:Skip shell extension 'dsv' for command environment
[0.250s] INFO:colcon.colcon_ros.task.ament_python.build:Building ROS package in '/home/rhobtor/reactive/Reactive-Navegation/workspace_full_conected/src/car_python' with build type 'ament_python'
[0.250s] Level 1:colcon.colcon_core.shell:create_environment_hook('car', 'ament_prefix_path')
[0.250s] INFO:colcon.colcon_core.shell:Creating environment hook '/home/rhobtor/reactive/Reactive-Navegation/workspace_full_conected/install/car/share/car/hook/ament_prefix_path.ps1'
[0.251s] INFO:colcon.colcon_core.shell:Creating environment descriptor '/home/rhobtor/reactive/Reactive-Navegation/workspace_full_conected/install/car/share/car/hook/ament_prefix_path.dsv'
[0.251s] INFO:colcon.colcon_core.shell:Creating environment hook '/home/rhobtor/reactive/Reactive-Navegation/workspace_full_conected/install/car/share/car/hook/ament_prefix_path.sh'
[0.252s] INFO:colcon.colcon_core.shell:Skip shell extension 'powershell' for command environment: Not usable outside of PowerShell
[0.252s] DEBUG:colcon.colcon_core.shell:Skip shell extension 'dsv' for command environment
[0.254s] INFO:colcon.colcon_ros.task.ament_cmake.build:Building ROS package in '/home/rhobtor/reactive/Reactive-Navegation/workspace_full_conected/src/car_cpp' with build type 'ament_cmake'
[0.254s] INFO:colcon.colcon_cmake.task.cmake.build:Building CMake package in '/home/rhobtor/reactive/Reactive-Navegation/workspace_full_conected/src/car_cpp'
[0.254s] INFO:colcon.colcon_core.shell:Skip shell extension 'powershell' for command environment: Not usable outside of PowerShell
[0.254s] DEBUG:colcon.colcon_core.shell:Skip shell extension 'dsv' for command environment
[0.257s] INFO:colcon.colcon_ros.task.ament_cmake.build:Building ROS package in '/home/rhobtor/reactive/Reactive-Navegation/workspace_full_conected/src/hector_gazebo' with build type 'ament_cmake'
[0.257s] INFO:colcon.colcon_cmake.task.cmake.build:Building CMake package in '/home/rhobtor/reactive/Reactive-Navegation/workspace_full_conected/src/hector_gazebo'
[0.257s] INFO:colcon.colcon_core.shell:Skip shell extension 'powershell' for command environment: Not usable outside of PowerShell
[0.257s] DEBUG:colcon.colcon_core.shell:Skip shell extension 'dsv' for command environment
[0.265s] DEBUG:colcon.colcon_core.event_handler.log_command:Invoking command in '/home/rhobtor/reactive/Reactive-Navegation/workspace_full_conected/build/octomap_server': CMAKE_PREFIX_PATH=${CMAKE_PREFIX_PATH}:/home/rhobtor/reactive/Reactive-Navegation/workspace_full_conected/install/car:/opt/ros/humble /usr/bin/cmake --build /home/rhobtor/reactive/Reactive-Navegation/workspace_full_conected/build/octomap_server -- -j4 -l4
[0.442s] INFO:colcon.colcon_core.task.python.build:Building Python package in '/home/rhobtor/reactive/Reactive-Navegation/workspace_full_conected/src/car_python'
[0.442s] INFO:colcon.colcon_core.shell:Skip shell extension 'powershell' for command environment: Not usable outside of PowerShell
[0.442s] DEBUG:colcon.colcon_core.shell:Skip shell extension 'dsv' for command environment
[0.450s] DEBUG:colcon.colcon_core.event_handler.log_command:Invoking command in '/home/rhobtor/reactive/Reactive-Navegation/workspace_full_conected/build/car_cpp': CMAKE_PREFIX_PATH=${CMAKE_PREFIX_PATH}:/home/rhobtor/reactive/Reactive-Navegation/workspace_full_conected/install/car:/opt/ros/humble /usr/bin/cmake --build /home/rhobtor/reactive/Reactive-Navegation/workspace_full_conected/build/car_cpp -- -j4 -l4
[0.457s] DEBUG:colcon.colcon_core.event_handler.log_command:Invoking command in '/home/rhobtor/reactive/Reactive-Navegation/workspace_full_conected/build/hector_gazebo_plugins': CMAKE_PREFIX_PATH=${CMAKE_PREFIX_PATH}:/home/rhobtor/reactive/Reactive-Navegation/workspace_full_conected/install/car:/opt/ros/humble /usr/bin/cmake --build /home/rhobtor/reactive/Reactive-Navegation/workspace_full_conected/build/hector_gazebo_plugins -- -j4 -l4
[0.603s] DEBUG:colcon.colcon_core.event_handler.log_command:Invoked command in '/home/rhobtor/reactive/Reactive-Navegation/workspace_full_conected/build/octomap_server' returned '0': CMAKE_PREFIX_PATH=${CMAKE_PREFIX_PATH}:/home/rhobtor/reactive/Reactive-Navegation/workspace_full_conected/install/car:/opt/ros/humble /usr/bin/cmake --build /home/rhobtor/reactive/Reactive-Navegation/workspace_full_conected/build/octomap_server -- -j4 -l4
[0.612s] DEBUG:colcon.colcon_core.event_handler.log_command:Invoking command in '/home/rhobtor/reactive/Reactive-Navegation/workspace_full_conected/build/octomap_server': CMAKE_PREFIX_PATH=${CMAKE_PREFIX_PATH}:/home/rhobtor/reactive/Reactive-Navegation/workspace_full_conected/install/car:/opt/ros/humble /usr/bin/cmake --install /home/rhobtor/reactive/Reactive-Navegation/workspace_full_conected/build/octomap_server
[0.628s] Level 1:colcon.colcon_core.environment:create_environment_scripts_only(octomap_server)
[0.628s] DEBUG:colcon.colcon_core.event_handler.log_command:Invoked command in '/home/rhobtor/reactive/Reactive-Navegation/workspace_full_conected/build/octomap_server' returned '0': CMAKE_PREFIX_PATH=${CMAKE_PREFIX_PATH}:/home/rhobtor/reactive/Reactive-Navegation/workspace_full_conected/install/car:/opt/ros/humble /usr/bin/cmake --install /home/rhobtor/reactive/Reactive-Navegation/workspace_full_conected/build/octomap_server
[0.630s] Level 1:colcon.colcon_core.environment:checking '/home/rhobtor/reactive/Reactive-Navegation/workspace_full_conected/install/octomap_server' for CMake module files
[0.631s] Level 1:colcon.colcon_core.environment:checking '/home/rhobtor/reactive/Reactive-Navegation/workspace_full_conected/install/octomap_server' for CMake config files
[0.631s] Level 1:colcon.colcon_core.shell:create_environment_hook('octomap_server', 'cmake_prefix_path')
[0.631s] INFO:colcon.colcon_core.shell:Creating environment hook '/home/rhobtor/reactive/Reactive-Navegation/workspace_full_conected/install/octomap_server/share/octomap_server/hook/cmake_prefix_path.ps1'
[0.632s] INFO:colcon.colcon_core.shell:Creating environment descriptor '/home/rhobtor/reactive/Reactive-Navegation/workspace_full_conected/install/octomap_server/share/octomap_server/hook/cmake_prefix_path.dsv'
[0.632s] INFO:colcon.colcon_core.shell:Creating environment hook '/home/rhobtor/reactive/Reactive-Navegation/workspace_full_conected/install/octomap_server/share/octomap_server/hook/cmake_prefix_path.sh'
[0.633s] Level 1:colcon.colcon_core.environment:checking '/home/rhobtor/reactive/Reactive-Navegation/workspace_full_conected/install/octomap_server/lib'
[0.633s] Level 1:colcon.colcon_core.shell:create_environment_hook('octomap_server', 'ld_library_path_lib')
[0.633s] INFO:colcon.colcon_core.shell:Creating environment hook '/home/rhobtor/reactive/Reactive-Navegation/workspace_full_conected/install/octomap_server/share/octomap_server/hook/ld_library_path_lib.ps1'
[0.633s] INFO:colcon.colcon_core.shell:Creating environment descriptor '/home/rhobtor/reactive/Reactive-Navegation/workspace_full_conected/install/octomap_server/share/octomap_server/hook/ld_library_path_lib.dsv'
[0.634s] INFO:colcon.colcon_core.shell:Creating environment hook '/home/rhobtor/reactive/Reactive-Navegation/workspace_full_conected/install/octomap_server/share/octomap_server/hook/ld_library_path_lib.sh'
[0.634s] Level 1:colcon.colcon_core.environment:checking '/home/rhobtor/reactive/Reactive-Navegation/workspace_full_conected/install/octomap_server/bin'
[0.634s] Level 1:colcon.colcon_core.environment:checking '/home/rhobtor/reactive/Reactive-Navegation/workspace_full_conected/install/octomap_server/lib/pkgconfig/octomap_server.pc'
[0.634s] Level 1:colcon.colcon_core.environment:checking '/home/rhobtor/reactive/Reactive-Navegation/workspace_full_conected/install/octomap_server/lib/python3.10/site-packages'
[0.634s] Level 1:colcon.colcon_core.environment:checking '/home/rhobtor/reactive/Reactive-Navegation/workspace_full_conected/install/octomap_server/bin'
[0.635s] INFO:colcon.colcon_core.shell:Creating package script '/home/rhobtor/reactive/Reactive-Navegation/workspace_full_conected/install/octomap_server/share/octomap_server/package.ps1'
[0.635s] INFO:colcon.colcon_core.shell:Creating package descriptor '/home/rhobtor/reactive/Reactive-Navegation/workspace_full_conected/install/octomap_server/share/octomap_server/package.dsv'
[0.636s] INFO:colcon.colcon_core.shell:Creating package script '/home/rhobtor/reactive/Reactive-Navegation/workspace_full_conected/install/octomap_server/share/octomap_server/package.sh'
[0.636s] INFO:colcon.colcon_core.shell:Creating package script '/home/rhobtor/reactive/Reactive-Navegation/workspace_full_conected/install/octomap_server/share/octomap_server/package.bash'
[0.637s] INFO:colcon.colcon_core.shell:Creating package script '/home/rhobtor/reactive/Reactive-Navegation/workspace_full_conected/install/octomap_server/share/octomap_server/package.zsh'
[0.637s] Level 1:colcon.colcon_core.environment:create_file_with_runtime_dependencies(/home/rhobtor/reactive/Reactive-Navegation/workspace_full_conected/install/octomap_server/share/colcon-core/packages/octomap_server)
[0.638s] Level 1:colcon.colcon_core.environment:create_environment_scripts_only(octomap_server)
[0.638s] Level 1:colcon.colcon_core.environment:checking '/home/rhobtor/reactive/Reactive-Navegation/workspace_full_conected/install/octomap_server' for CMake module files
[0.638s] Level 1:colcon.colcon_core.environment:checking '/home/rhobtor/reactive/Reactive-Navegation/workspace_full_conected/install/octomap_server' for CMake config files
[0.639s] Level 1:colcon.colcon_core.shell:create_environment_hook('octomap_server', 'cmake_prefix_path')
[0.639s] INFO:colcon.colcon_core.shell:Creating environment hook '/home/rhobtor/reactive/Reactive-Navegation/workspace_full_conected/install/octomap_server/share/octomap_server/hook/cmake_prefix_path.ps1'
[0.639s] INFO:colcon.colcon_core.shell:Creating environment descriptor '/home/rhobtor/reactive/Reactive-Navegation/workspace_full_conected/install/octomap_server/share/octomap_server/hook/cmake_prefix_path.dsv'
[0.639s] INFO:colcon.colcon_core.shell:Creating environment hook '/home/rhobtor/reactive/Reactive-Navegation/workspace_full_conected/install/octomap_server/share/octomap_server/hook/cmake_prefix_path.sh'
[0.640s] Level 1:colcon.colcon_core.environment:checking '/home/rhobtor/reactive/Reactive-Navegation/workspace_full_conected/install/octomap_server/lib'
[0.640s] Level 1:colcon.colcon_core.shell:create_environment_hook('octomap_server', 'ld_library_path_lib')
[0.640s] INFO:colcon.colcon_core.shell:Creating environment hook '/home/rhobtor/reactive/Reactive-Navegation/workspace_full_conected/install/octomap_server/share/octomap_server/hook/ld_library_path_lib.ps1'
[0.640s] INFO:colcon.colcon_core.shell:Creating environment descriptor '/home/rhobtor/reactive/Reactive-Navegation/workspace_full_conected/install/octomap_server/share/octomap_server/hook/ld_library_path_lib.dsv'
[0.641s] INFO:colcon.colcon_core.shell:Creating environment hook '/home/rhobtor/reactive/Reactive-Navegation/workspace_full_conected/install/octomap_server/share/octomap_server/hook/ld_library_path_lib.sh'
[0.641s] Level 1:colcon.colcon_core.environment:checking '/home/rhobtor/reactive/Reactive-Navegation/workspace_full_conected/install/octomap_server/bin'
[0.641s] Level 1:colcon.colcon_core.environment:checking '/home/rhobtor/reactive/Reactive-Navegation/workspace_full_conected/install/octomap_server/lib/pkgconfig/octomap_server.pc'
[0.641s] Level 1:colcon.colcon_core.environment:checking '/home/rhobtor/reactive/Reactive-Navegation/workspace_full_conected/install/octomap_server/lib/python3.10/site-packages'
[0.642s] Level 1:colcon.colcon_core.environment:checking '/home/rhobtor/reactive/Reactive-Navegation/workspace_full_conected/install/octomap_server/bin'
[0.642s] INFO:colcon.colcon_core.shell:Creating package script '/home/rhobtor/reactive/Reactive-Navegation/workspace_full_conected/install/octomap_server/share/octomap_server/package.ps1'
[0.642s] INFO:colcon.colcon_core.shell:Creating package descriptor '/home/rhobtor/reactive/Reactive-Navegation/workspace_full_conected/install/octomap_server/share/octomap_server/package.dsv'
[0.643s] INFO:colcon.colcon_core.shell:Creating package script '/home/rhobtor/reactive/Reactive-Navegation/workspace_full_conected/install/octomap_server/share/octomap_server/package.sh'
[0.643s] INFO:colcon.colcon_core.shell:Creating package script '/home/rhobtor/reactive/Reactive-Navegation/workspace_full_conected/install/octomap_server/share/octomap_server/package.bash'
[0.644s] INFO:colcon.colcon_core.shell:Creating package script '/home/rhobtor/reactive/Reactive-Navegation/workspace_full_conected/install/octomap_server/share/octomap_server/package.zsh'
[0.644s] Level 1:colcon.colcon_core.environment:create_file_with_runtime_dependencies(/home/rhobtor/reactive/Reactive-Navegation/workspace_full_conected/install/octomap_server/share/colcon-core/packages/octomap_server)
[0.645s] INFO:colcon.colcon_ros.task.ament_cmake.build:Building ROS package in '/home/rhobtor/reactive/Reactive-Navegation/workspace_full_conected/src/plugin_rviz' with build type 'ament_cmake'
[0.645s] INFO:colcon.colcon_cmake.task.cmake.build:Building CMake package in '/home/rhobtor/reactive/Reactive-Navegation/workspace_full_conected/src/plugin_rviz'
[0.645s] INFO:colcon.colcon_core.shell:Skip shell extension 'powershell' for command environment: Not usable outside of PowerShell
[0.645s] DEBUG:colcon.colcon_core.shell:Skip shell extension 'dsv' for command environment
[0.654s] DEBUG:colcon.colcon_core.event_handler.log_command:Invoking command in '/home/rhobtor/reactive/Reactive-Navegation/workspace_full_conected/build/octomap_rviz_plugins': CMAKE_PREFIX_PATH=${CMAKE_PREFIX_PATH}:/home/rhobtor/reactive/Reactive-Navegation/workspace_full_conected/install/car:/opt/ros/humble /usr/bin/cmake --build /home/rhobtor/reactive/Reactive-Navegation/workspace_full_conected/build/octomap_rviz_plugins -- -j4 -l4
[0.757s] DEBUG:colcon.colcon_core.event_handler.log_command:Invoking command in '/home/rhobtor/reactive/Reactive-Navegation/workspace_full_conected/src/car_python': PYTHONPATH=/home/rhobtor/reactive/Reactive-Navegation/workspace_full_conected/build/car/prefix_override:/usr/lib/python3/dist-packages/colcon_core/task/python/colcon_distutils_commands:/home/rhobtor/reactive/Reactive-Navegation/workspace_full_conected/install/car/lib/python3.10/site-packages:${PYTHONPATH} /usr/bin/python3 -W ignore:setup.py install is deprecated -W ignore:easy_install command is deprecated setup.py egg_info --egg-base ../../build/car build --build-base /home/rhobtor/reactive/Reactive-Navegation/workspace_full_conected/build/car/build install --record /home/rhobtor/reactive/Reactive-Navegation/workspace_full_conected/build/car/install.log --single-version-externally-managed install_data
[0.859s] DEBUG:colcon.colcon_core.event_handler.log_command:Invoked command in '/home/rhobtor/reactive/Reactive-Navegation/workspace_full_conected/build/octomap_rviz_plugins' returned '0': CMAKE_PREFIX_PATH=${CMAKE_PREFIX_PATH}:/home/rhobtor/reactive/Reactive-Navegation/workspace_full_conected/install/car:/opt/ros/humble /usr/bin/cmake --build /home/rhobtor/reactive/Reactive-Navegation/workspace_full_conected/build/octomap_rviz_plugins -- -j4 -l4
[0.859s] DEBUG:colcon.colcon_core.event_handler.log_command:Invoking command in '/home/rhobtor/reactive/Reactive-Navegation/workspace_full_conected/build/octomap_rviz_plugins': CMAKE_PREFIX_PATH=${CMAKE_PREFIX_PATH}:/home/rhobtor/reactive/Reactive-Navegation/workspace_full_conected/install/car:/opt/ros/humble /usr/bin/cmake --install /home/rhobtor/reactive/Reactive-Navegation/workspace_full_conected/build/octomap_rviz_plugins
[0.885s] Level 1:colcon.colcon_core.environment:create_environment_scripts_only(octomap_rviz_plugins)
[0.886s] Level 1:colcon.colcon_core.environment:checking '/home/rhobtor/reactive/Reactive-Navegation/workspace_full_conected/install/octomap_rviz_plugins' for CMake module files
[0.886s] Level 1:colcon.colcon_core.environment:checking '/home/rhobtor/reactive/Reactive-Navegation/workspace_full_conected/install/octomap_rviz_plugins' for CMake config files
[0.886s] Level 1:colcon.colcon_core.shell:create_environment_hook('octomap_rviz_plugins', 'cmake_prefix_path')
[0.886s] INFO:colcon.colcon_core.shell:Creating environment hook '/home/rhobtor/reactive/Reactive-Navegation/workspace_full_conected/install/octomap_rviz_plugins/share/octomap_rviz_plugins/hook/cmake_prefix_path.ps1'
[0.887s] INFO:colcon.colcon_core.shell:Creating environment descriptor '/home/rhobtor/reactive/Reactive-Navegation/workspace_full_conected/install/octomap_rviz_plugins/share/octomap_rviz_plugins/hook/cmake_prefix_path.dsv'
[0.887s] INFO:colcon.colcon_core.shell:Creating environment hook '/home/rhobtor/reactive/Reactive-Navegation/workspace_full_conected/install/octomap_rviz_plugins/share/octomap_rviz_plugins/hook/cmake_prefix_path.sh'
[0.888s] Level 1:colcon.colcon_core.environment:checking '/home/rhobtor/reactive/Reactive-Navegation/workspace_full_conected/install/octomap_rviz_plugins/lib'
[0.888s] Level 1:colcon.colcon_core.shell:create_environment_hook('octomap_rviz_plugins', 'ld_library_path_lib')
[0.888s] INFO:colcon.colcon_core.shell:Creating environment hook '/home/rhobtor/reactive/Reactive-Navegation/workspace_full_conected/install/octomap_rviz_plugins/share/octomap_rviz_plugins/hook/ld_library_path_lib.ps1'
[0.892s] DEBUG:colcon.colcon_core.event_handler.log_command:Invoked command in '/home/rhobtor/reactive/Reactive-Navegation/workspace_full_conected/build/octomap_rviz_plugins' returned '0': CMAKE_PREFIX_PATH=${CMAKE_PREFIX_PATH}:/home/rhobtor/reactive/Reactive-Navegation/workspace_full_conected/install/car:/opt/ros/humble /usr/bin/cmake --install /home/rhobtor/reactive/Reactive-Navegation/workspace_full_conected/build/octomap_rviz_plugins
[0.895s] INFO:colcon.colcon_core.shell:Creating environment descriptor '/home/rhobtor/reactive/Reactive-Navegation/workspace_full_conected/install/octomap_rviz_plugins/share/octomap_rviz_plugins/hook/ld_library_path_lib.dsv'
[0.895s] INFO:colcon.colcon_core.shell:Creating environment hook '/home/rhobtor/reactive/Reactive-Navegation/workspace_full_conected/install/octomap_rviz_plugins/share/octomap_rviz_plugins/hook/ld_library_path_lib.sh'
[0.896s] Level 1:colcon.colcon_core.environment:checking '/home/rhobtor/reactive/Reactive-Navegation/workspace_full_conected/install/octomap_rviz_plugins/bin'
[0.896s] Level 1:colcon.colcon_core.environment:checking '/home/rhobtor/reactive/Reactive-Navegation/workspace_full_conected/install/octomap_rviz_plugins/lib/pkgconfig/octomap_rviz_plugins.pc'
[0.896s] Level 1:colcon.colcon_core.environment:checking '/home/rhobtor/reactive/Reactive-Navegation/workspace_full_conected/install/octomap_rviz_plugins/lib/python3.10/site-packages'
[0.896s] Level 1:colcon.colcon_core.environment:checking '/home/rhobtor/reactive/Reactive-Navegation/workspace_full_conected/install/octomap_rviz_plugins/bin'
[0.901s] INFO:colcon.colcon_core.shell:Creating package script '/home/rhobtor/reactive/Reactive-Navegation/workspace_full_conected/install/octomap_rviz_plugins/share/octomap_rviz_plugins/package.ps1'
[0.902s] INFO:colcon.colcon_core.shell:Creating package descriptor '/home/rhobtor/reactive/Reactive-Navegation/workspace_full_conected/install/octomap_rviz_plugins/share/octomap_rviz_plugins/package.dsv'
[0.906s] INFO:colcon.colcon_core.shell:Creating package script '/home/rhobtor/reactive/Reactive-Navegation/workspace_full_conected/install/octomap_rviz_plugins/share/octomap_rviz_plugins/package.sh'
[0.906s] INFO:colcon.colcon_core.shell:Creating package script '/home/rhobtor/reactive/Reactive-Navegation/workspace_full_conected/install/octomap_rviz_plugins/share/octomap_rviz_plugins/package.bash'
[0.907s] INFO:colcon.colcon_core.shell:Creating package script '/home/rhobtor/reactive/Reactive-Navegation/workspace_full_conected/install/octomap_rviz_plugins/share/octomap_rviz_plugins/package.zsh'
[0.907s] Level 1:colcon.colcon_core.environment:create_file_with_runtime_dependencies(/home/rhobtor/reactive/Reactive-Navegation/workspace_full_conected/install/octomap_rviz_plugins/share/colcon-core/packages/octomap_rviz_plugins)
[0.908s] Level 1:colcon.colcon_core.environment:create_environment_scripts_only(octomap_rviz_plugins)
[0.908s] Level 1:colcon.colcon_core.environment:checking '/home/rhobtor/reactive/Reactive-Navegation/workspace_full_conected/install/octomap_rviz_plugins' for CMake module files
[0.908s] Level 1:colcon.colcon_core.environment:checking '/home/rhobtor/reactive/Reactive-Navegation/workspace_full_conected/install/octomap_rviz_plugins' for CMake config files
[0.908s] Level 1:colcon.colcon_core.shell:create_environment_hook('octomap_rviz_plugins', 'cmake_prefix_path')
[0.909s] INFO:colcon.colcon_core.shell:Creating environment hook '/home/rhobtor/reactive/Reactive-Navegation/workspace_full_conected/install/octomap_rviz_plugins/share/octomap_rviz_plugins/hook/cmake_prefix_path.ps1'
[0.909s] INFO:colcon.colcon_core.shell:Creating environment descriptor '/home/rhobtor/reactive/Reactive-Navegation/workspace_full_conected/install/octomap_rviz_plugins/share/octomap_rviz_plugins/hook/cmake_prefix_path.dsv'
[0.909s] INFO:colcon.colcon_core.shell:Creating environment hook '/home/rhobtor/reactive/Reactive-Navegation/workspace_full_conected/install/octomap_rviz_plugins/share/octomap_rviz_plugins/hook/cmake_prefix_path.sh'
[0.910s] Level 1:colcon.colcon_core.environment:checking '/home/rhobtor/reactive/Reactive-Navegation/workspace_full_conected/install/octomap_rviz_plugins/lib'
[0.910s] Level 1:colcon.colcon_core.shell:create_environment_hook('octomap_rviz_plugins', 'ld_library_path_lib')
[0.910s] INFO:colcon.colcon_core.shell:Creating environment hook '/home/rhobtor/reactive/Reactive-Navegation/workspace_full_conected/install/octomap_rviz_plugins/share/octomap_rviz_plugins/hook/ld_library_path_lib.ps1'
[0.910s] INFO:colcon.colcon_core.shell:Creating environment descriptor '/home/rhobtor/reactive/Reactive-Navegation/workspace_full_conected/install/octomap_rviz_plugins/share/octomap_rviz_plugins/hook/ld_library_path_lib.dsv'
[0.910s] INFO:colcon.colcon_core.shell:Creating environment hook '/home/rhobtor/reactive/Reactive-Navegation/workspace_full_conected/install/octomap_rviz_plugins/share/octomap_rviz_plugins/hook/ld_library_path_lib.sh'
[0.911s] Level 1:colcon.colcon_core.environment:checking '/home/rhobtor/reactive/Reactive-Navegation/workspace_full_conected/install/octomap_rviz_plugins/bin'
[0.911s] Level 1:colcon.colcon_core.environment:checking '/home/rhobtor/reactive/Reactive-Navegation/workspace_full_conected/install/octomap_rviz_plugins/lib/pkgconfig/octomap_rviz_plugins.pc'
[0.914s] Level 1:colcon.colcon_core.environment:checking '/home/rhobtor/reactive/Reactive-Navegation/workspace_full_conected/install/octomap_rviz_plugins/lib/python3.10/site-packages'
[0.914s] Level 1:colcon.colcon_core.environment:checking '/home/rhobtor/reactive/Reactive-Navegation/workspace_full_conected/install/octomap_rviz_plugins/bin'
[0.915s] INFO:colcon.colcon_core.shell:Creating package script '/home/rhobtor/reactive/Reactive-Navegation/workspace_full_conected/install/octomap_rviz_plugins/share/octomap_rviz_plugins/package.ps1'
[0.915s] INFO:colcon.colcon_core.shell:Creating package descriptor '/home/rhobtor/reactive/Reactive-Navegation/workspace_full_conected/install/octomap_rviz_plugins/share/octomap_rviz_plugins/package.dsv'
[0.916s] INFO:colcon.colcon_core.shell:Creating package script '/home/rhobtor/reactive/Reactive-Navegation/workspace_full_conected/install/octomap_rviz_plugins/share/octomap_rviz_plugins/package.sh'
[0.916s] INFO:colcon.colcon_core.shell:Creating package script '/home/rhobtor/reactive/Reactive-Navegation/workspace_full_conected/install/octomap_rviz_plugins/share/octomap_rviz_plugins/package.bash'
[0.917s] INFO:colcon.colcon_core.shell:Creating package script '/home/rhobtor/reactive/Reactive-Navegation/workspace_full_conected/install/octomap_rviz_plugins/share/octomap_rviz_plugins/package.zsh'
[0.917s] Level 1:colcon.colcon_core.environment:create_file_with_runtime_dependencies(/home/rhobtor/reactive/Reactive-Navegation/workspace_full_conected/install/octomap_rviz_plugins/share/colcon-core/packages/octomap_rviz_plugins)
[0.918s] INFO:colcon.colcon_ros.task.ament_cmake.build:Building ROS package in '/home/rhobtor/reactive/Reactive-Navegation/workspace_full_conected/src/octomap/octomap_mapping' with build type 'ament_cmake'
[0.918s] INFO:colcon.colcon_cmake.task.cmake.build:Building CMake package in '/home/rhobtor/reactive/Reactive-Navegation/workspace_full_conected/src/octomap/octomap_mapping'
[0.918s] INFO:colcon.colcon_core.shell:Skip shell extension 'powershell' for command environment: Not usable outside of PowerShell
[0.918s] DEBUG:colcon.colcon_core.shell:Skip shell extension 'dsv' for command environment
[0.950s] DEBUG:colcon.colcon_core.event_handler.log_command:Invoking command in '/home/rhobtor/reactive/Reactive-Navegation/workspace_full_conected/build/octomap_mapping': CMAKE_PREFIX_PATH=/home/rhobtor/reactive/Reactive-Navegation/workspace_full_conected/install/octomap_server:/home/rhobtor/reactive/Reactive-Navegation/workspace_full_conected/install/octomap_mapping:/home/rhobtor/reactive/Reactive-Navegation/workspace_full_conected/install/octomap_rviz_plugins:/home/rhobtor/reactive/Reactive-Navegation/workspace_full_conected/install/hector_gazebo_plugins:/home/rhobtor/reactive/Reactive-Navegation/workspace_full_conected/install/car_cpp:/home/rhobtor/reactive/Reactive-Navegation/workspace_full_conected/install/car:/opt/ros/humble /usr/bin/cmake --build /home/rhobtor/reactive/Reactive-Navegation/workspace_full_conected/build/octomap_mapping -- -j4 -l4
[1.005s] DEBUG:colcon.colcon_core.event_handler.log_command:Invoked command in '/home/rhobtor/reactive/Reactive-Navegation/workspace_full_conected/build/octomap_mapping' returned '0': CMAKE_PREFIX_PATH=/home/rhobtor/reactive/Reactive-Navegation/workspace_full_conected/install/octomap_server:/home/rhobtor/reactive/Reactive-Navegation/workspace_full_conected/install/octomap_mapping:/home/rhobtor/reactive/Reactive-Navegation/workspace_full_conected/install/octomap_rviz_plugins:/home/rhobtor/reactive/Reactive-Navegation/workspace_full_conected/install/hector_gazebo_plugins:/home/rhobtor/reactive/Reactive-Navegation/workspace_full_conected/install/car_cpp:/home/rhobtor/reactive/Reactive-Navegation/workspace_full_conected/install/car:/opt/ros/humble /usr/bin/cmake --build /home/rhobtor/reactive/Reactive-Navegation/workspace_full_conected/build/octomap_mapping -- -j4 -l4
[1.006s] DEBUG:colcon.colcon_core.event_handler.log_command:Invoking command in '/home/rhobtor/reactive/Reactive-Navegation/workspace_full_conected/build/octomap_mapping': CMAKE_PREFIX_PATH=/home/rhobtor/reactive/Reactive-Navegation/workspace_full_conected/install/octomap_server:/home/rhobtor/reactive/Reactive-Navegation/workspace_full_conected/install/octomap_mapping:/home/rhobtor/reactive/Reactive-Navegation/workspace_full_conected/install/octomap_rviz_plugins:/home/rhobtor/reactive/Reactive-Navegation/workspace_full_conected/install/hector_gazebo_plugins:/home/rhobtor/reactive/Reactive-Navegation/workspace_full_conected/install/car_cpp:/home/rhobtor/reactive/Reactive-Navegation/workspace_full_conected/install/car:/opt/ros/humble /usr/bin/cmake --install /home/rhobtor/reactive/Reactive-Navegation/workspace_full_conected/build/octomap_mapping
[1.007s] DEBUG:colcon.colcon_core.event_handler.log_command:Invoked command in '/home/rhobtor/reactive/Reactive-Navegation/workspace_full_conected/build/car_cpp' returned '0': CMAKE_PREFIX_PATH=${CMAKE_PREFIX_PATH}:/home/rhobtor/reactive/Reactive-Navegation/workspace_full_conected/install/car:/opt/ros/humble /usr/bin/cmake --build /home/rhobtor/reactive/Reactive-Navegation/workspace_full_conected/build/car_cpp -- -j4 -l4
[1.010s] DEBUG:colcon.colcon_core.event_handler.log_command:Invoking command in '/home/rhobtor/reactive/Reactive-Navegation/workspace_full_conected/build/car_cpp': CMAKE_PREFIX_PATH=${CMAKE_PREFIX_PATH}:/home/rhobtor/reactive/Reactive-Navegation/workspace_full_conected/install/car:/opt/ros/humble /usr/bin/cmake --install /home/rhobtor/reactive/Reactive-Navegation/workspace_full_conected/build/car_cpp
[1.026s] Level 1:colcon.colcon_core.environment:create_environment_scripts_only(octomap_mapping)
[1.026s] Level 1:colcon.colcon_core.environment:checking '/home/rhobtor/reactive/Reactive-Navegation/workspace_full_conected/install/octomap_mapping' for CMake module files
[1.026s] Level 1:colcon.colcon_core.environment:checking '/home/rhobtor/reactive/Reactive-Navegation/workspace_full_conected/install/octomap_mapping' for CMake config files
[1.026s] Level 1:colcon.colcon_core.shell:create_environment_hook('octomap_mapping', 'cmake_prefix_path')
[1.027s] INFO:colcon.colcon_core.shell:Creating environment hook '/home/rhobtor/reactive/Reactive-Navegation/workspace_full_conected/install/octomap_mapping/share/octomap_mapping/hook/cmake_prefix_path.ps1'
[1.027s] INFO:colcon.colcon_core.shell:Creating environment descriptor '/home/rhobtor/reactive/Reactive-Navegation/workspace_full_conected/install/octomap_mapping/share/octomap_mapping/hook/cmake_prefix_path.dsv'
[1.027s] DEBUG:colcon.colcon_core.event_handler.log_command:Invoked command in '/home/rhobtor/reactive/Reactive-Navegation/workspace_full_conected/build/octomap_mapping' returned '0': CMAKE_PREFIX_PATH=/home/rhobtor/reactive/Reactive-Navegation/workspace_full_conected/install/octomap_server:/home/rhobtor/reactive/Reactive-Navegation/workspace_full_conected/install/octomap_mapping:/home/rhobtor/reactive/Reactive-Navegation/workspace_full_conected/install/octomap_rviz_plugins:/home/rhobtor/reactive/Reactive-Navegation/workspace_full_conected/install/hector_gazebo_plugins:/home/rhobtor/reactive/Reactive-Navegation/workspace_full_conected/install/car_cpp:/home/rhobtor/reactive/Reactive-Navegation/workspace_full_conected/install/car:/opt/ros/humble /usr/bin/cmake --install /home/rhobtor/reactive/Reactive-Navegation/workspace_full_conected/build/octomap_mapping
[1.028s] INFO:colcon.colcon_core.shell:Creating environment hook '/home/rhobtor/reactive/Reactive-Navegation/workspace_full_conected/install/octomap_mapping/share/octomap_mapping/hook/cmake_prefix_path.sh'
[1.028s] Level 1:colcon.colcon_core.environment:checking '/home/rhobtor/reactive/Reactive-Navegation/workspace_full_conected/install/octomap_mapping/bin'
[1.029s] Level 1:colcon.colcon_core.environment:checking '/home/rhobtor/reactive/Reactive-Navegation/workspace_full_conected/install/octomap_mapping/lib/pkgconfig/octomap_mapping.pc'
[1.029s] Level 1:colcon.colcon_core.environment:checking '/home/rhobtor/reactive/Reactive-Navegation/workspace_full_conected/install/octomap_mapping/lib/python3.10/site-packages'
[1.029s] Level 1:colcon.colcon_core.environment:checking '/home/rhobtor/reactive/Reactive-Navegation/workspace_full_conected/install/octomap_mapping/bin'
[1.029s] INFO:colcon.colcon_core.shell:Creating package script '/home/rhobtor/reactive/Reactive-Navegation/workspace_full_conected/install/octomap_mapping/share/octomap_mapping/package.ps1'
[1.030s] INFO:colcon.colcon_core.shell:Creating package descriptor '/home/rhobtor/reactive/Reactive-Navegation/workspace_full_conected/install/octomap_mapping/share/octomap_mapping/package.dsv'
[1.031s] INFO:colcon.colcon_core.shell:Creating package script '/home/rhobtor/reactive/Reactive-Navegation/workspace_full_conected/install/octomap_mapping/share/octomap_mapping/package.sh'
[1.031s] INFO:colcon.colcon_core.shell:Creating package script '/home/rhobtor/reactive/Reactive-Navegation/workspace_full_conected/install/octomap_mapping/share/octomap_mapping/package.bash'
[1.032s] INFO:colcon.colcon_core.shell:Creating package script '/home/rhobtor/reactive/Reactive-Navegation/workspace_full_conected/install/octomap_mapping/share/octomap_mapping/package.zsh'
[1.032s] Level 1:colcon.colcon_core.environment:create_file_with_runtime_dependencies(/home/rhobtor/reactive/Reactive-Navegation/workspace_full_conected/install/octomap_mapping/share/colcon-core/packages/octomap_mapping)
[1.032s] Level 1:colcon.colcon_core.environment:create_environment_scripts_only(octomap_mapping)
[1.033s] Level 1:colcon.colcon_core.environment:checking '/home/rhobtor/reactive/Reactive-Navegation/workspace_full_conected/install/octomap_mapping' for CMake module files
[1.033s] Level 1:colcon.colcon_core.environment:checking '/home/rhobtor/reactive/Reactive-Navegation/workspace_full_conected/install/octomap_mapping' for CMake config files
[1.033s] Level 1:colcon.colcon_core.shell:create_environment_hook('octomap_mapping', 'cmake_prefix_path')
[1.033s] INFO:colcon.colcon_core.shell:Creating environment hook '/home/rhobtor/reactive/Reactive-Navegation/workspace_full_conected/install/octomap_mapping/share/octomap_mapping/hook/cmake_prefix_path.ps1'
[1.033s] INFO:colcon.colcon_core.shell:Creating environment descriptor '/home/rhobtor/reactive/Reactive-Navegation/workspace_full_conected/install/octomap_mapping/share/octomap_mapping/hook/cmake_prefix_path.dsv'
[1.034s] INFO:colcon.colcon_core.shell:Creating environment hook '/home/rhobtor/reactive/Reactive-Navegation/workspace_full_conected/install/octomap_mapping/share/octomap_mapping/hook/cmake_prefix_path.sh'
[1.034s] Level 1:colcon.colcon_core.environment:checking '/home/rhobtor/reactive/Reactive-Navegation/workspace_full_conected/install/octomap_mapping/bin'
[1.034s] Level 1:colcon.colcon_core.environment:checking '/home/rhobtor/reactive/Reactive-Navegation/workspace_full_conected/install/octomap_mapping/lib/pkgconfig/octomap_mapping.pc'
[1.034s] Level 1:colcon.colcon_core.environment:checking '/home/rhobtor/reactive/Reactive-Navegation/workspace_full_conected/install/octomap_mapping/lib/python3.10/site-packages'
[1.035s] Level 1:colcon.colcon_core.environment:checking '/home/rhobtor/reactive/Reactive-Navegation/workspace_full_conected/install/octomap_mapping/bin'
[1.035s] INFO:colcon.colcon_core.shell:Creating package script '/home/rhobtor/reactive/Reactive-Navegation/workspace_full_conected/install/octomap_mapping/share/octomap_mapping/package.ps1'
[1.035s] INFO:colcon.colcon_core.shell:Creating package descriptor '/home/rhobtor/reactive/Reactive-Navegation/workspace_full_conected/install/octomap_mapping/share/octomap_mapping/package.dsv'
[1.035s] INFO:colcon.colcon_core.shell:Creating package script '/home/rhobtor/reactive/Reactive-Navegation/workspace_full_conected/install/octomap_mapping/share/octomap_mapping/package.sh'
[1.036s] INFO:colcon.colcon_core.shell:Creating package script '/home/rhobtor/reactive/Reactive-Navegation/workspace_full_conected/install/octomap_mapping/share/octomap_mapping/package.bash'
[1.036s] INFO:colcon.colcon_core.shell:Creating package script '/home/rhobtor/reactive/Reactive-Navegation/workspace_full_conected/install/octomap_mapping/share/octomap_mapping/package.zsh'
[1.036s] Level 1:colcon.colcon_core.environment:create_file_with_runtime_dependencies(/home/rhobtor/reactive/Reactive-Navegation/workspace_full_conected/install/octomap_mapping/share/colcon-core/packages/octomap_mapping)
[1.037s] Level 1:colcon.colcon_core.environment:create_environment_scripts_only(car_cpp)
[1.037s] Level 1:colcon.colcon_core.environment:checking '/home/rhobtor/reactive/Reactive-Navegation/workspace_full_conected/install/car_cpp' for CMake module files
[1.037s] Level 1:colcon.colcon_core.environment:checking '/home/rhobtor/reactive/Reactive-Navegation/workspace_full_conected/install/car_cpp' for CMake config files
[1.037s] Level 1:colcon.colcon_core.shell:create_environment_hook('car_cpp', 'cmake_prefix_path')
[1.038s] INFO:colcon.colcon_core.shell:Creating environment hook '/home/rhobtor/reactive/Reactive-Navegation/workspace_full_conected/install/car_cpp/share/car_cpp/hook/cmake_prefix_path.ps1'
[1.038s] INFO:colcon.colcon_core.shell:Creating environment descriptor '/home/rhobtor/reactive/Reactive-Navegation/workspace_full_conected/install/car_cpp/share/car_cpp/hook/cmake_prefix_path.dsv'
[1.039s] DEBUG:colcon.colcon_core.event_handler.log_command:Invoked command in '/home/rhobtor/reactive/Reactive-Navegation/workspace_full_conected/build/car_cpp' returned '0': CMAKE_PREFIX_PATH=${CMAKE_PREFIX_PATH}:/home/rhobtor/reactive/Reactive-Navegation/workspace_full_conected/install/car:/opt/ros/humble /usr/bin/cmake --install /home/rhobtor/reactive/Reactive-Navegation/workspace_full_conected/build/car_cpp
[1.039s] INFO:colcon.colcon_core.shell:Creating environment hook '/home/rhobtor/reactive/Reactive-Navegation/workspace_full_conected/install/car_cpp/share/car_cpp/hook/cmake_prefix_path.sh'
[1.039s] Level 1:colcon.colcon_core.environment:checking '/home/rhobtor/reactive/Reactive-Navegation/workspace_full_conected/install/car_cpp/lib'
[1.039s] Level 1:colcon.colcon_core.shell:create_environment_hook('car_cpp', 'ld_library_path_lib')
[1.040s] INFO:colcon.colcon_core.shell:Creating environment hook '/home/rhobtor/reactive/Reactive-Navegation/workspace_full_conected/install/car_cpp/share/car_cpp/hook/ld_library_path_lib.ps1'
[1.040s] INFO:colcon.colcon_core.shell:Creating environment descriptor '/home/rhobtor/reactive/Reactive-Navegation/workspace_full_conected/install/car_cpp/share/car_cpp/hook/ld_library_path_lib.dsv'
[1.040s] INFO:colcon.colcon_core.shell:Creating environment hook '/home/rhobtor/reactive/Reactive-Navegation/workspace_full_conected/install/car_cpp/share/car_cpp/hook/ld_library_path_lib.sh'
[1.041s] Level 1:colcon.colcon_core.environment:checking '/home/rhobtor/reactive/Reactive-Navegation/workspace_full_conected/install/car_cpp/bin'
[1.041s] Level 1:colcon.colcon_core.environment:checking '/home/rhobtor/reactive/Reactive-Navegation/workspace_full_conected/install/car_cpp/lib/pkgconfig/car_cpp.pc'
[1.041s] Level 1:colcon.colcon_core.environment:checking '/home/rhobtor/reactive/Reactive-Navegation/workspace_full_conected/install/car_cpp/lib/python3.10/site-packages'
[1.041s] Level 1:colcon.colcon_core.environment:checking '/home/rhobtor/reactive/Reactive-Navegation/workspace_full_conected/install/car_cpp/bin'
[1.041s] INFO:colcon.colcon_core.shell:Creating package script '/home/rhobtor/reactive/Reactive-Navegation/workspace_full_conected/install/car_cpp/share/car_cpp/package.ps1'
[1.042s] INFO:colcon.colcon_core.shell:Creating package descriptor '/home/rhobtor/reactive/Reactive-Navegation/workspace_full_conected/install/car_cpp/share/car_cpp/package.dsv'
[1.042s] INFO:colcon.colcon_core.shell:Creating package script '/home/rhobtor/reactive/Reactive-Navegation/workspace_full_conected/install/car_cpp/share/car_cpp/package.sh'
[1.042s] INFO:colcon.colcon_core.shell:Creating package script '/home/rhobtor/reactive/Reactive-Navegation/workspace_full_conected/install/car_cpp/share/car_cpp/package.bash'
[1.043s] INFO:colcon.colcon_core.shell:Creating package script '/home/rhobtor/reactive/Reactive-Navegation/workspace_full_conected/install/car_cpp/share/car_cpp/package.zsh'
[1.043s] Level 1:colcon.colcon_core.environment:create_file_with_runtime_dependencies(/home/rhobtor/reactive/Reactive-Navegation/workspace_full_conected/install/car_cpp/share/colcon-core/packages/car_cpp)
[1.043s] Level 1:colcon.colcon_core.environment:create_environment_scripts_only(car_cpp)
[1.043s] Level 1:colcon.colcon_core.environment:checking '/home/rhobtor/reactive/Reactive-Navegation/workspace_full_conected/install/car_cpp' for CMake module files
[1.044s] Level 1:colcon.colcon_core.environment:checking '/home/rhobtor/reactive/Reactive-Navegation/workspace_full_conected/install/car_cpp' for CMake config files
[1.044s] Level 1:colcon.colcon_core.shell:create_environment_hook('car_cpp', 'cmake_prefix_path')
[1.044s] INFO:colcon.colcon_core.shell:Creating environment hook '/home/rhobtor/reactive/Reactive-Navegation/workspace_full_conected/install/car_cpp/share/car_cpp/hook/cmake_prefix_path.ps1'
[1.044s] INFO:colcon.colcon_core.shell:Creating environment descriptor '/home/rhobtor/reactive/Reactive-Navegation/workspace_full_conected/install/car_cpp/share/car_cpp/hook/cmake_prefix_path.dsv'
[1.045s] INFO:colcon.colcon_core.shell:Creating environment hook '/home/rhobtor/reactive/Reactive-Navegation/workspace_full_conected/install/car_cpp/share/car_cpp/hook/cmake_prefix_path.sh'
[1.045s] Level 1:colcon.colcon_core.environment:checking '/home/rhobtor/reactive/Reactive-Navegation/workspace_full_conected/install/car_cpp/lib'
[1.045s] Level 1:colcon.colcon_core.shell:create_environment_hook('car_cpp', 'ld_library_path_lib')
[1.045s] INFO:colcon.colcon_core.shell:Creating environment hook '/home/rhobtor/reactive/Reactive-Navegation/workspace_full_conected/install/car_cpp/share/car_cpp/hook/ld_library_path_lib.ps1'
[1.046s] INFO:colcon.colcon_core.shell:Creating environment descriptor '/home/rhobtor/reactive/Reactive-Navegation/workspace_full_conected/install/car_cpp/share/car_cpp/hook/ld_library_path_lib.dsv'
[1.046s] INFO:colcon.colcon_core.shell:Creating environment hook '/home/rhobtor/reactive/Reactive-Navegation/workspace_full_conected/install/car_cpp/share/car_cpp/hook/ld_library_path_lib.sh'
[1.046s] Level 1:colcon.colcon_core.environment:checking '/home/rhobtor/reactive/Reactive-Navegation/workspace_full_conected/install/car_cpp/bin'
[1.047s] Level 1:colcon.colcon_core.environment:checking '/home/rhobtor/reactive/Reactive-Navegation/workspace_full_conected/install/car_cpp/lib/pkgconfig/car_cpp.pc'
[1.047s] Level 1:colcon.colcon_core.environment:checking '/home/rhobtor/reactive/Reactive-Navegation/workspace_full_conected/install/car_cpp/lib/python3.10/site-packages'
[1.047s] Level 1:colcon.colcon_core.environment:checking '/home/rhobtor/reactive/Reactive-Navegation/workspace_full_conected/install/car_cpp/bin'
[1.047s] INFO:colcon.colcon_core.shell:Creating package script '/home/rhobtor/reactive/Reactive-Navegation/workspace_full_conected/install/car_cpp/share/car_cpp/package.ps1'
[1.048s] INFO:colcon.colcon_core.shell:Creating package descriptor '/home/rhobtor/reactive/Reactive-Navegation/workspace_full_conected/install/car_cpp/share/car_cpp/package.dsv'
[1.048s] INFO:colcon.colcon_core.shell:Creating package script '/home/rhobtor/reactive/Reactive-Navegation/workspace_full_conected/install/car_cpp/share/car_cpp/package.sh'
[1.048s] INFO:colcon.colcon_core.shell:Creating package script '/home/rhobtor/reactive/Reactive-Navegation/workspace_full_conected/install/car_cpp/share/car_cpp/package.bash'
[1.049s] INFO:colcon.colcon_core.shell:Creating package script '/home/rhobtor/reactive/Reactive-Navegation/workspace_full_conected/install/car_cpp/share/car_cpp/package.zsh'
[1.051s] Level 1:colcon.colcon_core.environment:create_file_with_runtime_dependencies(/home/rhobtor/reactive/Reactive-Navegation/workspace_full_conected/install/car_cpp/share/colcon-core/packages/car_cpp)
[1.052s] Level 1:colcon.colcon_core.environment:checking '/home/rhobtor/reactive/Reactive-Navegation/workspace_full_conected/install/car' for CMake module files
[1.052s] DEBUG:colcon.colcon_core.event_handler.log_command:Invoked command in '/home/rhobtor/reactive/Reactive-Navegation/workspace_full_conected/src/car_python' returned '0': PYTHONPATH=/home/rhobtor/reactive/Reactive-Navegation/workspace_full_conected/build/car/prefix_override:/usr/lib/python3/dist-packages/colcon_core/task/python/colcon_distutils_commands:/home/rhobtor/reactive/Reactive-Navegation/workspace_full_conected/install/car/lib/python3.10/site-packages:${PYTHONPATH} /usr/bin/python3 -W ignore:setup.py install is deprecated -W ignore:easy_install command is deprecated setup.py egg_info --egg-base ../../build/car build --build-base /home/rhobtor/reactive/Reactive-Navegation/workspace_full_conected/build/car/build install --record /home/rhobtor/reactive/Reactive-Navegation/workspace_full_conected/build/car/install.log --single-version-externally-managed install_data
[1.053s] Level 1:colcon.colcon_core.environment:checking '/home/rhobtor/reactive/Reactive-Navegation/workspace_full_conected/install/car' for CMake config files
[1.053s] Level 1:colcon.colcon_core.environment:checking '/home/rhobtor/reactive/Reactive-Navegation/workspace_full_conected/install/car/lib'
[1.053s] Level 1:colcon.colcon_core.environment:checking '/home/rhobtor/reactive/Reactive-Navegation/workspace_full_conected/install/car/bin'
[1.053s] Level 1:colcon.colcon_core.environment:checking '/home/rhobtor/reactive/Reactive-Navegation/workspace_full_conected/install/car/lib/pkgconfig/car.pc'
[1.054s] Level 1:colcon.colcon_core.environment:checking '/home/rhobtor/reactive/Reactive-Navegation/workspace_full_conected/install/car/lib/python3.10/site-packages'
[1.054s] Level 1:colcon.colcon_core.shell:create_environment_hook('car', 'pythonpath')
[1.054s] INFO:colcon.colcon_core.shell:Creating environment hook '/home/rhobtor/reactive/Reactive-Navegation/workspace_full_conected/install/car/share/car/hook/pythonpath.ps1'
[1.054s] INFO:colcon.colcon_core.shell:Creating environment descriptor '/home/rhobtor/reactive/Reactive-Navegation/workspace_full_conected/install/car/share/car/hook/pythonpath.dsv'
[1.055s] INFO:colcon.colcon_core.shell:Creating environment hook '/home/rhobtor/reactive/Reactive-Navegation/workspace_full_conected/install/car/share/car/hook/pythonpath.sh'
[1.055s] Level 1:colcon.colcon_core.environment:checking '/home/rhobtor/reactive/Reactive-Navegation/workspace_full_conected/install/car/bin'
[1.055s] Level 1:colcon.colcon_core.environment:create_environment_scripts_only(car)
[1.055s] INFO:colcon.colcon_core.shell:Creating package script '/home/rhobtor/reactive/Reactive-Navegation/workspace_full_conected/install/car/share/car/package.ps1'
[1.056s] INFO:colcon.colcon_core.shell:Creating package descriptor '/home/rhobtor/reactive/Reactive-Navegation/workspace_full_conected/install/car/share/car/package.dsv'
[1.056s] INFO:colcon.colcon_core.shell:Creating package script '/home/rhobtor/reactive/Reactive-Navegation/workspace_full_conected/install/car/share/car/package.sh'
[1.057s] INFO:colcon.colcon_core.shell:Creating package script '/home/rhobtor/reactive/Reactive-Navegation/workspace_full_conected/install/car/share/car/package.bash'
[1.057s] INFO:colcon.colcon_core.shell:Creating package script '/home/rhobtor/reactive/Reactive-Navegation/workspace_full_conected/install/car/share/car/package.zsh'
[1.057s] Level 1:colcon.colcon_core.environment:create_file_with_runtime_dependencies(/home/rhobtor/reactive/Reactive-Navegation/workspace_full_conected/install/car/share/colcon-core/packages/car)
[1.409s] DEBUG:colcon.colcon_core.event_handler.log_command:Invoked command in '/home/rhobtor/reactive/Reactive-Navegation/workspace_full_conected/build/hector_gazebo_plugins' returned '0': CMAKE_PREFIX_PATH=${CMAKE_PREFIX_PATH}:/home/rhobtor/reactive/Reactive-Navegation/workspace_full_conected/install/car:/opt/ros/humble /usr/bin/cmake --build /home/rhobtor/reactive/Reactive-Navegation/workspace_full_conected/build/hector_gazebo_plugins -- -j4 -l4
[1.410s] DEBUG:colcon.colcon_core.event_handler.log_command:Invoking command in '/home/rhobtor/reactive/Reactive-Navegation/workspace_full_conected/build/hector_gazebo_plugins': CMAKE_PREFIX_PATH=${CMAKE_PREFIX_PATH}:/home/rhobtor/reactive/Reactive-Navegation/workspace_full_conected/install/car:/opt/ros/humble /usr/bin/cmake --install /home/rhobtor/reactive/Reactive-Navegation/workspace_full_conected/build/hector_gazebo_plugins
[1.456s] Level 1:colcon.colcon_core.environment:create_environment_scripts_only(hector_gazebo_plugins)
[1.456s] DEBUG:colcon.colcon_core.event_handler.log_command:Invoked command in '/home/rhobtor/reactive/Reactive-Navegation/workspace_full_conected/build/hector_gazebo_plugins' returned '0': CMAKE_PREFIX_PATH=${CMAKE_PREFIX_PATH}:/home/rhobtor/reactive/Reactive-Navegation/workspace_full_conected/install/car:/opt/ros/humble /usr/bin/cmake --install /home/rhobtor/reactive/Reactive-Navegation/workspace_full_conected/build/hector_gazebo_plugins
[1.456s] Level 1:colcon.colcon_core.environment:checking '/home/rhobtor/reactive/Reactive-Navegation/workspace_full_conected/install/hector_gazebo_plugins' for CMake module files
[1.457s] Level 1:colcon.colcon_core.environment:checking '/home/rhobtor/reactive/Reactive-Navegation/workspace_full_conected/install/hector_gazebo_plugins' for CMake config files
[1.457s] Level 1:colcon.colcon_core.shell:create_environment_hook('hector_gazebo_plugins', 'cmake_prefix_path')
[1.458s] INFO:colcon.colcon_core.shell:Creating environment hook '/home/rhobtor/reactive/Reactive-Navegation/workspace_full_conected/install/hector_gazebo_plugins/share/hector_gazebo_plugins/hook/cmake_prefix_path.ps1'
[1.458s] INFO:colcon.colcon_core.shell:Creating environment descriptor '/home/rhobtor/reactive/Reactive-Navegation/workspace_full_conected/install/hector_gazebo_plugins/share/hector_gazebo_plugins/hook/cmake_prefix_path.dsv'
[1.458s] INFO:colcon.colcon_core.shell:Creating environment hook '/home/rhobtor/reactive/Reactive-Navegation/workspace_full_conected/install/hector_gazebo_plugins/share/hector_gazebo_plugins/hook/cmake_prefix_path.sh'
[1.459s] Level 1:colcon.colcon_core.environment:checking '/home/rhobtor/reactive/Reactive-Navegation/workspace_full_conected/install/hector_gazebo_plugins/lib'
[1.459s] Level 1:colcon.colcon_core.shell:create_environment_hook('hector_gazebo_plugins', 'ld_library_path_lib')
[1.459s] INFO:colcon.colcon_core.shell:Creating environment hook '/home/rhobtor/reactive/Reactive-Navegation/workspace_full_conected/install/hector_gazebo_plugins/share/hector_gazebo_plugins/hook/ld_library_path_lib.ps1'
[1.459s] INFO:colcon.colcon_core.shell:Creating environment descriptor '/home/rhobtor/reactive/Reactive-Navegation/workspace_full_conected/install/hector_gazebo_plugins/share/hector_gazebo_plugins/hook/ld_library_path_lib.dsv'
[1.460s] INFO:colcon.colcon_core.shell:Creating environment hook '/home/rhobtor/reactive/Reactive-Navegation/workspace_full_conected/install/hector_gazebo_plugins/share/hector_gazebo_plugins/hook/ld_library_path_lib.sh'
[1.460s] Level 1:colcon.colcon_core.environment:checking '/home/rhobtor/reactive/Reactive-Navegation/workspace_full_conected/install/hector_gazebo_plugins/bin'
[1.460s] Level 1:colcon.colcon_core.environment:checking '/home/rhobtor/reactive/Reactive-Navegation/workspace_full_conected/install/hector_gazebo_plugins/lib/pkgconfig/hector_gazebo_plugins.pc'
[1.460s] Level 1:colcon.colcon_core.environment:checking '/home/rhobtor/reactive/Reactive-Navegation/workspace_full_conected/install/hector_gazebo_plugins/lib/python3.10/site-packages'
[1.460s] Level 1:colcon.colcon_core.environment:checking '/home/rhobtor/reactive/Reactive-Navegation/workspace_full_conected/install/hector_gazebo_plugins/bin'
[1.460s] INFO:colcon.colcon_core.shell:Creating package script '/home/rhobtor/reactive/Reactive-Navegation/workspace_full_conected/install/hector_gazebo_plugins/share/hector_gazebo_plugins/package.ps1'
[1.461s] INFO:colcon.colcon_core.shell:Creating package descriptor '/home/rhobtor/reactive/Reactive-Navegation/workspace_full_conected/install/hector_gazebo_plugins/share/hector_gazebo_plugins/package.dsv'
[1.461s] INFO:colcon.colcon_core.shell:Creating package script '/home/rhobtor/reactive/Reactive-Navegation/workspace_full_conected/install/hector_gazebo_plugins/share/hector_gazebo_plugins/package.sh'
[1.462s] INFO:colcon.colcon_core.shell:Creating package script '/home/rhobtor/reactive/Reactive-Navegation/workspace_full_conected/install/hector_gazebo_plugins/share/hector_gazebo_plugins/package.bash'
[1.462s] INFO:colcon.colcon_core.shell:Creating package script '/home/rhobtor/reactive/Reactive-Navegation/workspace_full_conected/install/hector_gazebo_plugins/share/hector_gazebo_plugins/package.zsh'
[1.462s] Level 1:colcon.colcon_core.environment:create_file_with_runtime_dependencies(/home/rhobtor/reactive/Reactive-Navegation/workspace_full_conected/install/hector_gazebo_plugins/share/colcon-core/packages/hector_gazebo_plugins)
[1.463s] Level 1:colcon.colcon_core.environment:create_environment_scripts_only(hector_gazebo_plugins)
[1.463s] Level 1:colcon.colcon_core.environment:checking '/home/rhobtor/reactive/Reactive-Navegation/workspace_full_conected/install/hector_gazebo_plugins' for CMake module files
[1.463s] Level 1:colcon.colcon_core.environment:checking '/home/rhobtor/reactive/Reactive-Navegation/workspace_full_conected/install/hector_gazebo_plugins' for CMake config files
[1.464s] Level 1:colcon.colcon_core.shell:create_environment_hook('hector_gazebo_plugins', 'cmake_prefix_path')
[1.464s] INFO:colcon.colcon_core.shell:Creating environment hook '/home/rhobtor/reactive/Reactive-Navegation/workspace_full_conected/install/hector_gazebo_plugins/share/hector_gazebo_plugins/hook/cmake_prefix_path.ps1'
[1.464s] INFO:colcon.colcon_core.shell:Creating environment descriptor '/home/rhobtor/reactive/Reactive-Navegation/workspace_full_conected/install/hector_gazebo_plugins/share/hector_gazebo_plugins/hook/cmake_prefix_path.dsv'
[1.464s] INFO:colcon.colcon_core.shell:Creating environment hook '/home/rhobtor/reactive/Reactive-Navegation/workspace_full_conected/install/hector_gazebo_plugins/share/hector_gazebo_plugins/hook/cmake_prefix_path.sh'
[1.465s] Level 1:colcon.colcon_core.environment:checking '/home/rhobtor/reactive/Reactive-Navegation/workspace_full_conected/install/hector_gazebo_plugins/lib'
[1.465s] Level 1:colcon.colcon_core.shell:create_environment_hook('hector_gazebo_plugins', 'ld_library_path_lib')
[1.465s] INFO:colcon.colcon_core.shell:Creating environment hook '/home/rhobtor/reactive/Reactive-Navegation/workspace_full_conected/install/hector_gazebo_plugins/share/hector_gazebo_plugins/hook/ld_library_path_lib.ps1'
[1.465s] INFO:colcon.colcon_core.shell:Creating environment descriptor '/home/rhobtor/reactive/Reactive-Navegation/workspace_full_conected/install/hector_gazebo_plugins/share/hector_gazebo_plugins/hook/ld_library_path_lib.dsv'
[1.466s] INFO:colcon.colcon_core.shell:Creating environment hook '/home/rhobtor/reactive/Reactive-Navegation/workspace_full_conected/install/hector_gazebo_plugins/share/hector_gazebo_plugins/hook/ld_library_path_lib.sh'
[1.466s] Level 1:colcon.colcon_core.environment:checking '/home/rhobtor/reactive/Reactive-Navegation/workspace_full_conected/install/hector_gazebo_plugins/bin'
[1.466s] Level 1:colcon.colcon_core.environment:checking '/home/rhobtor/reactive/Reactive-Navegation/workspace_full_conected/install/hector_gazebo_plugins/lib/pkgconfig/hector_gazebo_plugins.pc'
[1.466s] Level 1:colcon.colcon_core.environment:checking '/home/rhobtor/reactive/Reactive-Navegation/workspace_full_conected/install/hector_gazebo_plugins/lib/python3.10/site-packages'
[1.466s] Level 1:colcon.colcon_core.environment:checking '/home/rhobtor/reactive/Reactive-Navegation/workspace_full_conected/install/hector_gazebo_plugins/bin'
[1.466s] INFO:colcon.colcon_core.shell:Creating package script '/home/rhobtor/reactive/Reactive-Navegation/workspace_full_conected/install/hector_gazebo_plugins/share/hector_gazebo_plugins/package.ps1'
[1.467s] INFO:colcon.colcon_core.shell:Creating package descriptor '/home/rhobtor/reactive/Reactive-Navegation/workspace_full_conected/install/hector_gazebo_plugins/share/hector_gazebo_plugins/package.dsv'
[1.467s] INFO:colcon.colcon_core.shell:Creating package script '/home/rhobtor/reactive/Reactive-Navegation/workspace_full_conected/install/hector_gazebo_plugins/share/hector_gazebo_plugins/package.sh'
[1.468s] INFO:colcon.colcon_core.shell:Creating package script '/home/rhobtor/reactive/Reactive-Navegation/workspace_full_conected/install/hector_gazebo_plugins/share/hector_gazebo_plugins/package.bash'
[1.468s] INFO:colcon.colcon_core.shell:Creating package script '/home/rhobtor/reactive/Reactive-Navegation/workspace_full_conected/install/hector_gazebo_plugins/share/hector_gazebo_plugins/package.zsh'
[1.468s] Level 1:colcon.colcon_core.environment:create_file_with_runtime_dependencies(/home/rhobtor/reactive/Reactive-Navegation/workspace_full_conected/install/hector_gazebo_plugins/share/colcon-core/packages/hector_gazebo_plugins)
[1.469s] DEBUG:colcon.colcon_parallel_executor.executor.parallel:closing loop
[1.469s] DEBUG:colcon.colcon_parallel_executor.executor.parallel:loop closed
[1.469s] DEBUG:colcon.colcon_parallel_executor.executor.parallel:run_until_complete finished with '0'
[1.469s] DEBUG:colcon.colcon_core.event_reactor:joining thread
[1.473s] INFO:colcon.colcon_core.plugin_system:Skipping extension 'colcon_notification.desktop_notification.terminal_notifier': Not used on non-Darwin systems
[1.473s] INFO:colcon.colcon_core.plugin_system:Skipping extension 'colcon_notification.desktop_notification.win32': Not used on non-Windows systems
[1.473s] INFO:colcon.colcon_notification.desktop_notification:Sending desktop notification using 'notify2'
[1.482s] DEBUG:colcon.colcon_core.event_reactor:joined thread
[1.482s] INFO:colcon.colcon_core.shell:Creating prefix script '/home/rhobtor/reactive/Reactive-Navegation/workspace_full_conected/install/local_setup.ps1'
[1.483s] INFO:colcon.colcon_core.shell:Creating prefix util module '/home/rhobtor/reactive/Reactive-Navegation/workspace_full_conected/install/_local_setup_util_ps1.py'
[1.484s] INFO:colcon.colcon_core.shell:Creating prefix chain script '/home/rhobtor/reactive/Reactive-Navegation/workspace_full_conected/install/setup.ps1'
[1.485s] INFO:colcon.colcon_core.shell:Creating prefix script '/home/rhobtor/reactive/Reactive-Navegation/workspace_full_conected/install/local_setup.sh'
[1.486s] INFO:colcon.colcon_core.shell:Creating prefix util module '/home/rhobtor/reactive/Reactive-Navegation/workspace_full_conected/install/_local_setup_util_sh.py'
[1.486s] INFO:colcon.colcon_core.shell:Creating prefix chain script '/home/rhobtor/reactive/Reactive-Navegation/workspace_full_conected/install/setup.sh'
[1.487s] INFO:colcon.colcon_core.shell:Creating prefix script '/home/rhobtor/reactive/Reactive-Navegation/workspace_full_conected/install/local_setup.bash'
[1.488s] INFO:colcon.colcon_core.shell:Creating prefix chain script '/home/rhobtor/reactive/Reactive-Navegation/workspace_full_conected/install/setup.bash'
[1.490s] INFO:colcon.colcon_core.shell:Creating prefix script '/home/rhobtor/reactive/Reactive-Navegation/workspace_full_conected/install/local_setup.zsh'
[1.491s] INFO:colcon.colcon_core.shell:Creating prefix chain script '/home/rhobtor/reactive/Reactive-Navegation/workspace_full_conected/install/setup.zsh'
