[0.016s] Invoking command in '/home/rhobtor/reactive/Reactive-Navegation/workspace_full_conected/build/octomap_server': CMAKE_PREFIX_PATH=/opt/ros/humble /usr/bin/cmake /home/rhobtor/reactive/Reactive-Navegation/workspace_full_conected/src/octomap/octomap_server -DCMAKE_INSTALL_PREFIX=/home/rhobtor/reactive/Reactive-Navegation/workspace_full_conected/install/octomap_server
[0.197s] -- The C compiler identification is GNU 11.4.0
[0.197s] -- The CXX compiler identification is GNU 11.4.0
[0.197s] -- Detecting C compiler ABI info
[0.197s] -- Detecting C compiler ABI info - done
[0.197s] -- Check for working C compiler: /usr/bin/cc - skipped
[0.197s] -- Detecting C compile features
[0.198s] -- Detecting C compile features - done
[0.199s] -- Detecting CXX compiler ABI info
[0.248s] -- Detecting CXX compiler ABI info - done
[0.253s] -- Check for working CXX compiler: /usr/bin/c++ - skipped
[0.254s] -- Detecting CXX compile features
[0.258s] -- Detecting CXX compile features - done
[0.267s] -- Checking for module 'eigen3'
[0.276s] --   Found eigen3, version 3.4.0
[0.302s] -- Found Eigen: /usr/include/eigen3 (Required is at least version "3.1") 
[0.302s] -- Eigen found (include: /usr/include/eigen3, version: 3.4.0)
[0.315s] -- Found Boost: /usr/lib/x86_64-linux-gnu/cmake/Boost-1.74.0/BoostConfig.cmake (found suitable version "1.74.0", minimum required is "1.65.0") found components: system filesystem date_time iostreams serialization 
[0.324s] -- Checking for module 'flann'
[0.334s] --   Found flann, version 1.9.1
[0.393s] -- Found FLANN: /usr/lib/x86_64-linux-gnu/libflann_cpp.so  
[0.393s] -- FLANN found (include: /usr/include, lib: /usr/lib/x86_64-linux-gnu/libflann_cpp.so)
[0.419s] -- Looking for pthread.h
[0.510s] -- Looking for pthread.h - found
[0.510s] -- Performing Test CMAKE_HAVE_LIBC_PTHREAD
[0.591s] -- Performing Test CMAKE_HAVE_LIBC_PTHREAD - Success
[0.591s] -- Found Threads: TRUE  
[0.591s] -- Found GLEW: /usr/lib/x86_64-linux-gnu/libGLEW.so  
[0.592s] -- Found OpenGL: /usr/lib/x86_64-linux-gnu/libOpenGL.so  found components: OpenGL GLX 
[0.707s] -- Found MPI_C: /usr/lib/x86_64-linux-gnu/libmpi.so (found version "3.1") 
[0.707s] -- Found MPI: TRUE (found version "3.1") found components: C 
[0.710s] -- Found JsonCpp: /usr/lib/x86_64-linux-gnu/libjsoncpp.so (found suitable version "1.9.5", minimum required is "0.7.0") 
[0.714s] -- Found ZLIB: /usr/lib/x86_64-linux-gnu/libz.so (found version "1.2.11") 
[0.724s] -- Found PNG: /usr/lib/x86_64-linux-gnu/libpng.so (found version "1.6.37") 
[0.732s] -- Found Eigen3: /usr/include/eigen3 (found version "3.4.0") 
[0.806s] -- Found X11: /usr/include   
[0.806s] -- Looking for XOpenDisplay in /usr/lib/x86_64-linux-gnu/libX11.so;/usr/lib/x86_64-linux-gnu/libXext.so
[0.902s] -- Looking for XOpenDisplay in /usr/lib/x86_64-linux-gnu/libX11.so;/usr/lib/x86_64-linux-gnu/libXext.so - found
[0.902s] -- Looking for gethostbyname
[1.048s] -- Looking for gethostbyname - found
[1.048s] -- Looking for connect
[1.134s] -- Looking for connect - found
[1.134s] -- Looking for remove
[1.231s] -- Looking for remove - found
[1.231s] -- Looking for shmat
[1.326s] -- Looking for shmat - found
[1.326s] -- Looking for IceConnectionNumber in ICE
[1.413s] -- Looking for IceConnectionNumber in ICE - found
[1.553s] -- Found EXPAT: /usr/lib/x86_64-linux-gnu/libexpat.so (found version "2.4.7") 
[1.556s] -- Found double-conversion: /usr/lib/x86_64-linux-gnu/libdouble-conversion.so  
[1.560s] -- Found LZ4: /usr/lib/x86_64-linux-gnu/liblz4.so (found version "1.9.3") 
[1.560s] -- Found LZMA: /usr/lib/x86_64-linux-gnu/liblzma.so (found version "5.2.5") 
[1.569s] -- Found JPEG: /usr/lib/x86_64-linux-gnu/libjpeg.so (found version "80") 
[1.577s] -- Found TIFF: /usr/lib/x86_64-linux-gnu/libtiff.so (found version "4.3.0")  
[1.583s] -- Found Freetype: /usr/lib/x86_64-linux-gnu/libfreetype.so (found version "2.11.1") 
[1.591s] -- Found utf8cpp: /usr/include/utf8cpp  
[1.717s] -- Checking for module 'libusb-1.0'
[1.737s] --   Found libusb-1.0, version 1.0.25
[1.792s] -- Found libusb: /usr/lib/x86_64-linux-gnu/libusb-1.0.so  
[1.794s] -- Found OpenNI: /usr/lib/libOpenNI.so;libusb::libusb (found version "1.5.4.0") 
[1.794s] -- OpenNI found (version: 1.5.4.0, include: /usr/include/ni, lib: /usr/lib/libOpenNI.so;libusb::libusb)
[1.859s] -- Found OpenNI2: /usr/lib/x86_64-linux-gnu/libOpenNI2.so;libusb::libusb (found version "2.2.0.33") 
[1.859s] -- OpenNI2 found (version: 2.2.0.33, include: /usr/include/openni2, lib: /usr/lib/x86_64-linux-gnu/libOpenNI2.so;libusb::libusb)
[1.861s] [0m** WARNING ** io features related to pcap will be disabled[0m
[2.055s] -- Eigen found (include: /usr/include/eigen3, version: 3.4.0)
[2.070s] -- OpenNI found (version: 1.5.4.0, include: /usr/include/ni, lib: /usr/lib/libOpenNI.so;libusb::libusb)
[2.078s] -- OpenNI2 found (version: 2.2.0.33, include: /usr/include/openni2, lib: /usr/lib/x86_64-linux-gnu/libOpenNI2.so;libusb::libusb)
[2.214s] -- Found Qhull version 8.0.2
[2.345s] -- OpenNI found (version: 1.5.4.0, include: /usr/include/ni, lib: /usr/lib/libOpenNI.so;libusb::libusb)
[2.454s] -- looking for PCL_COMMON
[2.455s] -- Found PCL_COMMON: /usr/lib/x86_64-linux-gnu/libpcl_common.so  
[2.455s] -- looking for PCL_KDTREE
[2.455s] -- Found PCL_KDTREE: /usr/lib/x86_64-linux-gnu/libpcl_kdtree.so  
[2.455s] -- looking for PCL_OCTREE
[2.455s] -- Found PCL_OCTREE: /usr/lib/x86_64-linux-gnu/libpcl_octree.so  
[2.455s] -- looking for PCL_SEARCH
[2.455s] -- Found PCL_SEARCH: /usr/lib/x86_64-linux-gnu/libpcl_search.so  
[2.455s] -- looking for PCL_SAMPLE_CONSENSUS
[2.455s] -- Found PCL_SAMPLE_CONSENSUS: /usr/lib/x86_64-linux-gnu/libpcl_sample_consensus.so  
[2.455s] -- looking for PCL_FILTERS
[2.455s] -- Found PCL_FILTERS: /usr/lib/x86_64-linux-gnu/libpcl_filters.so  
[2.455s] -- looking for PCL_2D
[2.455s] -- Found PCL_2D: /usr/include/pcl-1.12  
[2.456s] -- looking for PCL_GEOMETRY
[2.456s] -- Found PCL_GEOMETRY: /usr/include/pcl-1.12  
[2.456s] -- looking for PCL_IO
[2.456s] -- Found PCL_IO: /usr/lib/x86_64-linux-gnu/libpcl_io.so  
[2.457s] -- looking for PCL_FEATURES
[2.458s] -- Found PCL_FEATURES: /usr/lib/x86_64-linux-gnu/libpcl_features.so  
[2.458s] -- looking for PCL_ML
[2.458s] -- Found PCL_ML: /usr/lib/x86_64-linux-gnu/libpcl_ml.so  
[2.458s] -- looking for PCL_SEGMENTATION
[2.458s] -- Found PCL_SEGMENTATION: /usr/lib/x86_64-linux-gnu/libpcl_segmentation.so  
[2.459s] -- looking for PCL_VISUALIZATION
[2.459s] -- Found PCL_VISUALIZATION: /usr/lib/x86_64-linux-gnu/libpcl_visualization.so  
[2.461s] -- looking for PCL_SURFACE
[2.461s] -- Found PCL_SURFACE: /usr/lib/x86_64-linux-gnu/libpcl_surface.so  
[2.461s] -- looking for PCL_REGISTRATION
[2.461s] -- Found PCL_REGISTRATION: /usr/lib/x86_64-linux-gnu/libpcl_registration.so  
[2.461s] -- looking for PCL_KEYPOINTS
[2.461s] -- Found PCL_KEYPOINTS: /usr/lib/x86_64-linux-gnu/libpcl_keypoints.so  
[2.461s] -- looking for PCL_TRACKING
[2.462s] -- Found PCL_TRACKING: /usr/lib/x86_64-linux-gnu/libpcl_tracking.so  
[2.462s] -- looking for PCL_RECOGNITION
[2.462s] -- Found PCL_RECOGNITION: /usr/lib/x86_64-linux-gnu/libpcl_recognition.so  
[2.463s] -- looking for PCL_STEREO
[2.463s] -- Found PCL_STEREO: /usr/lib/x86_64-linux-gnu/libpcl_stereo.so  
[2.463s] -- looking for PCL_APPS
[2.463s] -- Found PCL_APPS: /usr/lib/x86_64-linux-gnu/libpcl_apps.so  
[2.464s] -- looking for PCL_IN_HAND_SCANNER
[2.464s] -- Found PCL_IN_HAND_SCANNER: /usr/include/pcl-1.12  
[2.464s] -- looking for PCL_MODELER
[2.464s] -- Found PCL_MODELER: /usr/include/pcl-1.12  
[2.464s] -- looking for PCL_POINT_CLOUD_EDITOR
[2.464s] -- Found PCL_POINT_CLOUD_EDITOR: /usr/include/pcl-1.12  
[2.464s] -- looking for PCL_OUTOFCORE
[2.466s] -- Found PCL_OUTOFCORE: /usr/lib/x86_64-linux-gnu/libpcl_outofcore.so  
[2.466s] -- looking for PCL_PEOPLE
[2.466s] -- Found PCL_PEOPLE: /usr/lib/x86_64-linux-gnu/libpcl_people.so  
[2.466s] -- Found PCL: pcl_common;pcl_kdtree;pcl_octree;pcl_search;pcl_sample_consensus;pcl_filters;pcl_io;pcl_features;pcl_ml;pcl_segmentation;pcl_visualization;pcl_surface;pcl_registration;pcl_keypoints;pcl_tracking;pcl_recognition;pcl_stereo;pcl_apps;pcl_outofcore;pcl_people;Boost::system;Boost::filesystem;Boost::date_time;Boost::iostreams;Boost::serialization;/usr/lib/libOpenNI.so;libusb::libusb;/usr/lib/x86_64-linux-gnu/libOpenNI2.so;libusb::libusb;VTK::ChartsCore;VTK::CommonColor;VTK::CommonComputationalGeometry;VTK::CommonCore;VTK::CommonDataModel;VTK::CommonExecutionModel;VTK::CommonMath;VTK::CommonMisc;VTK::CommonTransforms;VTK::FiltersCore;VTK::FiltersExtraction;VTK::FiltersGeneral;VTK::FiltersGeometry;VTK::FiltersModeling;VTK::FiltersSources;VTK::ImagingCore;VTK::ImagingSources;VTK::InteractionImage;VTK::InteractionStyle;VTK::InteractionWidgets;VTK::IOCore;VTK::IOGeometry;VTK::IOImage;VTK::IOLegacy;VTK::IOPLY;VTK::RenderingAnnotation;VTK::RenderingCore;VTK::RenderingContext2D;VTK::RenderingLOD;VTK::RenderingFreeType;VTK::ViewsCore;VTK::ViewsContext2D;VTK::RenderingOpenGL2;VTK::GUISupportQt;FLANN::FLANN;QHULL::QHULL  
[2.467s] -- Found ament_cmake_auto: 1.3.11 (/opt/ros/humble/share/ament_cmake_auto/cmake)
[2.592s] -- Found Python3: /usr/bin/python3 (found version "3.10.12") found components: Interpreter 
[2.731s] -- Found rosidl_generator_c: 3.1.6 (/opt/ros/humble/share/rosidl_generator_c/cmake)
[2.737s] -- Found rosidl_adapter: 3.1.6 (/opt/ros/humble/share/rosidl_adapter/cmake)
[2.741s] -- Found rosidl_generator_cpp: 3.1.6 (/opt/ros/humble/share/rosidl_generator_cpp/cmake)
[2.748s] -- Using all available rosidl_typesupport_c: rosidl_typesupport_fastrtps_c;rosidl_typesupport_introspection_c
[2.760s] -- Using all available rosidl_typesupport_cpp: rosidl_typesupport_fastrtps_cpp;rosidl_typesupport_introspection_cpp
[2.821s] -- Found rmw_implementation_cmake: 6.1.2 (/opt/ros/humble/share/rmw_implementation_cmake/cmake)
[2.823s] -- Found rmw_fastrtps_cpp: 6.2.7 (/opt/ros/humble/share/rmw_fastrtps_cpp/cmake)
[2.926s] -- Found OpenSSL: /usr/lib/x86_64-linux-gnu/libcrypto.so (found version "3.0.2")  
[2.950s] -- Found FastRTPS: /opt/ros/humble/include  
[2.983s] -- Using RMW implementation 'rmw_fastrtps_cpp' as default
[3.097s] -- Found eigen3_cmake_module: 0.1.1 (/opt/ros/humble/share/eigen3_cmake_module/cmake)
[3.098s] -- Found Eigen3: TRUE (found version "3.4.0") 
[3.098s] -- Ensuring Eigen3 include directory is part of orocos-kdl CMake target
[3.237s] -- Found ament_lint_auto: 0.12.11 (/opt/ros/humble/share/ament_lint_auto/cmake)
[3.249s] -- Added test 'copyright' to check source files copyright and LICENSE
[3.250s] -- Added test 'cppcheck' to perform static code analysis on C / C++ code
[3.252s] -- Configured cppcheck include dirs: /home/rhobtor/reactive/Reactive-Navegation/workspace_full_conected/src/octomap/octomap_server/include
[3.252s] -- Configured cppcheck exclude dirs and/or files: 
[3.253s] -- Added test 'cpplint' to check C / C++ code against the Google style
[3.254s] -- Configured cpplint exclude dirs and/or files: 
[3.254s] -- Added test 'flake8' to check Python code syntax and style conventions
[3.254s] -- Added test 'lint_cmake' to check CMake code style
[3.254s] -- Added test 'pep257' to check Python code against some of the docstring style conventions in PEP 257
[3.255s] -- Added test 'uncrustify' to check C / C++ code style
[3.255s] -- Configured uncrustify additional arguments: 
[3.255s] -- Added test 'xmllint' to check XML markup files
[3.259s] -- Configuring done
[3.733s] -- Generating done
[3.765s] -- Build files have been written to: /home/rhobtor/reactive/Reactive-Navegation/workspace_full_conected/build/octomap_server
[3.785s] Invoked command in '/home/rhobtor/reactive/Reactive-Navegation/workspace_full_conected/build/octomap_server' returned '0': CMAKE_PREFIX_PATH=/opt/ros/humble /usr/bin/cmake /home/rhobtor/reactive/Reactive-Navegation/workspace_full_conected/src/octomap/octomap_server -DCMAKE_INSTALL_PREFIX=/home/rhobtor/reactive/Reactive-Navegation/workspace_full_conected/install/octomap_server
[3.792s] Invoking command in '/home/rhobtor/reactive/Reactive-Navegation/workspace_full_conected/build/octomap_server': CMAKE_PREFIX_PATH=/opt/ros/humble /usr/bin/cmake --build /home/rhobtor/reactive/Reactive-Navegation/workspace_full_conected/build/octomap_server -- -j4 -l4
[4.037s] [  3%] [32mBuilding CXX object CMakeFiles/octomap_server_static_node.dir/rclcpp_components/node_main_octomap_server_static_node.cpp.o[0m
[4.053s] [  7%] [32mBuilding CXX object CMakeFiles/octomap_server_node.dir/rclcpp_components/node_main_octomap_server_node.cpp.o[0m
[4.061s] [ 11%] [32mBuilding CXX object CMakeFiles/octomap_server_multilayer_node.dir/rclcpp_components/node_main_octomap_server_multilayer_node.cpp.o[0m
[4.076s] [ 15%] [32mBuilding CXX object CMakeFiles/octomap_server_static.dir/src/octomap_server_static.cpp.o[0m
[14.631s] [ 19%] [32m[1mLinking CXX executable octomap_server_multilayer_node[0m
[14.752s] [ 23%] [32m[1mLinking CXX executable octomap_server_static_node[0m
[15.172s] [ 23%] Built target octomap_server_multilayer_node
[15.250s] [ 26%] [32mBuilding CXX object CMakeFiles/tracking_octomap_server_node.dir/rclcpp_components/node_main_tracking_octomap_server_node.cpp.o[0m
[15.273s] [ 30%] [32m[1mLinking CXX executable octomap_server_node[0m
[15.450s] [ 30%] Built target octomap_server_static_node
[15.551s] [ 34%] [32mBuilding CXX object CMakeFiles/color_octomap_server_node.dir/rclcpp_components/node_main_color_octomap_server_node.cpp.o[0m
[15.702s] [ 34%] Built target octomap_server_node
[15.799s] [ 38%] [32mBuilding CXX object CMakeFiles/octomap_saver_node.dir/rclcpp_components/node_main_octomap_saver_node.cpp.o[0m
[19.948s] [ 42%] [32m[1mLinking CXX shared library liboctomap_server_static.so[0m
[21.240s] [ 42%] Built target octomap_server_static
[28.927s] [ 46%] [32m[1mLinking CXX executable tracking_octomap_server_node[0m
[29.178s] [ 46%] Built target tracking_octomap_server_node
[29.852s] [ 50%] [32m[1mLinking CXX executable octomap_saver_node[0m
[29.852s] [ 53%] [32m[1mLinking CXX executable color_octomap_server_node[0m
[30.005s] [ 53%] Built target color_octomap_server_node
[30.289s] [ 53%] Built target octomap_saver_node
[30.355s] [ 57%] [32mBuilding CXX object CMakeFiles/octomap_server.dir/src/octomap_server.cpp.o[0m
[56.873s] [ 61%] [32m[1mLinking CXX shared library liboctomap_server.so[0m
[58.283s] [ 61%] Built target octomap_server
[58.301s] [ 65%] [32mBuilding CXX object CMakeFiles/octomap_server_multilayer.dir/src/octomap_server.cpp.o[0m
[73.047s] [ 69%] [32mBuilding CXX object CMakeFiles/octomap_server_multilayer.dir/src/octomap_server_multilayer.cpp.o[0m
[83.569s] [ 73%] [32m[1mLinking CXX shared library liboctomap_server_multilayer.so[0m
[85.382s] [ 73%] Built target octomap_server_multilayer
[85.418s] [ 76%] [32mBuilding CXX object CMakeFiles/tracking_octomap_server.dir/src/octomap_server.cpp.o[0m
[99.077s] [ 80%] [32mBuilding CXX object CMakeFiles/tracking_octomap_server.dir/src/tracking_octomap_server.cpp.o[0m
[108.837s] [ 84%] [32m[1mLinking CXX shared library libtracking_octomap_server.so[0m
[110.433s] [ 84%] Built target tracking_octomap_server
[110.451s] [ 88%] [32mBuilding CXX object CMakeFiles/color_octomap_server.dir/src/octomap_server.cpp.o[0m
[124.123s] [ 92%] [32m[1mLinking CXX shared library libcolor_octomap_server.so[0m
[125.704s] [ 92%] Built target color_octomap_server
[125.724s] [ 96%] [32mBuilding CXX object CMakeFiles/octomap_saver.dir/src/octomap_saver.cpp.o[0m
[128.723s] [100%] [32m[1mLinking CXX shared library liboctomap_saver.so[0m
[129.169s] [100%] Built target octomap_saver
[129.180s] Invoked command in '/home/rhobtor/reactive/Reactive-Navegation/workspace_full_conected/build/octomap_server' returned '0': CMAKE_PREFIX_PATH=/opt/ros/humble /usr/bin/cmake --build /home/rhobtor/reactive/Reactive-Navegation/workspace_full_conected/build/octomap_server -- -j4 -l4
[129.180s] Invoking command in '/home/rhobtor/reactive/Reactive-Navegation/workspace_full_conected/build/octomap_server': CMAKE_PREFIX_PATH=/opt/ros/humble /usr/bin/cmake --install /home/rhobtor/reactive/Reactive-Navegation/workspace_full_conected/build/octomap_server
[129.187s] -- Install configuration: ""
[129.187s] -- Installing: /home/rhobtor/reactive/Reactive-Navegation/workspace_full_conected/install/octomap_server/lib/octomap_server/octomap_server_static_node
[129.187s] -- Set runtime path of "/home/rhobtor/reactive/Reactive-Navegation/workspace_full_conected/install/octomap_server/lib/octomap_server/octomap_server_static_node" to ""
[129.187s] -- Installing: /home/rhobtor/reactive/Reactive-Navegation/workspace_full_conected/install/octomap_server/lib/octomap_server/octomap_server_node
[129.188s] -- Set runtime path of "/home/rhobtor/reactive/Reactive-Navegation/workspace_full_conected/install/octomap_server/lib/octomap_server/octomap_server_node" to ""
[129.188s] -- Installing: /home/rhobtor/reactive/Reactive-Navegation/workspace_full_conected/install/octomap_server/lib/octomap_server/octomap_server_multilayer_node
[129.189s] -- Set runtime path of "/home/rhobtor/reactive/Reactive-Navegation/workspace_full_conected/install/octomap_server/lib/octomap_server/octomap_server_multilayer_node" to ""
[129.189s] -- Installing: /home/rhobtor/reactive/Reactive-Navegation/workspace_full_conected/install/octomap_server/lib/octomap_server/tracking_octomap_server_node
[129.189s] -- Set runtime path of "/home/rhobtor/reactive/Reactive-Navegation/workspace_full_conected/install/octomap_server/lib/octomap_server/tracking_octomap_server_node" to ""
[129.189s] -- Installing: /home/rhobtor/reactive/Reactive-Navegation/workspace_full_conected/install/octomap_server/lib/octomap_server/color_octomap_server_node
[129.189s] -- Set runtime path of "/home/rhobtor/reactive/Reactive-Navegation/workspace_full_conected/install/octomap_server/lib/octomap_server/color_octomap_server_node" to ""
[129.189s] -- Installing: /home/rhobtor/reactive/Reactive-Navegation/workspace_full_conected/install/octomap_server/lib/octomap_server/octomap_saver_node
[129.190s] -- Set runtime path of "/home/rhobtor/reactive/Reactive-Navegation/workspace_full_conected/install/octomap_server/lib/octomap_server/octomap_saver_node" to ""
[129.190s] -- Installing: /home/rhobtor/reactive/Reactive-Navegation/workspace_full_conected/install/octomap_server/include
[129.190s] -- Installing: /home/rhobtor/reactive/Reactive-Navegation/workspace_full_conected/install/octomap_server/include/octomap_server
[129.190s] -- Installing: /home/rhobtor/reactive/Reactive-Navegation/workspace_full_conected/install/octomap_server/include/octomap_server/tracking_octomap_server.hpp
[129.190s] -- Installing: /home/rhobtor/reactive/Reactive-Navegation/workspace_full_conected/install/octomap_server/include/octomap_server/octomap_server_multilayer.hpp
[129.190s] -- Installing: /home/rhobtor/reactive/Reactive-Navegation/workspace_full_conected/install/octomap_server/include/octomap_server/octomap_server_static.hpp
[129.190s] -- Installing: /home/rhobtor/reactive/Reactive-Navegation/workspace_full_conected/install/octomap_server/include/octomap_server/octomap_server.hpp
[129.190s] -- Installing: /home/rhobtor/reactive/Reactive-Navegation/workspace_full_conected/install/octomap_server/share/octomap_server/environment/library_path.sh
[129.190s] -- Installing: /home/rhobtor/reactive/Reactive-Navegation/workspace_full_conected/install/octomap_server/share/octomap_server/environment/library_path.dsv
[129.191s] -- Installing: /home/rhobtor/reactive/Reactive-Navegation/workspace_full_conected/install/octomap_server/lib/liboctomap_server_static.so
[129.192s] -- Set runtime path of "/home/rhobtor/reactive/Reactive-Navegation/workspace_full_conected/install/octomap_server/lib/liboctomap_server_static.so" to ""
[129.192s] -- Installing: /home/rhobtor/reactive/Reactive-Navegation/workspace_full_conected/install/octomap_server/lib/liboctomap_server.so
[129.200s] -- Set runtime path of "/home/rhobtor/reactive/Reactive-Navegation/workspace_full_conected/install/octomap_server/lib/liboctomap_server.so" to ""
[129.200s] -- Installing: /home/rhobtor/reactive/Reactive-Navegation/workspace_full_conected/install/octomap_server/lib/liboctomap_server_multilayer.so
[129.208s] -- Set runtime path of "/home/rhobtor/reactive/Reactive-Navegation/workspace_full_conected/install/octomap_server/lib/liboctomap_server_multilayer.so" to ""
[129.208s] -- Installing: /home/rhobtor/reactive/Reactive-Navegation/workspace_full_conected/install/octomap_server/lib/libtracking_octomap_server.so
[129.220s] -- Set runtime path of "/home/rhobtor/reactive/Reactive-Navegation/workspace_full_conected/install/octomap_server/lib/libtracking_octomap_server.so" to ""
[129.220s] -- Installing: /home/rhobtor/reactive/Reactive-Navegation/workspace_full_conected/install/octomap_server/lib/libcolor_octomap_server.so
[129.228s] -- Set runtime path of "/home/rhobtor/reactive/Reactive-Navegation/workspace_full_conected/install/octomap_server/lib/libcolor_octomap_server.so" to ""
[129.228s] -- Installing: /home/rhobtor/reactive/Reactive-Navegation/workspace_full_conected/install/octomap_server/lib/liboctomap_saver.so
[129.230s] -- Set runtime path of "/home/rhobtor/reactive/Reactive-Navegation/workspace_full_conected/install/octomap_server/lib/liboctomap_saver.so" to ""
[129.230s] -- Installing: /home/rhobtor/reactive/Reactive-Navegation/workspace_full_conected/install/octomap_server/share/octomap_server/launch
[129.230s] -- Installing: /home/rhobtor/reactive/Reactive-Navegation/workspace_full_conected/install/octomap_server/share/octomap_server/launch/octomap_tracking_server.launch.xml
[129.230s] -- Installing: /home/rhobtor/reactive/Reactive-Navegation/workspace_full_conected/install/octomap_server/share/octomap_server/launch/octomap_mapping.launch.xml
[129.230s] -- Installing: /home/rhobtor/reactive/Reactive-Navegation/workspace_full_conected/install/octomap_server/share/octomap_server/launch/octomap_tracking_client.launch.xml
[129.230s] -- Installing: /home/rhobtor/reactive/Reactive-Navegation/workspace_full_conected/install/octomap_server/share/octomap_server/params
[129.230s] -- Installing: /home/rhobtor/reactive/Reactive-Navegation/workspace_full_conected/install/octomap_server/share/octomap_server/params/default.yaml
[129.230s] -- Installing: /home/rhobtor/reactive/Reactive-Navegation/workspace_full_conected/install/octomap_server/share/ament_index/resource_index/package_run_dependencies/octomap_server
[129.230s] -- Installing: /home/rhobtor/reactive/Reactive-Navegation/workspace_full_conected/install/octomap_server/share/ament_index/resource_index/parent_prefix_path/octomap_server
[129.230s] -- Installing: /home/rhobtor/reactive/Reactive-Navegation/workspace_full_conected/install/octomap_server/share/octomap_server/environment/ament_prefix_path.sh
[129.230s] -- Installing: /home/rhobtor/reactive/Reactive-Navegation/workspace_full_conected/install/octomap_server/share/octomap_server/environment/ament_prefix_path.dsv
[129.230s] -- Installing: /home/rhobtor/reactive/Reactive-Navegation/workspace_full_conected/install/octomap_server/share/octomap_server/environment/path.sh
[129.230s] -- Installing: /home/rhobtor/reactive/Reactive-Navegation/workspace_full_conected/install/octomap_server/share/octomap_server/environment/path.dsv
[129.231s] -- Installing: /home/rhobtor/reactive/Reactive-Navegation/workspace_full_conected/install/octomap_server/share/octomap_server/local_setup.bash
[129.231s] -- Installing: /home/rhobtor/reactive/Reactive-Navegation/workspace_full_conected/install/octomap_server/share/octomap_server/local_setup.sh
[129.231s] -- Installing: /home/rhobtor/reactive/Reactive-Navegation/workspace_full_conected/install/octomap_server/share/octomap_server/local_setup.zsh
[129.231s] -- Installing: /home/rhobtor/reactive/Reactive-Navegation/workspace_full_conected/install/octomap_server/share/octomap_server/local_setup.dsv
[129.231s] -- Installing: /home/rhobtor/reactive/Reactive-Navegation/workspace_full_conected/install/octomap_server/share/octomap_server/package.dsv
[129.231s] -- Installing: /home/rhobtor/reactive/Reactive-Navegation/workspace_full_conected/install/octomap_server/share/ament_index/resource_index/packages/octomap_server
[129.231s] -- Installing: /home/rhobtor/reactive/Reactive-Navegation/workspace_full_conected/install/octomap_server/share/ament_index/resource_index/rclcpp_components/octomap_server
[129.231s] -- Installing: /home/rhobtor/reactive/Reactive-Navegation/workspace_full_conected/install/octomap_server/share/octomap_server/cmake/ament_cmake_export_dependencies-extras.cmake
[129.231s] -- Installing: /home/rhobtor/reactive/Reactive-Navegation/workspace_full_conected/install/octomap_server/share/octomap_server/cmake/ament_cmake_export_include_directories-extras.cmake
[129.231s] -- Installing: /home/rhobtor/reactive/Reactive-Navegation/workspace_full_conected/install/octomap_server/share/octomap_server/cmake/ament_cmake_export_libraries-extras.cmake
[129.231s] -- Installing: /home/rhobtor/reactive/Reactive-Navegation/workspace_full_conected/install/octomap_server/share/octomap_server/cmake/octomap_serverConfig.cmake
[129.231s] -- Installing: /home/rhobtor/reactive/Reactive-Navegation/workspace_full_conected/install/octomap_server/share/octomap_server/cmake/octomap_serverConfig-version.cmake
[129.232s] -- Installing: /home/rhobtor/reactive/Reactive-Navegation/workspace_full_conected/install/octomap_server/share/octomap_server/package.xml
[129.232s] -- Installing: /home/rhobtor/reactive/Reactive-Navegation/workspace_full_conected/install/octomap_server/lib/octomap_server/octomap_eraser_cli.py
[129.236s] Invoked command in '/home/rhobtor/reactive/Reactive-Navegation/workspace_full_conected/build/octomap_server' returned '0': CMAKE_PREFIX_PATH=/opt/ros/humble /usr/bin/cmake --install /home/rhobtor/reactive/Reactive-Navegation/workspace_full_conected/build/octomap_server
