[0.469s] Invoking command in '/home/rhobtor/reactive/Reactive-Navegation/workspace_full_conected/src/car_python': CMAKE_PREFIX_PATH=/home/rhobtor/reactive/Reactive-Navegation/workspace_full_conected/install/car_interfaces:/home/rhobtor/reactive/Reactive-Navegation/workspace_full_conected/install/octomap_mapping:/home/rhobtor/reactive/Reactive-Navegation/workspace_full_conected/install/octomap_server:/home/rhobtor/reactive/Reactive-Navegation/workspace_full_conected/install/octomap_rviz_plugins:/home/rhobtor/reactive/Reactive-Navegation/workspace_full_conected/install/hector_gazebo_plugins:/home/rhobtor/reactive/Reactive-Navegation/workspace_full_conected/install/car_cpp LD_LIBRARY_PATH=/home/rhobtor/reactive/Reactive-Navegation/workspace_full_conected/install/car_interfaces/lib:/home/rhobtor/reactive/Reactive-Navegation/workspace_full_conected/install/octomap_server/lib:/home/rhobtor/reactive/Reactive-Navegation/workspace_full_conected/install/octomap_rviz_plugins/lib:/home/rhobtor/reactive/Reactive-Navegation/workspace_full_conected/install/hector_gazebo_plugins/lib:/home/rhobtor/reactive/Reactive-Navegation/workspace_full_conected/install/car_cpp/lib:/usr/lib/x86_64-linux-gnu/gazebo-11/plugins:/opt/ros/humble/opt/rviz_ogre_vendor/lib:/opt/ros/humble/lib/x86_64-linux-gnu:/opt/ros/humble/lib PYTHONPATH=/home/rhobtor/reactive/Reactive-Navegation/workspace_full_conected/build/car/prefix_override:/usr/lib/python3/dist-packages/colcon_core/task/python/colcon_distutils_commands:/home/rhobtor/reactive/Reactive-Navegation/workspace_full_conected/install/car/lib/python3.10/site-packages:${PYTHONPATH} /usr/bin/python3 -W ignore:setup.py install is deprecated -W ignore:easy_install command is deprecated setup.py egg_info --egg-base ../../build/car build --build-base /home/rhobtor/reactive/Reactive-Navegation/workspace_full_conected/build/car/build install --record /home/rhobtor/reactive/Reactive-Navegation/workspace_full_conected/build/car/install.log --single-version-externally-managed install_data
[0.626s] running egg_info
[0.627s] writing ../../build/car/car.egg-info/PKG-INFO
[0.627s] writing dependency_links to ../../build/car/car.egg-info/dependency_links.txt
[0.627s] writing entry points to ../../build/car/car.egg-info/entry_points.txt
[0.627s] writing requirements to ../../build/car/car.egg-info/requires.txt
[0.627s] writing top-level names to ../../build/car/car.egg-info/top_level.txt
[0.629s] reading manifest file '../../build/car/car.egg-info/SOURCES.txt'
[0.630s] writing manifest file '../../build/car/car.egg-info/SOURCES.txt'
[0.630s] running build
[0.630s] running build_py
[0.630s] copying car/laserscan.py -> /home/rhobtor/reactive/Reactive-Navegation/workspace_full_conected/build/car/build/lib/car
[0.631s] running install
[0.631s] running install_lib
[0.632s] copying /home/rhobtor/reactive/Reactive-Navegation/workspace_full_conected/build/car/build/lib/car/laserscan.py -> /home/rhobtor/reactive/Reactive-Navegation/workspace_full_conected/install/car/lib/python3.10/site-packages/car
[0.632s] byte-compiling /home/rhobtor/reactive/Reactive-Navegation/workspace_full_conected/install/car/lib/python3.10/site-packages/car/laserscan.py to laserscan.cpython-310.pyc
[0.633s] running install_data
[0.634s] running install_egg_info
[0.635s] removing '/home/rhobtor/reactive/Reactive-Navegation/workspace_full_conected/install/car/lib/python3.10/site-packages/car-0.0.0-py3.10.egg-info' (and everything under it)
[0.635s] Copying ../../build/car/car.egg-info to /home/rhobtor/reactive/Reactive-Navegation/workspace_full_conected/install/car/lib/python3.10/site-packages/car-0.0.0-py3.10.egg-info
[0.635s] running install_scripts
[0.649s] Installing camara_time_node script to /home/rhobtor/reactive/Reactive-Navegation/workspace_full_conected/install/car/lib/car
[0.650s] Installing colision_zone script to /home/rhobtor/reactive/Reactive-Navegation/workspace_full_conected/install/car/lib/car
[0.650s] Installing debug_node script to /home/rhobtor/reactive/Reactive-Navegation/workspace_full_conected/install/car/lib/car
[0.650s] Installing dqn_ppo script to /home/rhobtor/reactive/Reactive-Navegation/workspace_full_conected/install/car/lib/car
[0.650s] Installing ekf_node script to /home/rhobtor/reactive/Reactive-Navegation/workspace_full_conected/install/car/lib/car
[0.650s] Installing filter_points_cloud script to /home/rhobtor/reactive/Reactive-Navegation/workspace_full_conected/install/car/lib/car
[0.650s] Installing frontier_centroid script to /home/rhobtor/reactive/Reactive-Navegation/workspace_full_conected/install/car/lib/car
[0.650s] Installing frontier_view script to /home/rhobtor/reactive/Reactive-Navegation/workspace_full_conected/install/car/lib/car
[0.650s] Installing graph script to /home/rhobtor/reactive/Reactive-Navegation/workspace_full_conected/install/car/lib/car
[0.650s] Installing imagine_ppo script to /home/rhobtor/reactive/Reactive-Navegation/workspace_full_conected/install/car/lib/car
[0.650s] Installing imagine_ppo_avoid script to /home/rhobtor/reactive/Reactive-Navegation/workspace_full_conected/install/car/lib/car
[0.650s] Installing imagine_ppo_map script to /home/rhobtor/reactive/Reactive-Navegation/workspace_full_conected/install/car/lib/car
[0.650s] Installing inference_dqn_ppo script to /home/rhobtor/reactive/Reactive-Navegation/workspace_full_conected/install/car/lib/car
[0.651s] Installing inference_ppo script to /home/rhobtor/reactive/Reactive-Navegation/workspace_full_conected/install/car/lib/car
[0.651s] Installing joystick_control script to /home/rhobtor/reactive/Reactive-Navegation/workspace_full_conected/install/car/lib/car
[0.651s] Installing keyboard_control script to /home/rhobtor/reactive/Reactive-Navegation/workspace_full_conected/install/car/lib/car
[0.651s] Installing laserscan script to /home/rhobtor/reactive/Reactive-Navegation/workspace_full_conected/install/car/lib/car
[0.651s] Installing log_joystick script to /home/rhobtor/reactive/Reactive-Navegation/workspace_full_conected/install/car/lib/car
[0.651s] Installing map script to /home/rhobtor/reactive/Reactive-Navegation/workspace_full_conected/install/car/lib/car
[0.651s] Installing octomap_2d_display script to /home/rhobtor/reactive/Reactive-Navegation/workspace_full_conected/install/car/lib/car
[0.651s] Installing odometry_node script to /home/rhobtor/reactive/Reactive-Navegation/workspace_full_conected/install/car/lib/car
[0.651s] Installing points_goal script to /home/rhobtor/reactive/Reactive-Navegation/workspace_full_conected/install/car/lib/car
[0.651s] Installing ppo script to /home/rhobtor/reactive/Reactive-Navegation/workspace_full_conected/install/car/lib/car
[0.651s] Installing scan_to_cloud script to /home/rhobtor/reactive/Reactive-Navegation/workspace_full_conected/install/car/lib/car
[0.651s] Installing supervisor_node script to /home/rhobtor/reactive/Reactive-Navegation/workspace_full_conected/install/car/lib/car
[0.651s] Installing test2 script to /home/rhobtor/reactive/Reactive-Navegation/workspace_full_conected/install/car/lib/car
[0.651s] Installing train_ppo script to /home/rhobtor/reactive/Reactive-Navegation/workspace_full_conected/install/car/lib/car
[0.652s] Installing view_point_and_click script to /home/rhobtor/reactive/Reactive-Navegation/workspace_full_conected/install/car/lib/car
[0.652s] writing list of installed files to '/home/rhobtor/reactive/Reactive-Navegation/workspace_full_conected/build/car/install.log'
[0.670s] Invoked command in '/home/rhobtor/reactive/Reactive-Navegation/workspace_full_conected/src/car_python' returned '0': CMAKE_PREFIX_PATH=/home/rhobtor/reactive/Reactive-Navegation/workspace_full_conected/install/car_interfaces:/home/rhobtor/reactive/Reactive-Navegation/workspace_full_conected/install/octomap_mapping:/home/rhobtor/reactive/Reactive-Navegation/workspace_full_conected/install/octomap_server:/home/rhobtor/reactive/Reactive-Navegation/workspace_full_conected/install/octomap_rviz_plugins:/home/rhobtor/reactive/Reactive-Navegation/workspace_full_conected/install/hector_gazebo_plugins:/home/rhobtor/reactive/Reactive-Navegation/workspace_full_conected/install/car_cpp LD_LIBRARY_PATH=/home/rhobtor/reactive/Reactive-Navegation/workspace_full_conected/install/car_interfaces/lib:/home/rhobtor/reactive/Reactive-Navegation/workspace_full_conected/install/octomap_server/lib:/home/rhobtor/reactive/Reactive-Navegation/workspace_full_conected/install/octomap_rviz_plugins/lib:/home/rhobtor/reactive/Reactive-Navegation/workspace_full_conected/install/hector_gazebo_plugins/lib:/home/rhobtor/reactive/Reactive-Navegation/workspace_full_conected/install/car_cpp/lib:/usr/lib/x86_64-linux-gnu/gazebo-11/plugins:/opt/ros/humble/opt/rviz_ogre_vendor/lib:/opt/ros/humble/lib/x86_64-linux-gnu:/opt/ros/humble/lib PYTHONPATH=/home/rhobtor/reactive/Reactive-Navegation/workspace_full_conected/build/car/prefix_override:/usr/lib/python3/dist-packages/colcon_core/task/python/colcon_distutils_commands:/home/rhobtor/reactive/Reactive-Navegation/workspace_full_conected/install/car/lib/python3.10/site-packages:${PYTHONPATH} /usr/bin/python3 -W ignore:setup.py install is deprecated -W ignore:easy_install command is deprecated setup.py egg_info --egg-base ../../build/car build --build-base /home/rhobtor/reactive/Reactive-Navegation/workspace_full_conected/build/car/build install --record /home/rhobtor/reactive/Reactive-Navegation/workspace_full_conected/build/car/install.log --single-version-externally-managed install_data
