[35m[1mConsolidate compiler generated dependencies of target frontier_nodes[0m
[ 25%] Built target car_cpp
[ 31%] Built target navigation_nodes
[ 34%] [32mBuilding CXX object CMakeFiles/ground_remove.dir/src/ground_remove.cpp.o[0m
[ 37%] [32mBuilding CXX object CMakeFiles/frontier_nodes.dir/src/frontier_nodes.cpp.o[0m
[ 42%] Built target map_measure
[ 48%] Built target camera_filter
[ 54%] Built target testo
[ 60%] Built target check_map
[ 65%] Built target path_planner_node
[ 71%] Built target control_plugin
[ 77%] Built target joints_plugin
[ 82%] Built target drive_plugin
[ 88%] Built target driver_plugin
[ 94%] Built target odometry_plugin
[01m[K/home/rhobtor/reactive/Reactive-Navegation/workspace_full_conected/src/car_cpp/src/frontier_nodes.cpp:[m[K In member function ‘[01m[Kvoid FrontierDetectionNode::octomapCallback(octomap_msgs::msg::Octomap_<std::allocator<void> >::SharedPtr)[m[K’:
[01m[K/home/rhobtor/reactive/Reactive-Navegation/workspace_full_conected/src/car_cpp/src/frontier_nodes.cpp:33:53:[m[K [01;31m[Kerror: [m[Kno matching function for call to ‘[01m[Koctomap::OcTree::getMetricMin()[m[K’
   33 |     octomap::point3d metric_min = [01;31m[Ktree->getMetricMin()[m[K;
      |                                   [01;31m[K~~~~~~~~~~~~~~~~~~^~[m[K
In file included from [01m[K/opt/ros/humble/include/octomap/OcTreeBaseImpl.h:573[m[K,
                 from [01m[K/opt/ros/humble/include/octomap/OccupancyOcTreeBase.h:44[m[K,
                 from [01m[K/opt/ros/humble/include/octomap/OcTree.h:38[m[K,
                 from [01m[K/opt/ros/humble/include/octomap/octomap.h:37[m[K,
                 from [01m[K/opt/ros/humble/include/octomap_msgs/octomap_msgs/conversions.h:41[m[K,
                 from [01m[K/home/rhobtor/reactive/Reactive-Navegation/workspace_full_conected/src/car_cpp/src/frontier_nodes.cpp:3[m[K:
[01m[K/opt/ros/humble/include/octomap/OcTreeBaseImpl.hxx:942:8:[m[K [01;36m[Knote: [m[Kcandidate: ‘[01m[Kvoid octomap::OcTreeBaseImpl<NODE, INTERFACE>::getMetricMin(double&, double&, double&) [with NODE = octomap::OcTreeNode; INTERFACE = octomap::AbstractOccupancyOcTree][m[K’
  942 |   void [01;36m[KOcTreeBaseImpl<NODE,I>[m[K::getMetricMin(double& x, double& y, double& z){
      |        [01;36m[K^~~~~~~~~~~~~~~~~~~~~~[m[K
[01m[K/opt/ros/humble/include/octomap/OcTreeBaseImpl.hxx:942:8:[m[K [01;36m[Knote: [m[K  candidate expects 3 arguments, 0 provided
[01m[K/opt/ros/humble/include/octomap/OcTreeBaseImpl.hxx:960:8:[m[K [01;36m[Knote: [m[Kcandidate: ‘[01m[Kvoid octomap::OcTreeBaseImpl<NODE, INTERFACE>::getMetricMin(double&, double&, double&) const [with NODE = octomap::OcTreeNode; INTERFACE = octomap::AbstractOccupancyOcTree][m[K’
  960 |   void [01;36m[KOcTreeBaseImpl<NODE,I>[m[K::getMetricMin(double& mx, double& my, double& mz) const {
      |        [01;36m[K^~~~~~~~~~~~~~~~~~~~~~[m[K
[01m[K/opt/ros/humble/include/octomap/OcTreeBaseImpl.hxx:960:8:[m[K [01;36m[Knote: [m[K  candidate expects 3 arguments, 0 provided
[01m[K/home/rhobtor/reactive/Reactive-Navegation/workspace_full_conected/src/car_cpp/src/frontier_nodes.cpp:34:53:[m[K [01;31m[Kerror: [m[Kno matching function for call to ‘[01m[Koctomap::OcTree::getMetricMax()[m[K’
   34 |     octomap::point3d metric_max = [01;31m[Ktree->getMetricMax()[m[K;
      |                                   [01;31m[K~~~~~~~~~~~~~~~~~~^~[m[K
In file included from [01m[K/opt/ros/humble/include/octomap/OcTreeBaseImpl.h:573[m[K,
                 from [01m[K/opt/ros/humble/include/octomap/OccupancyOcTreeBase.h:44[m[K,
                 from [01m[K/opt/ros/humble/include/octomap/OcTree.h:38[m[K,
                 from [01m[K/opt/ros/humble/include/octomap/octomap.h:37[m[K,
                 from [01m[K/opt/ros/humble/include/octomap_msgs/octomap_msgs/conversions.h:41[m[K,
                 from [01m[K/home/rhobtor/reactive/Reactive-Navegation/workspace_full_conected/src/car_cpp/src/frontier_nodes.cpp:3[m[K:
[01m[K/opt/ros/humble/include/octomap/OcTreeBaseImpl.hxx:950:8:[m[K [01;36m[Knote: [m[Kcandidate: ‘[01m[Kvoid octomap::OcTreeBaseImpl<NODE, INTERFACE>::getMetricMax(double&, double&, double&) [with NODE = octomap::OcTreeNode; INTERFACE = octomap::AbstractOccupancyOcTree][m[K’
  950 |   void [01;36m[KOcTreeBaseImpl<NODE,I>[m[K::getMetricMax(double& x, double& y, double& z){
      |        [01;36m[K^~~~~~~~~~~~~~~~~~~~~~[m[K
[01m[K/opt/ros/humble/include/octomap/OcTreeBaseImpl.hxx:950:8:[m[K [01;36m[Knote: [m[K  candidate expects 3 arguments, 0 provided
[01m[K/opt/ros/humble/include/octomap/OcTreeBaseImpl.hxx:988:8:[m[K [01;36m[Knote: [m[Kcandidate: ‘[01m[Kvoid octomap::OcTreeBaseImpl<NODE, INTERFACE>::getMetricMax(double&, double&, double&) const [with NODE = octomap::OcTreeNode; INTERFACE = octomap::AbstractOccupancyOcTree][m[K’
  988 |   void [01;36m[KOcTreeBaseImpl<NODE,I>[m[K::getMetricMax(double& mx, double& my, double& mz) const {
      |        [01;36m[K^~~~~~~~~~~~~~~~~~~~~~[m[K
[01m[K/opt/ros/humble/include/octomap/OcTreeBaseImpl.hxx:988:8:[m[K [01;36m[Knote: [m[K  candidate expects 3 arguments, 0 provided
[01m[K/home/rhobtor/reactive/Reactive-Navegation/workspace_full_conected/src/car_cpp/src/ground_remove.cpp:[m[K In member function ‘[01m[Kvoid OctomapToOccupancyGrid::octomapCallback(octomap_msgs::msg::Octomap_<std::allocator<void> >::SharedPtr)[m[K’:
[01m[K/home/rhobtor/reactive/Reactive-Navegation/workspace_full_conected/src/car_cpp/src/ground_remove.cpp:26:31:[m[K [01;31m[Kerror: [m[Ktoo many arguments to function ‘[01m[Koctomap::AbstractOcTree* octomap_msgs::fullMsgToMap(const Octomap&)[m[K’
   26 |     [01;31m[Koctomap_msgs::fullMsgToMap(*msg, *tree)[m[K;
      |     [01;31m[K~~~~~~~~~~~~~~~~~~~~~~~~~~^~~~~~~~~~~~~[m[K
In file included from [01m[K/home/rhobtor/reactive/Reactive-Navegation/workspace_full_conected/src/car_cpp/src/ground_remove.cpp:5[m[K:
[01m[K/opt/ros/humble/include/octomap_msgs/octomap_msgs/conversions.h:55:42:[m[K [01;36m[Knote: [m[Kdeclared here
   55 |   static inline octomap::AbstractOcTree* [01;36m[KfullMsgToMap[m[K(const octomap_msgs::msg::Octomap& msg){
      |                                          [01;36m[K^~~~~~~~~~~~[m[K
[01m[K/home/rhobtor/reactive/Reactive-Navegation/workspace_full_conected/src/car_cpp/src/ground_remove.cpp:54:15:[m[K [01;31m[Kerror: [m[K‘[01m[Koctomap::OcTreeBaseImpl<octomap::OcTreeNode, octomap::AbstractOccupancyOcTree>::NodeType[m[K’ {aka ‘[01m[Kclass octomap::OcTreeNode[m[K’} has no member named ‘[01m[KgetZ[m[K’
   54 |       if (it->[01;31m[KgetZ[m[K() < ground_threshold_) {
      |               [01;31m[K^~~~[m[K
gmake[2]: *** [CMakeFiles/ground_remove.dir/build.make:76: CMakeFiles/ground_remove.dir/src/ground_remove.cpp.o] Error 1
gmake[1]: *** [CMakeFiles/Makefile2:241: CMakeFiles/ground_remove.dir/all] Error 2
gmake[1]: *** Waiting for unfinished jobs....
gmake[2]: *** [CMakeFiles/frontier_nodes.dir/build.make:76: CMakeFiles/frontier_nodes.dir/src/frontier_nodes.cpp.o] Error 1
gmake[1]: *** [CMakeFiles/Makefile2:215: CMakeFiles/frontier_nodes.dir/all] Error 2
gmake: *** [Makefile:146: all] Error 2
