[  5%] Built target navigation_nodes_ground
[ 10%] Built target navigation_nodes
[ 15%] Built target frontier_nodes
[35m[1mConsolidate compiler generated dependencies of target move_navigation_nodes_frontier[0m
[ 21%] Built target ground_remove
[ 26%] Built target frontiers_values
[ 28%] [32mBuilding CXX object CMakeFiles/move_navigation_nodes_frontier.dir/src/move_navigation_nodes_frontier.cpp.o[0m
[ 34%] Built target camera_filter
[ 39%] Built target occupied_nodes_near_obstacles
[ 44%] Built target create_wall
[ 50%] Built target map_measure
[ 55%] Built target 2D_graph
[ 60%] Built target filtered_navigation_nodes
[ 65%] Built target obstacles_in_2d
[ 71%] Built target check_map
[ 76%] Built target path_planner_node
[ 81%] Built target control_plugin
[ 86%] Built target driver_plugin
[ 92%] Built target joints_plugin
[ 97%] Built target drive_plugin
