[0.362s] Invoking command in '/home/rhobtor/reactive/Reactive-Navegation/workspace_full_conected/build/car_cpp': CMAKE_PREFIX_PATH=/home/rhobtor/reactive/Reactive-Navegation/workspace_full_conected/install/car_interfaces:/home/rhobtor/reactive/Reactive-Navegation/workspace_full_conected/install/octomap_mapping:/home/rhobtor/reactive/Reactive-Navegation/workspace_full_conected/install/octomap_server:/home/rhobtor/reactive/Reactive-Navegation/workspace_full_conected/install/octomap_rviz_plugins:/home/rhobtor/reactive/Reactive-Navegation/workspace_full_conected/install/hector_gazebo_plugins:/home/rhobtor/reactive/Reactive-Navegation/workspace_full_conected/install/car_cpp:/home/rhobtor/reactive/Reactive-Navegation/workspace_full_conected/install/car:/opt/ros/humble LD_LIBRARY_PATH=/home/rhobtor/reactive/Reactive-Navegation/workspace_full_conected/install/car_interfaces/lib:/home/rhobtor/reactive/Reactive-Navegation/workspace_full_conected/install/octomap_server/lib:/home/rhobtor/reactive/Reactive-Navegation/workspace_full_conected/install/octomap_rviz_plugins/lib:/home/rhobtor/reactive/Reactive-Navegation/workspace_full_conected/install/hector_gazebo_plugins/lib:/home/rhobtor/reactive/Reactive-Navegation/workspace_full_conected/install/car_cpp/lib:/usr/lib/x86_64-linux-gnu/gazebo-11/plugins:/opt/ros/humble/opt/rviz_ogre_vendor/lib:/opt/ros/humble/lib/x86_64-linux-gnu:/opt/ros/humble/lib /usr/bin/cmake --build /home/rhobtor/reactive/Reactive-Navegation/workspace_full_conected/build/car_cpp -- -j4 -l4
[0.470s] [  5%] Built target navigation_nodes
[0.492s] [ 10%] Built target frontier_nodes
[0.522s] [ 15%] Built target navigation_nodes_ground
[0.542s] [ 20%] Built target ground_remove
[0.572s] [ 25%] Built target camera_filter
[0.582s] [ 30%] Built target move_navigation_nodes_frontier
[0.591s] [ 35%] Built target frontiers_values
[0.602s] [ 40%] Built target map_measure
[0.644s] [35m[1mConsolidate compiler generated dependencies of target obstacles_in_2d[0m
[0.644s] [ 45%] Built target occupied_nodes_near_obstacles
[0.648s] [ 50%] Built target create_wall
[0.671s] [ 55%] Built target 2D_graph
[0.681s] [ 57%] [32mBuilding CXX object CMakeFiles/obstacles_in_2d.dir/src/obstacles_in_2d.cpp.o[0m
[0.714s] [ 62%] Built target check_goal
[0.714s] [ 67%] Built target filtered_navigation_nodes
[0.744s] [ 72%] Built target check_map
[0.791s] [ 77%] Built target control_plugin
[0.792s] [ 82%] Built target path_planner_node
[0.821s] [ 87%] Built target joints_plugin
[0.870s] [ 92%] Built target drive_plugin
[0.876s] [ 97%] Built target driver_plugin
[2.895s] [01m[K/home/rhobtor/reactive/Reactive-Navegation/workspace_full_conected/src/car_cpp/src/obstacles_in_2d.cpp:[m[K In constructor ‘[01m[KOctomapNavigationNodes::OctomapNavigationNodes()[m[K’:
[2.896s] [01m[K/home/rhobtor/reactive/Reactive-Navegation/workspace_full_conected/src/car_cpp/src/obstacles_in_2d.cpp:295:30:[m[K [01;31m[Kerror: [m[Kno matching function for call to ‘[01m[Ktf2_ros::Buffer::Buffer(std::shared_ptr<tf2_ros::Buffer>)[m[K’
[2.896s]   295 |                              [01;31m[Ktf_buffer_(std::make_shared<tf2_ros::Buffer>(this->get_clock(), tf2::Duration(std::chrono::seconds(10))))[m[K
[2.896s]       |                              [01;31m[K^~~~~~~~~~~~~~~~~~~~~~~~~~~~~~~~~~~~~~~~~~~~~~~~~~~~~~~~~~~~~~~~~~~~~~~~~~~~~~~~~~~~~~~~~~~~~~~~~~~~~~~~~[m[K
[2.896s] In file included from [01m[K/home/rhobtor/reactive/Reactive-Navegation/workspace_full_conected/src/car_cpp/src/obstacles_in_2d.cpp:216[m[K:
[2.896s] [01m[K/opt/ros/humble/include/tf2_ros/buffer.h:73:18:[m[K [01;36m[Knote: [m[Kcandidate: ‘[01m[Ktf2_ros::Buffer::Buffer(rclcpp::Clock::SharedPtr, tf2::Duration, rclcpp::Node::SharedPtr)[m[K’
[2.896s]    73 |   TF2_ROS_PUBLIC [01;36m[KBuffer[m[K(
[2.896s]       |                  [01;36m[K^~~~~~[m[K
[2.897s] [01m[K/opt/ros/humble/include/tf2_ros/buffer.h:74:30:[m[K [01;36m[Knote: [m[K  no known conversion for argument 1 from ‘[01m[Kshared_ptr<[01;32m[Ktf2_ros::Buffer[m[K>[m[K’ to ‘[01m[Kshared_ptr<[01;32m[Krclcpp::Clock[m[K>[m[K’
[2.897s]    74 |     [01;36m[Krclcpp::Clock::SharedPtr clock[m[K,
[2.897s]       |     [01;36m[K~~~~~~~~~~~~~~~~~~~~~~~~~^~~~~[m[K
[2.907s] [01m[K/home/rhobtor/reactive/Reactive-Navegation/workspace_full_conected/src/car_cpp/src/obstacles_in_2d.cpp:314:65:[m[K [01;31m[Kerror: [m[Kno match for ‘[01m[Koperator*[m[K’ (operand type is ‘[01m[Ktf2_ros::Buffer[m[K’)
[2.907s]   314 |     tf_listener_ = std::make_shared<tf2_ros::TransformListener>([01;31m[K*tf_buffer_[m[K, this);
[2.907s]       |                                                                 [01;31m[K^~~~~~~~~~~[m[K
[2.907s] In file included from [01m[K/opt/ros/humble/include/tf2/tf2/LinearMath/Matrix3x3.hpp:19[m[K,
[2.907s]                  from [01m[K/opt/ros/humble/include/tf2/tf2/LinearMath/Transform.hpp:21[m[K,
[2.907s]                  from [01m[K/opt/ros/humble/include/tf2/tf2/buffer_core.hpp:47[m[K,
[2.907s]                  from [01m[K/opt/ros/humble/include/tf2_ros/tf2_ros/async_buffer_interface.h:39[m[K,
[2.907s]                  from [01m[K/opt/ros/humble/include/tf2_ros/buffer.h:41[m[K,
[2.907s]                  from [01m[K/home/rhobtor/reactive/Reactive-Navegation/workspace_full_conected/src/car_cpp/src/obstacles_in_2d.cpp:216[m[K:
[2.907s] [01m[K/opt/ros/humble/include/tf2/tf2/LinearMath/Vector3.hpp:364:1:[m[K [01;36m[Knote: [m[Kcandidate: ‘[01m[Ktf2::Vector3 tf2::operator*(const tf2::Vector3&, const tf2::Vector3&)[m[K’
[2.907s]   364 | [01;36m[Koperator[m[K*(const Vector3& v1, const Vector3& v2)
[2.907s]       | [01;36m[K^~~~~~~~[m[K
[2.907s] [01m[K/opt/ros/humble/include/tf2/tf2/LinearMath/Vector3.hpp:364:1:[m[K [01;36m[Knote: [m[K  candidate expects 2 arguments, 1 provided
[2.907s] [01m[K/opt/ros/humble/include/tf2/tf2/LinearMath/Vector3.hpp:384:1:[m[K [01;36m[Knote: [m[Kcandidate: ‘[01m[Ktf2::Vector3 tf2::operator*(const tf2::Vector3&, const tf2Scalar&)[m[K’
[2.908s]   384 | [01;36m[Koperator[m[K*(const Vector3& v, const tf2Scalar& s)
[2.908s]       | [01;36m[K^~~~~~~~[m[K
[2.908s] [01m[K/opt/ros/humble/include/tf2/tf2/LinearMath/Vector3.hpp:384:1:[m[K [01;36m[Knote: [m[K  candidate expects 2 arguments, 1 provided
[2.908s] [01m[K/opt/ros/humble/include/tf2/tf2/LinearMath/Vector3.hpp:391:1:[m[K [01;36m[Knote: [m[Kcandidate: ‘[01m[Ktf2::Vector3 tf2::operator*(const tf2Scalar&, const tf2::Vector3&)[m[K’
[2.908s]   391 | [01;36m[Koperator[m[K*(const tf2Scalar& s, const Vector3& v)
[2.908s]       | [01;36m[K^~~~~~~~[m[K
[2.908s] [01m[K/opt/ros/humble/include/tf2/tf2/LinearMath/Vector3.hpp:391:1:[m[K [01;36m[Knote: [m[K  candidate expects 2 arguments, 1 provided
[2.908s] In file included from [01m[K/opt/ros/humble/include/tf2/tf2/LinearMath/Matrix3x3.hpp:20[m[K,
[2.908s]                  from [01m[K/opt/ros/humble/include/tf2/tf2/LinearMath/Transform.hpp:21[m[K,
[2.908s]                  from [01m[K/opt/ros/humble/include/tf2/tf2/buffer_core.hpp:47[m[K,
[2.908s]                  from [01m[K/opt/ros/humble/include/tf2_ros/tf2_ros/async_buffer_interface.h:39[m[K,
[2.908s]                  from [01m[K/opt/ros/humble/include/tf2_ros/buffer.h:41[m[K,
[2.908s]                  from [01m[K/home/rhobtor/reactive/Reactive-Navegation/workspace_full_conected/src/car_cpp/src/obstacles_in_2d.cpp:216[m[K:
[2.908s] [01m[K/opt/ros/humble/include/tf2/tf2/LinearMath/Quaternion.hpp:368:1:[m[K [01;36m[Knote: [m[Kcandidate: ‘[01m[Ktf2::Quaternion tf2::operator*(const tf2::Quaternion&, const tf2::Quaternion&)[m[K’
[2.908s]   368 | [01;36m[Koperator[m[K*(const Quaternion& q1, const Quaternion& q2) {
[2.908s]       | [01;36m[K^~~~~~~~[m[K
[2.908s] [01m[K/opt/ros/humble/include/tf2/tf2/LinearMath/Quaternion.hpp:368:1:[m[K [01;36m[Knote: [m[K  candidate expects 2 arguments, 1 provided
[2.908s] [01m[K/opt/ros/humble/include/tf2/tf2/LinearMath/Quaternion.hpp:376:1:[m[K [01;36m[Knote: [m[Kcandidate: ‘[01m[Ktf2::Quaternion tf2::operator*(const tf2::Quaternion&, const tf2::Vector3&)[m[K’
[2.908s]   376 | [01;36m[Koperator[m[K*(const Quaternion& q, const Vector3& w)
[2.908s]       | [01;36m[K^~~~~~~~[m[K
[2.908s] [01m[K/opt/ros/humble/include/tf2/tf2/LinearMath/Quaternion.hpp:376:1:[m[K [01;36m[Knote: [m[K  candidate expects 2 arguments, 1 provided
[2.908s] [01m[K/opt/ros/humble/include/tf2/tf2/LinearMath/Quaternion.hpp:385:1:[m[K [01;36m[Knote: [m[Kcandidate: ‘[01m[Ktf2::Quaternion tf2::operator*(const tf2::Vector3&, const tf2::Quaternion&)[m[K’
[2.908s]   385 | [01;36m[Koperator[m[K*(const Vector3& w, const Quaternion& q)
[2.908s]       | [01;36m[K^~~~~~~~[m[K
[2.908s] [01m[K/opt/ros/humble/include/tf2/tf2/LinearMath/Quaternion.hpp:385:1:[m[K [01;36m[Knote: [m[K  candidate expects 2 arguments, 1 provided
[2.908s] In file included from [01m[K/opt/ros/humble/include/tf2/tf2/LinearMath/Transform.hpp:21[m[K,
[2.908s]                  from [01m[K/opt/ros/humble/include/tf2/tf2/buffer_core.hpp:47[m[K,
[2.908s]                  from [01m[K/opt/ros/humble/include/tf2_ros/tf2_ros/async_buffer_interface.h:39[m[K,
[2.908s]                  from [01m[K/opt/ros/humble/include/tf2_ros/buffer.h:41[m[K,
[2.908s]                  from [01m[K/home/rhobtor/reactive/Reactive-Navegation/workspace_full_conected/src/car_cpp/src/obstacles_in_2d.cpp:216[m[K:
[2.909s] [01m[K/opt/ros/humble/include/tf2/tf2/LinearMath/Matrix3x3.hpp:611:1:[m[K [01;36m[Knote: [m[Kcandidate: ‘[01m[Ktf2::Vector3 tf2::operator*(const tf2::Matrix3x3&, const tf2::Vector3&)[m[K’
[2.909s]   611 | [01;36m[Koperator[m[K*(const Matrix3x3& m, const Vector3& v)
[2.909s]       | [01;36m[K^~~~~~~~[m[K
[2.909s] [01m[K/opt/ros/humble/include/tf2/tf2/LinearMath/Matrix3x3.hpp:611:1:[m[K [01;36m[Knote: [m[K  candidate expects 2 arguments, 1 provided
[2.909s] [01m[K/opt/ros/humble/include/tf2/tf2/LinearMath/Matrix3x3.hpp:618:1:[m[K [01;36m[Knote: [m[Kcandidate: ‘[01m[Ktf2::Vector3 tf2::operator*(const tf2::Vector3&, const tf2::Matrix3x3&)[m[K’
[2.909s]   618 | [01;36m[Koperator[m[K*(const Vector3& v, const Matrix3x3& m)
[2.909s]       | [01;36m[K^~~~~~~~[m[K
[2.909s] [01m[K/opt/ros/humble/include/tf2/tf2/LinearMath/Matrix3x3.hpp:618:1:[m[K [01;36m[Knote: [m[K  candidate expects 2 arguments, 1 provided
[2.909s] [01m[K/opt/ros/humble/include/tf2/tf2/LinearMath/Matrix3x3.hpp:624:1:[m[K [01;36m[Knote: [m[Kcandidate: ‘[01m[Ktf2::Matrix3x3 tf2::operator*(const tf2::Matrix3x3&, const tf2::Matrix3x3&)[m[K’
[2.909s]   624 | [01;36m[Koperator[m[K*(const Matrix3x3& m1, const Matrix3x3& m2)
[2.909s]       | [01;36m[K^~~~~~~~[m[K
[2.909s] [01m[K/opt/ros/humble/include/tf2/tf2/LinearMath/Matrix3x3.hpp:624:1:[m[K [01;36m[Knote: [m[K  candidate expects 2 arguments, 1 provided
[2.912s] [01m[K/home/rhobtor/reactive/Reactive-Navegation/workspace_full_conected/src/car_cpp/src/obstacles_in_2d.cpp:[m[K In member function ‘[01m[Kvoid OctomapNavigationNodes::octomapCallback(octomap_msgs::msg::Octomap_<std::allocator<void> >::SharedPtr)[m[K’:
[2.912s] [01m[K/home/rhobtor/reactive/Reactive-Navegation/workspace_full_conected/src/car_cpp/src/obstacles_in_2d.cpp:326:36:[m[K [01;31m[Kerror: [m[Kbase operand of ‘[01m[K->[m[K’ has non-pointer type ‘[01m[Ktf2_ros::Buffer[m[K’
[2.912s]   326 |       transformStamped = tf_buffer_[01;31m[K->[m[KlookupTransform("map", "base_link", query_time, rclcpp::Duration::from_seconds(0.1));
[2.912s]       |                                    [01;31m[K^~[m[K
[5.127s] gmake[2]: *** [CMakeFiles/obstacles_in_2d.dir/build.make:76: CMakeFiles/obstacles_in_2d.dir/src/obstacles_in_2d.cpp.o] Error 1
[5.127s] gmake[1]: *** [CMakeFiles/Makefile2:461: CMakeFiles/obstacles_in_2d.dir/all] Error 2
[5.127s] gmake: *** [Makefile:146: all] Error 2
[5.131s] Invoked command in '/home/rhobtor/reactive/Reactive-Navegation/workspace_full_conected/build/car_cpp' returned '2': CMAKE_PREFIX_PATH=/home/rhobtor/reactive/Reactive-Navegation/workspace_full_conected/install/car_interfaces:/home/rhobtor/reactive/Reactive-Navegation/workspace_full_conected/install/octomap_mapping:/home/rhobtor/reactive/Reactive-Navegation/workspace_full_conected/install/octomap_server:/home/rhobtor/reactive/Reactive-Navegation/workspace_full_conected/install/octomap_rviz_plugins:/home/rhobtor/reactive/Reactive-Navegation/workspace_full_conected/install/hector_gazebo_plugins:/home/rhobtor/reactive/Reactive-Navegation/workspace_full_conected/install/car_cpp:/home/rhobtor/reactive/Reactive-Navegation/workspace_full_conected/install/car:/opt/ros/humble LD_LIBRARY_PATH=/home/rhobtor/reactive/Reactive-Navegation/workspace_full_conected/install/car_interfaces/lib:/home/rhobtor/reactive/Reactive-Navegation/workspace_full_conected/install/octomap_server/lib:/home/rhobtor/reactive/Reactive-Navegation/workspace_full_conected/install/octomap_rviz_plugins/lib:/home/rhobtor/reactive/Reactive-Navegation/workspace_full_conected/install/hector_gazebo_plugins/lib:/home/rhobtor/reactive/Reactive-Navegation/workspace_full_conected/install/car_cpp/lib:/usr/lib/x86_64-linux-gnu/gazebo-11/plugins:/opt/ros/humble/opt/rviz_ogre_vendor/lib:/opt/ros/humble/lib/x86_64-linux-gnu:/opt/ros/humble/lib /usr/bin/cmake --build /home/rhobtor/reactive/Reactive-Navegation/workspace_full_conected/build/car_cpp -- -j4 -l4
