[0.150s] Invoking command in '/mnt/c/Users/luism/Documents/Ubuntu/Reactive-Navegation/Reactive-Navegation/workspace_full_conected/build/octomap_rviz_plugins': CMAKE_PREFIX_PATH=/opt/ros/humble /usr/bin/cmake /mnt/c/Users/luism/Documents/Ubuntu/Reactive-Navegation/Reactive-Navegation/workspace_full_conected/src/plugin_rviz -DCMAKE_INSTALL_PREFIX=/mnt/c/Users/luism/Documents/Ubuntu/Reactive-Navegation/Reactive-Navegation/workspace_full_conected/install/octomap_rviz_plugins
[0.452s] -- The C compiler identification is GNU 11.4.0
[1.117s] -- The CXX compiler identification is GNU 11.4.0
[1.430s] -- Detecting C compiler ABI info
[2.079s] -- Detecting C compiler ABI info - done
[2.123s] -- Check for working C compiler: /usr/bin/cc - skipped
[2.125s] -- Detecting C compile features
[2.126s] -- Detecting C compile features - done
[2.199s] -- Detecting CXX compiler ABI info
[2.850s] -- Detecting CXX compiler ABI info - done
[2.877s] -- Check for working CXX compiler: /usr/bin/c++ - skipped
[2.880s] -- Detecting CXX compile features
[2.885s] -- Detecting CXX compile features - done
[2.929s] -- Found ament_cmake_auto: 1.3.11 (/opt/ros/humble/share/ament_cmake_auto/cmake)
[3.049s] -- Found Python3: /usr/bin/python3 (found version "3.10.12") found components: Interpreter 
[6.902s] -- Found rosidl_generator_c: 3.1.6 (/opt/ros/humble/share/rosidl_generator_c/cmake)
[6.904s] -- Found rosidl_adapter: 3.1.6 (/opt/ros/humble/share/rosidl_adapter/cmake)
[6.910s] -- Found rosidl_generator_cpp: 3.1.6 (/opt/ros/humble/share/rosidl_generator_cpp/cmake)
[6.917s] -- Using all available rosidl_typesupport_c: rosidl_typesupport_fastrtps_c;rosidl_typesupport_introspection_c
[6.927s] -- Using all available rosidl_typesupport_cpp: rosidl_typesupport_fastrtps_cpp;rosidl_typesupport_introspection_cpp
[9.233s] -- Found rmw_implementation_cmake: 6.1.2 (/opt/ros/humble/share/rmw_implementation_cmake/cmake)
[9.235s] -- Found rmw_fastrtps_cpp: 6.2.7 (/opt/ros/humble/share/rmw_fastrtps_cpp/cmake)
[10.611s] -- Found OpenSSL: /usr/lib/x86_64-linux-gnu/libcrypto.so (found version "3.0.2")  
[12.151s] -- Found FastRTPS: /opt/ros/humble/include  
[15.229s] -- Using RMW implementation 'rmw_fastrtps_cpp' as default
[15.272s] -- Looking for pthread.h
[15.778s] -- Looking for pthread.h - found
[15.786s] -- Performing Test CMAKE_HAVE_LIBC_PTHREAD
[16.486s] -- Performing Test CMAKE_HAVE_LIBC_PTHREAD - Success
[16.496s] -- Found Threads: TRUE  
[16.632s] -- Setting assimp_DIR to: '/opt/ros/humble/share/rviz_assimp_vendor/cmake/../../../opt/rviz_assimp_vendor/lib/cmake/assimp-4.1'
[16.641s] -- Setting OGRE_DIR to: '/opt/ros/humble/share/rviz_ogre_vendor/cmake/../../../opt/rviz_ogre_vendor/lib/OGRE/cmake'
[16.642s] -- Found OGRE
[16.643s] --   static     : OFF
[16.643s] --   components : HLMS;MeshLodGenerator;Overlay;Paging;Property;RTShaderSystem;Terrain;Volume
[16.644s] --   plugins    : Plugin_BSPSceneManager;Plugin_OctreeSceneManager;Plugin_PCZSceneManager;Plugin_ParticleFX;RenderSystem_GL;RenderSystem_GL3Plus;Codec_STBI
[16.645s] --   media      : /opt/ros/humble/opt/rviz_ogre_vendor/share/OGRE/Media
[16.646s] -- OGRE_LIBRARIES: OgreHLMS;OgreMeshLodGenerator;OgreOverlay;OgrePaging;OgreProperty;OgreRTShaderSystem;OgreTerrain;OgreVolume;OgreMain
[16.647s] -- OGRE_LIBRARY_DIRS: /opt/ros/humble/opt/rviz_ogre_vendor/lib
[16.648s] -- OGRE_PLUGINS: Plugin_BSPSceneManager;Plugin_OctreeSceneManager;Plugin_PCZSceneManager;Plugin_ParticleFX;RenderSystem_GL;RenderSystem_GL3Plus;Codec_STBI
[16.648s] -- OGRE_PLUGIN_DIR: /opt/ros/humble/opt/rviz_ogre_vendor/lib/OGRE
[16.649s] -- rviz_ogre_vendor::OgreOverlay for IMPORTED_LOCATION_RELEASE: /opt/ros/humble/opt/rviz_ogre_vendor/lib/libOgreOverlay.so
[16.650s] -- rviz_ogre_vendor::OgreOverlay for IMPORTED_LOCATION_DEBUG: /opt/ros/humble/opt/rviz_ogre_vendor/lib/libOgreOverlay.so
[16.650s] -- rviz_ogre_vendor::OgreMain for IMPORTED_LOCATION_RELEASE: /opt/ros/humble/opt/rviz_ogre_vendor/lib/libOgreMain.so
[16.651s] -- rviz_ogre_vendor::OgreMain for IMPORTED_LOCATION_DEBUG: /opt/ros/humble/opt/rviz_ogre_vendor/lib/libOgreMain.so
[18.086s] -- Found ZLIB: /usr/lib/x86_64-linux-gnu/libz.so (found version "1.2.11") 
[18.482s] -- Found OpenGL: /usr/lib/x86_64-linux-gnu/libOpenGL.so   
[21.517s] -- Found X11: /usr/include   
[21.518s] -- Looking for XOpenDisplay in /usr/lib/x86_64-linux-gnu/libX11.so;/usr/lib/x86_64-linux-gnu/libXext.so
[22.126s] -- Looking for XOpenDisplay in /usr/lib/x86_64-linux-gnu/libX11.so;/usr/lib/x86_64-linux-gnu/libXext.so - found
[22.130s] -- Looking for gethostbyname
[22.820s] -- Looking for gethostbyname - found
[22.824s] -- Looking for connect
[23.516s] -- Looking for connect - found
[23.522s] -- Looking for remove
[24.220s] -- Looking for remove - found
[24.229s] -- Looking for shmat
[24.917s] -- Looking for shmat - found
[24.926s] -- Looking for IceConnectionNumber in ICE
[25.597s] -- Looking for IceConnectionNumber in ICE - found
[27.251s] -- library: /usr/lib/x86_64-linux-gnu/libcurl.so
[28.769s] -- Found Eigen3: TRUE (found version "3.4.0") 
[28.772s] -- Ensuring Eigen3 include directory is part of orocos-kdl CMake target
[29.021s] -- Found ament_lint_auto: 0.12.11 (/opt/ros/humble/share/ament_lint_auto/cmake)
[29.323s] -- Added test 'copyright' to check source files copyright and LICENSE
[30.333s] -- Added test 'cppcheck' to perform static code analysis on C / C++ code
[30.335s] -- Configured cppcheck include dirs: /mnt/c/Users/luism/Documents/Ubuntu/Reactive-Navegation/Reactive-Navegation/workspace_full_conected/src/plugin_rviz/include
[30.337s] -- Configured cppcheck exclude dirs and/or files: 
[31.203s] -- Added test 'cpplint' to check C / C++ code against the Google style
[31.205s] -- Configured cpplint exclude dirs and/or files: 
[31.593s] -- Added test 'lint_cmake' to check CMake code style
[32.662s] -- Added test 'uncrustify' to check C / C++ code style
[32.663s] -- Configured uncrustify additional arguments: 
[32.769s] -- Added test 'xmllint' to check XML markup files
[33.233s] -- Configuring done
[34.100s] -- Generating done
[34.481s] -- Build files have been written to: /mnt/c/Users/luism/Documents/Ubuntu/Reactive-Navegation/Reactive-Navegation/workspace_full_conected/build/octomap_rviz_plugins
[34.492s] Invoked command in '/mnt/c/Users/luism/Documents/Ubuntu/Reactive-Navegation/Reactive-Navegation/workspace_full_conected/build/octomap_rviz_plugins' returned '0': CMAKE_PREFIX_PATH=/opt/ros/humble /usr/bin/cmake /mnt/c/Users/luism/Documents/Ubuntu/Reactive-Navegation/Reactive-Navegation/workspace_full_conected/src/plugin_rviz -DCMAKE_INSTALL_PREFIX=/mnt/c/Users/luism/Documents/Ubuntu/Reactive-Navegation/Reactive-Navegation/workspace_full_conected/install/octomap_rviz_plugins
[34.503s] Invoking command in '/mnt/c/Users/luism/Documents/Ubuntu/Reactive-Navegation/Reactive-Navegation/workspace_full_conected/build/octomap_rviz_plugins': CMAKE_PREFIX_PATH=/opt/ros/humble /usr/bin/cmake --build /mnt/c/Users/luism/Documents/Ubuntu/Reactive-Navegation/Reactive-Navegation/workspace_full_conected/build/octomap_rviz_plugins -- -j20 -l20
[34.523s] gmake: Warning: File 'Makefile' has modification time 0.23 s in the future
[34.667s] gmake[1]: Warning: File 'CMakeFiles/Makefile2' has modification time 2.7 s in the future
[34.680s] gmake[2]: Warning: File 'CMakeFiles/octomap_rviz_plugins_autogen.dir/progress.make' has modification time 2.6 s in the future
[34.707s] gmake[2]: warning:  Clock skew detected.  Your build may be incomplete.
[34.725s] gmake[2]: Warning: File 'CMakeFiles/octomap_rviz_plugins_autogen.dir/progress.make' has modification time 2.6 s in the future
[34.763s] [ 11%] [34m[1mAutomatic MOC for target octomap_rviz_plugins[0m
[34.920s] gmake[2]: warning:  Clock skew detected.  Your build may be incomplete.
[34.935s] [ 11%] Built target octomap_rviz_plugins_autogen
[34.959s] gmake[2]: Warning: File 'CMakeFiles/octomap_rviz_plugins.dir/flags.make' has modification time 2.3 s in the future
[34.995s] [ 22%] [34m[1mGenerating include/octomap_rviz_plugins/moc_occupancy_map_display.cpp[0m
[35.002s] [ 33%] [34m[1mGenerating include/octomap_rviz_plugins/moc_occupancy_grid_display.cpp[0m
[35.074s] gmake[2]: warning:  Clock skew detected.  Your build may be incomplete.
[35.098s] gmake[2]: Warning: File 'CMakeFiles/octomap_rviz_plugins.dir/flags.make' has modification time 2.1 s in the future
[35.136s] [ 44%] [32mBuilding CXX object CMakeFiles/octomap_rviz_plugins.dir/octomap_rviz_plugins_autogen/mocs_compilation.cpp.o[0m
[35.146s] [ 55%] [32mBuilding CXX object CMakeFiles/octomap_rviz_plugins.dir/include/octomap_rviz_plugins/moc_occupancy_grid_display.cpp.o[0m
[35.153s] [ 66%] [32mBuilding CXX object CMakeFiles/octomap_rviz_plugins.dir/include/octomap_rviz_plugins/moc_occupancy_map_display.cpp.o[0m
[35.163s] [ 77%] [32mBuilding CXX object CMakeFiles/octomap_rviz_plugins.dir/src/occupancy_grid_display.cpp.o[0m
[35.171s] [ 88%] [32mBuilding CXX object CMakeFiles/octomap_rviz_plugins.dir/src/occupancy_map_display.cpp.o[0m
[55.495s] [100%] [32m[1mLinking CXX shared library liboctomap_rviz_plugins.so[0m
[70.453s] gmake[2]: warning:  Clock skew detected.  Your build may be incomplete.
[70.491s] [100%] Built target octomap_rviz_plugins
[70.493s] gmake[1]: warning:  Clock skew detected.  Your build may be incomplete.
[70.548s] gmake: warning:  Clock skew detected.  Your build may be incomplete.
[70.549s] Invoked command in '/mnt/c/Users/luism/Documents/Ubuntu/Reactive-Navegation/Reactive-Navegation/workspace_full_conected/build/octomap_rviz_plugins' returned '0': CMAKE_PREFIX_PATH=/opt/ros/humble /usr/bin/cmake --build /mnt/c/Users/luism/Documents/Ubuntu/Reactive-Navegation/Reactive-Navegation/workspace_full_conected/build/octomap_rviz_plugins -- -j20 -l20
[70.571s] Invoking command in '/mnt/c/Users/luism/Documents/Ubuntu/Reactive-Navegation/Reactive-Navegation/workspace_full_conected/build/octomap_rviz_plugins': CMAKE_PREFIX_PATH=/opt/ros/humble /usr/bin/cmake --install /mnt/c/Users/luism/Documents/Ubuntu/Reactive-Navegation/Reactive-Navegation/workspace_full_conected/build/octomap_rviz_plugins
[70.581s] -- Install configuration: ""
[70.604s] -- Installing: /mnt/c/Users/luism/Documents/Ubuntu/Reactive-Navegation/Reactive-Navegation/workspace_full_conected/install/octomap_rviz_plugins/share/octomap_rviz_plugins/plugins_description.xml
[70.678s] -- Installing: /mnt/c/Users/luism/Documents/Ubuntu/Reactive-Navegation/Reactive-Navegation/workspace_full_conected/install/octomap_rviz_plugins/include
[70.701s] -- Installing: /mnt/c/Users/luism/Documents/Ubuntu/Reactive-Navegation/Reactive-Navegation/workspace_full_conected/install/octomap_rviz_plugins/include/octomap_rviz_plugins
[70.742s] -- Installing: /mnt/c/Users/luism/Documents/Ubuntu/Reactive-Navegation/Reactive-Navegation/workspace_full_conected/install/octomap_rviz_plugins/include/octomap_rviz_plugins/occupancy_grid_display.hpp
[70.831s] -- Installing: /mnt/c/Users/luism/Documents/Ubuntu/Reactive-Navegation/Reactive-Navegation/workspace_full_conected/install/octomap_rviz_plugins/include/octomap_rviz_plugins/occupancy_map_display.hpp
[70.915s] -- Installing: /mnt/c/Users/luism/Documents/Ubuntu/Reactive-Navegation/Reactive-Navegation/workspace_full_conected/install/octomap_rviz_plugins/share/octomap_rviz_plugins/environment/library_path.sh
[70.981s] -- Installing: /mnt/c/Users/luism/Documents/Ubuntu/Reactive-Navegation/Reactive-Navegation/workspace_full_conected/install/octomap_rviz_plugins/share/octomap_rviz_plugins/environment/library_path.dsv
[71.059s] -- Installing: /mnt/c/Users/luism/Documents/Ubuntu/Reactive-Navegation/Reactive-Navegation/workspace_full_conected/install/octomap_rviz_plugins/lib/liboctomap_rviz_plugins.so
[72.038s] -- Set runtime path of "/mnt/c/Users/luism/Documents/Ubuntu/Reactive-Navegation/Reactive-Navegation/workspace_full_conected/install/octomap_rviz_plugins/lib/liboctomap_rviz_plugins.so" to ""
[72.047s] -- Installing: /mnt/c/Users/luism/Documents/Ubuntu/Reactive-Navegation/Reactive-Navegation/workspace_full_conected/install/octomap_rviz_plugins/share/octomap_rviz_plugins/icons
[72.079s] -- Installing: /mnt/c/Users/luism/Documents/Ubuntu/Reactive-Navegation/Reactive-Navegation/workspace_full_conected/install/octomap_rviz_plugins/share/octomap_rviz_plugins/icons/classes
[72.122s] -- Installing: /mnt/c/Users/luism/Documents/Ubuntu/Reactive-Navegation/Reactive-Navegation/workspace_full_conected/install/octomap_rviz_plugins/share/octomap_rviz_plugins/icons/classes/ColorOccupancyGrid.png
[72.219s] -- Installing: /mnt/c/Users/luism/Documents/Ubuntu/Reactive-Navegation/Reactive-Navegation/workspace_full_conected/install/octomap_rviz_plugins/share/octomap_rviz_plugins/icons/classes/OccupancyGrid.png
[72.317s] -- Installing: /mnt/c/Users/luism/Documents/Ubuntu/Reactive-Navegation/Reactive-Navegation/workspace_full_conected/install/octomap_rviz_plugins/share/octomap_rviz_plugins/icons/classes/OccupancyGridStamped.png
[72.411s] -- Installing: /mnt/c/Users/luism/Documents/Ubuntu/Reactive-Navegation/Reactive-Navegation/workspace_full_conected/install/octomap_rviz_plugins/share/octomap_rviz_plugins/icons/classes/OccupancyMap.png
[72.510s] -- Installing: /mnt/c/Users/luism/Documents/Ubuntu/Reactive-Navegation/Reactive-Navegation/workspace_full_conected/install/octomap_rviz_plugins/share/octomap_rviz_plugins/icons/classes/OccupancyMapStamped.png
[72.631s] -- Installing: /mnt/c/Users/luism/Documents/Ubuntu/Reactive-Navegation/Reactive-Navegation/workspace_full_conected/install/octomap_rviz_plugins/share/ament_index/resource_index/package_run_dependencies/octomap_rviz_plugins
[72.747s] -- Installing: /mnt/c/Users/luism/Documents/Ubuntu/Reactive-Navegation/Reactive-Navegation/workspace_full_conected/install/octomap_rviz_plugins/share/ament_index/resource_index/parent_prefix_path/octomap_rviz_plugins
[72.833s] -- Installing: /mnt/c/Users/luism/Documents/Ubuntu/Reactive-Navegation/Reactive-Navegation/workspace_full_conected/install/octomap_rviz_plugins/share/octomap_rviz_plugins/environment/ament_prefix_path.sh
[72.903s] -- Installing: /mnt/c/Users/luism/Documents/Ubuntu/Reactive-Navegation/Reactive-Navegation/workspace_full_conected/install/octomap_rviz_plugins/share/octomap_rviz_plugins/environment/ament_prefix_path.dsv
[72.969s] -- Installing: /mnt/c/Users/luism/Documents/Ubuntu/Reactive-Navegation/Reactive-Navegation/workspace_full_conected/install/octomap_rviz_plugins/share/octomap_rviz_plugins/environment/path.sh
[73.035s] -- Installing: /mnt/c/Users/luism/Documents/Ubuntu/Reactive-Navegation/Reactive-Navegation/workspace_full_conected/install/octomap_rviz_plugins/share/octomap_rviz_plugins/environment/path.dsv
[73.107s] -- Installing: /mnt/c/Users/luism/Documents/Ubuntu/Reactive-Navegation/Reactive-Navegation/workspace_full_conected/install/octomap_rviz_plugins/share/octomap_rviz_plugins/local_setup.bash
[73.188s] -- Installing: /mnt/c/Users/luism/Documents/Ubuntu/Reactive-Navegation/Reactive-Navegation/workspace_full_conected/install/octomap_rviz_plugins/share/octomap_rviz_plugins/local_setup.sh
[73.262s] -- Installing: /mnt/c/Users/luism/Documents/Ubuntu/Reactive-Navegation/Reactive-Navegation/workspace_full_conected/install/octomap_rviz_plugins/share/octomap_rviz_plugins/local_setup.zsh
[73.334s] -- Installing: /mnt/c/Users/luism/Documents/Ubuntu/Reactive-Navegation/Reactive-Navegation/workspace_full_conected/install/octomap_rviz_plugins/share/octomap_rviz_plugins/local_setup.dsv
[73.408s] -- Installing: /mnt/c/Users/luism/Documents/Ubuntu/Reactive-Navegation/Reactive-Navegation/workspace_full_conected/install/octomap_rviz_plugins/share/octomap_rviz_plugins/package.dsv
[73.510s] -- Installing: /mnt/c/Users/luism/Documents/Ubuntu/Reactive-Navegation/Reactive-Navegation/workspace_full_conected/install/octomap_rviz_plugins/share/ament_index/resource_index/packages/octomap_rviz_plugins
[73.639s] -- Installing: /mnt/c/Users/luism/Documents/Ubuntu/Reactive-Navegation/Reactive-Navegation/workspace_full_conected/install/octomap_rviz_plugins/share/ament_index/resource_index/rviz_common__pluginlib__plugin/octomap_rviz_plugins
[73.748s] -- Installing: /mnt/c/Users/luism/Documents/Ubuntu/Reactive-Navegation/Reactive-Navegation/workspace_full_conected/install/octomap_rviz_plugins/share/octomap_rviz_plugins/cmake/ament_cmake_export_dependencies-extras.cmake
[73.821s] -- Installing: /mnt/c/Users/luism/Documents/Ubuntu/Reactive-Navegation/Reactive-Navegation/workspace_full_conected/install/octomap_rviz_plugins/share/octomap_rviz_plugins/cmake/ament_cmake_export_include_directories-extras.cmake
[73.895s] -- Installing: /mnt/c/Users/luism/Documents/Ubuntu/Reactive-Navegation/Reactive-Navegation/workspace_full_conected/install/octomap_rviz_plugins/share/octomap_rviz_plugins/cmake/ament_cmake_export_libraries-extras.cmake
[73.975s] -- Installing: /mnt/c/Users/luism/Documents/Ubuntu/Reactive-Navegation/Reactive-Navegation/workspace_full_conected/install/octomap_rviz_plugins/share/octomap_rviz_plugins/cmake/octomap_rviz_pluginsConfig.cmake
[74.048s] -- Installing: /mnt/c/Users/luism/Documents/Ubuntu/Reactive-Navegation/Reactive-Navegation/workspace_full_conected/install/octomap_rviz_plugins/share/octomap_rviz_plugins/cmake/octomap_rviz_pluginsConfig-version.cmake
[74.122s] -- Installing: /mnt/c/Users/luism/Documents/Ubuntu/Reactive-Navegation/Reactive-Navegation/workspace_full_conected/install/octomap_rviz_plugins/share/octomap_rviz_plugins/package.xml
[74.182s] Invoked command in '/mnt/c/Users/luism/Documents/Ubuntu/Reactive-Navegation/Reactive-Navegation/workspace_full_conected/build/octomap_rviz_plugins' returned '0': CMAKE_PREFIX_PATH=/opt/ros/humble /usr/bin/cmake --install /mnt/c/Users/luism/Documents/Ubuntu/Reactive-Navegation/Reactive-Navegation/workspace_full_conected/build/octomap_rviz_plugins
