[0.031s] Invoking command in '/home/rhobtor/reactive/Reactive-Navegation/workspace_full_conected/build/hector_gazebo_plugins': CMAKE_PREFIX_PATH=${CMAKE_PREFIX_PATH}:/home/rhobtor/reactive/Reactive-Navegation/workspace_full_conected/install/car:/opt/ros/humble /usr/bin/cmake --build /home/rhobtor/reactive/Reactive-Navegation/workspace_full_conected/build/hector_gazebo_plugins -- -j4 -l4
[0.196s] [  2%] Built target hector_gazebo_plugins__cpp
[0.349s] [  6%] Built target hector_gazebo_reset_plugin
[0.502s] [ 10%] Built target hector_gazebo_ros_magnetic
[0.637s] [ 14%] Built target hector_gazebo_ros_sonar
[0.733s] [ 22%] Built target hector_gazebo_plugins__rosidl_typesupport_cpp
[0.842s] [ 30%] Built target hector_gazebo_plugins__rosidl_typesupport_fastrtps_cpp
[0.911s] [ 38%] Built target hector_gazebo_plugins__rosidl_typesupport_introspection_cpp
[1.022s] [ 42%] Built target hector_gazebo_ros_imu
[1.111s] [ 46%] Built target hector_gazebo_ros_gps
[1.212s] [ 46%] Built target ament_cmake_python_copy_hector_gazebo_plugins
[1.272s] [ 55%] Built target hector_gazebo_plugins__rosidl_generator_c
[1.871s] running egg_info
[1.877s] writing hector_gazebo_plugins.egg-info/PKG-INFO
[1.877s] writing dependency_links to hector_gazebo_plugins.egg-info/dependency_links.txt
[1.877s] writing top-level names to hector_gazebo_plugins.egg-info/top_level.txt
[1.881s] reading manifest file 'hector_gazebo_plugins.egg-info/SOURCES.txt'
[1.881s] writing manifest file 'hector_gazebo_plugins.egg-info/SOURCES.txt'
[1.981s] [ 55%] Built target ament_cmake_python_build_hector_gazebo_plugins_egg
[2.059s] [ 63%] Built target hector_gazebo_plugins__rosidl_typesupport_c
[2.117s] [ 71%] Built target hector_gazebo_plugins__rosidl_typesupport_introspection_c
[2.200s] [ 79%] Built target hector_gazebo_plugins__rosidl_typesupport_fastrtps_c
[2.293s] [ 79%] Built target hector_gazebo_plugins
[2.346s] [ 81%] Built target hector_gazebo_plugins__py
[2.417s] [ 87%] Built target hector_gazebo_plugins__rosidl_generator_py
[2.560s] [ 91%] Built target hector_gazebo_plugins__rosidl_typesupport_fastrtps_c__pyext
[2.683s] [ 95%] Built target hector_gazebo_plugins__rosidl_typesupport_c__pyext
[2.770s] [100%] Built target hector_gazebo_plugins__rosidl_typesupport_introspection_c__pyext
[3.242s] Invoked command in '/home/rhobtor/reactive/Reactive-Navegation/workspace_full_conected/build/hector_gazebo_plugins' returned '0': CMAKE_PREFIX_PATH=${CMAKE_PREFIX_PATH}:/home/rhobtor/reactive/Reactive-Navegation/workspace_full_conected/install/car:/opt/ros/humble /usr/bin/cmake --build /home/rhobtor/reactive/Reactive-Navegation/workspace_full_conected/build/hector_gazebo_plugins -- -j4 -l4
[3.243s] Invoking command in '/home/rhobtor/reactive/Reactive-Navegation/workspace_full_conected/build/hector_gazebo_plugins': CMAKE_PREFIX_PATH=${CMAKE_PREFIX_PATH}:/home/rhobtor/reactive/Reactive-Navegation/workspace_full_conected/install/car:/opt/ros/humble /usr/bin/cmake --install /home/rhobtor/reactive/Reactive-Navegation/workspace_full_conected/build/hector_gazebo_plugins
[3.301s] -- Install configuration: ""
[3.301s] -- Up-to-date: /home/rhobtor/reactive/Reactive-Navegation/workspace_full_conected/install/hector_gazebo_plugins/share/ament_index/resource_index/rosidl_interfaces/hector_gazebo_plugins
[3.301s] -- Up-to-date: /home/rhobtor/reactive/Reactive-Navegation/workspace_full_conected/install/hector_gazebo_plugins/include/hector_gazebo_plugins/hector_gazebo_plugins
[3.301s] -- Up-to-date: /home/rhobtor/reactive/Reactive-Navegation/workspace_full_conected/install/hector_gazebo_plugins/include/hector_gazebo_plugins/hector_gazebo_plugins/srv
[3.301s] -- Up-to-date: /home/rhobtor/reactive/Reactive-Navegation/workspace_full_conected/install/hector_gazebo_plugins/include/hector_gazebo_plugins/hector_gazebo_plugins/srv/set_bias.h
[3.301s] -- Up-to-date: /home/rhobtor/reactive/Reactive-Navegation/workspace_full_conected/install/hector_gazebo_plugins/include/hector_gazebo_plugins/hector_gazebo_plugins/srv/detail
[3.301s] -- Up-to-date: /home/rhobtor/reactive/Reactive-Navegation/workspace_full_conected/install/hector_gazebo_plugins/include/hector_gazebo_plugins/hector_gazebo_plugins/srv/detail/set_bias__type_support.h
[3.306s] -- Up-to-date: /home/rhobtor/reactive/Reactive-Navegation/workspace_full_conected/install/hector_gazebo_plugins/include/hector_gazebo_plugins/hector_gazebo_plugins/srv/detail/set_reference_geo_pose__struct.h
[3.306s] -- Up-to-date: /home/rhobtor/reactive/Reactive-Navegation/workspace_full_conected/install/hector_gazebo_plugins/include/hector_gazebo_plugins/hector_gazebo_plugins/srv/detail/set_bias__struct.h
[3.307s] -- Up-to-date: /home/rhobtor/reactive/Reactive-Navegation/workspace_full_conected/install/hector_gazebo_plugins/include/hector_gazebo_plugins/hector_gazebo_plugins/srv/detail/set_bias__functions.h
[3.307s] -- Up-to-date: /home/rhobtor/reactive/Reactive-Navegation/workspace_full_conected/install/hector_gazebo_plugins/include/hector_gazebo_plugins/hector_gazebo_plugins/srv/detail/set_reference_geo_pose__functions.h
[3.307s] -- Up-to-date: /home/rhobtor/reactive/Reactive-Navegation/workspace_full_conected/install/hector_gazebo_plugins/include/hector_gazebo_plugins/hector_gazebo_plugins/srv/detail/set_reference_geo_pose__functions.c
[3.307s] -- Up-to-date: /home/rhobtor/reactive/Reactive-Navegation/workspace_full_conected/install/hector_gazebo_plugins/include/hector_gazebo_plugins/hector_gazebo_plugins/srv/detail/set_bias__functions.c
[3.307s] -- Up-to-date: /home/rhobtor/reactive/Reactive-Navegation/workspace_full_conected/install/hector_gazebo_plugins/include/hector_gazebo_plugins/hector_gazebo_plugins/srv/detail/set_reference_geo_pose__type_support.h
[3.307s] -- Up-to-date: /home/rhobtor/reactive/Reactive-Navegation/workspace_full_conected/install/hector_gazebo_plugins/include/hector_gazebo_plugins/hector_gazebo_plugins/srv/set_reference_geo_pose.h
[3.307s] -- Up-to-date: /home/rhobtor/reactive/Reactive-Navegation/workspace_full_conected/install/hector_gazebo_plugins/include/hector_gazebo_plugins/hector_gazebo_plugins/msg
[3.307s] -- Up-to-date: /home/rhobtor/reactive/Reactive-Navegation/workspace_full_conected/install/hector_gazebo_plugins/include/hector_gazebo_plugins/hector_gazebo_plugins/msg/rosidl_generator_c__visibility_control.h
[3.307s] -- Up-to-date: /home/rhobtor/reactive/Reactive-Navegation/workspace_full_conected/install/hector_gazebo_plugins/share/hector_gazebo_plugins/environment/library_path.sh
[3.307s] -- Up-to-date: /home/rhobtor/reactive/Reactive-Navegation/workspace_full_conected/install/hector_gazebo_plugins/share/hector_gazebo_plugins/environment/library_path.dsv
[3.307s] -- Up-to-date: /home/rhobtor/reactive/Reactive-Navegation/workspace_full_conected/install/hector_gazebo_plugins/lib/libhector_gazebo_plugins__rosidl_generator_c.so
[3.307s] -- Up-to-date: /home/rhobtor/reactive/Reactive-Navegation/workspace_full_conected/install/hector_gazebo_plugins/include/hector_gazebo_plugins/hector_gazebo_plugins
[3.307s] -- Up-to-date: /home/rhobtor/reactive/Reactive-Navegation/workspace_full_conected/install/hector_gazebo_plugins/include/hector_gazebo_plugins/hector_gazebo_plugins/srv
[3.307s] -- Up-to-date: /home/rhobtor/reactive/Reactive-Navegation/workspace_full_conected/install/hector_gazebo_plugins/include/hector_gazebo_plugins/hector_gazebo_plugins/srv/detail
[3.307s] -- Up-to-date: /home/rhobtor/reactive/Reactive-Navegation/workspace_full_conected/install/hector_gazebo_plugins/include/hector_gazebo_plugins/hector_gazebo_plugins/srv/detail/set_bias__rosidl_typesupport_fastrtps_c.h
[3.307s] -- Up-to-date: /home/rhobtor/reactive/Reactive-Navegation/workspace_full_conected/install/hector_gazebo_plugins/include/hector_gazebo_plugins/hector_gazebo_plugins/srv/detail/set_reference_geo_pose__rosidl_typesupport_fastrtps_c.h
[3.307s] -- Up-to-date: /home/rhobtor/reactive/Reactive-Navegation/workspace_full_conected/install/hector_gazebo_plugins/include/hector_gazebo_plugins/hector_gazebo_plugins/msg
[3.312s] -- Up-to-date: /home/rhobtor/reactive/Reactive-Navegation/workspace_full_conected/install/hector_gazebo_plugins/include/hector_gazebo_plugins/hector_gazebo_plugins/msg/rosidl_typesupport_fastrtps_c__visibility_control.h
[3.312s] -- Up-to-date: /home/rhobtor/reactive/Reactive-Navegation/workspace_full_conected/install/hector_gazebo_plugins/lib/libhector_gazebo_plugins__rosidl_typesupport_fastrtps_c.so
[3.312s] -- Up-to-date: /home/rhobtor/reactive/Reactive-Navegation/workspace_full_conected/install/hector_gazebo_plugins/include/hector_gazebo_plugins/hector_gazebo_plugins
[3.312s] -- Up-to-date: /home/rhobtor/reactive/Reactive-Navegation/workspace_full_conected/install/hector_gazebo_plugins/include/hector_gazebo_plugins/hector_gazebo_plugins/srv
[3.312s] -- Up-to-date: /home/rhobtor/reactive/Reactive-Navegation/workspace_full_conected/install/hector_gazebo_plugins/include/hector_gazebo_plugins/hector_gazebo_plugins/srv/detail
[3.312s] -- Up-to-date: /home/rhobtor/reactive/Reactive-Navegation/workspace_full_conected/install/hector_gazebo_plugins/include/hector_gazebo_plugins/hector_gazebo_plugins/srv/detail/set_reference_geo_pose__struct.hpp
[3.312s] -- Up-to-date: /home/rhobtor/reactive/Reactive-Navegation/workspace_full_conected/install/hector_gazebo_plugins/include/hector_gazebo_plugins/hector_gazebo_plugins/srv/detail/set_reference_geo_pose__traits.hpp
[3.312s] -- Up-to-date: /home/rhobtor/reactive/Reactive-Navegation/workspace_full_conected/install/hector_gazebo_plugins/include/hector_gazebo_plugins/hector_gazebo_plugins/srv/detail/set_bias__type_support.hpp
[3.317s] -- Up-to-date: /home/rhobtor/reactive/Reactive-Navegation/workspace_full_conected/install/hector_gazebo_plugins/include/hector_gazebo_plugins/hector_gazebo_plugins/srv/detail/set_reference_geo_pose__type_support.hpp
[3.318s] -- Up-to-date: /home/rhobtor/reactive/Reactive-Navegation/workspace_full_conected/install/hector_gazebo_plugins/include/hector_gazebo_plugins/hector_gazebo_plugins/srv/detail/set_bias__traits.hpp
[3.319s] -- Up-to-date: /home/rhobtor/reactive/Reactive-Navegation/workspace_full_conected/install/hector_gazebo_plugins/include/hector_gazebo_plugins/hector_gazebo_plugins/srv/detail/set_reference_geo_pose__builder.hpp
[3.319s] -- Up-to-date: /home/rhobtor/reactive/Reactive-Navegation/workspace_full_conected/install/hector_gazebo_plugins/include/hector_gazebo_plugins/hector_gazebo_plugins/srv/detail/set_bias__builder.hpp
[3.319s] -- Up-to-date: /home/rhobtor/reactive/Reactive-Navegation/workspace_full_conected/install/hector_gazebo_plugins/include/hector_gazebo_plugins/hector_gazebo_plugins/srv/detail/set_bias__struct.hpp
[3.319s] -- Up-to-date: /home/rhobtor/reactive/Reactive-Navegation/workspace_full_conected/install/hector_gazebo_plugins/include/hector_gazebo_plugins/hector_gazebo_plugins/srv/set_reference_geo_pose.hpp
[3.319s] -- Up-to-date: /home/rhobtor/reactive/Reactive-Navegation/workspace_full_conected/install/hector_gazebo_plugins/include/hector_gazebo_plugins/hector_gazebo_plugins/srv/set_bias.hpp
[3.320s] -- Up-to-date: /home/rhobtor/reactive/Reactive-Navegation/workspace_full_conected/install/hector_gazebo_plugins/include/hector_gazebo_plugins/hector_gazebo_plugins/msg
[3.320s] -- Up-to-date: /home/rhobtor/reactive/Reactive-Navegation/workspace_full_conected/install/hector_gazebo_plugins/include/hector_gazebo_plugins/hector_gazebo_plugins/msg/rosidl_generator_cpp__visibility_control.hpp
[3.320s] -- Up-to-date: /home/rhobtor/reactive/Reactive-Navegation/workspace_full_conected/install/hector_gazebo_plugins/include/hector_gazebo_plugins/hector_gazebo_plugins
[3.320s] -- Up-to-date: /home/rhobtor/reactive/Reactive-Navegation/workspace_full_conected/install/hector_gazebo_plugins/include/hector_gazebo_plugins/hector_gazebo_plugins/srv
[3.320s] -- Up-to-date: /home/rhobtor/reactive/Reactive-Navegation/workspace_full_conected/install/hector_gazebo_plugins/include/hector_gazebo_plugins/hector_gazebo_plugins/srv/detail
[3.320s] -- Up-to-date: /home/rhobtor/reactive/Reactive-Navegation/workspace_full_conected/install/hector_gazebo_plugins/include/hector_gazebo_plugins/hector_gazebo_plugins/srv/detail/dds_fastrtps
[3.320s] -- Up-to-date: /home/rhobtor/reactive/Reactive-Navegation/workspace_full_conected/install/hector_gazebo_plugins/include/hector_gazebo_plugins/hector_gazebo_plugins/srv/detail/set_bias__rosidl_typesupport_fastrtps_cpp.hpp
[3.320s] -- Up-to-date: /home/rhobtor/reactive/Reactive-Navegation/workspace_full_conected/install/hector_gazebo_plugins/include/hector_gazebo_plugins/hector_gazebo_plugins/srv/detail/set_reference_geo_pose__rosidl_typesupport_fastrtps_cpp.hpp
[3.320s] -- Up-to-date: /home/rhobtor/reactive/Reactive-Navegation/workspace_full_conected/install/hector_gazebo_plugins/include/hector_gazebo_plugins/hector_gazebo_plugins/msg
[3.320s] -- Up-to-date: /home/rhobtor/reactive/Reactive-Navegation/workspace_full_conected/install/hector_gazebo_plugins/include/hector_gazebo_plugins/hector_gazebo_plugins/msg/rosidl_typesupport_fastrtps_cpp__visibility_control.h
[3.320s] -- Up-to-date: /home/rhobtor/reactive/Reactive-Navegation/workspace_full_conected/install/hector_gazebo_plugins/lib/libhector_gazebo_plugins__rosidl_typesupport_fastrtps_cpp.so
[3.320s] -- Up-to-date: /home/rhobtor/reactive/Reactive-Navegation/workspace_full_conected/install/hector_gazebo_plugins/include/hector_gazebo_plugins/hector_gazebo_plugins
[3.321s] -- Up-to-date: /home/rhobtor/reactive/Reactive-Navegation/workspace_full_conected/install/hector_gazebo_plugins/include/hector_gazebo_plugins/hector_gazebo_plugins/srv
[3.321s] -- Up-to-date: /home/rhobtor/reactive/Reactive-Navegation/workspace_full_conected/install/hector_gazebo_plugins/include/hector_gazebo_plugins/hector_gazebo_plugins/srv/detail
[3.321s] -- Up-to-date: /home/rhobtor/reactive/Reactive-Navegation/workspace_full_conected/install/hector_gazebo_plugins/include/hector_gazebo_plugins/hector_gazebo_plugins/srv/detail/set_reference_geo_pose__type_support.c
[3.321s] -- Up-to-date: /home/rhobtor/reactive/Reactive-Navegation/workspace_full_conected/install/hector_gazebo_plugins/include/hector_gazebo_plugins/hector_gazebo_plugins/srv/detail/set_bias__type_support.c
[3.337s] -- Up-to-date: /home/rhobtor/reactive/Reactive-Navegation/workspace_full_conected/install/hector_gazebo_plugins/include/hector_gazebo_plugins/hector_gazebo_plugins/srv/detail/set_reference_geo_pose__rosidl_typesupport_introspection_c.h
[3.337s] -- Up-to-date: /home/rhobtor/reactive/Reactive-Navegation/workspace_full_conected/install/hector_gazebo_plugins/include/hector_gazebo_plugins/hector_gazebo_plugins/srv/detail/set_bias__rosidl_typesupport_introspection_c.h
[3.337s] -- Up-to-date: /home/rhobtor/reactive/Reactive-Navegation/workspace_full_conected/install/hector_gazebo_plugins/include/hector_gazebo_plugins/hector_gazebo_plugins/msg
[3.337s] -- Up-to-date: /home/rhobtor/reactive/Reactive-Navegation/workspace_full_conected/install/hector_gazebo_plugins/include/hector_gazebo_plugins/hector_gazebo_plugins/msg/rosidl_typesupport_introspection_c__visibility_control.h
[3.337s] -- Up-to-date: /home/rhobtor/reactive/Reactive-Navegation/workspace_full_conected/install/hector_gazebo_plugins/lib/libhector_gazebo_plugins__rosidl_typesupport_introspection_c.so
[3.337s] -- Up-to-date: /home/rhobtor/reactive/Reactive-Navegation/workspace_full_conected/install/hector_gazebo_plugins/lib/libhector_gazebo_plugins__rosidl_typesupport_c.so
[3.337s] -- Up-to-date: /home/rhobtor/reactive/Reactive-Navegation/workspace_full_conected/install/hector_gazebo_plugins/include/hector_gazebo_plugins/hector_gazebo_plugins
[3.337s] -- Up-to-date: /home/rhobtor/reactive/Reactive-Navegation/workspace_full_conected/install/hector_gazebo_plugins/include/hector_gazebo_plugins/hector_gazebo_plugins/srv
[3.337s] -- Up-to-date: /home/rhobtor/reactive/Reactive-Navegation/workspace_full_conected/install/hector_gazebo_plugins/include/hector_gazebo_plugins/hector_gazebo_plugins/srv/detail
[3.338s] -- Up-to-date: /home/rhobtor/reactive/Reactive-Navegation/workspace_full_conected/install/hector_gazebo_plugins/include/hector_gazebo_plugins/hector_gazebo_plugins/srv/detail/set_bias__type_support.cpp
[3.338s] -- Up-to-date: /home/rhobtor/reactive/Reactive-Navegation/workspace_full_conected/install/hector_gazebo_plugins/include/hector_gazebo_plugins/hector_gazebo_plugins/srv/detail/set_reference_geo_pose__rosidl_typesupport_introspection_cpp.hpp
[3.338s] -- Up-to-date: /home/rhobtor/reactive/Reactive-Navegation/workspace_full_conected/install/hector_gazebo_plugins/include/hector_gazebo_plugins/hector_gazebo_plugins/srv/detail/set_bias__rosidl_typesupport_introspection_cpp.hpp
[3.338s] -- Up-to-date: /home/rhobtor/reactive/Reactive-Navegation/workspace_full_conected/install/hector_gazebo_plugins/include/hector_gazebo_plugins/hector_gazebo_plugins/srv/detail/set_reference_geo_pose__type_support.cpp
[3.338s] -- Up-to-date: /home/rhobtor/reactive/Reactive-Navegation/workspace_full_conected/install/hector_gazebo_plugins/lib/libhector_gazebo_plugins__rosidl_typesupport_introspection_cpp.so
[3.338s] -- Up-to-date: /home/rhobtor/reactive/Reactive-Navegation/workspace_full_conected/install/hector_gazebo_plugins/lib/libhector_gazebo_plugins__rosidl_typesupport_cpp.so
[3.338s] -- Up-to-date: /home/rhobtor/reactive/Reactive-Navegation/workspace_full_conected/install/hector_gazebo_plugins/share/hector_gazebo_plugins/environment/pythonpath.sh
[3.338s] -- Up-to-date: /home/rhobtor/reactive/Reactive-Navegation/workspace_full_conected/install/hector_gazebo_plugins/share/hector_gazebo_plugins/environment/pythonpath.dsv
[3.338s] -- Up-to-date: /home/rhobtor/reactive/Reactive-Navegation/workspace_full_conected/install/hector_gazebo_plugins/local/lib/python3.10/dist-packages/hector_gazebo_plugins-0.5.4-py3.10.egg-info
[3.338s] -- Installing: /home/rhobtor/reactive/Reactive-Navegation/workspace_full_conected/install/hector_gazebo_plugins/local/lib/python3.10/dist-packages/hector_gazebo_plugins-0.5.4-py3.10.egg-info/PKG-INFO
[3.338s] -- Installing: /home/rhobtor/reactive/Reactive-Navegation/workspace_full_conected/install/hector_gazebo_plugins/local/lib/python3.10/dist-packages/hector_gazebo_plugins-0.5.4-py3.10.egg-info/top_level.txt
[3.338s] -- Installing: /home/rhobtor/reactive/Reactive-Navegation/workspace_full_conected/install/hector_gazebo_plugins/local/lib/python3.10/dist-packages/hector_gazebo_plugins-0.5.4-py3.10.egg-info/dependency_links.txt
[3.338s] -- Installing: /home/rhobtor/reactive/Reactive-Navegation/workspace_full_conected/install/hector_gazebo_plugins/local/lib/python3.10/dist-packages/hector_gazebo_plugins-0.5.4-py3.10.egg-info/SOURCES.txt
[3.338s] -- Up-to-date: /home/rhobtor/reactive/Reactive-Navegation/workspace_full_conected/install/hector_gazebo_plugins/local/lib/python3.10/dist-packages/hector_gazebo_plugins
[3.338s] -- Up-to-date: /home/rhobtor/reactive/Reactive-Navegation/workspace_full_conected/install/hector_gazebo_plugins/local/lib/python3.10/dist-packages/hector_gazebo_plugins/hector_gazebo_plugins_s__rosidl_typesupport_c.cpython-310-x86_64-linux-gnu.so
[3.338s] -- Up-to-date: /home/rhobtor/reactive/Reactive-Navegation/workspace_full_conected/install/hector_gazebo_plugins/local/lib/python3.10/dist-packages/hector_gazebo_plugins/_hector_gazebo_plugins_s.ep.rosidl_typesupport_fastrtps_c.c
[3.338s] -- Up-to-date: /home/rhobtor/reactive/Reactive-Navegation/workspace_full_conected/install/hector_gazebo_plugins/local/lib/python3.10/dist-packages/hector_gazebo_plugins/hector_gazebo_plugins_s__rosidl_typesupport_introspection_c.cpython-310-x86_64-linux-gnu.so
[3.338s] -- Up-to-date: /home/rhobtor/reactive/Reactive-Navegation/workspace_full_conected/install/hector_gazebo_plugins/local/lib/python3.10/dist-packages/hector_gazebo_plugins/__init__.py
[3.338s] -- Up-to-date: /home/rhobtor/reactive/Reactive-Navegation/workspace_full_conected/install/hector_gazebo_plugins/local/lib/python3.10/dist-packages/hector_gazebo_plugins/srv
[3.338s] -- Up-to-date: /home/rhobtor/reactive/Reactive-Navegation/workspace_full_conected/install/hector_gazebo_plugins/local/lib/python3.10/dist-packages/hector_gazebo_plugins/srv/_set_bias_s.c
[3.338s] -- Up-to-date: /home/rhobtor/reactive/Reactive-Navegation/workspace_full_conected/install/hector_gazebo_plugins/local/lib/python3.10/dist-packages/hector_gazebo_plugins/srv/_set_reference_geo_pose_s.c
[3.338s] -- Up-to-date: /home/rhobtor/reactive/Reactive-Navegation/workspace_full_conected/install/hector_gazebo_plugins/local/lib/python3.10/dist-packages/hector_gazebo_plugins/srv/_set_bias.py
[3.338s] -- Up-to-date: /home/rhobtor/reactive/Reactive-Navegation/workspace_full_conected/install/hector_gazebo_plugins/local/lib/python3.10/dist-packages/hector_gazebo_plugins/srv/_set_reference_geo_pose.py
[3.338s] -- Up-to-date: /home/rhobtor/reactive/Reactive-Navegation/workspace_full_conected/install/hector_gazebo_plugins/local/lib/python3.10/dist-packages/hector_gazebo_plugins/srv/__init__.py
[3.338s] -- Up-to-date: /home/rhobtor/reactive/Reactive-Navegation/workspace_full_conected/install/hector_gazebo_plugins/local/lib/python3.10/dist-packages/hector_gazebo_plugins/_hector_gazebo_plugins_s.ep.rosidl_typesupport_introspection_c.c
[3.338s] -- Up-to-date: /home/rhobtor/reactive/Reactive-Navegation/workspace_full_conected/install/hector_gazebo_plugins/local/lib/python3.10/dist-packages/hector_gazebo_plugins/_hector_gazebo_plugins_s.ep.rosidl_typesupport_c.c
[3.338s] -- Up-to-date: /home/rhobtor/reactive/Reactive-Navegation/workspace_full_conected/install/hector_gazebo_plugins/local/lib/python3.10/dist-packages/hector_gazebo_plugins/libhector_gazebo_plugins__rosidl_generator_py.so
[3.339s] -- Up-to-date: /home/rhobtor/reactive/Reactive-Navegation/workspace_full_conected/install/hector_gazebo_plugins/local/lib/python3.10/dist-packages/hector_gazebo_plugins/hector_gazebo_plugins_s__rosidl_typesupport_fastrtps_c.cpython-310-x86_64-linux-gnu.so
[3.416s] Listing '/home/rhobtor/reactive/Reactive-Navegation/workspace_full_conected/install/hector_gazebo_plugins/local/lib/python3.10/dist-packages/hector_gazebo_plugins'...
[3.416s] Listing '/home/rhobtor/reactive/Reactive-Navegation/workspace_full_conected/install/hector_gazebo_plugins/local/lib/python3.10/dist-packages/hector_gazebo_plugins/srv'...
[3.416s] -- Up-to-date: /home/rhobtor/reactive/Reactive-Navegation/workspace_full_conected/install/hector_gazebo_plugins/local/lib/python3.10/dist-packages/hector_gazebo_plugins/hector_gazebo_plugins_s__rosidl_typesupport_fastrtps_c.cpython-310-x86_64-linux-gnu.so
[3.421s] -- Up-to-date: /home/rhobtor/reactive/Reactive-Navegation/workspace_full_conected/install/hector_gazebo_plugins/local/lib/python3.10/dist-packages/hector_gazebo_plugins/hector_gazebo_plugins_s__rosidl_typesupport_introspection_c.cpython-310-x86_64-linux-gnu.so
[3.421s] -- Up-to-date: /home/rhobtor/reactive/Reactive-Navegation/workspace_full_conected/install/hector_gazebo_plugins/local/lib/python3.10/dist-packages/hector_gazebo_plugins/hector_gazebo_plugins_s__rosidl_typesupport_c.cpython-310-x86_64-linux-gnu.so
[3.421s] -- Up-to-date: /home/rhobtor/reactive/Reactive-Navegation/workspace_full_conected/install/hector_gazebo_plugins/lib/libhector_gazebo_plugins__rosidl_generator_py.so
[3.421s] -- Up-to-date: /home/rhobtor/reactive/Reactive-Navegation/workspace_full_conected/install/hector_gazebo_plugins/share/hector_gazebo_plugins/srv/SetBias.idl
[3.421s] -- Up-to-date: /home/rhobtor/reactive/Reactive-Navegation/workspace_full_conected/install/hector_gazebo_plugins/share/hector_gazebo_plugins/srv/SetReferenceGeoPose.idl
[3.421s] -- Up-to-date: /home/rhobtor/reactive/Reactive-Navegation/workspace_full_conected/install/hector_gazebo_plugins/share/hector_gazebo_plugins/srv/SetBias.srv
[3.421s] -- Up-to-date: /home/rhobtor/reactive/Reactive-Navegation/workspace_full_conected/install/hector_gazebo_plugins/share/hector_gazebo_plugins/srv/SetBias_Request.msg
[3.421s] -- Up-to-date: /home/rhobtor/reactive/Reactive-Navegation/workspace_full_conected/install/hector_gazebo_plugins/share/hector_gazebo_plugins/srv/SetBias_Response.msg
[3.421s] -- Up-to-date: /home/rhobtor/reactive/Reactive-Navegation/workspace_full_conected/install/hector_gazebo_plugins/share/hector_gazebo_plugins/srv/SetReferenceGeoPose.srv
[3.421s] -- Up-to-date: /home/rhobtor/reactive/Reactive-Navegation/workspace_full_conected/install/hector_gazebo_plugins/share/hector_gazebo_plugins/srv/SetReferenceGeoPose_Request.msg
[3.421s] -- Up-to-date: /home/rhobtor/reactive/Reactive-Navegation/workspace_full_conected/install/hector_gazebo_plugins/share/hector_gazebo_plugins/srv/SetReferenceGeoPose_Response.msg
[3.421s] -- Up-to-date: /home/rhobtor/reactive/Reactive-Navegation/workspace_full_conected/install/hector_gazebo_plugins/include
[3.421s] -- Up-to-date: /home/rhobtor/reactive/Reactive-Navegation/workspace_full_conected/install/hector_gazebo_plugins/include/gazebo_ros_magnetic.h
[3.421s] -- Up-to-date: /home/rhobtor/reactive/Reactive-Navegation/workspace_full_conected/install/hector_gazebo_plugins/include/diffdrive_plugin_multi_wheel.h
[3.422s] -- Up-to-date: /home/rhobtor/reactive/Reactive-Navegation/workspace_full_conected/install/hector_gazebo_plugins/include/sensor_model.h
[3.422s] -- Up-to-date: /home/rhobtor/reactive/Reactive-Navegation/workspace_full_conected/install/hector_gazebo_plugins/include/gazebo_ros_imu.h
[3.422s] -- Up-to-date: /home/rhobtor/reactive/Reactive-Navegation/workspace_full_conected/install/hector_gazebo_plugins/include/diffdrive_plugin_6w.h
[3.422s] -- Up-to-date: /home/rhobtor/reactive/Reactive-Navegation/workspace_full_conected/install/hector_gazebo_plugins/include/gazebo_ros_sonar.h
[3.422s] -- Up-to-date: /home/rhobtor/reactive/Reactive-Navegation/workspace_full_conected/install/hector_gazebo_plugins/include/reset_plugin.h
[3.422s] -- Up-to-date: /home/rhobtor/reactive/Reactive-Navegation/workspace_full_conected/install/hector_gazebo_plugins/include/gazebo_ros_gps.h
[3.422s] -- Up-to-date: /home/rhobtor/reactive/Reactive-Navegation/workspace_full_conected/install/hector_gazebo_plugins/include/update_timer.h
[3.422s] -- Up-to-date: /home/rhobtor/reactive/Reactive-Navegation/workspace_full_conected/install/hector_gazebo_plugins/include/gnss_config.h
[3.422s] -- Up-to-date: /home/rhobtor/reactive/Reactive-Navegation/workspace_full_conected/install/hector_gazebo_plugins/include/gazebo_ros_force_based_move.h
[3.422s] -- Up-to-date: /home/rhobtor/reactive/Reactive-Navegation/workspace_full_conected/install/hector_gazebo_plugins/include/servo_plugin.h
[3.422s] -- Up-to-date: /home/rhobtor/reactive/Reactive-Navegation/workspace_full_conected/install/hector_gazebo_plugins/lib/libhector_gazebo_reset_plugin.so
[3.422s] -- Up-to-date: /home/rhobtor/reactive/Reactive-Navegation/workspace_full_conected/install/hector_gazebo_plugins/lib/libhector_gazebo_ros_imu.so
[3.439s] -- Up-to-date: /home/rhobtor/reactive/Reactive-Navegation/workspace_full_conected/install/hector_gazebo_plugins/lib/libhector_gazebo_ros_magnetic.so
[3.442s] -- Up-to-date: /home/rhobtor/reactive/Reactive-Navegation/workspace_full_conected/install/hector_gazebo_plugins/lib/libhector_gazebo_ros_gps.so
[3.442s] -- Up-to-date: /home/rhobtor/reactive/Reactive-Navegation/workspace_full_conected/install/hector_gazebo_plugins/lib/libhector_gazebo_ros_sonar.so
[3.442s] -- Up-to-date: /home/rhobtor/reactive/Reactive-Navegation/workspace_full_conected/install/hector_gazebo_plugins/share/ament_index/resource_index/package_run_dependencies/hector_gazebo_plugins
[3.442s] -- Up-to-date: /home/rhobtor/reactive/Reactive-Navegation/workspace_full_conected/install/hector_gazebo_plugins/share/ament_index/resource_index/parent_prefix_path/hector_gazebo_plugins
[3.442s] -- Up-to-date: /home/rhobtor/reactive/Reactive-Navegation/workspace_full_conected/install/hector_gazebo_plugins/share/hector_gazebo_plugins/environment/ament_prefix_path.sh
[3.442s] -- Up-to-date: /home/rhobtor/reactive/Reactive-Navegation/workspace_full_conected/install/hector_gazebo_plugins/share/hector_gazebo_plugins/environment/ament_prefix_path.dsv
[3.442s] -- Up-to-date: /home/rhobtor/reactive/Reactive-Navegation/workspace_full_conected/install/hector_gazebo_plugins/share/hector_gazebo_plugins/environment/path.sh
[3.442s] -- Up-to-date: /home/rhobtor/reactive/Reactive-Navegation/workspace_full_conected/install/hector_gazebo_plugins/share/hector_gazebo_plugins/environment/path.dsv
[3.442s] -- Up-to-date: /home/rhobtor/reactive/Reactive-Navegation/workspace_full_conected/install/hector_gazebo_plugins/share/hector_gazebo_plugins/local_setup.bash
[3.442s] -- Up-to-date: /home/rhobtor/reactive/Reactive-Navegation/workspace_full_conected/install/hector_gazebo_plugins/share/hector_gazebo_plugins/local_setup.sh
[3.442s] -- Up-to-date: /home/rhobtor/reactive/Reactive-Navegation/workspace_full_conected/install/hector_gazebo_plugins/share/hector_gazebo_plugins/local_setup.zsh
[3.442s] -- Up-to-date: /home/rhobtor/reactive/Reactive-Navegation/workspace_full_conected/install/hector_gazebo_plugins/share/hector_gazebo_plugins/local_setup.dsv
[3.442s] -- Installing: /home/rhobtor/reactive/Reactive-Navegation/workspace_full_conected/install/hector_gazebo_plugins/share/hector_gazebo_plugins/package.dsv
[3.442s] -- Up-to-date: /home/rhobtor/reactive/Reactive-Navegation/workspace_full_conected/install/hector_gazebo_plugins/share/ament_index/resource_index/packages/hector_gazebo_plugins
[3.442s] -- Up-to-date: /home/rhobtor/reactive/Reactive-Navegation/workspace_full_conected/install/hector_gazebo_plugins/share/hector_gazebo_plugins/cmake/export_hector_gazebo_plugins__rosidl_generator_cExport.cmake
[3.442s] -- Up-to-date: /home/rhobtor/reactive/Reactive-Navegation/workspace_full_conected/install/hector_gazebo_plugins/share/hector_gazebo_plugins/cmake/export_hector_gazebo_plugins__rosidl_generator_cExport-noconfig.cmake
[3.442s] -- Up-to-date: /home/rhobtor/reactive/Reactive-Navegation/workspace_full_conected/install/hector_gazebo_plugins/share/hector_gazebo_plugins/cmake/export_hector_gazebo_plugins__rosidl_typesupport_fastrtps_cExport.cmake
[3.442s] -- Up-to-date: /home/rhobtor/reactive/Reactive-Navegation/workspace_full_conected/install/hector_gazebo_plugins/share/hector_gazebo_plugins/cmake/export_hector_gazebo_plugins__rosidl_typesupport_fastrtps_cExport-noconfig.cmake
[3.442s] -- Up-to-date: /home/rhobtor/reactive/Reactive-Navegation/workspace_full_conected/install/hector_gazebo_plugins/share/hector_gazebo_plugins/cmake/export_hector_gazebo_plugins__rosidl_generator_cppExport.cmake
[3.447s] -- Up-to-date: /home/rhobtor/reactive/Reactive-Navegation/workspace_full_conected/install/hector_gazebo_plugins/share/hector_gazebo_plugins/cmake/export_hector_gazebo_plugins__rosidl_typesupport_fastrtps_cppExport.cmake
[3.447s] -- Up-to-date: /home/rhobtor/reactive/Reactive-Navegation/workspace_full_conected/install/hector_gazebo_plugins/share/hector_gazebo_plugins/cmake/export_hector_gazebo_plugins__rosidl_typesupport_fastrtps_cppExport-noconfig.cmake
[3.447s] -- Up-to-date: /home/rhobtor/reactive/Reactive-Navegation/workspace_full_conected/install/hector_gazebo_plugins/share/hector_gazebo_plugins/cmake/hector_gazebo_plugins__rosidl_typesupport_introspection_cExport.cmake
[3.447s] -- Up-to-date: /home/rhobtor/reactive/Reactive-Navegation/workspace_full_conected/install/hector_gazebo_plugins/share/hector_gazebo_plugins/cmake/hector_gazebo_plugins__rosidl_typesupport_introspection_cExport-noconfig.cmake
[3.447s] -- Up-to-date: /home/rhobtor/reactive/Reactive-Navegation/workspace_full_conected/install/hector_gazebo_plugins/share/hector_gazebo_plugins/cmake/hector_gazebo_plugins__rosidl_typesupport_cExport.cmake
[3.447s] -- Up-to-date: /home/rhobtor/reactive/Reactive-Navegation/workspace_full_conected/install/hector_gazebo_plugins/share/hector_gazebo_plugins/cmake/hector_gazebo_plugins__rosidl_typesupport_cExport-noconfig.cmake
[3.447s] -- Up-to-date: /home/rhobtor/reactive/Reactive-Navegation/workspace_full_conected/install/hector_gazebo_plugins/share/hector_gazebo_plugins/cmake/hector_gazebo_plugins__rosidl_typesupport_introspection_cppExport.cmake
[3.447s] -- Up-to-date: /home/rhobtor/reactive/Reactive-Navegation/workspace_full_conected/install/hector_gazebo_plugins/share/hector_gazebo_plugins/cmake/hector_gazebo_plugins__rosidl_typesupport_introspection_cppExport-noconfig.cmake
[3.447s] -- Up-to-date: /home/rhobtor/reactive/Reactive-Navegation/workspace_full_conected/install/hector_gazebo_plugins/share/hector_gazebo_plugins/cmake/hector_gazebo_plugins__rosidl_typesupport_cppExport.cmake
[3.447s] -- Up-to-date: /home/rhobtor/reactive/Reactive-Navegation/workspace_full_conected/install/hector_gazebo_plugins/share/hector_gazebo_plugins/cmake/hector_gazebo_plugins__rosidl_typesupport_cppExport-noconfig.cmake
[3.448s] -- Up-to-date: /home/rhobtor/reactive/Reactive-Navegation/workspace_full_conected/install/hector_gazebo_plugins/share/hector_gazebo_plugins/cmake/export_hector_gazebo_plugins__rosidl_generator_pyExport.cmake
[3.448s] -- Up-to-date: /home/rhobtor/reactive/Reactive-Navegation/workspace_full_conected/install/hector_gazebo_plugins/share/hector_gazebo_plugins/cmake/export_hector_gazebo_plugins__rosidl_generator_pyExport-noconfig.cmake
[3.448s] -- Up-to-date: /home/rhobtor/reactive/Reactive-Navegation/workspace_full_conected/install/hector_gazebo_plugins/share/hector_gazebo_plugins/cmake/rosidl_cmake-extras.cmake
[3.448s] -- Up-to-date: /home/rhobtor/reactive/Reactive-Navegation/workspace_full_conected/install/hector_gazebo_plugins/share/hector_gazebo_plugins/cmake/ament_cmake_export_dependencies-extras.cmake
[3.448s] -- Up-to-date: /home/rhobtor/reactive/Reactive-Navegation/workspace_full_conected/install/hector_gazebo_plugins/share/hector_gazebo_plugins/cmake/ament_cmake_export_include_directories-extras.cmake
[3.448s] -- Up-to-date: /home/rhobtor/reactive/Reactive-Navegation/workspace_full_conected/install/hector_gazebo_plugins/share/hector_gazebo_plugins/cmake/ament_cmake_export_libraries-extras.cmake
[3.452s] -- Up-to-date: /home/rhobtor/reactive/Reactive-Navegation/workspace_full_conected/install/hector_gazebo_plugins/share/hector_gazebo_plugins/cmake/ament_cmake_export_targets-extras.cmake
[3.452s] -- Up-to-date: /home/rhobtor/reactive/Reactive-Navegation/workspace_full_conected/install/hector_gazebo_plugins/share/hector_gazebo_plugins/cmake/rosidl_cmake_export_typesupport_targets-extras.cmake
[3.452s] -- Up-to-date: /home/rhobtor/reactive/Reactive-Navegation/workspace_full_conected/install/hector_gazebo_plugins/share/hector_gazebo_plugins/cmake/rosidl_cmake_export_typesupport_libraries-extras.cmake
[3.454s] -- Up-to-date: /home/rhobtor/reactive/Reactive-Navegation/workspace_full_conected/install/hector_gazebo_plugins/share/hector_gazebo_plugins/cmake/hector_gazebo_pluginsConfig.cmake
[3.454s] -- Up-to-date: /home/rhobtor/reactive/Reactive-Navegation/workspace_full_conected/install/hector_gazebo_plugins/share/hector_gazebo_plugins/cmake/hector_gazebo_pluginsConfig-version.cmake
[3.454s] -- Up-to-date: /home/rhobtor/reactive/Reactive-Navegation/workspace_full_conected/install/hector_gazebo_plugins/share/hector_gazebo_plugins/package.xml
[3.454s] Invoked command in '/home/rhobtor/reactive/Reactive-Navegation/workspace_full_conected/build/hector_gazebo_plugins' returned '0': CMAKE_PREFIX_PATH=${CMAKE_PREFIX_PATH}:/home/rhobtor/reactive/Reactive-Navegation/workspace_full_conected/install/car:/opt/ros/humble /usr/bin/cmake --install /home/rhobtor/reactive/Reactive-Navegation/workspace_full_conected/build/hector_gazebo_plugins
