[0.223s] Invoking command in '/home/rhobtor/reactive/Reactive-Navegation/workspace_full_conected/build/car_cpp': CMAKE_PREFIX_PATH=${CMAKE_PREFIX_PATH}:/home/rhobtor/reactive/Reactive-Navegation/workspace_full_conected/install/car:/opt/ros/humble /usr/bin/cmake --build /home/rhobtor/reactive/Reactive-Navegation/workspace_full_conected/build/car_cpp -- -j4 -l4
[0.279s] [35m[1mConsolidate compiler generated dependencies of target frontier_nodes[0m
[0.313s] [  5%] Built target navigation_nodes
[0.322s] [ 11%] Built target ground_remove
[0.348s] [ 37%] Built target car_cpp
[0.365s] [ 40%] [32mBuilding CXX object CMakeFiles/frontier_nodes.dir/src/frontier_nodes.cpp.o[0m
[0.395s] [ 45%] Built target testo
[0.396s] [ 51%] Built target camera_filter
[0.438s] [ 57%] Built target map_measure
[0.439s] [ 62%] Built target check_map
[0.469s] [ 68%] Built target path_planner_node
[0.563s] [ 74%] Built target joints_plugin
[0.569s] [ 80%] Built target control_plugin
[0.575s] [ 85%] Built target drive_plugin
[0.635s] [ 91%] Built target odometry_plugin
[0.635s] [ 97%] Built target driver_plugin
[2.591s] [01m[K/home/rhobtor/reactive/Reactive-Navegation/workspace_full_conected/src/car_cpp/src/frontier_nodes.cpp:[m[K In member function ‘[01m[Kvoid FrontierDetectionNode::octomapCallback(octomap_msgs::msg::Octomap_<std::allocator<void> >::SharedPtr)[m[K’:
[2.591s] [01m[K/home/rhobtor/reactive/Reactive-Navegation/workspace_full_conected/src/car_cpp/src/frontier_nodes.cpp:59:32:[m[K [01;31m[Kerror: [m[K‘[01m[Kmetric_min[m[K’ was not declared in this scope
[2.591s]    59 |       int ix = std::floor((x - [01;31m[Kmetric_min[m[K.x()) / grid_res);
[2.591s]       |                                [01;31m[K^~~~~~~~~~[m[K
[2.596s] [01m[K/home/rhobtor/reactive/Reactive-Navegation/workspace_full_conected/src/car_cpp/src/frontier_nodes.cpp:94:18:[m[K [01;31m[Kerror: [m[K‘[01m[Kmetric_min[m[K’ was not declared in this scope
[2.596s]    94 |           pt.x = [01;31m[Kmetric_min[m[K.x() + (ix + 0.5) * grid_res;
[2.596s]       |                  [01;31m[K^~~~~~~~~~[m[K
[4.553s] gmake[2]: *** [CMakeFiles/frontier_nodes.dir/build.make:76: CMakeFiles/frontier_nodes.dir/src/frontier_nodes.cpp.o] Error 1
[4.553s] gmake[1]: *** [CMakeFiles/Makefile2:215: CMakeFiles/frontier_nodes.dir/all] Error 2
[4.554s] gmake: *** [Makefile:146: all] Error 2
[4.556s] Invoked command in '/home/rhobtor/reactive/Reactive-Navegation/workspace_full_conected/build/car_cpp' returned '2': CMAKE_PREFIX_PATH=${CMAKE_PREFIX_PATH}:/home/rhobtor/reactive/Reactive-Navegation/workspace_full_conected/install/car:/opt/ros/humble /usr/bin/cmake --build /home/rhobtor/reactive/Reactive-Navegation/workspace_full_conected/build/car_cpp -- -j4 -l4
