[0.257s] Invoking command in '/mnt/c/Users/luism/Documents/Ubuntu/Reactive-Navegation/Reactive-Navegation/workspace_full_conected/build/car_interfaces': CMAKE_PREFIX_PATH=${CMAKE_PREFIX_PATH}:/home/rhobtor/Ubuntu/Reactive-Navegation/Reactive-Navegation/workspace_full_conected/install/car:/opt/ros/humble /usr/bin/cmake --build /mnt/c/Users/luism/Documents/Ubuntu/Reactive-Navegation/Reactive-Navegation/workspace_full_conected/build/car_interfaces -- -j20 -l20
[1.846s] [  3%] Built target car_interfaces__cpp
[1.903s] [ 12%] Built target car_interfaces__rosidl_generator_c
[2.673s] [ 22%] Built target car_interfaces__rosidl_typesupport_fastrtps_cpp
[2.716s] [ 32%] Built target car_interfaces__rosidl_typesupport_introspection_cpp
[2.759s] [ 48%] Built target car_interfaces__rosidl_typesupport_cpp
[2.766s] [ 51%] Built target car_interfaces__rosidl_typesupport_c
[2.828s] [ 54%] Built target ament_cmake_python_copy_car_interfaces
[2.846s] [ 61%] Built target car_interfaces__rosidl_typesupport_introspection_c
[2.915s] [ 70%] Built target car_interfaces__rosidl_typesupport_fastrtps_c
[3.474s] [ 70%] Built target car_interfaces
[4.183s] [ 74%] Built target car_interfaces__py
[4.464s] running egg_info
[4.466s] writing car_interfaces.egg-info/PKG-INFO
[4.470s] writing dependency_links to car_interfaces.egg-info/dependency_links.txt
[4.480s] writing top-level names to car_interfaces.egg-info/top_level.txt
[4.517s] reading manifest file 'car_interfaces.egg-info/SOURCES.txt'
[4.552s] writing manifest file 'car_interfaces.egg-info/SOURCES.txt'
[4.789s] [ 74%] Built target ament_cmake_python_build_car_interfaces_egg
[4.924s] [ 80%] Built target car_interfaces__rosidl_generator_py
[5.629s] [ 87%] Built target car_interfaces__rosidl_typesupport_fastrtps_c__pyext
[5.648s] [ 96%] Built target car_interfaces__rosidl_typesupport_c__pyext
[5.654s] [100%] Built target car_interfaces__rosidl_typesupport_introspection_c__pyext
[5.984s] Invoked command in '/mnt/c/Users/luism/Documents/Ubuntu/Reactive-Navegation/Reactive-Navegation/workspace_full_conected/build/car_interfaces' returned '0': CMAKE_PREFIX_PATH=${CMAKE_PREFIX_PATH}:/home/rhobtor/Ubuntu/Reactive-Navegation/Reactive-Navegation/workspace_full_conected/install/car:/opt/ros/humble /usr/bin/cmake --build /mnt/c/Users/luism/Documents/Ubuntu/Reactive-Navegation/Reactive-Navegation/workspace_full_conected/build/car_interfaces -- -j20 -l20
[6.009s] Invoking command in '/mnt/c/Users/luism/Documents/Ubuntu/Reactive-Navegation/Reactive-Navegation/workspace_full_conected/build/car_interfaces': CMAKE_PREFIX_PATH=${CMAKE_PREFIX_PATH}:/home/rhobtor/Ubuntu/Reactive-Navegation/Reactive-Navegation/workspace_full_conected/install/car:/opt/ros/humble /usr/bin/cmake --install /mnt/c/Users/luism/Documents/Ubuntu/Reactive-Navegation/Reactive-Navegation/workspace_full_conected/build/car_interfaces
[6.159s] -- Install configuration: ""
[6.171s] -- Up-to-date: /mnt/c/Users/luism/Documents/Ubuntu/Reactive-Navegation/Reactive-Navegation/workspace_full_conected/install/car_interfaces/share/ament_index/resource_index/rosidl_interfaces/car_interfaces
[6.185s] -- Up-to-date: /mnt/c/Users/luism/Documents/Ubuntu/Reactive-Navegation/Reactive-Navegation/workspace_full_conected/install/car_interfaces/include/car_interfaces/car_interfaces
[6.209s] -- Up-to-date: /mnt/c/Users/luism/Documents/Ubuntu/Reactive-Navegation/Reactive-Navegation/workspace_full_conected/install/car_interfaces/include/car_interfaces/car_interfaces/msg
[6.236s] -- Up-to-date: /mnt/c/Users/luism/Documents/Ubuntu/Reactive-Navegation/Reactive-Navegation/workspace_full_conected/install/car_interfaces/include/car_interfaces/car_interfaces/msg/detail
[6.257s] -- Up-to-date: /mnt/c/Users/luism/Documents/Ubuntu/Reactive-Navegation/Reactive-Navegation/workspace_full_conected/install/car_interfaces/include/car_interfaces/car_interfaces/msg/detail/graph__functions.c
[6.272s] -- Up-to-date: /mnt/c/Users/luism/Documents/Ubuntu/Reactive-Navegation/Reactive-Navegation/workspace_full_conected/install/car_interfaces/include/car_interfaces/car_interfaces/msg/detail/graph__functions.h
[6.311s] -- Up-to-date: /mnt/c/Users/luism/Documents/Ubuntu/Reactive-Navegation/Reactive-Navegation/workspace_full_conected/install/car_interfaces/include/car_interfaces/car_interfaces/msg/detail/graph__struct.h
[6.334s] -- Up-to-date: /mnt/c/Users/luism/Documents/Ubuntu/Reactive-Navegation/Reactive-Navegation/workspace_full_conected/install/car_interfaces/include/car_interfaces/car_interfaces/msg/detail/graph__type_support.h
[6.366s] -- Up-to-date: /mnt/c/Users/luism/Documents/Ubuntu/Reactive-Navegation/Reactive-Navegation/workspace_full_conected/install/car_interfaces/include/car_interfaces/car_interfaces/msg/graph.h
[6.395s] -- Up-to-date: /mnt/c/Users/luism/Documents/Ubuntu/Reactive-Navegation/Reactive-Navegation/workspace_full_conected/install/car_interfaces/include/car_interfaces/car_interfaces/msg/rosidl_generator_c__visibility_control.h
[6.415s] -- Up-to-date: /mnt/c/Users/luism/Documents/Ubuntu/Reactive-Navegation/Reactive-Navegation/workspace_full_conected/install/car_interfaces/share/car_interfaces/environment/library_path.sh
[6.438s] -- Up-to-date: /mnt/c/Users/luism/Documents/Ubuntu/Reactive-Navegation/Reactive-Navegation/workspace_full_conected/install/car_interfaces/share/car_interfaces/environment/library_path.dsv
[6.476s] -- Up-to-date: /mnt/c/Users/luism/Documents/Ubuntu/Reactive-Navegation/Reactive-Navegation/workspace_full_conected/install/car_interfaces/lib/libcar_interfaces__rosidl_generator_c.so
[6.507s] -- Up-to-date: /mnt/c/Users/luism/Documents/Ubuntu/Reactive-Navegation/Reactive-Navegation/workspace_full_conected/install/car_interfaces/include/car_interfaces/car_interfaces
[6.528s] -- Up-to-date: /mnt/c/Users/luism/Documents/Ubuntu/Reactive-Navegation/Reactive-Navegation/workspace_full_conected/install/car_interfaces/include/car_interfaces/car_interfaces/msg
[6.545s] -- Up-to-date: /mnt/c/Users/luism/Documents/Ubuntu/Reactive-Navegation/Reactive-Navegation/workspace_full_conected/install/car_interfaces/include/car_interfaces/car_interfaces/msg/detail
[6.588s] -- Up-to-date: /mnt/c/Users/luism/Documents/Ubuntu/Reactive-Navegation/Reactive-Navegation/workspace_full_conected/install/car_interfaces/include/car_interfaces/car_interfaces/msg/detail/graph__rosidl_typesupport_fastrtps_c.h
[6.608s] -- Up-to-date: /mnt/c/Users/luism/Documents/Ubuntu/Reactive-Navegation/Reactive-Navegation/workspace_full_conected/install/car_interfaces/include/car_interfaces/car_interfaces/msg/rosidl_typesupport_fastrtps_c__visibility_control.h
[6.649s] -- Up-to-date: /mnt/c/Users/luism/Documents/Ubuntu/Reactive-Navegation/Reactive-Navegation/workspace_full_conected/install/car_interfaces/lib/libcar_interfaces__rosidl_typesupport_fastrtps_c.so
[6.701s] -- Up-to-date: /mnt/c/Users/luism/Documents/Ubuntu/Reactive-Navegation/Reactive-Navegation/workspace_full_conected/install/car_interfaces/include/car_interfaces/car_interfaces
[6.719s] -- Up-to-date: /mnt/c/Users/luism/Documents/Ubuntu/Reactive-Navegation/Reactive-Navegation/workspace_full_conected/install/car_interfaces/include/car_interfaces/car_interfaces/msg
[6.739s] -- Up-to-date: /mnt/c/Users/luism/Documents/Ubuntu/Reactive-Navegation/Reactive-Navegation/workspace_full_conected/install/car_interfaces/include/car_interfaces/car_interfaces/msg/detail
[6.769s] -- Up-to-date: /mnt/c/Users/luism/Documents/Ubuntu/Reactive-Navegation/Reactive-Navegation/workspace_full_conected/install/car_interfaces/include/car_interfaces/car_interfaces/msg/detail/graph__builder.hpp
[6.788s] -- Up-to-date: /mnt/c/Users/luism/Documents/Ubuntu/Reactive-Navegation/Reactive-Navegation/workspace_full_conected/install/car_interfaces/include/car_interfaces/car_interfaces/msg/detail/graph__struct.hpp
[6.815s] -- Up-to-date: /mnt/c/Users/luism/Documents/Ubuntu/Reactive-Navegation/Reactive-Navegation/workspace_full_conected/install/car_interfaces/include/car_interfaces/car_interfaces/msg/detail/graph__traits.hpp
[6.838s] -- Up-to-date: /mnt/c/Users/luism/Documents/Ubuntu/Reactive-Navegation/Reactive-Navegation/workspace_full_conected/install/car_interfaces/include/car_interfaces/car_interfaces/msg/detail/graph__type_support.hpp
[6.852s] -- Up-to-date: /mnt/c/Users/luism/Documents/Ubuntu/Reactive-Navegation/Reactive-Navegation/workspace_full_conected/install/car_interfaces/include/car_interfaces/car_interfaces/msg/graph.hpp
[6.865s] -- Up-to-date: /mnt/c/Users/luism/Documents/Ubuntu/Reactive-Navegation/Reactive-Navegation/workspace_full_conected/install/car_interfaces/include/car_interfaces/car_interfaces/msg/rosidl_generator_cpp__visibility_control.hpp
[6.873s] -- Up-to-date: /mnt/c/Users/luism/Documents/Ubuntu/Reactive-Navegation/Reactive-Navegation/workspace_full_conected/install/car_interfaces/include/car_interfaces/car_interfaces
[6.884s] -- Up-to-date: /mnt/c/Users/luism/Documents/Ubuntu/Reactive-Navegation/Reactive-Navegation/workspace_full_conected/install/car_interfaces/include/car_interfaces/car_interfaces/msg
[6.898s] -- Up-to-date: /mnt/c/Users/luism/Documents/Ubuntu/Reactive-Navegation/Reactive-Navegation/workspace_full_conected/install/car_interfaces/include/car_interfaces/car_interfaces/msg/detail
[6.928s] -- Up-to-date: /mnt/c/Users/luism/Documents/Ubuntu/Reactive-Navegation/Reactive-Navegation/workspace_full_conected/install/car_interfaces/include/car_interfaces/car_interfaces/msg/detail/dds_fastrtps
[6.984s] -- Up-to-date: /mnt/c/Users/luism/Documents/Ubuntu/Reactive-Navegation/Reactive-Navegation/workspace_full_conected/install/car_interfaces/include/car_interfaces/car_interfaces/msg/detail/graph__rosidl_typesupport_fastrtps_cpp.hpp
[7.000s] -- Up-to-date: /mnt/c/Users/luism/Documents/Ubuntu/Reactive-Navegation/Reactive-Navegation/workspace_full_conected/install/car_interfaces/include/car_interfaces/car_interfaces/msg/rosidl_typesupport_fastrtps_cpp__visibility_control.h
[7.028s] -- Up-to-date: /mnt/c/Users/luism/Documents/Ubuntu/Reactive-Navegation/Reactive-Navegation/workspace_full_conected/install/car_interfaces/lib/libcar_interfaces__rosidl_typesupport_fastrtps_cpp.so
[7.054s] -- Up-to-date: /mnt/c/Users/luism/Documents/Ubuntu/Reactive-Navegation/Reactive-Navegation/workspace_full_conected/install/car_interfaces/include/car_interfaces/car_interfaces
[7.067s] -- Up-to-date: /mnt/c/Users/luism/Documents/Ubuntu/Reactive-Navegation/Reactive-Navegation/workspace_full_conected/install/car_interfaces/include/car_interfaces/car_interfaces/msg
[7.085s] -- Up-to-date: /mnt/c/Users/luism/Documents/Ubuntu/Reactive-Navegation/Reactive-Navegation/workspace_full_conected/install/car_interfaces/include/car_interfaces/car_interfaces/msg/detail
[7.106s] -- Up-to-date: /mnt/c/Users/luism/Documents/Ubuntu/Reactive-Navegation/Reactive-Navegation/workspace_full_conected/install/car_interfaces/include/car_interfaces/car_interfaces/msg/detail/graph__rosidl_typesupport_introspection_c.h
[7.120s] -- Up-to-date: /mnt/c/Users/luism/Documents/Ubuntu/Reactive-Navegation/Reactive-Navegation/workspace_full_conected/install/car_interfaces/include/car_interfaces/car_interfaces/msg/detail/graph__type_support.c
[7.131s] -- Up-to-date: /mnt/c/Users/luism/Documents/Ubuntu/Reactive-Navegation/Reactive-Navegation/workspace_full_conected/install/car_interfaces/include/car_interfaces/car_interfaces/msg/rosidl_typesupport_introspection_c__visibility_control.h
[7.163s] -- Up-to-date: /mnt/c/Users/luism/Documents/Ubuntu/Reactive-Navegation/Reactive-Navegation/workspace_full_conected/install/car_interfaces/lib/libcar_interfaces__rosidl_typesupport_introspection_c.so
[7.253s] -- Up-to-date: /mnt/c/Users/luism/Documents/Ubuntu/Reactive-Navegation/Reactive-Navegation/workspace_full_conected/install/car_interfaces/lib/libcar_interfaces__rosidl_typesupport_c.so
[7.308s] -- Up-to-date: /mnt/c/Users/luism/Documents/Ubuntu/Reactive-Navegation/Reactive-Navegation/workspace_full_conected/install/car_interfaces/include/car_interfaces/car_interfaces
[7.329s] -- Up-to-date: /mnt/c/Users/luism/Documents/Ubuntu/Reactive-Navegation/Reactive-Navegation/workspace_full_conected/install/car_interfaces/include/car_interfaces/car_interfaces/msg
[7.357s] -- Up-to-date: /mnt/c/Users/luism/Documents/Ubuntu/Reactive-Navegation/Reactive-Navegation/workspace_full_conected/install/car_interfaces/include/car_interfaces/car_interfaces/msg/detail
[7.394s] -- Up-to-date: /mnt/c/Users/luism/Documents/Ubuntu/Reactive-Navegation/Reactive-Navegation/workspace_full_conected/install/car_interfaces/include/car_interfaces/car_interfaces/msg/detail/graph__rosidl_typesupport_introspection_cpp.hpp
[7.423s] -- Up-to-date: /mnt/c/Users/luism/Documents/Ubuntu/Reactive-Navegation/Reactive-Navegation/workspace_full_conected/install/car_interfaces/include/car_interfaces/car_interfaces/msg/detail/graph__type_support.cpp
[7.468s] -- Up-to-date: /mnt/c/Users/luism/Documents/Ubuntu/Reactive-Navegation/Reactive-Navegation/workspace_full_conected/install/car_interfaces/lib/libcar_interfaces__rosidl_typesupport_introspection_cpp.so
[7.556s] -- Up-to-date: /mnt/c/Users/luism/Documents/Ubuntu/Reactive-Navegation/Reactive-Navegation/workspace_full_conected/install/car_interfaces/lib/libcar_interfaces__rosidl_typesupport_cpp.so
[7.634s] -- Up-to-date: /mnt/c/Users/luism/Documents/Ubuntu/Reactive-Navegation/Reactive-Navegation/workspace_full_conected/install/car_interfaces/share/car_interfaces/environment/pythonpath.sh
[7.654s] -- Up-to-date: /mnt/c/Users/luism/Documents/Ubuntu/Reactive-Navegation/Reactive-Navegation/workspace_full_conected/install/car_interfaces/share/car_interfaces/environment/pythonpath.dsv
[7.678s] -- Up-to-date: /mnt/c/Users/luism/Documents/Ubuntu/Reactive-Navegation/Reactive-Navegation/workspace_full_conected/install/car_interfaces/local/lib/python3.10/dist-packages/car_interfaces-0.0.0-py3.10.egg-info
[7.710s] -- Installing: /mnt/c/Users/luism/Documents/Ubuntu/Reactive-Navegation/Reactive-Navegation/workspace_full_conected/install/car_interfaces/local/lib/python3.10/dist-packages/car_interfaces-0.0.0-py3.10.egg-info/dependency_links.txt
[7.813s] -- Installing: /mnt/c/Users/luism/Documents/Ubuntu/Reactive-Navegation/Reactive-Navegation/workspace_full_conected/install/car_interfaces/local/lib/python3.10/dist-packages/car_interfaces-0.0.0-py3.10.egg-info/PKG-INFO
[7.910s] -- Installing: /mnt/c/Users/luism/Documents/Ubuntu/Reactive-Navegation/Reactive-Navegation/workspace_full_conected/install/car_interfaces/local/lib/python3.10/dist-packages/car_interfaces-0.0.0-py3.10.egg-info/SOURCES.txt
[8.023s] -- Installing: /mnt/c/Users/luism/Documents/Ubuntu/Reactive-Navegation/Reactive-Navegation/workspace_full_conected/install/car_interfaces/local/lib/python3.10/dist-packages/car_interfaces-0.0.0-py3.10.egg-info/top_level.txt
[8.113s] -- Up-to-date: /mnt/c/Users/luism/Documents/Ubuntu/Reactive-Navegation/Reactive-Navegation/workspace_full_conected/install/car_interfaces/local/lib/python3.10/dist-packages/car_interfaces
[8.140s] -- Up-to-date: /mnt/c/Users/luism/Documents/Ubuntu/Reactive-Navegation/Reactive-Navegation/workspace_full_conected/install/car_interfaces/local/lib/python3.10/dist-packages/car_interfaces/car_interfaces_s__rosidl_typesupport_c.cpython-310-x86_64-linux-gnu.so
[8.160s] -- Up-to-date: /mnt/c/Users/luism/Documents/Ubuntu/Reactive-Navegation/Reactive-Navegation/workspace_full_conected/install/car_interfaces/local/lib/python3.10/dist-packages/car_interfaces/car_interfaces_s__rosidl_typesupport_fastrtps_c.cpython-310-x86_64-linux-gnu.so
[8.176s] -- Up-to-date: /mnt/c/Users/luism/Documents/Ubuntu/Reactive-Navegation/Reactive-Navegation/workspace_full_conected/install/car_interfaces/local/lib/python3.10/dist-packages/car_interfaces/car_interfaces_s__rosidl_typesupport_introspection_c.cpython-310-x86_64-linux-gnu.so
[8.195s] -- Up-to-date: /mnt/c/Users/luism/Documents/Ubuntu/Reactive-Navegation/Reactive-Navegation/workspace_full_conected/install/car_interfaces/local/lib/python3.10/dist-packages/car_interfaces/libcar_interfaces__rosidl_generator_py.so
[8.212s] -- Up-to-date: /mnt/c/Users/luism/Documents/Ubuntu/Reactive-Navegation/Reactive-Navegation/workspace_full_conected/install/car_interfaces/local/lib/python3.10/dist-packages/car_interfaces/msg
[8.256s] -- Up-to-date: /mnt/c/Users/luism/Documents/Ubuntu/Reactive-Navegation/Reactive-Navegation/workspace_full_conected/install/car_interfaces/local/lib/python3.10/dist-packages/car_interfaces/msg/_graph.py
[8.281s] -- Up-to-date: /mnt/c/Users/luism/Documents/Ubuntu/Reactive-Navegation/Reactive-Navegation/workspace_full_conected/install/car_interfaces/local/lib/python3.10/dist-packages/car_interfaces/msg/_graph_s.c
[8.309s] -- Up-to-date: /mnt/c/Users/luism/Documents/Ubuntu/Reactive-Navegation/Reactive-Navegation/workspace_full_conected/install/car_interfaces/local/lib/python3.10/dist-packages/car_interfaces/msg/__init__.py
[8.328s] -- Up-to-date: /mnt/c/Users/luism/Documents/Ubuntu/Reactive-Navegation/Reactive-Navegation/workspace_full_conected/install/car_interfaces/local/lib/python3.10/dist-packages/car_interfaces/_car_interfaces_s.ep.rosidl_typesupport_c.c
[8.345s] -- Up-to-date: /mnt/c/Users/luism/Documents/Ubuntu/Reactive-Navegation/Reactive-Navegation/workspace_full_conected/install/car_interfaces/local/lib/python3.10/dist-packages/car_interfaces/_car_interfaces_s.ep.rosidl_typesupport_fastrtps_c.c
[8.360s] -- Up-to-date: /mnt/c/Users/luism/Documents/Ubuntu/Reactive-Navegation/Reactive-Navegation/workspace_full_conected/install/car_interfaces/local/lib/python3.10/dist-packages/car_interfaces/_car_interfaces_s.ep.rosidl_typesupport_introspection_c.c
[8.377s] -- Up-to-date: /mnt/c/Users/luism/Documents/Ubuntu/Reactive-Navegation/Reactive-Navegation/workspace_full_conected/install/car_interfaces/local/lib/python3.10/dist-packages/car_interfaces/__init__.py
[8.918s] Listing '/mnt/c/Users/luism/Documents/Ubuntu/Reactive-Navegation/Reactive-Navegation/workspace_full_conected/install/car_interfaces/local/lib/python3.10/dist-packages/car_interfaces'...
[8.918s] Listing '/mnt/c/Users/luism/Documents/Ubuntu/Reactive-Navegation/Reactive-Navegation/workspace_full_conected/install/car_interfaces/local/lib/python3.10/dist-packages/car_interfaces/msg'...
[8.968s] -- Up-to-date: /mnt/c/Users/luism/Documents/Ubuntu/Reactive-Navegation/Reactive-Navegation/workspace_full_conected/install/car_interfaces/local/lib/python3.10/dist-packages/car_interfaces/car_interfaces_s__rosidl_typesupport_fastrtps_c.cpython-310-x86_64-linux-gnu.so
[9.079s] -- Up-to-date: /mnt/c/Users/luism/Documents/Ubuntu/Reactive-Navegation/Reactive-Navegation/workspace_full_conected/install/car_interfaces/local/lib/python3.10/dist-packages/car_interfaces/car_interfaces_s__rosidl_typesupport_introspection_c.cpython-310-x86_64-linux-gnu.so
[9.174s] -- Up-to-date: /mnt/c/Users/luism/Documents/Ubuntu/Reactive-Navegation/Reactive-Navegation/workspace_full_conected/install/car_interfaces/local/lib/python3.10/dist-packages/car_interfaces/car_interfaces_s__rosidl_typesupport_c.cpython-310-x86_64-linux-gnu.so
[9.255s] -- Up-to-date: /mnt/c/Users/luism/Documents/Ubuntu/Reactive-Navegation/Reactive-Navegation/workspace_full_conected/install/car_interfaces/lib/libcar_interfaces__rosidl_generator_py.so
[9.313s] -- Up-to-date: /mnt/c/Users/luism/Documents/Ubuntu/Reactive-Navegation/Reactive-Navegation/workspace_full_conected/install/car_interfaces/share/car_interfaces/msg/Graph.idl
[9.332s] -- Up-to-date: /mnt/c/Users/luism/Documents/Ubuntu/Reactive-Navegation/Reactive-Navegation/workspace_full_conected/install/car_interfaces/share/car_interfaces/msg/Graph.msg
[9.356s] -- Up-to-date: /mnt/c/Users/luism/Documents/Ubuntu/Reactive-Navegation/Reactive-Navegation/workspace_full_conected/install/car_interfaces/share/ament_index/resource_index/package_run_dependencies/car_interfaces
[9.384s] -- Up-to-date: /mnt/c/Users/luism/Documents/Ubuntu/Reactive-Navegation/Reactive-Navegation/workspace_full_conected/install/car_interfaces/share/ament_index/resource_index/parent_prefix_path/car_interfaces
[9.398s] -- Up-to-date: /mnt/c/Users/luism/Documents/Ubuntu/Reactive-Navegation/Reactive-Navegation/workspace_full_conected/install/car_interfaces/share/car_interfaces/environment/ament_prefix_path.sh
[9.412s] -- Up-to-date: /mnt/c/Users/luism/Documents/Ubuntu/Reactive-Navegation/Reactive-Navegation/workspace_full_conected/install/car_interfaces/share/car_interfaces/environment/ament_prefix_path.dsv
[9.425s] -- Up-to-date: /mnt/c/Users/luism/Documents/Ubuntu/Reactive-Navegation/Reactive-Navegation/workspace_full_conected/install/car_interfaces/share/car_interfaces/environment/path.sh
[9.443s] -- Up-to-date: /mnt/c/Users/luism/Documents/Ubuntu/Reactive-Navegation/Reactive-Navegation/workspace_full_conected/install/car_interfaces/share/car_interfaces/environment/path.dsv
[9.457s] -- Up-to-date: /mnt/c/Users/luism/Documents/Ubuntu/Reactive-Navegation/Reactive-Navegation/workspace_full_conected/install/car_interfaces/share/car_interfaces/local_setup.bash
[9.469s] -- Up-to-date: /mnt/c/Users/luism/Documents/Ubuntu/Reactive-Navegation/Reactive-Navegation/workspace_full_conected/install/car_interfaces/share/car_interfaces/local_setup.sh
[9.482s] -- Up-to-date: /mnt/c/Users/luism/Documents/Ubuntu/Reactive-Navegation/Reactive-Navegation/workspace_full_conected/install/car_interfaces/share/car_interfaces/local_setup.zsh
[9.493s] -- Up-to-date: /mnt/c/Users/luism/Documents/Ubuntu/Reactive-Navegation/Reactive-Navegation/workspace_full_conected/install/car_interfaces/share/car_interfaces/local_setup.dsv
[9.506s] -- Installing: /mnt/c/Users/luism/Documents/Ubuntu/Reactive-Navegation/Reactive-Navegation/workspace_full_conected/install/car_interfaces/share/car_interfaces/package.dsv
[9.562s] -- Up-to-date: /mnt/c/Users/luism/Documents/Ubuntu/Reactive-Navegation/Reactive-Navegation/workspace_full_conected/install/car_interfaces/share/ament_index/resource_index/packages/car_interfaces
[9.598s] -- Up-to-date: /mnt/c/Users/luism/Documents/Ubuntu/Reactive-Navegation/Reactive-Navegation/workspace_full_conected/install/car_interfaces/share/car_interfaces/cmake/export_car_interfaces__rosidl_generator_cExport.cmake
[9.624s] -- Up-to-date: /mnt/c/Users/luism/Documents/Ubuntu/Reactive-Navegation/Reactive-Navegation/workspace_full_conected/install/car_interfaces/share/car_interfaces/cmake/export_car_interfaces__rosidl_generator_cExport-noconfig.cmake
[9.659s] -- Up-to-date: /mnt/c/Users/luism/Documents/Ubuntu/Reactive-Navegation/Reactive-Navegation/workspace_full_conected/install/car_interfaces/share/car_interfaces/cmake/export_car_interfaces__rosidl_typesupport_fastrtps_cExport.cmake
[9.692s] -- Up-to-date: /mnt/c/Users/luism/Documents/Ubuntu/Reactive-Navegation/Reactive-Navegation/workspace_full_conected/install/car_interfaces/share/car_interfaces/cmake/export_car_interfaces__rosidl_typesupport_fastrtps_cExport-noconfig.cmake
[9.910s] -- Up-to-date: /mnt/c/Users/luism/Documents/Ubuntu/Reactive-Navegation/Reactive-Navegation/workspace_full_conected/install/car_interfaces/share/car_interfaces/cmake/export_car_interfaces__rosidl_generator_cppExport.cmake
[9.981s] -- Up-to-date: /mnt/c/Users/luism/Documents/Ubuntu/Reactive-Navegation/Reactive-Navegation/workspace_full_conected/install/car_interfaces/share/car_interfaces/cmake/export_car_interfaces__rosidl_typesupport_fastrtps_cppExport.cmake
[10.058s] -- Up-to-date: /mnt/c/Users/luism/Documents/Ubuntu/Reactive-Navegation/Reactive-Navegation/workspace_full_conected/install/car_interfaces/share/car_interfaces/cmake/export_car_interfaces__rosidl_typesupport_fastrtps_cppExport-noconfig.cmake
[10.125s] -- Up-to-date: /mnt/c/Users/luism/Documents/Ubuntu/Reactive-Navegation/Reactive-Navegation/workspace_full_conected/install/car_interfaces/share/car_interfaces/cmake/car_interfaces__rosidl_typesupport_introspection_cExport.cmake
[10.162s] -- Up-to-date: /mnt/c/Users/luism/Documents/Ubuntu/Reactive-Navegation/Reactive-Navegation/workspace_full_conected/install/car_interfaces/share/car_interfaces/cmake/car_interfaces__rosidl_typesupport_introspection_cExport-noconfig.cmake
[10.237s] -- Up-to-date: /mnt/c/Users/luism/Documents/Ubuntu/Reactive-Navegation/Reactive-Navegation/workspace_full_conected/install/car_interfaces/share/car_interfaces/cmake/car_interfaces__rosidl_typesupport_cExport.cmake
[10.290s] -- Up-to-date: /mnt/c/Users/luism/Documents/Ubuntu/Reactive-Navegation/Reactive-Navegation/workspace_full_conected/install/car_interfaces/share/car_interfaces/cmake/car_interfaces__rosidl_typesupport_cExport-noconfig.cmake
[10.363s] -- Up-to-date: /mnt/c/Users/luism/Documents/Ubuntu/Reactive-Navegation/Reactive-Navegation/workspace_full_conected/install/car_interfaces/share/car_interfaces/cmake/car_interfaces__rosidl_typesupport_introspection_cppExport.cmake
[10.410s] -- Up-to-date: /mnt/c/Users/luism/Documents/Ubuntu/Reactive-Navegation/Reactive-Navegation/workspace_full_conected/install/car_interfaces/share/car_interfaces/cmake/car_interfaces__rosidl_typesupport_introspection_cppExport-noconfig.cmake
[10.459s] -- Up-to-date: /mnt/c/Users/luism/Documents/Ubuntu/Reactive-Navegation/Reactive-Navegation/workspace_full_conected/install/car_interfaces/share/car_interfaces/cmake/car_interfaces__rosidl_typesupport_cppExport.cmake
[10.495s] -- Up-to-date: /mnt/c/Users/luism/Documents/Ubuntu/Reactive-Navegation/Reactive-Navegation/workspace_full_conected/install/car_interfaces/share/car_interfaces/cmake/car_interfaces__rosidl_typesupport_cppExport-noconfig.cmake
[10.553s] -- Up-to-date: /mnt/c/Users/luism/Documents/Ubuntu/Reactive-Navegation/Reactive-Navegation/workspace_full_conected/install/car_interfaces/share/car_interfaces/cmake/export_car_interfaces__rosidl_generator_pyExport.cmake
[10.599s] -- Up-to-date: /mnt/c/Users/luism/Documents/Ubuntu/Reactive-Navegation/Reactive-Navegation/workspace_full_conected/install/car_interfaces/share/car_interfaces/cmake/export_car_interfaces__rosidl_generator_pyExport-noconfig.cmake
[10.620s] -- Up-to-date: /mnt/c/Users/luism/Documents/Ubuntu/Reactive-Navegation/Reactive-Navegation/workspace_full_conected/install/car_interfaces/share/car_interfaces/cmake/rosidl_cmake-extras.cmake
[10.642s] -- Up-to-date: /mnt/c/Users/luism/Documents/Ubuntu/Reactive-Navegation/Reactive-Navegation/workspace_full_conected/install/car_interfaces/share/car_interfaces/cmake/ament_cmake_export_dependencies-extras.cmake
[10.662s] -- Up-to-date: /mnt/c/Users/luism/Documents/Ubuntu/Reactive-Navegation/Reactive-Navegation/workspace_full_conected/install/car_interfaces/share/car_interfaces/cmake/ament_cmake_export_include_directories-extras.cmake
[10.683s] -- Up-to-date: /mnt/c/Users/luism/Documents/Ubuntu/Reactive-Navegation/Reactive-Navegation/workspace_full_conected/install/car_interfaces/share/car_interfaces/cmake/ament_cmake_export_libraries-extras.cmake
[10.706s] -- Up-to-date: /mnt/c/Users/luism/Documents/Ubuntu/Reactive-Navegation/Reactive-Navegation/workspace_full_conected/install/car_interfaces/share/car_interfaces/cmake/ament_cmake_export_targets-extras.cmake
[10.726s] -- Up-to-date: /mnt/c/Users/luism/Documents/Ubuntu/Reactive-Navegation/Reactive-Navegation/workspace_full_conected/install/car_interfaces/share/car_interfaces/cmake/rosidl_cmake_export_typesupport_targets-extras.cmake
[10.747s] -- Up-to-date: /mnt/c/Users/luism/Documents/Ubuntu/Reactive-Navegation/Reactive-Navegation/workspace_full_conected/install/car_interfaces/share/car_interfaces/cmake/rosidl_cmake_export_typesupport_libraries-extras.cmake
[10.768s] -- Up-to-date: /mnt/c/Users/luism/Documents/Ubuntu/Reactive-Navegation/Reactive-Navegation/workspace_full_conected/install/car_interfaces/share/car_interfaces/cmake/car_interfacesConfig.cmake
[10.783s] -- Up-to-date: /mnt/c/Users/luism/Documents/Ubuntu/Reactive-Navegation/Reactive-Navegation/workspace_full_conected/install/car_interfaces/share/car_interfaces/cmake/car_interfacesConfig-version.cmake
[10.805s] -- Up-to-date: /mnt/c/Users/luism/Documents/Ubuntu/Reactive-Navegation/Reactive-Navegation/workspace_full_conected/install/car_interfaces/share/car_interfaces/package.xml
[10.827s] Invoked command in '/mnt/c/Users/luism/Documents/Ubuntu/Reactive-Navegation/Reactive-Navegation/workspace_full_conected/build/car_interfaces' returned '0': CMAKE_PREFIX_PATH=${CMAKE_PREFIX_PATH}:/home/rhobtor/Ubuntu/Reactive-Navegation/Reactive-Navegation/workspace_full_conected/install/car:/opt/ros/humble /usr/bin/cmake --install /mnt/c/Users/luism/Documents/Ubuntu/Reactive-Navegation/Reactive-Navegation/workspace_full_conected/build/car_interfaces
