[0.027s] Invoking command in '/home/rhobtor/reactive/Reactive-Navegation/workspace_full_conected/build/hector_gazebo_plugins': CMAKE_PREFIX_PATH=${CMAKE_PREFIX_PATH}:/home/rhobtor/reactive/Reactive-Navegation/workspace_full_conected/install/car:/opt/ros/humble /usr/bin/cmake --build /home/rhobtor/reactive/Reactive-Navegation/workspace_full_conected/build/hector_gazebo_plugins -- -j4 -l4
[0.165s] [  2%] Built target hector_gazebo_plugins__cpp
[0.247s] [  6%] Built target hector_gazebo_reset_plugin
[0.337s] [ 10%] Built target hector_gazebo_ros_magnetic
[0.430s] [ 14%] Built target hector_gazebo_ros_sonar
[0.457s] [ 22%] Built target hector_gazebo_plugins__rosidl_typesupport_cpp
[0.504s] [ 30%] Built target hector_gazebo_plugins__rosidl_typesupport_fastrtps_cpp
[0.555s] [ 38%] Built target hector_gazebo_plugins__rosidl_typesupport_introspection_cpp
[0.606s] [ 42%] Built target hector_gazebo_ros_imu
[0.675s] [ 46%] Built target hector_gazebo_ros_gps
[0.734s] [ 46%] Built target ament_cmake_python_copy_hector_gazebo_plugins
[0.757s] [ 55%] Built target hector_gazebo_plugins__rosidl_generator_c
[1.093s] running egg_info
[1.096s] writing hector_gazebo_plugins.egg-info/PKG-INFO
[1.097s] writing dependency_links to hector_gazebo_plugins.egg-info/dependency_links.txt
[1.097s] writing top-level names to hector_gazebo_plugins.egg-info/top_level.txt
[1.097s] reading manifest file 'hector_gazebo_plugins.egg-info/SOURCES.txt'
[1.098s] writing manifest file 'hector_gazebo_plugins.egg-info/SOURCES.txt'
[1.138s] [ 55%] Built target ament_cmake_python_build_hector_gazebo_plugins_egg
[1.177s] [ 63%] Built target hector_gazebo_plugins__rosidl_typesupport_c
[1.205s] [ 71%] Built target hector_gazebo_plugins__rosidl_typesupport_introspection_c
[1.249s] [ 79%] Built target hector_gazebo_plugins__rosidl_typesupport_fastrtps_c
[1.310s] [ 79%] Built target hector_gazebo_plugins
[1.344s] [ 81%] Built target hector_gazebo_plugins__py
[1.393s] [ 87%] Built target hector_gazebo_plugins__rosidl_generator_py
[1.446s] [ 91%] Built target hector_gazebo_plugins__rosidl_typesupport_fastrtps_c__pyext
[1.513s] [ 95%] Built target hector_gazebo_plugins__rosidl_typesupport_c__pyext
[1.575s] [100%] Built target hector_gazebo_plugins__rosidl_typesupport_introspection_c__pyext
[1.909s] Invoked command in '/home/rhobtor/reactive/Reactive-Navegation/workspace_full_conected/build/hector_gazebo_plugins' returned '0': CMAKE_PREFIX_PATH=${CMAKE_PREFIX_PATH}:/home/rhobtor/reactive/Reactive-Navegation/workspace_full_conected/install/car:/opt/ros/humble /usr/bin/cmake --build /home/rhobtor/reactive/Reactive-Navegation/workspace_full_conected/build/hector_gazebo_plugins -- -j4 -l4
[1.909s] Invoking command in '/home/rhobtor/reactive/Reactive-Navegation/workspace_full_conected/build/hector_gazebo_plugins': CMAKE_PREFIX_PATH=${CMAKE_PREFIX_PATH}:/home/rhobtor/reactive/Reactive-Navegation/workspace_full_conected/install/car:/opt/ros/humble /usr/bin/cmake --install /home/rhobtor/reactive/Reactive-Navegation/workspace_full_conected/build/hector_gazebo_plugins
[1.933s] -- Install configuration: ""
[1.935s] -- Up-to-date: /home/rhobtor/reactive/Reactive-Navegation/workspace_full_conected/install/hector_gazebo_plugins/share/ament_index/resource_index/rosidl_interfaces/hector_gazebo_plugins
[1.935s] -- Up-to-date: /home/rhobtor/reactive/Reactive-Navegation/workspace_full_conected/install/hector_gazebo_plugins/include/hector_gazebo_plugins/hector_gazebo_plugins
[1.935s] -- Up-to-date: /home/rhobtor/reactive/Reactive-Navegation/workspace_full_conected/install/hector_gazebo_plugins/include/hector_gazebo_plugins/hector_gazebo_plugins/srv
[1.935s] -- Up-to-date: /home/rhobtor/reactive/Reactive-Navegation/workspace_full_conected/install/hector_gazebo_plugins/include/hector_gazebo_plugins/hector_gazebo_plugins/srv/set_bias.h
[1.936s] -- Up-to-date: /home/rhobtor/reactive/Reactive-Navegation/workspace_full_conected/install/hector_gazebo_plugins/include/hector_gazebo_plugins/hector_gazebo_plugins/srv/detail
[1.937s] -- Up-to-date: /home/rhobtor/reactive/Reactive-Navegation/workspace_full_conected/install/hector_gazebo_plugins/include/hector_gazebo_plugins/hector_gazebo_plugins/srv/detail/set_bias__type_support.h
[1.937s] -- Up-to-date: /home/rhobtor/reactive/Reactive-Navegation/workspace_full_conected/install/hector_gazebo_plugins/include/hector_gazebo_plugins/hector_gazebo_plugins/srv/detail/set_reference_geo_pose__struct.h
[1.937s] -- Up-to-date: /home/rhobtor/reactive/Reactive-Navegation/workspace_full_conected/install/hector_gazebo_plugins/include/hector_gazebo_plugins/hector_gazebo_plugins/srv/detail/set_bias__struct.h
[1.937s] -- Up-to-date: /home/rhobtor/reactive/Reactive-Navegation/workspace_full_conected/install/hector_gazebo_plugins/include/hector_gazebo_plugins/hector_gazebo_plugins/srv/detail/set_bias__functions.h
[1.937s] -- Up-to-date: /home/rhobtor/reactive/Reactive-Navegation/workspace_full_conected/install/hector_gazebo_plugins/include/hector_gazebo_plugins/hector_gazebo_plugins/srv/detail/set_reference_geo_pose__functions.h
[1.937s] -- Up-to-date: /home/rhobtor/reactive/Reactive-Navegation/workspace_full_conected/install/hector_gazebo_plugins/include/hector_gazebo_plugins/hector_gazebo_plugins/srv/detail/set_reference_geo_pose__functions.c
[1.937s] -- Up-to-date: /home/rhobtor/reactive/Reactive-Navegation/workspace_full_conected/install/hector_gazebo_plugins/include/hector_gazebo_plugins/hector_gazebo_plugins/srv/detail/set_bias__functions.c
[1.937s] -- Up-to-date: /home/rhobtor/reactive/Reactive-Navegation/workspace_full_conected/install/hector_gazebo_plugins/include/hector_gazebo_plugins/hector_gazebo_plugins/srv/detail/set_reference_geo_pose__type_support.h
[1.937s] -- Up-to-date: /home/rhobtor/reactive/Reactive-Navegation/workspace_full_conected/install/hector_gazebo_plugins/include/hector_gazebo_plugins/hector_gazebo_plugins/srv/set_reference_geo_pose.h
[1.937s] -- Up-to-date: /home/rhobtor/reactive/Reactive-Navegation/workspace_full_conected/install/hector_gazebo_plugins/include/hector_gazebo_plugins/hector_gazebo_plugins/msg
[1.940s] -- Up-to-date: /home/rhobtor/reactive/Reactive-Navegation/workspace_full_conected/install/hector_gazebo_plugins/include/hector_gazebo_plugins/hector_gazebo_plugins/msg/rosidl_generator_c__visibility_control.h
[1.940s] -- Up-to-date: /home/rhobtor/reactive/Reactive-Navegation/workspace_full_conected/install/hector_gazebo_plugins/share/hector_gazebo_plugins/environment/library_path.sh
[1.942s] -- Up-to-date: /home/rhobtor/reactive/Reactive-Navegation/workspace_full_conected/install/hector_gazebo_plugins/share/hector_gazebo_plugins/environment/library_path.dsv
[1.942s] -- Up-to-date: /home/rhobtor/reactive/Reactive-Navegation/workspace_full_conected/install/hector_gazebo_plugins/lib/libhector_gazebo_plugins__rosidl_generator_c.so
[1.947s] -- Up-to-date: /home/rhobtor/reactive/Reactive-Navegation/workspace_full_conected/install/hector_gazebo_plugins/include/hector_gazebo_plugins/hector_gazebo_plugins
[1.947s] -- Up-to-date: /home/rhobtor/reactive/Reactive-Navegation/workspace_full_conected/install/hector_gazebo_plugins/include/hector_gazebo_plugins/hector_gazebo_plugins/srv
[1.947s] -- Up-to-date: /home/rhobtor/reactive/Reactive-Navegation/workspace_full_conected/install/hector_gazebo_plugins/include/hector_gazebo_plugins/hector_gazebo_plugins/srv/detail
[1.947s] -- Up-to-date: /home/rhobtor/reactive/Reactive-Navegation/workspace_full_conected/install/hector_gazebo_plugins/include/hector_gazebo_plugins/hector_gazebo_plugins/srv/detail/set_bias__rosidl_typesupport_fastrtps_c.h
[1.947s] -- Up-to-date: /home/rhobtor/reactive/Reactive-Navegation/workspace_full_conected/install/hector_gazebo_plugins/include/hector_gazebo_plugins/hector_gazebo_plugins/srv/detail/set_reference_geo_pose__rosidl_typesupport_fastrtps_c.h
[1.947s] -- Up-to-date: /home/rhobtor/reactive/Reactive-Navegation/workspace_full_conected/install/hector_gazebo_plugins/include/hector_gazebo_plugins/hector_gazebo_plugins/msg
[1.948s] -- Up-to-date: /home/rhobtor/reactive/Reactive-Navegation/workspace_full_conected/install/hector_gazebo_plugins/include/hector_gazebo_plugins/hector_gazebo_plugins/msg/rosidl_typesupport_fastrtps_c__visibility_control.h
[1.948s] -- Up-to-date: /home/rhobtor/reactive/Reactive-Navegation/workspace_full_conected/install/hector_gazebo_plugins/lib/libhector_gazebo_plugins__rosidl_typesupport_fastrtps_c.so
[1.948s] -- Up-to-date: /home/rhobtor/reactive/Reactive-Navegation/workspace_full_conected/install/hector_gazebo_plugins/include/hector_gazebo_plugins/hector_gazebo_plugins
[1.948s] -- Up-to-date: /home/rhobtor/reactive/Reactive-Navegation/workspace_full_conected/install/hector_gazebo_plugins/include/hector_gazebo_plugins/hector_gazebo_plugins/srv
[1.948s] -- Up-to-date: /home/rhobtor/reactive/Reactive-Navegation/workspace_full_conected/install/hector_gazebo_plugins/include/hector_gazebo_plugins/hector_gazebo_plugins/srv/detail
[1.948s] -- Up-to-date: /home/rhobtor/reactive/Reactive-Navegation/workspace_full_conected/install/hector_gazebo_plugins/include/hector_gazebo_plugins/hector_gazebo_plugins/srv/detail/set_reference_geo_pose__struct.hpp
[1.948s] -- Up-to-date: /home/rhobtor/reactive/Reactive-Navegation/workspace_full_conected/install/hector_gazebo_plugins/include/hector_gazebo_plugins/hector_gazebo_plugins/srv/detail/set_reference_geo_pose__traits.hpp
[1.948s] -- Up-to-date: /home/rhobtor/reactive/Reactive-Navegation/workspace_full_conected/install/hector_gazebo_plugins/include/hector_gazebo_plugins/hector_gazebo_plugins/srv/detail/set_bias__type_support.hpp
[1.948s] -- Up-to-date: /home/rhobtor/reactive/Reactive-Navegation/workspace_full_conected/install/hector_gazebo_plugins/include/hector_gazebo_plugins/hector_gazebo_plugins/srv/detail/set_reference_geo_pose__type_support.hpp
[1.948s] -- Up-to-date: /home/rhobtor/reactive/Reactive-Navegation/workspace_full_conected/install/hector_gazebo_plugins/include/hector_gazebo_plugins/hector_gazebo_plugins/srv/detail/set_bias__traits.hpp
[1.948s] -- Up-to-date: /home/rhobtor/reactive/Reactive-Navegation/workspace_full_conected/install/hector_gazebo_plugins/include/hector_gazebo_plugins/hector_gazebo_plugins/srv/detail/set_reference_geo_pose__builder.hpp
[1.948s] -- Up-to-date: /home/rhobtor/reactive/Reactive-Navegation/workspace_full_conected/install/hector_gazebo_plugins/include/hector_gazebo_plugins/hector_gazebo_plugins/srv/detail/set_bias__builder.hpp
[1.948s] -- Up-to-date: /home/rhobtor/reactive/Reactive-Navegation/workspace_full_conected/install/hector_gazebo_plugins/include/hector_gazebo_plugins/hector_gazebo_plugins/srv/detail/set_bias__struct.hpp
[1.950s] -- Up-to-date: /home/rhobtor/reactive/Reactive-Navegation/workspace_full_conected/install/hector_gazebo_plugins/include/hector_gazebo_plugins/hector_gazebo_plugins/srv/set_reference_geo_pose.hpp
[1.950s] -- Up-to-date: /home/rhobtor/reactive/Reactive-Navegation/workspace_full_conected/install/hector_gazebo_plugins/include/hector_gazebo_plugins/hector_gazebo_plugins/srv/set_bias.hpp
[1.950s] -- Up-to-date: /home/rhobtor/reactive/Reactive-Navegation/workspace_full_conected/install/hector_gazebo_plugins/include/hector_gazebo_plugins/hector_gazebo_plugins/msg
[1.950s] -- Up-to-date: /home/rhobtor/reactive/Reactive-Navegation/workspace_full_conected/install/hector_gazebo_plugins/include/hector_gazebo_plugins/hector_gazebo_plugins/msg/rosidl_generator_cpp__visibility_control.hpp
[1.950s] -- Up-to-date: /home/rhobtor/reactive/Reactive-Navegation/workspace_full_conected/install/hector_gazebo_plugins/include/hector_gazebo_plugins/hector_gazebo_plugins
[1.950s] -- Up-to-date: /home/rhobtor/reactive/Reactive-Navegation/workspace_full_conected/install/hector_gazebo_plugins/include/hector_gazebo_plugins/hector_gazebo_plugins/srv
[1.950s] -- Up-to-date: /home/rhobtor/reactive/Reactive-Navegation/workspace_full_conected/install/hector_gazebo_plugins/include/hector_gazebo_plugins/hector_gazebo_plugins/srv/detail
[1.950s] -- Up-to-date: /home/rhobtor/reactive/Reactive-Navegation/workspace_full_conected/install/hector_gazebo_plugins/include/hector_gazebo_plugins/hector_gazebo_plugins/srv/detail/dds_fastrtps
[1.950s] -- Up-to-date: /home/rhobtor/reactive/Reactive-Navegation/workspace_full_conected/install/hector_gazebo_plugins/include/hector_gazebo_plugins/hector_gazebo_plugins/srv/detail/set_bias__rosidl_typesupport_fastrtps_cpp.hpp
[1.951s] -- Up-to-date: /home/rhobtor/reactive/Reactive-Navegation/workspace_full_conected/install/hector_gazebo_plugins/include/hector_gazebo_plugins/hector_gazebo_plugins/srv/detail/set_reference_geo_pose__rosidl_typesupport_fastrtps_cpp.hpp
[1.951s] -- Up-to-date: /home/rhobtor/reactive/Reactive-Navegation/workspace_full_conected/install/hector_gazebo_plugins/include/hector_gazebo_plugins/hector_gazebo_plugins/msg
[1.951s] -- Up-to-date: /home/rhobtor/reactive/Reactive-Navegation/workspace_full_conected/install/hector_gazebo_plugins/include/hector_gazebo_plugins/hector_gazebo_plugins/msg/rosidl_typesupport_fastrtps_cpp__visibility_control.h
[1.951s] -- Up-to-date: /home/rhobtor/reactive/Reactive-Navegation/workspace_full_conected/install/hector_gazebo_plugins/lib/libhector_gazebo_plugins__rosidl_typesupport_fastrtps_cpp.so
[1.951s] -- Up-to-date: /home/rhobtor/reactive/Reactive-Navegation/workspace_full_conected/install/hector_gazebo_plugins/include/hector_gazebo_plugins/hector_gazebo_plugins
[1.951s] -- Up-to-date: /home/rhobtor/reactive/Reactive-Navegation/workspace_full_conected/install/hector_gazebo_plugins/include/hector_gazebo_plugins/hector_gazebo_plugins/srv
[1.951s] -- Up-to-date: /home/rhobtor/reactive/Reactive-Navegation/workspace_full_conected/install/hector_gazebo_plugins/include/hector_gazebo_plugins/hector_gazebo_plugins/srv/detail
[1.951s] -- Up-to-date: /home/rhobtor/reactive/Reactive-Navegation/workspace_full_conected/install/hector_gazebo_plugins/include/hector_gazebo_plugins/hector_gazebo_plugins/srv/detail/set_reference_geo_pose__type_support.c
[1.951s] -- Up-to-date: /home/rhobtor/reactive/Reactive-Navegation/workspace_full_conected/install/hector_gazebo_plugins/include/hector_gazebo_plugins/hector_gazebo_plugins/srv/detail/set_bias__type_support.c
[1.951s] -- Up-to-date: /home/rhobtor/reactive/Reactive-Navegation/workspace_full_conected/install/hector_gazebo_plugins/include/hector_gazebo_plugins/hector_gazebo_plugins/srv/detail/set_reference_geo_pose__rosidl_typesupport_introspection_c.h
[1.951s] -- Up-to-date: /home/rhobtor/reactive/Reactive-Navegation/workspace_full_conected/install/hector_gazebo_plugins/include/hector_gazebo_plugins/hector_gazebo_plugins/srv/detail/set_bias__rosidl_typesupport_introspection_c.h
[1.951s] -- Up-to-date: /home/rhobtor/reactive/Reactive-Navegation/workspace_full_conected/install/hector_gazebo_plugins/include/hector_gazebo_plugins/hector_gazebo_plugins/msg
[1.951s] -- Up-to-date: /home/rhobtor/reactive/Reactive-Navegation/workspace_full_conected/install/hector_gazebo_plugins/include/hector_gazebo_plugins/hector_gazebo_plugins/msg/rosidl_typesupport_introspection_c__visibility_control.h
[1.951s] -- Up-to-date: /home/rhobtor/reactive/Reactive-Navegation/workspace_full_conected/install/hector_gazebo_plugins/lib/libhector_gazebo_plugins__rosidl_typesupport_introspection_c.so
[1.951s] -- Up-to-date: /home/rhobtor/reactive/Reactive-Navegation/workspace_full_conected/install/hector_gazebo_plugins/lib/libhector_gazebo_plugins__rosidl_typesupport_c.so
[1.951s] -- Up-to-date: /home/rhobtor/reactive/Reactive-Navegation/workspace_full_conected/install/hector_gazebo_plugins/include/hector_gazebo_plugins/hector_gazebo_plugins
[1.951s] -- Up-to-date: /home/rhobtor/reactive/Reactive-Navegation/workspace_full_conected/install/hector_gazebo_plugins/include/hector_gazebo_plugins/hector_gazebo_plugins/srv
[1.951s] -- Up-to-date: /home/rhobtor/reactive/Reactive-Navegation/workspace_full_conected/install/hector_gazebo_plugins/include/hector_gazebo_plugins/hector_gazebo_plugins/srv/detail
[1.951s] -- Up-to-date: /home/rhobtor/reactive/Reactive-Navegation/workspace_full_conected/install/hector_gazebo_plugins/include/hector_gazebo_plugins/hector_gazebo_plugins/srv/detail/set_bias__type_support.cpp
[1.951s] -- Up-to-date: /home/rhobtor/reactive/Reactive-Navegation/workspace_full_conected/install/hector_gazebo_plugins/include/hector_gazebo_plugins/hector_gazebo_plugins/srv/detail/set_reference_geo_pose__rosidl_typesupport_introspection_cpp.hpp
[1.951s] -- Up-to-date: /home/rhobtor/reactive/Reactive-Navegation/workspace_full_conected/install/hector_gazebo_plugins/include/hector_gazebo_plugins/hector_gazebo_plugins/srv/detail/set_bias__rosidl_typesupport_introspection_cpp.hpp
[1.951s] -- Up-to-date: /home/rhobtor/reactive/Reactive-Navegation/workspace_full_conected/install/hector_gazebo_plugins/include/hector_gazebo_plugins/hector_gazebo_plugins/srv/detail/set_reference_geo_pose__type_support.cpp
[1.951s] -- Up-to-date: /home/rhobtor/reactive/Reactive-Navegation/workspace_full_conected/install/hector_gazebo_plugins/lib/libhector_gazebo_plugins__rosidl_typesupport_introspection_cpp.so
[1.958s] -- Up-to-date: /home/rhobtor/reactive/Reactive-Navegation/workspace_full_conected/install/hector_gazebo_plugins/lib/libhector_gazebo_plugins__rosidl_typesupport_cpp.so
[1.958s] -- Up-to-date: /home/rhobtor/reactive/Reactive-Navegation/workspace_full_conected/install/hector_gazebo_plugins/share/hector_gazebo_plugins/environment/pythonpath.sh
[1.958s] -- Up-to-date: /home/rhobtor/reactive/Reactive-Navegation/workspace_full_conected/install/hector_gazebo_plugins/share/hector_gazebo_plugins/environment/pythonpath.dsv
[1.958s] -- Up-to-date: /home/rhobtor/reactive/Reactive-Navegation/workspace_full_conected/install/hector_gazebo_plugins/local/lib/python3.10/dist-packages/hector_gazebo_plugins-0.5.4-py3.10.egg-info
[1.958s] -- Installing: /home/rhobtor/reactive/Reactive-Navegation/workspace_full_conected/install/hector_gazebo_plugins/local/lib/python3.10/dist-packages/hector_gazebo_plugins-0.5.4-py3.10.egg-info/PKG-INFO
[1.958s] -- Installing: /home/rhobtor/reactive/Reactive-Navegation/workspace_full_conected/install/hector_gazebo_plugins/local/lib/python3.10/dist-packages/hector_gazebo_plugins-0.5.4-py3.10.egg-info/top_level.txt
[1.958s] -- Installing: /home/rhobtor/reactive/Reactive-Navegation/workspace_full_conected/install/hector_gazebo_plugins/local/lib/python3.10/dist-packages/hector_gazebo_plugins-0.5.4-py3.10.egg-info/dependency_links.txt
[1.958s] -- Installing: /home/rhobtor/reactive/Reactive-Navegation/workspace_full_conected/install/hector_gazebo_plugins/local/lib/python3.10/dist-packages/hector_gazebo_plugins-0.5.4-py3.10.egg-info/SOURCES.txt
[1.958s] -- Up-to-date: /home/rhobtor/reactive/Reactive-Navegation/workspace_full_conected/install/hector_gazebo_plugins/local/lib/python3.10/dist-packages/hector_gazebo_plugins
[1.958s] -- Up-to-date: /home/rhobtor/reactive/Reactive-Navegation/workspace_full_conected/install/hector_gazebo_plugins/local/lib/python3.10/dist-packages/hector_gazebo_plugins/hector_gazebo_plugins_s__rosidl_typesupport_c.cpython-310-x86_64-linux-gnu.so
[1.959s] -- Up-to-date: /home/rhobtor/reactive/Reactive-Navegation/workspace_full_conected/install/hector_gazebo_plugins/local/lib/python3.10/dist-packages/hector_gazebo_plugins/_hector_gazebo_plugins_s.ep.rosidl_typesupport_fastrtps_c.c
[1.959s] -- Up-to-date: /home/rhobtor/reactive/Reactive-Navegation/workspace_full_conected/install/hector_gazebo_plugins/local/lib/python3.10/dist-packages/hector_gazebo_plugins/hector_gazebo_plugins_s__rosidl_typesupport_introspection_c.cpython-310-x86_64-linux-gnu.so
[1.959s] -- Up-to-date: /home/rhobtor/reactive/Reactive-Navegation/workspace_full_conected/install/hector_gazebo_plugins/local/lib/python3.10/dist-packages/hector_gazebo_plugins/__init__.py
[1.959s] -- Up-to-date: /home/rhobtor/reactive/Reactive-Navegation/workspace_full_conected/install/hector_gazebo_plugins/local/lib/python3.10/dist-packages/hector_gazebo_plugins/srv
[1.961s] -- Up-to-date: /home/rhobtor/reactive/Reactive-Navegation/workspace_full_conected/install/hector_gazebo_plugins/local/lib/python3.10/dist-packages/hector_gazebo_plugins/srv/_set_bias_s.c
[1.961s] -- Up-to-date: /home/rhobtor/reactive/Reactive-Navegation/workspace_full_conected/install/hector_gazebo_plugins/local/lib/python3.10/dist-packages/hector_gazebo_plugins/srv/_set_reference_geo_pose_s.c
[1.961s] -- Up-to-date: /home/rhobtor/reactive/Reactive-Navegation/workspace_full_conected/install/hector_gazebo_plugins/local/lib/python3.10/dist-packages/hector_gazebo_plugins/srv/_set_bias.py
[1.961s] -- Up-to-date: /home/rhobtor/reactive/Reactive-Navegation/workspace_full_conected/install/hector_gazebo_plugins/local/lib/python3.10/dist-packages/hector_gazebo_plugins/srv/_set_reference_geo_pose.py
[1.961s] -- Up-to-date: /home/rhobtor/reactive/Reactive-Navegation/workspace_full_conected/install/hector_gazebo_plugins/local/lib/python3.10/dist-packages/hector_gazebo_plugins/srv/__init__.py
[1.961s] -- Up-to-date: /home/rhobtor/reactive/Reactive-Navegation/workspace_full_conected/install/hector_gazebo_plugins/local/lib/python3.10/dist-packages/hector_gazebo_plugins/_hector_gazebo_plugins_s.ep.rosidl_typesupport_introspection_c.c
[1.961s] -- Up-to-date: /home/rhobtor/reactive/Reactive-Navegation/workspace_full_conected/install/hector_gazebo_plugins/local/lib/python3.10/dist-packages/hector_gazebo_plugins/_hector_gazebo_plugins_s.ep.rosidl_typesupport_c.c
[1.961s] -- Up-to-date: /home/rhobtor/reactive/Reactive-Navegation/workspace_full_conected/install/hector_gazebo_plugins/local/lib/python3.10/dist-packages/hector_gazebo_plugins/libhector_gazebo_plugins__rosidl_generator_py.so
[1.961s] -- Up-to-date: /home/rhobtor/reactive/Reactive-Navegation/workspace_full_conected/install/hector_gazebo_plugins/local/lib/python3.10/dist-packages/hector_gazebo_plugins/hector_gazebo_plugins_s__rosidl_typesupport_fastrtps_c.cpython-310-x86_64-linux-gnu.so
[2.096s] Listing '/home/rhobtor/reactive/Reactive-Navegation/workspace_full_conected/install/hector_gazebo_plugins/local/lib/python3.10/dist-packages/hector_gazebo_plugins'...
[2.097s] Listing '/home/rhobtor/reactive/Reactive-Navegation/workspace_full_conected/install/hector_gazebo_plugins/local/lib/python3.10/dist-packages/hector_gazebo_plugins/srv'...
[2.112s] -- Up-to-date: /home/rhobtor/reactive/Reactive-Navegation/workspace_full_conected/install/hector_gazebo_plugins/local/lib/python3.10/dist-packages/hector_gazebo_plugins/hector_gazebo_plugins_s__rosidl_typesupport_fastrtps_c.cpython-310-x86_64-linux-gnu.so
[2.115s] -- Up-to-date: /home/rhobtor/reactive/Reactive-Navegation/workspace_full_conected/install/hector_gazebo_plugins/local/lib/python3.10/dist-packages/hector_gazebo_plugins/hector_gazebo_plugins_s__rosidl_typesupport_introspection_c.cpython-310-x86_64-linux-gnu.so
[2.115s] -- Up-to-date: /home/rhobtor/reactive/Reactive-Navegation/workspace_full_conected/install/hector_gazebo_plugins/local/lib/python3.10/dist-packages/hector_gazebo_plugins/hector_gazebo_plugins_s__rosidl_typesupport_c.cpython-310-x86_64-linux-gnu.so
[2.115s] -- Up-to-date: /home/rhobtor/reactive/Reactive-Navegation/workspace_full_conected/install/hector_gazebo_plugins/lib/libhector_gazebo_plugins__rosidl_generator_py.so
[2.115s] -- Up-to-date: /home/rhobtor/reactive/Reactive-Navegation/workspace_full_conected/install/hector_gazebo_plugins/share/hector_gazebo_plugins/srv/SetBias.idl
[2.118s] -- Up-to-date: /home/rhobtor/reactive/Reactive-Navegation/workspace_full_conected/install/hector_gazebo_plugins/share/hector_gazebo_plugins/srv/SetReferenceGeoPose.idl
[2.118s] -- Up-to-date: /home/rhobtor/reactive/Reactive-Navegation/workspace_full_conected/install/hector_gazebo_plugins/share/hector_gazebo_plugins/srv/SetBias.srv
[2.119s] -- Up-to-date: /home/rhobtor/reactive/Reactive-Navegation/workspace_full_conected/install/hector_gazebo_plugins/share/hector_gazebo_plugins/srv/SetBias_Request.msg
[2.119s] -- Up-to-date: /home/rhobtor/reactive/Reactive-Navegation/workspace_full_conected/install/hector_gazebo_plugins/share/hector_gazebo_plugins/srv/SetBias_Response.msg
[2.119s] -- Up-to-date: /home/rhobtor/reactive/Reactive-Navegation/workspace_full_conected/install/hector_gazebo_plugins/share/hector_gazebo_plugins/srv/SetReferenceGeoPose.srv
[2.119s] -- Up-to-date: /home/rhobtor/reactive/Reactive-Navegation/workspace_full_conected/install/hector_gazebo_plugins/share/hector_gazebo_plugins/srv/SetReferenceGeoPose_Request.msg
[2.119s] -- Up-to-date: /home/rhobtor/reactive/Reactive-Navegation/workspace_full_conected/install/hector_gazebo_plugins/share/hector_gazebo_plugins/srv/SetReferenceGeoPose_Response.msg
[2.126s] -- Up-to-date: /home/rhobtor/reactive/Reactive-Navegation/workspace_full_conected/install/hector_gazebo_plugins/include
[2.126s] -- Up-to-date: /home/rhobtor/reactive/Reactive-Navegation/workspace_full_conected/install/hector_gazebo_plugins/include/gazebo_ros_magnetic.h
[2.126s] -- Up-to-date: /home/rhobtor/reactive/Reactive-Navegation/workspace_full_conected/install/hector_gazebo_plugins/include/diffdrive_plugin_multi_wheel.h
[2.126s] -- Up-to-date: /home/rhobtor/reactive/Reactive-Navegation/workspace_full_conected/install/hector_gazebo_plugins/include/sensor_model.h
[2.126s] -- Up-to-date: /home/rhobtor/reactive/Reactive-Navegation/workspace_full_conected/install/hector_gazebo_plugins/include/gazebo_ros_imu.h
[2.126s] -- Up-to-date: /home/rhobtor/reactive/Reactive-Navegation/workspace_full_conected/install/hector_gazebo_plugins/include/diffdrive_plugin_6w.h
[2.127s] -- Up-to-date: /home/rhobtor/reactive/Reactive-Navegation/workspace_full_conected/install/hector_gazebo_plugins/include/gazebo_ros_sonar.h
[2.127s] -- Up-to-date: /home/rhobtor/reactive/Reactive-Navegation/workspace_full_conected/install/hector_gazebo_plugins/include/reset_plugin.h
[2.127s] -- Up-to-date: /home/rhobtor/reactive/Reactive-Navegation/workspace_full_conected/install/hector_gazebo_plugins/include/gazebo_ros_gps.h
[2.127s] -- Up-to-date: /home/rhobtor/reactive/Reactive-Navegation/workspace_full_conected/install/hector_gazebo_plugins/include/update_timer.h
[2.127s] -- Up-to-date: /home/rhobtor/reactive/Reactive-Navegation/workspace_full_conected/install/hector_gazebo_plugins/include/gnss_config.h
[2.127s] -- Up-to-date: /home/rhobtor/reactive/Reactive-Navegation/workspace_full_conected/install/hector_gazebo_plugins/include/gazebo_ros_force_based_move.h
[2.127s] -- Up-to-date: /home/rhobtor/reactive/Reactive-Navegation/workspace_full_conected/install/hector_gazebo_plugins/include/servo_plugin.h
[2.127s] -- Up-to-date: /home/rhobtor/reactive/Reactive-Navegation/workspace_full_conected/install/hector_gazebo_plugins/lib/libhector_gazebo_reset_plugin.so
[2.127s] -- Up-to-date: /home/rhobtor/reactive/Reactive-Navegation/workspace_full_conected/install/hector_gazebo_plugins/lib/libhector_gazebo_ros_imu.so
[2.127s] -- Up-to-date: /home/rhobtor/reactive/Reactive-Navegation/workspace_full_conected/install/hector_gazebo_plugins/lib/libhector_gazebo_ros_magnetic.so
[2.137s] -- Up-to-date: /home/rhobtor/reactive/Reactive-Navegation/workspace_full_conected/install/hector_gazebo_plugins/lib/libhector_gazebo_ros_gps.so
[2.142s] -- Up-to-date: /home/rhobtor/reactive/Reactive-Navegation/workspace_full_conected/install/hector_gazebo_plugins/lib/libhector_gazebo_ros_sonar.so
[2.147s] -- Up-to-date: /home/rhobtor/reactive/Reactive-Navegation/workspace_full_conected/install/hector_gazebo_plugins/share/ament_index/resource_index/package_run_dependencies/hector_gazebo_plugins
[2.147s] -- Up-to-date: /home/rhobtor/reactive/Reactive-Navegation/workspace_full_conected/install/hector_gazebo_plugins/share/ament_index/resource_index/parent_prefix_path/hector_gazebo_plugins
[2.147s] -- Up-to-date: /home/rhobtor/reactive/Reactive-Navegation/workspace_full_conected/install/hector_gazebo_plugins/share/hector_gazebo_plugins/environment/ament_prefix_path.sh
[2.147s] -- Up-to-date: /home/rhobtor/reactive/Reactive-Navegation/workspace_full_conected/install/hector_gazebo_plugins/share/hector_gazebo_plugins/environment/ament_prefix_path.dsv
[2.147s] -- Up-to-date: /home/rhobtor/reactive/Reactive-Navegation/workspace_full_conected/install/hector_gazebo_plugins/share/hector_gazebo_plugins/environment/path.sh
[2.147s] -- Up-to-date: /home/rhobtor/reactive/Reactive-Navegation/workspace_full_conected/install/hector_gazebo_plugins/share/hector_gazebo_plugins/environment/path.dsv
[2.147s] -- Up-to-date: /home/rhobtor/reactive/Reactive-Navegation/workspace_full_conected/install/hector_gazebo_plugins/share/hector_gazebo_plugins/local_setup.bash
[2.147s] -- Up-to-date: /home/rhobtor/reactive/Reactive-Navegation/workspace_full_conected/install/hector_gazebo_plugins/share/hector_gazebo_plugins/local_setup.sh
[2.152s] -- Up-to-date: /home/rhobtor/reactive/Reactive-Navegation/workspace_full_conected/install/hector_gazebo_plugins/share/hector_gazebo_plugins/local_setup.zsh
[2.152s] -- Up-to-date: /home/rhobtor/reactive/Reactive-Navegation/workspace_full_conected/install/hector_gazebo_plugins/share/hector_gazebo_plugins/local_setup.dsv
[2.152s] -- Installing: /home/rhobtor/reactive/Reactive-Navegation/workspace_full_conected/install/hector_gazebo_plugins/share/hector_gazebo_plugins/package.dsv
[2.154s] -- Up-to-date: /home/rhobtor/reactive/Reactive-Navegation/workspace_full_conected/install/hector_gazebo_plugins/share/ament_index/resource_index/packages/hector_gazebo_plugins
[2.154s] -- Up-to-date: /home/rhobtor/reactive/Reactive-Navegation/workspace_full_conected/install/hector_gazebo_plugins/share/hector_gazebo_plugins/cmake/export_hector_gazebo_plugins__rosidl_generator_cExport.cmake
[2.154s] -- Up-to-date: /home/rhobtor/reactive/Reactive-Navegation/workspace_full_conected/install/hector_gazebo_plugins/share/hector_gazebo_plugins/cmake/export_hector_gazebo_plugins__rosidl_generator_cExport-noconfig.cmake
[2.154s] -- Up-to-date: /home/rhobtor/reactive/Reactive-Navegation/workspace_full_conected/install/hector_gazebo_plugins/share/hector_gazebo_plugins/cmake/export_hector_gazebo_plugins__rosidl_typesupport_fastrtps_cExport.cmake
[2.154s] -- Up-to-date: /home/rhobtor/reactive/Reactive-Navegation/workspace_full_conected/install/hector_gazebo_plugins/share/hector_gazebo_plugins/cmake/export_hector_gazebo_plugins__rosidl_typesupport_fastrtps_cExport-noconfig.cmake
[2.154s] -- Up-to-date: /home/rhobtor/reactive/Reactive-Navegation/workspace_full_conected/install/hector_gazebo_plugins/share/hector_gazebo_plugins/cmake/export_hector_gazebo_plugins__rosidl_generator_cppExport.cmake
[2.154s] -- Up-to-date: /home/rhobtor/reactive/Reactive-Navegation/workspace_full_conected/install/hector_gazebo_plugins/share/hector_gazebo_plugins/cmake/export_hector_gazebo_plugins__rosidl_typesupport_fastrtps_cppExport.cmake
[2.154s] -- Up-to-date: /home/rhobtor/reactive/Reactive-Navegation/workspace_full_conected/install/hector_gazebo_plugins/share/hector_gazebo_plugins/cmake/export_hector_gazebo_plugins__rosidl_typesupport_fastrtps_cppExport-noconfig.cmake
[2.155s] -- Up-to-date: /home/rhobtor/reactive/Reactive-Navegation/workspace_full_conected/install/hector_gazebo_plugins/share/hector_gazebo_plugins/cmake/hector_gazebo_plugins__rosidl_typesupport_introspection_cExport.cmake
[2.155s] -- Up-to-date: /home/rhobtor/reactive/Reactive-Navegation/workspace_full_conected/install/hector_gazebo_plugins/share/hector_gazebo_plugins/cmake/hector_gazebo_plugins__rosidl_typesupport_introspection_cExport-noconfig.cmake
[2.155s] -- Up-to-date: /home/rhobtor/reactive/Reactive-Navegation/workspace_full_conected/install/hector_gazebo_plugins/share/hector_gazebo_plugins/cmake/hector_gazebo_plugins__rosidl_typesupport_cExport.cmake
[2.155s] -- Up-to-date: /home/rhobtor/reactive/Reactive-Navegation/workspace_full_conected/install/hector_gazebo_plugins/share/hector_gazebo_plugins/cmake/hector_gazebo_plugins__rosidl_typesupport_cExport-noconfig.cmake
[2.155s] -- Up-to-date: /home/rhobtor/reactive/Reactive-Navegation/workspace_full_conected/install/hector_gazebo_plugins/share/hector_gazebo_plugins/cmake/hector_gazebo_plugins__rosidl_typesupport_introspection_cppExport.cmake
[2.155s] -- Up-to-date: /home/rhobtor/reactive/Reactive-Navegation/workspace_full_conected/install/hector_gazebo_plugins/share/hector_gazebo_plugins/cmake/hector_gazebo_plugins__rosidl_typesupport_introspection_cppExport-noconfig.cmake
[2.159s] -- Up-to-date: /home/rhobtor/reactive/Reactive-Navegation/workspace_full_conected/install/hector_gazebo_plugins/share/hector_gazebo_plugins/cmake/hector_gazebo_plugins__rosidl_typesupport_cppExport.cmake
[2.162s] -- Up-to-date: /home/rhobtor/reactive/Reactive-Navegation/workspace_full_conected/install/hector_gazebo_plugins/share/hector_gazebo_plugins/cmake/hector_gazebo_plugins__rosidl_typesupport_cppExport-noconfig.cmake
[2.162s] -- Up-to-date: /home/rhobtor/reactive/Reactive-Navegation/workspace_full_conected/install/hector_gazebo_plugins/share/hector_gazebo_plugins/cmake/export_hector_gazebo_plugins__rosidl_generator_pyExport.cmake
[2.162s] -- Up-to-date: /home/rhobtor/reactive/Reactive-Navegation/workspace_full_conected/install/hector_gazebo_plugins/share/hector_gazebo_plugins/cmake/export_hector_gazebo_plugins__rosidl_generator_pyExport-noconfig.cmake
[2.162s] -- Up-to-date: /home/rhobtor/reactive/Reactive-Navegation/workspace_full_conected/install/hector_gazebo_plugins/share/hector_gazebo_plugins/cmake/rosidl_cmake-extras.cmake
[2.162s] -- Up-to-date: /home/rhobtor/reactive/Reactive-Navegation/workspace_full_conected/install/hector_gazebo_plugins/share/hector_gazebo_plugins/cmake/ament_cmake_export_dependencies-extras.cmake
[2.162s] -- Up-to-date: /home/rhobtor/reactive/Reactive-Navegation/workspace_full_conected/install/hector_gazebo_plugins/share/hector_gazebo_plugins/cmake/ament_cmake_export_include_directories-extras.cmake
[2.163s] -- Up-to-date: /home/rhobtor/reactive/Reactive-Navegation/workspace_full_conected/install/hector_gazebo_plugins/share/hector_gazebo_plugins/cmake/ament_cmake_export_libraries-extras.cmake
[2.163s] -- Up-to-date: /home/rhobtor/reactive/Reactive-Navegation/workspace_full_conected/install/hector_gazebo_plugins/share/hector_gazebo_plugins/cmake/ament_cmake_export_targets-extras.cmake
[2.163s] -- Up-to-date: /home/rhobtor/reactive/Reactive-Navegation/workspace_full_conected/install/hector_gazebo_plugins/share/hector_gazebo_plugins/cmake/rosidl_cmake_export_typesupport_targets-extras.cmake
[2.163s] -- Up-to-date: /home/rhobtor/reactive/Reactive-Navegation/workspace_full_conected/install/hector_gazebo_plugins/share/hector_gazebo_plugins/cmake/rosidl_cmake_export_typesupport_libraries-extras.cmake
[2.163s] -- Up-to-date: /home/rhobtor/reactive/Reactive-Navegation/workspace_full_conected/install/hector_gazebo_plugins/share/hector_gazebo_plugins/cmake/hector_gazebo_pluginsConfig.cmake
[2.163s] -- Up-to-date: /home/rhobtor/reactive/Reactive-Navegation/workspace_full_conected/install/hector_gazebo_plugins/share/hector_gazebo_plugins/cmake/hector_gazebo_pluginsConfig-version.cmake
[2.163s] -- Up-to-date: /home/rhobtor/reactive/Reactive-Navegation/workspace_full_conected/install/hector_gazebo_plugins/share/hector_gazebo_plugins/package.xml
[2.171s] Invoked command in '/home/rhobtor/reactive/Reactive-Navegation/workspace_full_conected/build/hector_gazebo_plugins' returned '0': CMAKE_PREFIX_PATH=${CMAKE_PREFIX_PATH}:/home/rhobtor/reactive/Reactive-Navegation/workspace_full_conected/install/car:/opt/ros/humble /usr/bin/cmake --install /home/rhobtor/reactive/Reactive-Navegation/workspace_full_conected/build/hector_gazebo_plugins
