[3.039s] Invoking command in '/mnt/c/Users/luism/Documents/Ubuntu/Reactive-Navegation/Reactive-Navegation/workspace_full_conected/src/car_python': AMENT_PREFIX_PATH=/mnt/c/Users/luism/Documents/Ubuntu/Reactive-Navegation/Reactive-Navegation/workspace_full_conected/install/car_interfaces:${AMENT_PREFIX_PATH} CMAKE_PREFIX_PATH=/mnt/c/Users/luism/Documents/Ubuntu/Reactive-Navegation/Reactive-Navegation/workspace_full_conected/install/car_interfaces LD_LIBRARY_PATH=/mnt/c/Users/luism/Documents/Ubuntu/Reactive-Navegation/Reactive-Navegation/workspace_full_conected/install/car_interfaces/lib:${LD_LIBRARY_PATH} PYTHONPATH=/mnt/c/Users/luism/Documents/Ubuntu/Reactive-Navegation/Reactive-Navegation/workspace_full_conected/build/car/prefix_override:/usr/lib/python3/dist-packages/colcon_core/task/python/colcon_distutils_commands:/mnt/c/Users/luism/Documents/Ubuntu/Reactive-Navegation/Reactive-Navegation/workspace_full_conected/install/car/lib/python3.10/site-packages:/mnt/c/Users/luism/Documents/Ubuntu/Reactive-Navegation/Reactive-Navegation/workspace_full_conected/install/car_interfaces/local/lib/python3.10/dist-packages:${PYTHONPATH} /usr/bin/python3 -W ignore:setup.py install is deprecated -W ignore:easy_install command is deprecated setup.py egg_info --egg-base ../../build/car build --build-base /mnt/c/Users/luism/Documents/Ubuntu/Reactive-Navegation/Reactive-Navegation/workspace_full_conected/build/car/build install --record /mnt/c/Users/luism/Documents/Ubuntu/Reactive-Navegation/Reactive-Navegation/workspace_full_conected/build/car/install.log --single-version-externally-managed install_data
[4.439s] running egg_info
[4.442s] creating ../../build/car/car.egg-info
[4.447s] writing ../../build/car/car.egg-info/PKG-INFO
[4.459s] writing dependency_links to ../../build/car/car.egg-info/dependency_links.txt
[4.469s] writing entry points to ../../build/car/car.egg-info/entry_points.txt
[4.481s] writing requirements to ../../build/car/car.egg-info/requires.txt
[4.486s] writing top-level names to ../../build/car/car.egg-info/top_level.txt
[4.496s] writing manifest file '../../build/car/car.egg-info/SOURCES.txt'
[4.816s] reading manifest file '../../build/car/car.egg-info/SOURCES.txt'
[5.009s] writing manifest file '../../build/car/car.egg-info/SOURCES.txt'
[5.015s] running build
[5.018s] running build_py
[5.023s] creating /mnt/c/Users/luism/Documents/Ubuntu/Reactive-Navegation/Reactive-Navegation/workspace_full_conected/build/car/build
[5.028s] creating /mnt/c/Users/luism/Documents/Ubuntu/Reactive-Navegation/Reactive-Navegation/workspace_full_conected/build/car/build/lib
[5.031s] creating /mnt/c/Users/luism/Documents/Ubuntu/Reactive-Navegation/Reactive-Navegation/workspace_full_conected/build/car/build/lib/car
[5.041s] copying car/camara_time.py -> /mnt/c/Users/luism/Documents/Ubuntu/Reactive-Navegation/Reactive-Navegation/workspace_full_conected/build/car/build/lib/car
[5.072s] copying car/colision_zone.py -> /mnt/c/Users/luism/Documents/Ubuntu/Reactive-Navegation/Reactive-Navegation/workspace_full_conected/build/car/build/lib/car
[5.100s] copying car/debugtf.py -> /mnt/c/Users/luism/Documents/Ubuntu/Reactive-Navegation/Reactive-Navegation/workspace_full_conected/build/car/build/lib/car
[5.126s] copying car/ekf_node.py -> /mnt/c/Users/luism/Documents/Ubuntu/Reactive-Navegation/Reactive-Navegation/workspace_full_conected/build/car/build/lib/car
[5.153s] copying car/filter_points_cloud.py -> /mnt/c/Users/luism/Documents/Ubuntu/Reactive-Navegation/Reactive-Navegation/workspace_full_conected/build/car/build/lib/car
[5.205s] copying car/frontier.py -> /mnt/c/Users/luism/Documents/Ubuntu/Reactive-Navegation/Reactive-Navegation/workspace_full_conected/build/car/build/lib/car
[5.242s] copying car/graph.py -> /mnt/c/Users/luism/Documents/Ubuntu/Reactive-Navegation/Reactive-Navegation/workspace_full_conected/build/car/build/lib/car
[5.274s] copying car/inference_ppo.py -> /mnt/c/Users/luism/Documents/Ubuntu/Reactive-Navegation/Reactive-Navegation/workspace_full_conected/build/car/build/lib/car
[5.306s] copying car/joystick_control.py -> /mnt/c/Users/luism/Documents/Ubuntu/Reactive-Navegation/Reactive-Navegation/workspace_full_conected/build/car/build/lib/car
[5.339s] copying car/keyboard_control.py -> /mnt/c/Users/luism/Documents/Ubuntu/Reactive-Navegation/Reactive-Navegation/workspace_full_conected/build/car/build/lib/car
[5.375s] copying car/laser_scan.py -> /mnt/c/Users/luism/Documents/Ubuntu/Reactive-Navegation/Reactive-Navegation/workspace_full_conected/build/car/build/lib/car
[5.409s] copying car/log_joystick.py -> /mnt/c/Users/luism/Documents/Ubuntu/Reactive-Navegation/Reactive-Navegation/workspace_full_conected/build/car/build/lib/car
[5.446s] copying car/map.py -> /mnt/c/Users/luism/Documents/Ubuntu/Reactive-Navegation/Reactive-Navegation/workspace_full_conected/build/car/build/lib/car
[5.486s] copying car/octomap_2d_display.py -> /mnt/c/Users/luism/Documents/Ubuntu/Reactive-Navegation/Reactive-Navegation/workspace_full_conected/build/car/build/lib/car
[5.520s] copying car/odometry.py -> /mnt/c/Users/luism/Documents/Ubuntu/Reactive-Navegation/Reactive-Navegation/workspace_full_conected/build/car/build/lib/car
[5.558s] copying car/points_goal.py -> /mnt/c/Users/luism/Documents/Ubuntu/Reactive-Navegation/Reactive-Navegation/workspace_full_conected/build/car/build/lib/car
[5.598s] copying car/supervisor.py -> /mnt/c/Users/luism/Documents/Ubuntu/Reactive-Navegation/Reactive-Navegation/workspace_full_conected/build/car/build/lib/car
[5.634s] copying car/train_ppo.py -> /mnt/c/Users/luism/Documents/Ubuntu/Reactive-Navegation/Reactive-Navegation/workspace_full_conected/build/car/build/lib/car
[5.673s] copying car/view_point_and_click.py -> /mnt/c/Users/luism/Documents/Ubuntu/Reactive-Navegation/Reactive-Navegation/workspace_full_conected/build/car/build/lib/car
[5.713s] copying car/__init__.py -> /mnt/c/Users/luism/Documents/Ubuntu/Reactive-Navegation/Reactive-Navegation/workspace_full_conected/build/car/build/lib/car
[5.737s] running install
[5.743s] running install_lib
[5.775s] creating /mnt/c/Users/luism/Documents/Ubuntu/Reactive-Navegation/Reactive-Navegation/workspace_full_conected/install/car/lib/python3.10/site-packages/car
[5.801s] copying /mnt/c/Users/luism/Documents/Ubuntu/Reactive-Navegation/Reactive-Navegation/workspace_full_conected/build/car/build/lib/car/camara_time.py -> /mnt/c/Users/luism/Documents/Ubuntu/Reactive-Navegation/Reactive-Navegation/workspace_full_conected/install/car/lib/python3.10/site-packages/car
[5.860s] copying /mnt/c/Users/luism/Documents/Ubuntu/Reactive-Navegation/Reactive-Navegation/workspace_full_conected/build/car/build/lib/car/colision_zone.py -> /mnt/c/Users/luism/Documents/Ubuntu/Reactive-Navegation/Reactive-Navegation/workspace_full_conected/install/car/lib/python3.10/site-packages/car
[5.915s] copying /mnt/c/Users/luism/Documents/Ubuntu/Reactive-Navegation/Reactive-Navegation/workspace_full_conected/build/car/build/lib/car/debugtf.py -> /mnt/c/Users/luism/Documents/Ubuntu/Reactive-Navegation/Reactive-Navegation/workspace_full_conected/install/car/lib/python3.10/site-packages/car
[5.972s] copying /mnt/c/Users/luism/Documents/Ubuntu/Reactive-Navegation/Reactive-Navegation/workspace_full_conected/build/car/build/lib/car/ekf_node.py -> /mnt/c/Users/luism/Documents/Ubuntu/Reactive-Navegation/Reactive-Navegation/workspace_full_conected/install/car/lib/python3.10/site-packages/car
[6.031s] copying /mnt/c/Users/luism/Documents/Ubuntu/Reactive-Navegation/Reactive-Navegation/workspace_full_conected/build/car/build/lib/car/filter_points_cloud.py -> /mnt/c/Users/luism/Documents/Ubuntu/Reactive-Navegation/Reactive-Navegation/workspace_full_conected/install/car/lib/python3.10/site-packages/car
[6.083s] copying /mnt/c/Users/luism/Documents/Ubuntu/Reactive-Navegation/Reactive-Navegation/workspace_full_conected/build/car/build/lib/car/frontier.py -> /mnt/c/Users/luism/Documents/Ubuntu/Reactive-Navegation/Reactive-Navegation/workspace_full_conected/install/car/lib/python3.10/site-packages/car
[6.139s] copying /mnt/c/Users/luism/Documents/Ubuntu/Reactive-Navegation/Reactive-Navegation/workspace_full_conected/build/car/build/lib/car/graph.py -> /mnt/c/Users/luism/Documents/Ubuntu/Reactive-Navegation/Reactive-Navegation/workspace_full_conected/install/car/lib/python3.10/site-packages/car
[6.190s] copying /mnt/c/Users/luism/Documents/Ubuntu/Reactive-Navegation/Reactive-Navegation/workspace_full_conected/build/car/build/lib/car/inference_ppo.py -> /mnt/c/Users/luism/Documents/Ubuntu/Reactive-Navegation/Reactive-Navegation/workspace_full_conected/install/car/lib/python3.10/site-packages/car
[6.256s] copying /mnt/c/Users/luism/Documents/Ubuntu/Reactive-Navegation/Reactive-Navegation/workspace_full_conected/build/car/build/lib/car/joystick_control.py -> /mnt/c/Users/luism/Documents/Ubuntu/Reactive-Navegation/Reactive-Navegation/workspace_full_conected/install/car/lib/python3.10/site-packages/car
[6.308s] copying /mnt/c/Users/luism/Documents/Ubuntu/Reactive-Navegation/Reactive-Navegation/workspace_full_conected/build/car/build/lib/car/keyboard_control.py -> /mnt/c/Users/luism/Documents/Ubuntu/Reactive-Navegation/Reactive-Navegation/workspace_full_conected/install/car/lib/python3.10/site-packages/car
[6.365s] copying /mnt/c/Users/luism/Documents/Ubuntu/Reactive-Navegation/Reactive-Navegation/workspace_full_conected/build/car/build/lib/car/laser_scan.py -> /mnt/c/Users/luism/Documents/Ubuntu/Reactive-Navegation/Reactive-Navegation/workspace_full_conected/install/car/lib/python3.10/site-packages/car
[6.417s] copying /mnt/c/Users/luism/Documents/Ubuntu/Reactive-Navegation/Reactive-Navegation/workspace_full_conected/build/car/build/lib/car/log_joystick.py -> /mnt/c/Users/luism/Documents/Ubuntu/Reactive-Navegation/Reactive-Navegation/workspace_full_conected/install/car/lib/python3.10/site-packages/car
[6.473s] copying /mnt/c/Users/luism/Documents/Ubuntu/Reactive-Navegation/Reactive-Navegation/workspace_full_conected/build/car/build/lib/car/map.py -> /mnt/c/Users/luism/Documents/Ubuntu/Reactive-Navegation/Reactive-Navegation/workspace_full_conected/install/car/lib/python3.10/site-packages/car
[6.534s] copying /mnt/c/Users/luism/Documents/Ubuntu/Reactive-Navegation/Reactive-Navegation/workspace_full_conected/build/car/build/lib/car/octomap_2d_display.py -> /mnt/c/Users/luism/Documents/Ubuntu/Reactive-Navegation/Reactive-Navegation/workspace_full_conected/install/car/lib/python3.10/site-packages/car
[6.587s] copying /mnt/c/Users/luism/Documents/Ubuntu/Reactive-Navegation/Reactive-Navegation/workspace_full_conected/build/car/build/lib/car/odometry.py -> /mnt/c/Users/luism/Documents/Ubuntu/Reactive-Navegation/Reactive-Navegation/workspace_full_conected/install/car/lib/python3.10/site-packages/car
[6.651s] copying /mnt/c/Users/luism/Documents/Ubuntu/Reactive-Navegation/Reactive-Navegation/workspace_full_conected/build/car/build/lib/car/points_goal.py -> /mnt/c/Users/luism/Documents/Ubuntu/Reactive-Navegation/Reactive-Navegation/workspace_full_conected/install/car/lib/python3.10/site-packages/car
[6.705s] copying /mnt/c/Users/luism/Documents/Ubuntu/Reactive-Navegation/Reactive-Navegation/workspace_full_conected/build/car/build/lib/car/supervisor.py -> /mnt/c/Users/luism/Documents/Ubuntu/Reactive-Navegation/Reactive-Navegation/workspace_full_conected/install/car/lib/python3.10/site-packages/car
[6.763s] copying /mnt/c/Users/luism/Documents/Ubuntu/Reactive-Navegation/Reactive-Navegation/workspace_full_conected/build/car/build/lib/car/train_ppo.py -> /mnt/c/Users/luism/Documents/Ubuntu/Reactive-Navegation/Reactive-Navegation/workspace_full_conected/install/car/lib/python3.10/site-packages/car
[6.825s] copying /mnt/c/Users/luism/Documents/Ubuntu/Reactive-Navegation/Reactive-Navegation/workspace_full_conected/build/car/build/lib/car/view_point_and_click.py -> /mnt/c/Users/luism/Documents/Ubuntu/Reactive-Navegation/Reactive-Navegation/workspace_full_conected/install/car/lib/python3.10/site-packages/car
[6.879s] copying /mnt/c/Users/luism/Documents/Ubuntu/Reactive-Navegation/Reactive-Navegation/workspace_full_conected/build/car/build/lib/car/__init__.py -> /mnt/c/Users/luism/Documents/Ubuntu/Reactive-Navegation/Reactive-Navegation/workspace_full_conected/install/car/lib/python3.10/site-packages/car
[6.930s] byte-compiling /mnt/c/Users/luism/Documents/Ubuntu/Reactive-Navegation/Reactive-Navegation/workspace_full_conected/install/car/lib/python3.10/site-packages/car/camara_time.py to camara_time.cpython-310.pyc
[6.994s] byte-compiling /mnt/c/Users/luism/Documents/Ubuntu/Reactive-Navegation/Reactive-Navegation/workspace_full_conected/install/car/lib/python3.10/site-packages/car/colision_zone.py to colision_zone.cpython-310.pyc
[7.060s] byte-compiling /mnt/c/Users/luism/Documents/Ubuntu/Reactive-Navegation/Reactive-Navegation/workspace_full_conected/install/car/lib/python3.10/site-packages/car/debugtf.py to debugtf.cpython-310.pyc
[7.124s] byte-compiling /mnt/c/Users/luism/Documents/Ubuntu/Reactive-Navegation/Reactive-Navegation/workspace_full_conected/install/car/lib/python3.10/site-packages/car/ekf_node.py to ekf_node.cpython-310.pyc
[7.187s] byte-compiling /mnt/c/Users/luism/Documents/Ubuntu/Reactive-Navegation/Reactive-Navegation/workspace_full_conected/install/car/lib/python3.10/site-packages/car/filter_points_cloud.py to filter_points_cloud.cpython-310.pyc
[7.258s] byte-compiling /mnt/c/Users/luism/Documents/Ubuntu/Reactive-Navegation/Reactive-Navegation/workspace_full_conected/install/car/lib/python3.10/site-packages/car/frontier.py to frontier.cpython-310.pyc
[7.332s] byte-compiling /mnt/c/Users/luism/Documents/Ubuntu/Reactive-Navegation/Reactive-Navegation/workspace_full_conected/install/car/lib/python3.10/site-packages/car/graph.py to graph.cpython-310.pyc
[7.411s] byte-compiling /mnt/c/Users/luism/Documents/Ubuntu/Reactive-Navegation/Reactive-Navegation/workspace_full_conected/install/car/lib/python3.10/site-packages/car/inference_ppo.py to inference_ppo.cpython-310.pyc
[7.481s] byte-compiling /mnt/c/Users/luism/Documents/Ubuntu/Reactive-Navegation/Reactive-Navegation/workspace_full_conected/install/car/lib/python3.10/site-packages/car/joystick_control.py to joystick_control.cpython-310.pyc
[7.548s] byte-compiling /mnt/c/Users/luism/Documents/Ubuntu/Reactive-Navegation/Reactive-Navegation/workspace_full_conected/install/car/lib/python3.10/site-packages/car/keyboard_control.py to keyboard_control.cpython-310.pyc
[7.621s] byte-compiling /mnt/c/Users/luism/Documents/Ubuntu/Reactive-Navegation/Reactive-Navegation/workspace_full_conected/install/car/lib/python3.10/site-packages/car/laser_scan.py to laser_scan.cpython-310.pyc
[7.691s] byte-compiling /mnt/c/Users/luism/Documents/Ubuntu/Reactive-Navegation/Reactive-Navegation/workspace_full_conected/install/car/lib/python3.10/site-packages/car/log_joystick.py to log_joystick.cpython-310.pyc
[7.753s] byte-compiling /mnt/c/Users/luism/Documents/Ubuntu/Reactive-Navegation/Reactive-Navegation/workspace_full_conected/install/car/lib/python3.10/site-packages/car/map.py to map.cpython-310.pyc
[7.817s] byte-compiling /mnt/c/Users/luism/Documents/Ubuntu/Reactive-Navegation/Reactive-Navegation/workspace_full_conected/install/car/lib/python3.10/site-packages/car/octomap_2d_display.py to octomap_2d_display.cpython-310.pyc
[7.886s] byte-compiling /mnt/c/Users/luism/Documents/Ubuntu/Reactive-Navegation/Reactive-Navegation/workspace_full_conected/install/car/lib/python3.10/site-packages/car/odometry.py to odometry.cpython-310.pyc
[7.948s] byte-compiling /mnt/c/Users/luism/Documents/Ubuntu/Reactive-Navegation/Reactive-Navegation/workspace_full_conected/install/car/lib/python3.10/site-packages/car/points_goal.py to points_goal.cpython-310.pyc
[8.014s] byte-compiling /mnt/c/Users/luism/Documents/Ubuntu/Reactive-Navegation/Reactive-Navegation/workspace_full_conected/install/car/lib/python3.10/site-packages/car/supervisor.py to supervisor.cpython-310.pyc
[8.074s] byte-compiling /mnt/c/Users/luism/Documents/Ubuntu/Reactive-Navegation/Reactive-Navegation/workspace_full_conected/install/car/lib/python3.10/site-packages/car/train_ppo.py to train_ppo.cpython-310.pyc
[8.144s] byte-compiling /mnt/c/Users/luism/Documents/Ubuntu/Reactive-Navegation/Reactive-Navegation/workspace_full_conected/install/car/lib/python3.10/site-packages/car/view_point_and_click.py to view_point_and_click.cpython-310.pyc
[8.204s] byte-compiling /mnt/c/Users/luism/Documents/Ubuntu/Reactive-Navegation/Reactive-Navegation/workspace_full_conected/install/car/lib/python3.10/site-packages/car/__init__.py to __init__.cpython-310.pyc
[8.257s] running install_data
[8.264s] creating /mnt/c/Users/luism/Documents/Ubuntu/Reactive-Navegation/Reactive-Navegation/workspace_full_conected/install/car/share/ament_index
[8.267s] creating /mnt/c/Users/luism/Documents/Ubuntu/Reactive-Navegation/Reactive-Navegation/workspace_full_conected/install/car/share/ament_index/resource_index
[8.272s] creating /mnt/c/Users/luism/Documents/Ubuntu/Reactive-Navegation/Reactive-Navegation/workspace_full_conected/install/car/share/ament_index/resource_index/packages
[8.289s] copying resource/car -> /mnt/c/Users/luism/Documents/Ubuntu/Reactive-Navegation/Reactive-Navegation/workspace_full_conected/install/car/share/ament_index/resource_index/packages
[8.322s] copying package.xml -> /mnt/c/Users/luism/Documents/Ubuntu/Reactive-Navegation/Reactive-Navegation/workspace_full_conected/install/car/share/car
[8.353s] creating /mnt/c/Users/luism/Documents/Ubuntu/Reactive-Navegation/Reactive-Navegation/workspace_full_conected/install/car/share/car/launch
[8.366s] copying launch/control.launch.py -> /mnt/c/Users/luism/Documents/Ubuntu/Reactive-Navegation/Reactive-Navegation/workspace_full_conected/install/car/share/car/launch
[8.402s] copying launch/control_with_gazebo.launch.py -> /mnt/c/Users/luism/Documents/Ubuntu/Reactive-Navegation/Reactive-Navegation/workspace_full_conected/install/car/share/car/launch
[8.438s] copying launch/display.launch.py -> /mnt/c/Users/luism/Documents/Ubuntu/Reactive-Navegation/Reactive-Navegation/workspace_full_conected/install/car/share/car/launch
[8.473s] copying launch/ekf.launch.py -> /mnt/c/Users/luism/Documents/Ubuntu/Reactive-Navegation/Reactive-Navegation/workspace_full_conected/install/car/share/car/launch
[8.505s] copying launch/gazebo.launch.py -> /mnt/c/Users/luism/Documents/Ubuntu/Reactive-Navegation/Reactive-Navegation/workspace_full_conected/install/car/share/car/launch
[8.540s] copying launch/gazebo_empty_world.launch.py -> /mnt/c/Users/luism/Documents/Ubuntu/Reactive-Navegation/Reactive-Navegation/workspace_full_conected/install/car/share/car/launch
[8.572s] copying launch/gazebo_mountain.launch.py -> /mnt/c/Users/luism/Documents/Ubuntu/Reactive-Navegation/Reactive-Navegation/workspace_full_conected/install/car/share/car/launch
[8.605s] copying launch/gazebo_no_gui.launch.py -> /mnt/c/Users/luism/Documents/Ubuntu/Reactive-Navegation/Reactive-Navegation/workspace_full_conected/install/car/share/car/launch
[8.638s] copying launch/gazebo_simple2.launch.py -> /mnt/c/Users/luism/Documents/Ubuntu/Reactive-Navegation/Reactive-Navegation/workspace_full_conected/install/car/share/car/launch
[8.668s] copying launch/gazebo_simple3.launch.py -> /mnt/c/Users/luism/Documents/Ubuntu/Reactive-Navegation/Reactive-Navegation/workspace_full_conected/install/car/share/car/launch
[8.698s] copying launch/gazebo_simple_world.launch.py -> /mnt/c/Users/luism/Documents/Ubuntu/Reactive-Navegation/Reactive-Navegation/workspace_full_conected/install/car/share/car/launch
[8.729s] copying launch/joystick.launch.py -> /mnt/c/Users/luism/Documents/Ubuntu/Reactive-Navegation/Reactive-Navegation/workspace_full_conected/install/car/share/car/launch
[8.762s] copying launch/rtamap_test.launch.py -> /mnt/c/Users/luism/Documents/Ubuntu/Reactive-Navegation/Reactive-Navegation/workspace_full_conected/install/car/share/car/launch
[8.790s] creating /mnt/c/Users/luism/Documents/Ubuntu/Reactive-Navegation/Reactive-Navegation/workspace_full_conected/install/car/share/car/urdf
[8.803s] copying urdf/camara.plugin.xacro -> /mnt/c/Users/luism/Documents/Ubuntu/Reactive-Navegation/Reactive-Navegation/workspace_full_conected/install/car/share/car/urdf
[8.831s] copying urdf/car.gazebo -> /mnt/c/Users/luism/Documents/Ubuntu/Reactive-Navegation/Reactive-Navegation/workspace_full_conected/install/car/share/car/urdf
[8.863s] copying urdf/car.trans -> /mnt/c/Users/luism/Documents/Ubuntu/Reactive-Navegation/Reactive-Navegation/workspace_full_conected/install/car/share/car/urdf
[8.895s] copying urdf/car.xacro -> /mnt/c/Users/luism/Documents/Ubuntu/Reactive-Navegation/Reactive-Navegation/workspace_full_conected/install/car/share/car/urdf
[8.928s] copying urdf/control.plugin.xacro -> /mnt/c/Users/luism/Documents/Ubuntu/Reactive-Navegation/Reactive-Navegation/workspace_full_conected/install/car/share/car/urdf
[8.967s] copying urdf/lidar.plugin.xacro -> /mnt/c/Users/luism/Documents/Ubuntu/Reactive-Navegation/Reactive-Navegation/workspace_full_conected/install/car/share/car/urdf
[9.013s] copying urdf/materials.xacro -> /mnt/c/Users/luism/Documents/Ubuntu/Reactive-Navegation/Reactive-Navegation/workspace_full_conected/install/car/share/car/urdf
[9.044s] creating /mnt/c/Users/luism/Documents/Ubuntu/Reactive-Navegation/Reactive-Navegation/workspace_full_conected/install/car/share/car/worlds
[9.058s] copying worlds/empty.world -> /mnt/c/Users/luism/Documents/Ubuntu/Reactive-Navegation/Reactive-Navegation/workspace_full_conected/install/car/share/car/worlds
[9.094s] copying worlds/grass.world -> /mnt/c/Users/luism/Documents/Ubuntu/Reactive-Navegation/Reactive-Navegation/workspace_full_conected/install/car/share/car/worlds
[9.133s] copying worlds/heightmap_world.world -> /mnt/c/Users/luism/Documents/Ubuntu/Reactive-Navegation/Reactive-Navegation/workspace_full_conected/install/car/share/car/worlds
[9.166s] copying worlds/map1_test.world -> /mnt/c/Users/luism/Documents/Ubuntu/Reactive-Navegation/Reactive-Navegation/workspace_full_conected/install/car/share/car/worlds
[9.201s] copying worlds/mountain.world -> /mnt/c/Users/luism/Documents/Ubuntu/Reactive-Navegation/Reactive-Navegation/workspace_full_conected/install/car/share/car/worlds
[9.233s] copying worlds/obstacles.world -> /mnt/c/Users/luism/Documents/Ubuntu/Reactive-Navegation/Reactive-Navegation/workspace_full_conected/install/car/share/car/worlds
[9.272s] copying worlds/obstacles_and_traps.world -> /mnt/c/Users/luism/Documents/Ubuntu/Reactive-Navegation/Reactive-Navegation/workspace_full_conected/install/car/share/car/worlds
[9.308s] copying worlds/test.world -> /mnt/c/Users/luism/Documents/Ubuntu/Reactive-Navegation/Reactive-Navegation/workspace_full_conected/install/car/share/car/worlds
[9.341s] copying worlds/world_simple2.world -> /mnt/c/Users/luism/Documents/Ubuntu/Reactive-Navegation/Reactive-Navegation/workspace_full_conected/install/car/share/car/worlds
[9.368s] copying worlds/world_simple3.world -> /mnt/c/Users/luism/Documents/Ubuntu/Reactive-Navegation/Reactive-Navegation/workspace_full_conected/install/car/share/car/worlds
[9.402s] copying worlds/world_simple_object.world -> /mnt/c/Users/luism/Documents/Ubuntu/Reactive-Navegation/Reactive-Navegation/workspace_full_conected/install/car/share/car/worlds
[9.434s] creating /mnt/c/Users/luism/Documents/Ubuntu/Reactive-Navegation/Reactive-Navegation/workspace_full_conected/install/car/share/car/meshes
[9.447s] copying meshes/base_link.stl -> /mnt/c/Users/luism/Documents/Ubuntu/Reactive-Navegation/Reactive-Navegation/workspace_full_conected/install/car/share/car/meshes
[9.484s] copying meshes/Camara.stl -> /mnt/c/Users/luism/Documents/Ubuntu/Reactive-Navegation/Reactive-Navegation/workspace_full_conected/install/car/share/car/meshes
[9.525s] copying meshes/chasis_1.stl -> /mnt/c/Users/luism/Documents/Ubuntu/Reactive-Navegation/Reactive-Navegation/workspace_full_conected/install/car/share/car/meshes
[9.576s] copying meshes/direction_back_left_1.stl -> /mnt/c/Users/luism/Documents/Ubuntu/Reactive-Navegation/Reactive-Navegation/workspace_full_conected/install/car/share/car/meshes
[9.614s] copying meshes/direction_back_right_1.stl -> /mnt/c/Users/luism/Documents/Ubuntu/Reactive-Navegation/Reactive-Navegation/workspace_full_conected/install/car/share/car/meshes
[9.646s] copying meshes/direction_front_left_1.stl -> /mnt/c/Users/luism/Documents/Ubuntu/Reactive-Navegation/Reactive-Navegation/workspace_full_conected/install/car/share/car/meshes
[9.682s] copying meshes/direction_front_right_1.stl -> /mnt/c/Users/luism/Documents/Ubuntu/Reactive-Navegation/Reactive-Navegation/workspace_full_conected/install/car/share/car/meshes
[9.717s] copying meshes/Lidar.stl -> /mnt/c/Users/luism/Documents/Ubuntu/Reactive-Navegation/Reactive-Navegation/workspace_full_conected/install/car/share/car/meshes
[9.751s] copying meshes/rim.stl -> /mnt/c/Users/luism/Documents/Ubuntu/Reactive-Navegation/Reactive-Navegation/workspace_full_conected/install/car/share/car/meshes
[9.836s] copying meshes/rim_back_left_1.stl -> /mnt/c/Users/luism/Documents/Ubuntu/Reactive-Navegation/Reactive-Navegation/workspace_full_conected/install/car/share/car/meshes
[9.912s] copying meshes/rim_back_right_1.stl -> /mnt/c/Users/luism/Documents/Ubuntu/Reactive-Navegation/Reactive-Navegation/workspace_full_conected/install/car/share/car/meshes
[9.998s] copying meshes/rim_front_left_1.stl -> /mnt/c/Users/luism/Documents/Ubuntu/Reactive-Navegation/Reactive-Navegation/workspace_full_conected/install/car/share/car/meshes
[10.073s] copying meshes/rim_front_right_1.stl -> /mnt/c/Users/luism/Documents/Ubuntu/Reactive-Navegation/Reactive-Navegation/workspace_full_conected/install/car/share/car/meshes
[10.152s] copying meshes/suspension_back_left_1.stl -> /mnt/c/Users/luism/Documents/Ubuntu/Reactive-Navegation/Reactive-Navegation/workspace_full_conected/install/car/share/car/meshes
[10.186s] copying meshes/suspension_back_right_1.stl -> /mnt/c/Users/luism/Documents/Ubuntu/Reactive-Navegation/Reactive-Navegation/workspace_full_conected/install/car/share/car/meshes
[10.221s] copying meshes/suspension_front_left__1.stl -> /mnt/c/Users/luism/Documents/Ubuntu/Reactive-Navegation/Reactive-Navegation/workspace_full_conected/install/car/share/car/meshes
[10.253s] copying meshes/suspension_front_right_1.stl -> /mnt/c/Users/luism/Documents/Ubuntu/Reactive-Navegation/Reactive-Navegation/workspace_full_conected/install/car/share/car/meshes
[10.283s] copying meshes/tire.stl -> /mnt/c/Users/luism/Documents/Ubuntu/Reactive-Navegation/Reactive-Navegation/workspace_full_conected/install/car/share/car/meshes
[10.339s] copying meshes/tire_back_left_1.stl -> /mnt/c/Users/luism/Documents/Ubuntu/Reactive-Navegation/Reactive-Navegation/workspace_full_conected/install/car/share/car/meshes
[10.396s] copying meshes/tire_back_right_1.stl -> /mnt/c/Users/luism/Documents/Ubuntu/Reactive-Navegation/Reactive-Navegation/workspace_full_conected/install/car/share/car/meshes
[10.455s] copying meshes/tire_front_left_1.stl -> /mnt/c/Users/luism/Documents/Ubuntu/Reactive-Navegation/Reactive-Navegation/workspace_full_conected/install/car/share/car/meshes
[10.510s] copying meshes/tire_front_right_1.stl -> /mnt/c/Users/luism/Documents/Ubuntu/Reactive-Navegation/Reactive-Navegation/workspace_full_conected/install/car/share/car/meshes
[10.567s] creating /mnt/c/Users/luism/Documents/Ubuntu/Reactive-Navegation/Reactive-Navegation/workspace_full_conected/install/car/share/car/config
[10.580s] copying config/display.rviz -> /mnt/c/Users/luism/Documents/Ubuntu/Reactive-Navegation/Reactive-Navegation/workspace_full_conected/install/car/share/car/config
[10.614s] copying config/ekf_params.yaml -> /mnt/c/Users/luism/Documents/Ubuntu/Reactive-Navegation/Reactive-Navegation/workspace_full_conected/install/car/share/car/config
[10.652s] copying config/mapper_params_online_async.yaml -> /mnt/c/Users/luism/Documents/Ubuntu/Reactive-Navegation/Reactive-Navegation/workspace_full_conected/install/car/share/car/config
[10.686s] copying config/nav2.yaml -> /mnt/c/Users/luism/Documents/Ubuntu/Reactive-Navegation/Reactive-Navegation/workspace_full_conected/install/car/share/car/config
[10.726s] copying config/octomap.yaml -> /mnt/c/Users/luism/Documents/Ubuntu/Reactive-Navegation/Reactive-Navegation/workspace_full_conected/install/car/share/car/config
[10.763s] creating /mnt/c/Users/luism/Documents/Ubuntu/Reactive-Navegation/Reactive-Navegation/workspace_full_conected/install/car/lib/car
[10.768s] running install_egg_info
[10.799s] Copying ../../build/car/car.egg-info to /mnt/c/Users/luism/Documents/Ubuntu/Reactive-Navegation/Reactive-Navegation/workspace_full_conected/install/car/lib/python3.10/site-packages/car-0.0.0-py3.10.egg-info
[11.146s] running install_scripts
[11.284s] Installing camara_time_node script to /mnt/c/Users/luism/Documents/Ubuntu/Reactive-Navegation/Reactive-Navegation/workspace_full_conected/install/car/lib/car
[11.298s] Installing colision_zone script to /mnt/c/Users/luism/Documents/Ubuntu/Reactive-Navegation/Reactive-Navegation/workspace_full_conected/install/car/lib/car
[11.318s] Installing debug_node script to /mnt/c/Users/luism/Documents/Ubuntu/Reactive-Navegation/Reactive-Navegation/workspace_full_conected/install/car/lib/car
[11.336s] Installing ekf_node script to /mnt/c/Users/luism/Documents/Ubuntu/Reactive-Navegation/Reactive-Navegation/workspace_full_conected/install/car/lib/car
[11.363s] Installing filter_points_cloud script to /mnt/c/Users/luism/Documents/Ubuntu/Reactive-Navegation/Reactive-Navegation/workspace_full_conected/install/car/lib/car
[11.395s] Installing frontier_view script to /mnt/c/Users/luism/Documents/Ubuntu/Reactive-Navegation/Reactive-Navegation/workspace_full_conected/install/car/lib/car
[11.416s] Installing graph script to /mnt/c/Users/luism/Documents/Ubuntu/Reactive-Navegation/Reactive-Navegation/workspace_full_conected/install/car/lib/car
[11.435s] Installing inference_ppo script to /mnt/c/Users/luism/Documents/Ubuntu/Reactive-Navegation/Reactive-Navegation/workspace_full_conected/install/car/lib/car
[11.451s] Installing joystick_control script to /mnt/c/Users/luism/Documents/Ubuntu/Reactive-Navegation/Reactive-Navegation/workspace_full_conected/install/car/lib/car
[11.467s] Installing keyboard_control script to /mnt/c/Users/luism/Documents/Ubuntu/Reactive-Navegation/Reactive-Navegation/workspace_full_conected/install/car/lib/car
[11.484s] Installing log_joystick script to /mnt/c/Users/luism/Documents/Ubuntu/Reactive-Navegation/Reactive-Navegation/workspace_full_conected/install/car/lib/car
[11.503s] Installing map script to /mnt/c/Users/luism/Documents/Ubuntu/Reactive-Navegation/Reactive-Navegation/workspace_full_conected/install/car/lib/car
[11.520s] Installing octomap_2d_display script to /mnt/c/Users/luism/Documents/Ubuntu/Reactive-Navegation/Reactive-Navegation/workspace_full_conected/install/car/lib/car
[11.538s] Installing odometry_node script to /mnt/c/Users/luism/Documents/Ubuntu/Reactive-Navegation/Reactive-Navegation/workspace_full_conected/install/car/lib/car
[11.554s] Installing points_goal script to /mnt/c/Users/luism/Documents/Ubuntu/Reactive-Navegation/Reactive-Navegation/workspace_full_conected/install/car/lib/car
[11.572s] Installing scan_to_cloud script to /mnt/c/Users/luism/Documents/Ubuntu/Reactive-Navegation/Reactive-Navegation/workspace_full_conected/install/car/lib/car
[11.584s] Installing supervisor_node script to /mnt/c/Users/luism/Documents/Ubuntu/Reactive-Navegation/Reactive-Navegation/workspace_full_conected/install/car/lib/car
[11.598s] Installing train_ppo script to /mnt/c/Users/luism/Documents/Ubuntu/Reactive-Navegation/Reactive-Navegation/workspace_full_conected/install/car/lib/car
[11.614s] Installing view_point_and_click script to /mnt/c/Users/luism/Documents/Ubuntu/Reactive-Navegation/Reactive-Navegation/workspace_full_conected/install/car/lib/car
[11.637s] writing list of installed files to '/mnt/c/Users/luism/Documents/Ubuntu/Reactive-Navegation/Reactive-Navegation/workspace_full_conected/build/car/install.log'
[11.695s] Invoked command in '/mnt/c/Users/luism/Documents/Ubuntu/Reactive-Navegation/Reactive-Navegation/workspace_full_conected/src/car_python' returned '0': AMENT_PREFIX_PATH=/mnt/c/Users/luism/Documents/Ubuntu/Reactive-Navegation/Reactive-Navegation/workspace_full_conected/install/car_interfaces:${AMENT_PREFIX_PATH} CMAKE_PREFIX_PATH=/mnt/c/Users/luism/Documents/Ubuntu/Reactive-Navegation/Reactive-Navegation/workspace_full_conected/install/car_interfaces LD_LIBRARY_PATH=/mnt/c/Users/luism/Documents/Ubuntu/Reactive-Navegation/Reactive-Navegation/workspace_full_conected/install/car_interfaces/lib:${LD_LIBRARY_PATH} PYTHONPATH=/mnt/c/Users/luism/Documents/Ubuntu/Reactive-Navegation/Reactive-Navegation/workspace_full_conected/build/car/prefix_override:/usr/lib/python3/dist-packages/colcon_core/task/python/colcon_distutils_commands:/mnt/c/Users/luism/Documents/Ubuntu/Reactive-Navegation/Reactive-Navegation/workspace_full_conected/install/car/lib/python3.10/site-packages:/mnt/c/Users/luism/Documents/Ubuntu/Reactive-Navegation/Reactive-Navegation/workspace_full_conected/install/car_interfaces/local/lib/python3.10/dist-packages:${PYTHONPATH} /usr/bin/python3 -W ignore:setup.py install is deprecated -W ignore:easy_install command is deprecated setup.py egg_info --egg-base ../../build/car build --build-base /mnt/c/Users/luism/Documents/Ubuntu/Reactive-Navegation/Reactive-Navegation/workspace_full_conected/build/car/build install --record /mnt/c/Users/luism/Documents/Ubuntu/Reactive-Navegation/Reactive-Navegation/workspace_full_conected/build/car/install.log --single-version-externally-managed install_data
